[2023-04-30T15:29:55.958+0000] {taskinstance.py:1090} INFO - Dependencies all met for dep_context=non-requeueable deps ti=<TaskInstance: environment_dag.file_creation_development manual__2023-04-30T15:29:53.370194+00:00 [queued]>
[2023-04-30T15:29:55.968+0000] {taskinstance.py:1090} INFO - Dependencies all met for dep_context=requeueable deps ti=<TaskInstance: environment_dag.file_creation_development manual__2023-04-30T15:29:53.370194+00:00 [queued]>
[2023-04-30T15:29:55.968+0000] {taskinstance.py:1288} INFO - 
--------------------------------------------------------------------------------
[2023-04-30T15:29:55.969+0000] {taskinstance.py:1289} INFO - Starting attempt 1 of 1
[2023-04-30T15:29:55.969+0000] {taskinstance.py:1290} INFO - 
--------------------------------------------------------------------------------
[2023-04-30T15:29:55.980+0000] {taskinstance.py:1309} INFO - Executing <Task(PythonOperator): file_creation_development> on 2023-04-30 15:29:53.370194+00:00
[2023-04-30T15:29:55.984+0000] {standard_task_runner.py:55} INFO - Started process 62 to run task
[2023-04-30T15:29:55.987+0000] {standard_task_runner.py:82} INFO - Running: ['***', 'tasks', 'run', 'environment_dag', 'file_creation_development', 'manual__2023-04-30T15:29:53.370194+00:00', '--job-id', '219', '--raw', '--subdir', 'DAGS_FOLDER/environmentDAG/environmentDag.py', '--cfg-path', '/tmp/tmpkmpr0rfl']
[2023-04-30T15:29:55.987+0000] {standard_task_runner.py:83} INFO - Job 219: Subtask file_creation_development
[2023-04-30T15:29:56.043+0000] {task_command.py:389} INFO - Running <TaskInstance: environment_dag.file_creation_development manual__2023-04-30T15:29:53.370194+00:00 [running]> on host 3778ccb33614
[2023-04-30T15:29:56.119+0000] {taskinstance.py:1518} INFO - Exporting the following env vars:
AIRFLOW_CTX_DAG_OWNER=***
AIRFLOW_CTX_DAG_ID=environment_dag
AIRFLOW_CTX_TASK_ID=file_creation_development
AIRFLOW_CTX_EXECUTION_DATE=2023-04-30T15:29:53.370194+00:00
AIRFLOW_CTX_TRY_NUMBER=1
AIRFLOW_CTX_DAG_RUN_ID=manual__2023-04-30T15:29:53.370194+00:00
[2023-04-30T15:29:56.132+0000] {python.py:177} INFO - Done. Returned value was: file_creation_development
[2023-04-30T15:29:56.149+0000] {taskinstance.py:1332} INFO - Marking task as SUCCESS. dag_id=environment_dag, task_id=file_creation_development, execution_date=20230430T152953, start_date=20230430T152955, end_date=20230430T152956
[2023-04-30T15:29:56.199+0000] {local_task_job.py:212} INFO - Task exited with return code 0
[2023-04-30T15:29:56.231+0000] {taskinstance.py:2596} INFO - 1 downstream tasks scheduled from follow-on schedule check
