[2023-04-30T15:30:00.816+0000] {taskinstance.py:1090} INFO - Dependencies all met for dep_context=non-requeueable deps ti=<TaskInstance: environment_dag.process_data manual__2023-04-30T15:29:59.410949+00:00 [queued]>
[2023-04-30T15:30:00.824+0000] {taskinstance.py:1090} INFO - Dependencies all met for dep_context=requeueable deps ti=<TaskInstance: environment_dag.process_data manual__2023-04-30T15:29:59.410949+00:00 [queued]>
[2023-04-30T15:30:00.824+0000] {taskinstance.py:1288} INFO - 
--------------------------------------------------------------------------------
[2023-04-30T15:30:00.824+0000] {taskinstance.py:1289} INFO - Starting attempt 1 of 1
[2023-04-30T15:30:00.824+0000] {taskinstance.py:1290} INFO - 
--------------------------------------------------------------------------------
[2023-04-30T15:30:00.835+0000] {taskinstance.py:1309} INFO - Executing <Task(BranchPythonOperator): process_data> on 2023-04-30 15:29:59.410949+00:00
[2023-04-30T15:30:00.840+0000] {standard_task_runner.py:55} INFO - Started process 66 to run task
[2023-04-30T15:30:00.843+0000] {standard_task_runner.py:82} INFO - Running: ['***', 'tasks', 'run', 'environment_dag', 'process_data', 'manual__2023-04-30T15:29:59.410949+00:00', '--job-id', '221', '--raw', '--subdir', 'DAGS_FOLDER/environmentDAG/environmentDag.py', '--cfg-path', '/tmp/tmpnxjn42lg']
[2023-04-30T15:30:00.844+0000] {standard_task_runner.py:83} INFO - Job 221: Subtask process_data
[2023-04-30T15:30:00.900+0000] {task_command.py:389} INFO - Running <TaskInstance: environment_dag.process_data manual__2023-04-30T15:29:59.410949+00:00 [running]> on host 3778ccb33614
[2023-04-30T15:30:00.964+0000] {taskinstance.py:1518} INFO - Exporting the following env vars:
AIRFLOW_CTX_DAG_OWNER=***
AIRFLOW_CTX_DAG_ID=environment_dag
AIRFLOW_CTX_TASK_ID=process_data
AIRFLOW_CTX_EXECUTION_DATE=2023-04-30T15:29:59.410949+00:00
AIRFLOW_CTX_TRY_NUMBER=1
AIRFLOW_CTX_DAG_RUN_ID=manual__2023-04-30T15:29:59.410949+00:00
[2023-04-30T15:30:00.965+0000] {python.py:177} INFO - Done. Returned value was: file_creation_production
[2023-04-30T15:30:00.965+0000] {python.py:211} INFO - Branch callable return file_creation_production
[2023-04-30T15:30:00.965+0000] {skipmixin.py:155} INFO - Following branch file_creation_production
[2023-04-30T15:30:00.965+0000] {skipmixin.py:211} INFO - Skipping tasks ['file_creation_development']
[2023-04-30T15:30:01.002+0000] {taskinstance.py:1332} INFO - Marking task as SUCCESS. dag_id=environment_dag, task_id=process_data, execution_date=20230430T152959, start_date=20230430T153000, end_date=20230430T153001
[2023-04-30T15:30:01.015+0000] {local_task_job.py:212} INFO - Task exited with return code 0
[2023-04-30T15:30:01.046+0000] {taskinstance.py:2596} INFO - 1 downstream tasks scheduled from follow-on schedule check
