[2023-04-30T12:11:48.451+0000] {processor.py:153} INFO - Started process (PID=64) to work on /home/airflow/.local/lib/python3.7/site-packages/airflow/example_dags/example_short_circuit_operator.py
[2023-04-30T12:11:48.452+0000] {processor.py:743} INFO - Processing file /home/airflow/.local/lib/python3.7/site-packages/airflow/example_dags/example_short_circuit_operator.py for tasks to queue
[2023-04-30T12:11:48.453+0000] {logging_mixin.py:137} INFO - [2023-04-30T12:11:48.452+0000] {dagbag.py:532} INFO - Filling up the DagBag from /home/airflow/.local/lib/python3.7/site-packages/airflow/example_dags/example_short_circuit_operator.py
[2023-04-30T12:11:48.470+0000] {processor.py:753} INFO - DAG(s) dict_keys(['example_short_circuit_operator']) retrieved from /home/airflow/.local/lib/python3.7/site-packages/airflow/example_dags/example_short_circuit_operator.py
[2023-04-30T12:11:48.484+0000] {logging_mixin.py:137} INFO - [2023-04-30T12:11:48.484+0000] {dag.py:2705} INFO - Sync 1 DAGs
[2023-04-30T12:11:48.512+0000] {logging_mixin.py:137} INFO - [2023-04-30T12:11:48.512+0000] {dag.py:3456} INFO - Setting next_dagrun for example_short_circuit_operator to 2023-04-29T12:11:48.511847+00:00, run_after=2023-04-30T12:11:48.511847+00:00
[2023-04-30T12:11:48.531+0000] {processor.py:175} INFO - Processing /home/airflow/.local/lib/python3.7/site-packages/airflow/example_dags/example_short_circuit_operator.py took 0.083 seconds
[2023-04-30T12:12:18.673+0000] {processor.py:153} INFO - Started process (PID=114) to work on /home/airflow/.local/lib/python3.7/site-packages/airflow/example_dags/example_short_circuit_operator.py
[2023-04-30T12:12:18.674+0000] {processor.py:743} INFO - Processing file /home/airflow/.local/lib/python3.7/site-packages/airflow/example_dags/example_short_circuit_operator.py for tasks to queue
[2023-04-30T12:12:18.674+0000] {logging_mixin.py:137} INFO - [2023-04-30T12:12:18.674+0000] {dagbag.py:532} INFO - Filling up the DagBag from /home/airflow/.local/lib/python3.7/site-packages/airflow/example_dags/example_short_circuit_operator.py
[2023-04-30T12:12:18.687+0000] {processor.py:753} INFO - DAG(s) dict_keys(['example_short_circuit_operator']) retrieved from /home/airflow/.local/lib/python3.7/site-packages/airflow/example_dags/example_short_circuit_operator.py
[2023-04-30T12:12:18.709+0000] {logging_mixin.py:137} INFO - [2023-04-30T12:12:18.709+0000] {dag.py:2705} INFO - Sync 1 DAGs
[2023-04-30T12:12:18.729+0000] {logging_mixin.py:137} INFO - [2023-04-30T12:12:18.729+0000] {dag.py:3456} INFO - Setting next_dagrun for example_short_circuit_operator to 2023-04-29T12:12:18.729247+00:00, run_after=2023-04-30T12:12:18.729247+00:00
[2023-04-30T12:12:18.744+0000] {processor.py:175} INFO - Processing /home/airflow/.local/lib/python3.7/site-packages/airflow/example_dags/example_short_circuit_operator.py took 0.073 seconds
[2023-04-30T12:12:49.047+0000] {processor.py:153} INFO - Started process (PID=164) to work on /home/airflow/.local/lib/python3.7/site-packages/airflow/example_dags/example_short_circuit_operator.py
[2023-04-30T12:12:49.047+0000] {processor.py:743} INFO - Processing file /home/airflow/.local/lib/python3.7/site-packages/airflow/example_dags/example_short_circuit_operator.py for tasks to queue
[2023-04-30T12:12:49.048+0000] {logging_mixin.py:137} INFO - [2023-04-30T12:12:49.048+0000] {dagbag.py:532} INFO - Filling up the DagBag from /home/airflow/.local/lib/python3.7/site-packages/airflow/example_dags/example_short_circuit_operator.py
[2023-04-30T12:12:49.061+0000] {processor.py:753} INFO - DAG(s) dict_keys(['example_short_circuit_operator']) retrieved from /home/airflow/.local/lib/python3.7/site-packages/airflow/example_dags/example_short_circuit_operator.py
[2023-04-30T12:12:49.083+0000] {logging_mixin.py:137} INFO - [2023-04-30T12:12:49.083+0000] {dag.py:2705} INFO - Sync 1 DAGs
[2023-04-30T12:12:49.104+0000] {logging_mixin.py:137} INFO - [2023-04-30T12:12:49.103+0000] {dag.py:3456} INFO - Setting next_dagrun for example_short_circuit_operator to 2023-04-29T12:12:49.103753+00:00, run_after=2023-04-30T12:12:49.103753+00:00
[2023-04-30T12:12:49.118+0000] {processor.py:175} INFO - Processing /home/airflow/.local/lib/python3.7/site-packages/airflow/example_dags/example_short_circuit_operator.py took 0.074 seconds
[2023-04-30T12:13:19.262+0000] {processor.py:153} INFO - Started process (PID=215) to work on /home/airflow/.local/lib/python3.7/site-packages/airflow/example_dags/example_short_circuit_operator.py
[2023-04-30T12:13:19.263+0000] {processor.py:743} INFO - Processing file /home/airflow/.local/lib/python3.7/site-packages/airflow/example_dags/example_short_circuit_operator.py for tasks to queue
[2023-04-30T12:13:19.263+0000] {logging_mixin.py:137} INFO - [2023-04-30T12:13:19.263+0000] {dagbag.py:532} INFO - Filling up the DagBag from /home/airflow/.local/lib/python3.7/site-packages/airflow/example_dags/example_short_circuit_operator.py
[2023-04-30T12:13:19.276+0000] {processor.py:753} INFO - DAG(s) dict_keys(['example_short_circuit_operator']) retrieved from /home/airflow/.local/lib/python3.7/site-packages/airflow/example_dags/example_short_circuit_operator.py
[2023-04-30T12:13:19.298+0000] {logging_mixin.py:137} INFO - [2023-04-30T12:13:19.298+0000] {dag.py:2705} INFO - Sync 1 DAGs
[2023-04-30T12:13:19.319+0000] {logging_mixin.py:137} INFO - [2023-04-30T12:13:19.319+0000] {dag.py:3456} INFO - Setting next_dagrun for example_short_circuit_operator to 2023-04-29T12:13:19.319545+00:00, run_after=2023-04-30T12:13:19.319545+00:00
[2023-04-30T12:13:19.334+0000] {processor.py:175} INFO - Processing /home/airflow/.local/lib/python3.7/site-packages/airflow/example_dags/example_short_circuit_operator.py took 0.075 seconds
[2023-04-30T12:13:49.792+0000] {processor.py:153} INFO - Started process (PID=265) to work on /home/airflow/.local/lib/python3.7/site-packages/airflow/example_dags/example_short_circuit_operator.py
[2023-04-30T12:13:49.793+0000] {processor.py:743} INFO - Processing file /home/airflow/.local/lib/python3.7/site-packages/airflow/example_dags/example_short_circuit_operator.py for tasks to queue
[2023-04-30T12:13:49.794+0000] {logging_mixin.py:137} INFO - [2023-04-30T12:13:49.794+0000] {dagbag.py:532} INFO - Filling up the DagBag from /home/airflow/.local/lib/python3.7/site-packages/airflow/example_dags/example_short_circuit_operator.py
[2023-04-30T12:13:49.814+0000] {processor.py:753} INFO - DAG(s) dict_keys(['example_short_circuit_operator']) retrieved from /home/airflow/.local/lib/python3.7/site-packages/airflow/example_dags/example_short_circuit_operator.py
[2023-04-30T12:13:49.844+0000] {logging_mixin.py:137} INFO - [2023-04-30T12:13:49.844+0000] {dag.py:2705} INFO - Sync 1 DAGs
[2023-04-30T12:13:49.869+0000] {logging_mixin.py:137} INFO - [2023-04-30T12:13:49.869+0000] {dag.py:3456} INFO - Setting next_dagrun for example_short_circuit_operator to 2023-04-29T12:13:49.869607+00:00, run_after=2023-04-30T12:13:49.869607+00:00
[2023-04-30T12:13:49.891+0000] {processor.py:175} INFO - Processing /home/airflow/.local/lib/python3.7/site-packages/airflow/example_dags/example_short_circuit_operator.py took 0.103 seconds
[2023-04-30T12:14:20.619+0000] {processor.py:153} INFO - Started process (PID=315) to work on /home/airflow/.local/lib/python3.7/site-packages/airflow/example_dags/example_short_circuit_operator.py
[2023-04-30T12:14:20.620+0000] {processor.py:743} INFO - Processing file /home/airflow/.local/lib/python3.7/site-packages/airflow/example_dags/example_short_circuit_operator.py for tasks to queue
[2023-04-30T12:14:20.620+0000] {logging_mixin.py:137} INFO - [2023-04-30T12:14:20.620+0000] {dagbag.py:532} INFO - Filling up the DagBag from /home/airflow/.local/lib/python3.7/site-packages/airflow/example_dags/example_short_circuit_operator.py
[2023-04-30T12:14:20.632+0000] {processor.py:753} INFO - DAG(s) dict_keys(['example_short_circuit_operator']) retrieved from /home/airflow/.local/lib/python3.7/site-packages/airflow/example_dags/example_short_circuit_operator.py
[2023-04-30T12:14:20.655+0000] {logging_mixin.py:137} INFO - [2023-04-30T12:14:20.655+0000] {dag.py:2705} INFO - Sync 1 DAGs
[2023-04-30T12:14:20.675+0000] {logging_mixin.py:137} INFO - [2023-04-30T12:14:20.675+0000] {dag.py:3456} INFO - Setting next_dagrun for example_short_circuit_operator to 2023-04-29T12:14:20.675289+00:00, run_after=2023-04-30T12:14:20.675289+00:00
[2023-04-30T12:14:20.690+0000] {processor.py:175} INFO - Processing /home/airflow/.local/lib/python3.7/site-packages/airflow/example_dags/example_short_circuit_operator.py took 0.073 seconds
[2023-04-30T12:14:50.928+0000] {processor.py:153} INFO - Started process (PID=365) to work on /home/airflow/.local/lib/python3.7/site-packages/airflow/example_dags/example_short_circuit_operator.py
[2023-04-30T12:14:50.929+0000] {processor.py:743} INFO - Processing file /home/airflow/.local/lib/python3.7/site-packages/airflow/example_dags/example_short_circuit_operator.py for tasks to queue
[2023-04-30T12:14:50.929+0000] {logging_mixin.py:137} INFO - [2023-04-30T12:14:50.929+0000] {dagbag.py:532} INFO - Filling up the DagBag from /home/airflow/.local/lib/python3.7/site-packages/airflow/example_dags/example_short_circuit_operator.py
[2023-04-30T12:14:50.944+0000] {processor.py:753} INFO - DAG(s) dict_keys(['example_short_circuit_operator']) retrieved from /home/airflow/.local/lib/python3.7/site-packages/airflow/example_dags/example_short_circuit_operator.py
[2023-04-30T12:14:50.967+0000] {logging_mixin.py:137} INFO - [2023-04-30T12:14:50.967+0000] {dag.py:2705} INFO - Sync 1 DAGs
[2023-04-30T12:14:50.987+0000] {logging_mixin.py:137} INFO - [2023-04-30T12:14:50.987+0000] {dag.py:3456} INFO - Setting next_dagrun for example_short_circuit_operator to 2023-04-29T12:14:50.986871+00:00, run_after=2023-04-30T12:14:50.986871+00:00
[2023-04-30T12:14:51.008+0000] {processor.py:175} INFO - Processing /home/airflow/.local/lib/python3.7/site-packages/airflow/example_dags/example_short_circuit_operator.py took 0.082 seconds
[2023-04-30T12:15:21.436+0000] {processor.py:153} INFO - Started process (PID=415) to work on /home/airflow/.local/lib/python3.7/site-packages/airflow/example_dags/example_short_circuit_operator.py
[2023-04-30T12:15:21.437+0000] {processor.py:743} INFO - Processing file /home/airflow/.local/lib/python3.7/site-packages/airflow/example_dags/example_short_circuit_operator.py for tasks to queue
[2023-04-30T12:15:21.437+0000] {logging_mixin.py:137} INFO - [2023-04-30T12:15:21.437+0000] {dagbag.py:532} INFO - Filling up the DagBag from /home/airflow/.local/lib/python3.7/site-packages/airflow/example_dags/example_short_circuit_operator.py
[2023-04-30T12:15:21.451+0000] {processor.py:753} INFO - DAG(s) dict_keys(['example_short_circuit_operator']) retrieved from /home/airflow/.local/lib/python3.7/site-packages/airflow/example_dags/example_short_circuit_operator.py
[2023-04-30T12:15:21.475+0000] {logging_mixin.py:137} INFO - [2023-04-30T12:15:21.475+0000] {dag.py:2705} INFO - Sync 1 DAGs
[2023-04-30T12:15:21.497+0000] {logging_mixin.py:137} INFO - [2023-04-30T12:15:21.497+0000] {dag.py:3456} INFO - Setting next_dagrun for example_short_circuit_operator to 2023-04-29T12:15:21.497483+00:00, run_after=2023-04-30T12:15:21.497483+00:00
[2023-04-30T12:15:21.513+0000] {processor.py:175} INFO - Processing /home/airflow/.local/lib/python3.7/site-packages/airflow/example_dags/example_short_circuit_operator.py took 0.079 seconds
[2023-04-30T12:15:51.888+0000] {processor.py:153} INFO - Started process (PID=465) to work on /home/airflow/.local/lib/python3.7/site-packages/airflow/example_dags/example_short_circuit_operator.py
[2023-04-30T12:15:51.888+0000] {processor.py:743} INFO - Processing file /home/airflow/.local/lib/python3.7/site-packages/airflow/example_dags/example_short_circuit_operator.py for tasks to queue
[2023-04-30T12:15:51.889+0000] {logging_mixin.py:137} INFO - [2023-04-30T12:15:51.889+0000] {dagbag.py:532} INFO - Filling up the DagBag from /home/airflow/.local/lib/python3.7/site-packages/airflow/example_dags/example_short_circuit_operator.py
[2023-04-30T12:15:51.903+0000] {processor.py:753} INFO - DAG(s) dict_keys(['example_short_circuit_operator']) retrieved from /home/airflow/.local/lib/python3.7/site-packages/airflow/example_dags/example_short_circuit_operator.py
[2023-04-30T12:15:51.931+0000] {logging_mixin.py:137} INFO - [2023-04-30T12:15:51.931+0000] {dag.py:2705} INFO - Sync 1 DAGs
[2023-04-30T12:15:51.964+0000] {logging_mixin.py:137} INFO - [2023-04-30T12:15:51.963+0000] {dag.py:3456} INFO - Setting next_dagrun for example_short_circuit_operator to 2023-04-29T12:15:51.963549+00:00, run_after=2023-04-30T12:15:51.963549+00:00
[2023-04-30T12:15:51.984+0000] {processor.py:175} INFO - Processing /home/airflow/.local/lib/python3.7/site-packages/airflow/example_dags/example_short_circuit_operator.py took 0.099 seconds
[2023-04-30T12:16:22.602+0000] {processor.py:153} INFO - Started process (PID=515) to work on /home/airflow/.local/lib/python3.7/site-packages/airflow/example_dags/example_short_circuit_operator.py
[2023-04-30T12:16:22.603+0000] {processor.py:743} INFO - Processing file /home/airflow/.local/lib/python3.7/site-packages/airflow/example_dags/example_short_circuit_operator.py for tasks to queue
[2023-04-30T12:16:22.603+0000] {logging_mixin.py:137} INFO - [2023-04-30T12:16:22.603+0000] {dagbag.py:532} INFO - Filling up the DagBag from /home/airflow/.local/lib/python3.7/site-packages/airflow/example_dags/example_short_circuit_operator.py
[2023-04-30T12:16:22.616+0000] {processor.py:753} INFO - DAG(s) dict_keys(['example_short_circuit_operator']) retrieved from /home/airflow/.local/lib/python3.7/site-packages/airflow/example_dags/example_short_circuit_operator.py
[2023-04-30T12:16:22.641+0000] {logging_mixin.py:137} INFO - [2023-04-30T12:16:22.641+0000] {dag.py:2705} INFO - Sync 1 DAGs
[2023-04-30T12:16:22.663+0000] {logging_mixin.py:137} INFO - [2023-04-30T12:16:22.663+0000] {dag.py:3456} INFO - Setting next_dagrun for example_short_circuit_operator to 2023-04-29T12:16:22.663393+00:00, run_after=2023-04-30T12:16:22.663393+00:00
[2023-04-30T12:16:22.679+0000] {processor.py:175} INFO - Processing /home/airflow/.local/lib/python3.7/site-packages/airflow/example_dags/example_short_circuit_operator.py took 0.081 seconds
[2023-04-30T12:16:52.980+0000] {processor.py:153} INFO - Started process (PID=565) to work on /home/airflow/.local/lib/python3.7/site-packages/airflow/example_dags/example_short_circuit_operator.py
[2023-04-30T12:16:52.981+0000] {processor.py:743} INFO - Processing file /home/airflow/.local/lib/python3.7/site-packages/airflow/example_dags/example_short_circuit_operator.py for tasks to queue
[2023-04-30T12:16:52.982+0000] {logging_mixin.py:137} INFO - [2023-04-30T12:16:52.981+0000] {dagbag.py:532} INFO - Filling up the DagBag from /home/airflow/.local/lib/python3.7/site-packages/airflow/example_dags/example_short_circuit_operator.py
[2023-04-30T12:16:52.997+0000] {processor.py:753} INFO - DAG(s) dict_keys(['example_short_circuit_operator']) retrieved from /home/airflow/.local/lib/python3.7/site-packages/airflow/example_dags/example_short_circuit_operator.py
[2023-04-30T12:16:53.026+0000] {logging_mixin.py:137} INFO - [2023-04-30T12:16:53.025+0000] {dag.py:2705} INFO - Sync 1 DAGs
[2023-04-30T12:16:53.049+0000] {logging_mixin.py:137} INFO - [2023-04-30T12:16:53.048+0000] {dag.py:3456} INFO - Setting next_dagrun for example_short_circuit_operator to 2023-04-29T12:16:53.048717+00:00, run_after=2023-04-30T12:16:53.048717+00:00
[2023-04-30T12:16:53.065+0000] {processor.py:175} INFO - Processing /home/airflow/.local/lib/python3.7/site-packages/airflow/example_dags/example_short_circuit_operator.py took 0.087 seconds
[2023-04-30T12:17:23.356+0000] {processor.py:153} INFO - Started process (PID=615) to work on /home/airflow/.local/lib/python3.7/site-packages/airflow/example_dags/example_short_circuit_operator.py
[2023-04-30T12:17:23.357+0000] {processor.py:743} INFO - Processing file /home/airflow/.local/lib/python3.7/site-packages/airflow/example_dags/example_short_circuit_operator.py for tasks to queue
[2023-04-30T12:17:23.358+0000] {logging_mixin.py:137} INFO - [2023-04-30T12:17:23.358+0000] {dagbag.py:532} INFO - Filling up the DagBag from /home/airflow/.local/lib/python3.7/site-packages/airflow/example_dags/example_short_circuit_operator.py
[2023-04-30T12:17:23.378+0000] {processor.py:753} INFO - DAG(s) dict_keys(['example_short_circuit_operator']) retrieved from /home/airflow/.local/lib/python3.7/site-packages/airflow/example_dags/example_short_circuit_operator.py
[2023-04-30T12:17:23.404+0000] {logging_mixin.py:137} INFO - [2023-04-30T12:17:23.404+0000] {dag.py:2705} INFO - Sync 1 DAGs
[2023-04-30T12:17:23.427+0000] {logging_mixin.py:137} INFO - [2023-04-30T12:17:23.427+0000] {dag.py:3456} INFO - Setting next_dagrun for example_short_circuit_operator to 2023-04-29T12:17:23.427169+00:00, run_after=2023-04-30T12:17:23.427169+00:00
[2023-04-30T12:17:23.445+0000] {processor.py:175} INFO - Processing /home/airflow/.local/lib/python3.7/site-packages/airflow/example_dags/example_short_circuit_operator.py took 0.097 seconds
[2023-04-30T12:17:53.604+0000] {processor.py:153} INFO - Started process (PID=665) to work on /home/airflow/.local/lib/python3.7/site-packages/airflow/example_dags/example_short_circuit_operator.py
[2023-04-30T12:17:53.604+0000] {processor.py:743} INFO - Processing file /home/airflow/.local/lib/python3.7/site-packages/airflow/example_dags/example_short_circuit_operator.py for tasks to queue
[2023-04-30T12:17:53.605+0000] {logging_mixin.py:137} INFO - [2023-04-30T12:17:53.605+0000] {dagbag.py:532} INFO - Filling up the DagBag from /home/airflow/.local/lib/python3.7/site-packages/airflow/example_dags/example_short_circuit_operator.py
[2023-04-30T12:17:53.620+0000] {processor.py:753} INFO - DAG(s) dict_keys(['example_short_circuit_operator']) retrieved from /home/airflow/.local/lib/python3.7/site-packages/airflow/example_dags/example_short_circuit_operator.py
[2023-04-30T12:17:53.646+0000] {logging_mixin.py:137} INFO - [2023-04-30T12:17:53.646+0000] {dag.py:2705} INFO - Sync 1 DAGs
[2023-04-30T12:17:53.671+0000] {logging_mixin.py:137} INFO - [2023-04-30T12:17:53.671+0000] {dag.py:3456} INFO - Setting next_dagrun for example_short_circuit_operator to 2023-04-29T12:17:53.671429+00:00, run_after=2023-04-30T12:17:53.671429+00:00
[2023-04-30T12:17:53.689+0000] {processor.py:175} INFO - Processing /home/airflow/.local/lib/python3.7/site-packages/airflow/example_dags/example_short_circuit_operator.py took 0.088 seconds
[2023-04-30T12:18:23.900+0000] {processor.py:153} INFO - Started process (PID=715) to work on /home/airflow/.local/lib/python3.7/site-packages/airflow/example_dags/example_short_circuit_operator.py
[2023-04-30T12:18:23.900+0000] {processor.py:743} INFO - Processing file /home/airflow/.local/lib/python3.7/site-packages/airflow/example_dags/example_short_circuit_operator.py for tasks to queue
[2023-04-30T12:18:23.901+0000] {logging_mixin.py:137} INFO - [2023-04-30T12:18:23.901+0000] {dagbag.py:532} INFO - Filling up the DagBag from /home/airflow/.local/lib/python3.7/site-packages/airflow/example_dags/example_short_circuit_operator.py
[2023-04-30T12:18:23.913+0000] {processor.py:753} INFO - DAG(s) dict_keys(['example_short_circuit_operator']) retrieved from /home/airflow/.local/lib/python3.7/site-packages/airflow/example_dags/example_short_circuit_operator.py
[2023-04-30T12:18:23.935+0000] {logging_mixin.py:137} INFO - [2023-04-30T12:18:23.935+0000] {dag.py:2705} INFO - Sync 1 DAGs
[2023-04-30T12:18:23.954+0000] {logging_mixin.py:137} INFO - [2023-04-30T12:18:23.954+0000] {dag.py:3456} INFO - Setting next_dagrun for example_short_circuit_operator to 2023-04-29T12:18:23.954654+00:00, run_after=2023-04-30T12:18:23.954654+00:00
[2023-04-30T12:18:23.968+0000] {processor.py:175} INFO - Processing /home/airflow/.local/lib/python3.7/site-packages/airflow/example_dags/example_short_circuit_operator.py took 0.071 seconds
[2023-04-30T12:18:54.307+0000] {processor.py:153} INFO - Started process (PID=765) to work on /home/airflow/.local/lib/python3.7/site-packages/airflow/example_dags/example_short_circuit_operator.py
[2023-04-30T12:18:54.308+0000] {processor.py:743} INFO - Processing file /home/airflow/.local/lib/python3.7/site-packages/airflow/example_dags/example_short_circuit_operator.py for tasks to queue
[2023-04-30T12:18:54.308+0000] {logging_mixin.py:137} INFO - [2023-04-30T12:18:54.308+0000] {dagbag.py:532} INFO - Filling up the DagBag from /home/airflow/.local/lib/python3.7/site-packages/airflow/example_dags/example_short_circuit_operator.py
[2023-04-30T12:18:54.324+0000] {processor.py:753} INFO - DAG(s) dict_keys(['example_short_circuit_operator']) retrieved from /home/airflow/.local/lib/python3.7/site-packages/airflow/example_dags/example_short_circuit_operator.py
[2023-04-30T12:18:54.347+0000] {logging_mixin.py:137} INFO - [2023-04-30T12:18:54.347+0000] {dag.py:2705} INFO - Sync 1 DAGs
[2023-04-30T12:18:54.372+0000] {logging_mixin.py:137} INFO - [2023-04-30T12:18:54.372+0000] {dag.py:3456} INFO - Setting next_dagrun for example_short_circuit_operator to 2023-04-29T12:18:54.371822+00:00, run_after=2023-04-30T12:18:54.371822+00:00
[2023-04-30T12:18:54.392+0000] {processor.py:175} INFO - Processing /home/airflow/.local/lib/python3.7/site-packages/airflow/example_dags/example_short_circuit_operator.py took 0.087 seconds
[2023-04-30T12:19:24.824+0000] {processor.py:153} INFO - Started process (PID=815) to work on /home/airflow/.local/lib/python3.7/site-packages/airflow/example_dags/example_short_circuit_operator.py
[2023-04-30T12:19:24.825+0000] {processor.py:743} INFO - Processing file /home/airflow/.local/lib/python3.7/site-packages/airflow/example_dags/example_short_circuit_operator.py for tasks to queue
[2023-04-30T12:19:24.826+0000] {logging_mixin.py:137} INFO - [2023-04-30T12:19:24.826+0000] {dagbag.py:532} INFO - Filling up the DagBag from /home/airflow/.local/lib/python3.7/site-packages/airflow/example_dags/example_short_circuit_operator.py
[2023-04-30T12:19:24.844+0000] {processor.py:753} INFO - DAG(s) dict_keys(['example_short_circuit_operator']) retrieved from /home/airflow/.local/lib/python3.7/site-packages/airflow/example_dags/example_short_circuit_operator.py
[2023-04-30T12:19:24.867+0000] {logging_mixin.py:137} INFO - [2023-04-30T12:19:24.866+0000] {dag.py:2705} INFO - Sync 1 DAGs
[2023-04-30T12:19:24.888+0000] {logging_mixin.py:137} INFO - [2023-04-30T12:19:24.888+0000] {dag.py:3456} INFO - Setting next_dagrun for example_short_circuit_operator to 2023-04-29T12:19:24.888294+00:00, run_after=2023-04-30T12:19:24.888294+00:00
[2023-04-30T12:19:24.905+0000] {processor.py:175} INFO - Processing /home/airflow/.local/lib/python3.7/site-packages/airflow/example_dags/example_short_circuit_operator.py took 0.085 seconds
[2023-04-30T12:19:55.133+0000] {processor.py:153} INFO - Started process (PID=865) to work on /home/airflow/.local/lib/python3.7/site-packages/airflow/example_dags/example_short_circuit_operator.py
[2023-04-30T12:19:55.133+0000] {processor.py:743} INFO - Processing file /home/airflow/.local/lib/python3.7/site-packages/airflow/example_dags/example_short_circuit_operator.py for tasks to queue
[2023-04-30T12:19:55.134+0000] {logging_mixin.py:137} INFO - [2023-04-30T12:19:55.134+0000] {dagbag.py:532} INFO - Filling up the DagBag from /home/airflow/.local/lib/python3.7/site-packages/airflow/example_dags/example_short_circuit_operator.py
[2023-04-30T12:19:55.146+0000] {processor.py:753} INFO - DAG(s) dict_keys(['example_short_circuit_operator']) retrieved from /home/airflow/.local/lib/python3.7/site-packages/airflow/example_dags/example_short_circuit_operator.py
[2023-04-30T12:19:55.168+0000] {logging_mixin.py:137} INFO - [2023-04-30T12:19:55.168+0000] {dag.py:2705} INFO - Sync 1 DAGs
[2023-04-30T12:19:55.188+0000] {logging_mixin.py:137} INFO - [2023-04-30T12:19:55.188+0000] {dag.py:3456} INFO - Setting next_dagrun for example_short_circuit_operator to 2023-04-29T12:19:55.188435+00:00, run_after=2023-04-30T12:19:55.188435+00:00
[2023-04-30T12:19:55.203+0000] {processor.py:175} INFO - Processing /home/airflow/.local/lib/python3.7/site-packages/airflow/example_dags/example_short_circuit_operator.py took 0.073 seconds
[2023-04-30T12:20:25.407+0000] {processor.py:153} INFO - Started process (PID=915) to work on /home/airflow/.local/lib/python3.7/site-packages/airflow/example_dags/example_short_circuit_operator.py
[2023-04-30T12:20:25.407+0000] {processor.py:743} INFO - Processing file /home/airflow/.local/lib/python3.7/site-packages/airflow/example_dags/example_short_circuit_operator.py for tasks to queue
[2023-04-30T12:20:25.408+0000] {logging_mixin.py:137} INFO - [2023-04-30T12:20:25.408+0000] {dagbag.py:532} INFO - Filling up the DagBag from /home/airflow/.local/lib/python3.7/site-packages/airflow/example_dags/example_short_circuit_operator.py
[2023-04-30T12:20:25.420+0000] {processor.py:753} INFO - DAG(s) dict_keys(['example_short_circuit_operator']) retrieved from /home/airflow/.local/lib/python3.7/site-packages/airflow/example_dags/example_short_circuit_operator.py
[2023-04-30T12:20:25.443+0000] {logging_mixin.py:137} INFO - [2023-04-30T12:20:25.443+0000] {dag.py:2705} INFO - Sync 1 DAGs
[2023-04-30T12:20:25.463+0000] {logging_mixin.py:137} INFO - [2023-04-30T12:20:25.463+0000] {dag.py:3456} INFO - Setting next_dagrun for example_short_circuit_operator to 2023-04-29T12:20:25.463001+00:00, run_after=2023-04-30T12:20:25.463001+00:00
[2023-04-30T12:20:25.477+0000] {processor.py:175} INFO - Processing /home/airflow/.local/lib/python3.7/site-packages/airflow/example_dags/example_short_circuit_operator.py took 0.073 seconds
[2023-04-30T12:20:55.669+0000] {processor.py:153} INFO - Started process (PID=965) to work on /home/airflow/.local/lib/python3.7/site-packages/airflow/example_dags/example_short_circuit_operator.py
[2023-04-30T12:20:55.670+0000] {processor.py:743} INFO - Processing file /home/airflow/.local/lib/python3.7/site-packages/airflow/example_dags/example_short_circuit_operator.py for tasks to queue
[2023-04-30T12:20:55.670+0000] {logging_mixin.py:137} INFO - [2023-04-30T12:20:55.670+0000] {dagbag.py:532} INFO - Filling up the DagBag from /home/airflow/.local/lib/python3.7/site-packages/airflow/example_dags/example_short_circuit_operator.py
[2023-04-30T12:20:55.682+0000] {processor.py:753} INFO - DAG(s) dict_keys(['example_short_circuit_operator']) retrieved from /home/airflow/.local/lib/python3.7/site-packages/airflow/example_dags/example_short_circuit_operator.py
[2023-04-30T12:20:55.705+0000] {logging_mixin.py:137} INFO - [2023-04-30T12:20:55.704+0000] {dag.py:2705} INFO - Sync 1 DAGs
[2023-04-30T12:20:55.724+0000] {logging_mixin.py:137} INFO - [2023-04-30T12:20:55.723+0000] {dag.py:3456} INFO - Setting next_dagrun for example_short_circuit_operator to 2023-04-29T12:20:55.723702+00:00, run_after=2023-04-30T12:20:55.723702+00:00
[2023-04-30T12:20:55.739+0000] {processor.py:175} INFO - Processing /home/airflow/.local/lib/python3.7/site-packages/airflow/example_dags/example_short_circuit_operator.py took 0.073 seconds
[2023-04-30T12:21:25.920+0000] {processor.py:153} INFO - Started process (PID=1015) to work on /home/airflow/.local/lib/python3.7/site-packages/airflow/example_dags/example_short_circuit_operator.py
[2023-04-30T12:21:25.921+0000] {processor.py:743} INFO - Processing file /home/airflow/.local/lib/python3.7/site-packages/airflow/example_dags/example_short_circuit_operator.py for tasks to queue
[2023-04-30T12:21:25.921+0000] {logging_mixin.py:137} INFO - [2023-04-30T12:21:25.921+0000] {dagbag.py:532} INFO - Filling up the DagBag from /home/airflow/.local/lib/python3.7/site-packages/airflow/example_dags/example_short_circuit_operator.py
[2023-04-30T12:21:25.933+0000] {processor.py:753} INFO - DAG(s) dict_keys(['example_short_circuit_operator']) retrieved from /home/airflow/.local/lib/python3.7/site-packages/airflow/example_dags/example_short_circuit_operator.py
[2023-04-30T12:21:25.956+0000] {logging_mixin.py:137} INFO - [2023-04-30T12:21:25.955+0000] {dag.py:2705} INFO - Sync 1 DAGs
[2023-04-30T12:21:25.975+0000] {logging_mixin.py:137} INFO - [2023-04-30T12:21:25.975+0000] {dag.py:3456} INFO - Setting next_dagrun for example_short_circuit_operator to 2023-04-29T12:21:25.975481+00:00, run_after=2023-04-30T12:21:25.975481+00:00
[2023-04-30T12:21:25.990+0000] {processor.py:175} INFO - Processing /home/airflow/.local/lib/python3.7/site-packages/airflow/example_dags/example_short_circuit_operator.py took 0.072 seconds
[2023-04-30T12:21:56.357+0000] {processor.py:153} INFO - Started process (PID=1065) to work on /home/airflow/.local/lib/python3.7/site-packages/airflow/example_dags/example_short_circuit_operator.py
[2023-04-30T12:21:56.357+0000] {processor.py:743} INFO - Processing file /home/airflow/.local/lib/python3.7/site-packages/airflow/example_dags/example_short_circuit_operator.py for tasks to queue
[2023-04-30T12:21:56.358+0000] {logging_mixin.py:137} INFO - [2023-04-30T12:21:56.358+0000] {dagbag.py:532} INFO - Filling up the DagBag from /home/airflow/.local/lib/python3.7/site-packages/airflow/example_dags/example_short_circuit_operator.py
[2023-04-30T12:21:56.371+0000] {processor.py:753} INFO - DAG(s) dict_keys(['example_short_circuit_operator']) retrieved from /home/airflow/.local/lib/python3.7/site-packages/airflow/example_dags/example_short_circuit_operator.py
[2023-04-30T12:21:56.393+0000] {logging_mixin.py:137} INFO - [2023-04-30T12:21:56.393+0000] {dag.py:2705} INFO - Sync 1 DAGs
[2023-04-30T12:21:56.413+0000] {logging_mixin.py:137} INFO - [2023-04-30T12:21:56.413+0000] {dag.py:3456} INFO - Setting next_dagrun for example_short_circuit_operator to 2023-04-29T12:21:56.413219+00:00, run_after=2023-04-30T12:21:56.413219+00:00
[2023-04-30T12:21:56.427+0000] {processor.py:175} INFO - Processing /home/airflow/.local/lib/python3.7/site-packages/airflow/example_dags/example_short_circuit_operator.py took 0.073 seconds
[2023-04-30T12:22:26.645+0000] {processor.py:153} INFO - Started process (PID=1115) to work on /home/airflow/.local/lib/python3.7/site-packages/airflow/example_dags/example_short_circuit_operator.py
[2023-04-30T12:22:26.646+0000] {processor.py:743} INFO - Processing file /home/airflow/.local/lib/python3.7/site-packages/airflow/example_dags/example_short_circuit_operator.py for tasks to queue
[2023-04-30T12:22:26.647+0000] {logging_mixin.py:137} INFO - [2023-04-30T12:22:26.647+0000] {dagbag.py:532} INFO - Filling up the DagBag from /home/airflow/.local/lib/python3.7/site-packages/airflow/example_dags/example_short_circuit_operator.py
[2023-04-30T12:22:26.666+0000] {processor.py:753} INFO - DAG(s) dict_keys(['example_short_circuit_operator']) retrieved from /home/airflow/.local/lib/python3.7/site-packages/airflow/example_dags/example_short_circuit_operator.py
[2023-04-30T12:22:26.688+0000] {logging_mixin.py:137} INFO - [2023-04-30T12:22:26.688+0000] {dag.py:2705} INFO - Sync 1 DAGs
[2023-04-30T12:22:26.708+0000] {logging_mixin.py:137} INFO - [2023-04-30T12:22:26.708+0000] {dag.py:3456} INFO - Setting next_dagrun for example_short_circuit_operator to 2023-04-29T12:22:26.708478+00:00, run_after=2023-04-30T12:22:26.708478+00:00
[2023-04-30T12:22:26.723+0000] {processor.py:175} INFO - Processing /home/airflow/.local/lib/python3.7/site-packages/airflow/example_dags/example_short_circuit_operator.py took 0.084 seconds
