[2023-04-30T12:11:47.433+0000] {processor.py:153} INFO - Started process (PID=47) to work on /home/airflow/.local/lib/python3.7/site-packages/airflow/example_dags/example_subdag_operator.py
[2023-04-30T12:11:47.434+0000] {processor.py:743} INFO - Processing file /home/airflow/.local/lib/python3.7/site-packages/airflow/example_dags/example_subdag_operator.py for tasks to queue
[2023-04-30T12:11:47.434+0000] {logging_mixin.py:137} INFO - [2023-04-30T12:11:47.434+0000] {dagbag.py:532} INFO - Filling up the DagBag from /home/airflow/.local/lib/python3.7/site-packages/airflow/example_dags/example_subdag_operator.py
[2023-04-30T12:11:47.470+0000] {processor.py:753} INFO - DAG(s) dict_keys(['example_subdag_operator.section-1', 'example_subdag_operator.section-2', 'example_subdag_operator']) retrieved from /home/airflow/.local/lib/python3.7/site-packages/airflow/example_dags/example_subdag_operator.py
[2023-04-30T12:11:47.474+0000] {logging_mixin.py:137} INFO - [2023-04-30T12:11:47.473+0000] {dag.py:2705} INFO - Sync 3 DAGs
[2023-04-30T12:11:47.508+0000] {logging_mixin.py:137} INFO - [2023-04-30T12:11:47.507+0000] {dag.py:3456} INFO - Setting next_dagrun for example_subdag_operator to 2022-01-01T00:00:00+00:00, run_after=2022-01-01T00:00:00+00:00
[2023-04-30T12:11:47.512+0000] {logging_mixin.py:137} INFO - [2023-04-30T12:11:47.512+0000] {dag.py:3456} INFO - Setting next_dagrun for example_subdag_operator.section-1 to None, run_after=None
[2023-04-30T12:11:47.513+0000] {logging_mixin.py:137} INFO - [2023-04-30T12:11:47.513+0000] {dag.py:3456} INFO - Setting next_dagrun for example_subdag_operator.section-2 to None, run_after=None
[2023-04-30T12:11:47.522+0000] {logging_mixin.py:137} INFO - [2023-04-30T12:11:47.521+0000] {dag.py:2705} INFO - Sync 2 DAGs
[2023-04-30T12:11:47.530+0000] {logging_mixin.py:137} INFO - [2023-04-30T12:11:47.530+0000] {dag.py:3456} INFO - Setting next_dagrun for example_subdag_operator.section-1 to None, run_after=None
[2023-04-30T12:11:47.530+0000] {logging_mixin.py:137} INFO - [2023-04-30T12:11:47.530+0000] {dag.py:3456} INFO - Setting next_dagrun for example_subdag_operator.section-2 to None, run_after=None
[2023-04-30T12:11:47.550+0000] {processor.py:175} INFO - Processing /home/airflow/.local/lib/python3.7/site-packages/airflow/example_dags/example_subdag_operator.py took 0.120 seconds
[2023-04-30T12:12:17.636+0000] {processor.py:153} INFO - Started process (PID=97) to work on /home/airflow/.local/lib/python3.7/site-packages/airflow/example_dags/example_subdag_operator.py
[2023-04-30T12:12:17.637+0000] {processor.py:743} INFO - Processing file /home/airflow/.local/lib/python3.7/site-packages/airflow/example_dags/example_subdag_operator.py for tasks to queue
[2023-04-30T12:12:17.638+0000] {logging_mixin.py:137} INFO - [2023-04-30T12:12:17.638+0000] {dagbag.py:532} INFO - Filling up the DagBag from /home/airflow/.local/lib/python3.7/site-packages/airflow/example_dags/example_subdag_operator.py
[2023-04-30T12:12:17.672+0000] {processor.py:753} INFO - DAG(s) dict_keys(['example_subdag_operator.section-1', 'example_subdag_operator.section-2', 'example_subdag_operator']) retrieved from /home/airflow/.local/lib/python3.7/site-packages/airflow/example_dags/example_subdag_operator.py
[2023-04-30T12:12:17.691+0000] {logging_mixin.py:137} INFO - [2023-04-30T12:12:17.691+0000] {dag.py:2705} INFO - Sync 3 DAGs
[2023-04-30T12:12:17.712+0000] {logging_mixin.py:137} INFO - [2023-04-30T12:12:17.712+0000] {dag.py:3456} INFO - Setting next_dagrun for example_subdag_operator to 2022-01-01T00:00:00+00:00, run_after=2022-01-01T00:00:00+00:00
[2023-04-30T12:12:17.715+0000] {logging_mixin.py:137} INFO - [2023-04-30T12:12:17.715+0000] {dag.py:3456} INFO - Setting next_dagrun for example_subdag_operator.section-1 to None, run_after=None
[2023-04-30T12:12:17.716+0000] {logging_mixin.py:137} INFO - [2023-04-30T12:12:17.716+0000] {dag.py:3456} INFO - Setting next_dagrun for example_subdag_operator.section-2 to None, run_after=None
[2023-04-30T12:12:17.721+0000] {logging_mixin.py:137} INFO - [2023-04-30T12:12:17.721+0000] {dag.py:2705} INFO - Sync 2 DAGs
[2023-04-30T12:12:17.726+0000] {logging_mixin.py:137} INFO - [2023-04-30T12:12:17.726+0000] {dag.py:3456} INFO - Setting next_dagrun for example_subdag_operator.section-1 to None, run_after=None
[2023-04-30T12:12:17.726+0000] {logging_mixin.py:137} INFO - [2023-04-30T12:12:17.726+0000] {dag.py:3456} INFO - Setting next_dagrun for example_subdag_operator.section-2 to None, run_after=None
[2023-04-30T12:12:17.734+0000] {processor.py:175} INFO - Processing /home/airflow/.local/lib/python3.7/site-packages/airflow/example_dags/example_subdag_operator.py took 0.100 seconds
[2023-04-30T12:12:48.129+0000] {processor.py:153} INFO - Started process (PID=147) to work on /home/airflow/.local/lib/python3.7/site-packages/airflow/example_dags/example_subdag_operator.py
[2023-04-30T12:12:48.129+0000] {processor.py:743} INFO - Processing file /home/airflow/.local/lib/python3.7/site-packages/airflow/example_dags/example_subdag_operator.py for tasks to queue
[2023-04-30T12:12:48.130+0000] {logging_mixin.py:137} INFO - [2023-04-30T12:12:48.130+0000] {dagbag.py:532} INFO - Filling up the DagBag from /home/airflow/.local/lib/python3.7/site-packages/airflow/example_dags/example_subdag_operator.py
[2023-04-30T12:12:48.156+0000] {processor.py:753} INFO - DAG(s) dict_keys(['example_subdag_operator.section-1', 'example_subdag_operator.section-2', 'example_subdag_operator']) retrieved from /home/airflow/.local/lib/python3.7/site-packages/airflow/example_dags/example_subdag_operator.py
[2023-04-30T12:12:48.171+0000] {logging_mixin.py:137} INFO - [2023-04-30T12:12:48.171+0000] {dag.py:2705} INFO - Sync 3 DAGs
[2023-04-30T12:12:48.192+0000] {logging_mixin.py:137} INFO - [2023-04-30T12:12:48.192+0000] {dag.py:3456} INFO - Setting next_dagrun for example_subdag_operator to 2022-01-01T00:00:00+00:00, run_after=2022-01-01T00:00:00+00:00
[2023-04-30T12:12:48.195+0000] {logging_mixin.py:137} INFO - [2023-04-30T12:12:48.195+0000] {dag.py:3456} INFO - Setting next_dagrun for example_subdag_operator.section-1 to None, run_after=None
[2023-04-30T12:12:48.196+0000] {logging_mixin.py:137} INFO - [2023-04-30T12:12:48.195+0000] {dag.py:3456} INFO - Setting next_dagrun for example_subdag_operator.section-2 to None, run_after=None
[2023-04-30T12:12:48.201+0000] {logging_mixin.py:137} INFO - [2023-04-30T12:12:48.201+0000] {dag.py:2705} INFO - Sync 2 DAGs
[2023-04-30T12:12:48.205+0000] {logging_mixin.py:137} INFO - [2023-04-30T12:12:48.205+0000] {dag.py:3456} INFO - Setting next_dagrun for example_subdag_operator.section-1 to None, run_after=None
[2023-04-30T12:12:48.205+0000] {logging_mixin.py:137} INFO - [2023-04-30T12:12:48.205+0000] {dag.py:3456} INFO - Setting next_dagrun for example_subdag_operator.section-2 to None, run_after=None
[2023-04-30T12:12:48.214+0000] {processor.py:175} INFO - Processing /home/airflow/.local/lib/python3.7/site-packages/airflow/example_dags/example_subdag_operator.py took 0.087 seconds
[2023-04-30T12:13:18.455+0000] {processor.py:153} INFO - Started process (PID=198) to work on /home/airflow/.local/lib/python3.7/site-packages/airflow/example_dags/example_subdag_operator.py
[2023-04-30T12:13:18.455+0000] {processor.py:743} INFO - Processing file /home/airflow/.local/lib/python3.7/site-packages/airflow/example_dags/example_subdag_operator.py for tasks to queue
[2023-04-30T12:13:18.456+0000] {logging_mixin.py:137} INFO - [2023-04-30T12:13:18.456+0000] {dagbag.py:532} INFO - Filling up the DagBag from /home/airflow/.local/lib/python3.7/site-packages/airflow/example_dags/example_subdag_operator.py
[2023-04-30T12:13:18.481+0000] {processor.py:753} INFO - DAG(s) dict_keys(['example_subdag_operator.section-1', 'example_subdag_operator.section-2', 'example_subdag_operator']) retrieved from /home/airflow/.local/lib/python3.7/site-packages/airflow/example_dags/example_subdag_operator.py
[2023-04-30T12:13:18.498+0000] {logging_mixin.py:137} INFO - [2023-04-30T12:13:18.498+0000] {dag.py:2705} INFO - Sync 3 DAGs
[2023-04-30T12:13:18.520+0000] {logging_mixin.py:137} INFO - [2023-04-30T12:13:18.519+0000] {dag.py:3456} INFO - Setting next_dagrun for example_subdag_operator to 2022-01-01T00:00:00+00:00, run_after=2022-01-01T00:00:00+00:00
[2023-04-30T12:13:18.522+0000] {logging_mixin.py:137} INFO - [2023-04-30T12:13:18.522+0000] {dag.py:3456} INFO - Setting next_dagrun for example_subdag_operator.section-1 to None, run_after=None
[2023-04-30T12:13:18.523+0000] {logging_mixin.py:137} INFO - [2023-04-30T12:13:18.523+0000] {dag.py:3456} INFO - Setting next_dagrun for example_subdag_operator.section-2 to None, run_after=None
[2023-04-30T12:13:18.529+0000] {logging_mixin.py:137} INFO - [2023-04-30T12:13:18.529+0000] {dag.py:2705} INFO - Sync 2 DAGs
[2023-04-30T12:13:18.534+0000] {logging_mixin.py:137} INFO - [2023-04-30T12:13:18.534+0000] {dag.py:3456} INFO - Setting next_dagrun for example_subdag_operator.section-1 to None, run_after=None
[2023-04-30T12:13:18.534+0000] {logging_mixin.py:137} INFO - [2023-04-30T12:13:18.534+0000] {dag.py:3456} INFO - Setting next_dagrun for example_subdag_operator.section-2 to None, run_after=None
[2023-04-30T12:13:18.543+0000] {processor.py:175} INFO - Processing /home/airflow/.local/lib/python3.7/site-packages/airflow/example_dags/example_subdag_operator.py took 0.090 seconds
[2023-04-30T12:13:48.608+0000] {processor.py:153} INFO - Started process (PID=248) to work on /home/airflow/.local/lib/python3.7/site-packages/airflow/example_dags/example_subdag_operator.py
[2023-04-30T12:13:48.609+0000] {processor.py:743} INFO - Processing file /home/airflow/.local/lib/python3.7/site-packages/airflow/example_dags/example_subdag_operator.py for tasks to queue
[2023-04-30T12:13:48.610+0000] {logging_mixin.py:137} INFO - [2023-04-30T12:13:48.609+0000] {dagbag.py:532} INFO - Filling up the DagBag from /home/airflow/.local/lib/python3.7/site-packages/airflow/example_dags/example_subdag_operator.py
[2023-04-30T12:13:48.637+0000] {processor.py:753} INFO - DAG(s) dict_keys(['example_subdag_operator.section-1', 'example_subdag_operator.section-2', 'example_subdag_operator']) retrieved from /home/airflow/.local/lib/python3.7/site-packages/airflow/example_dags/example_subdag_operator.py
[2023-04-30T12:13:48.653+0000] {logging_mixin.py:137} INFO - [2023-04-30T12:13:48.653+0000] {dag.py:2705} INFO - Sync 3 DAGs
[2023-04-30T12:13:48.674+0000] {logging_mixin.py:137} INFO - [2023-04-30T12:13:48.674+0000] {dag.py:3456} INFO - Setting next_dagrun for example_subdag_operator to 2022-01-01T00:00:00+00:00, run_after=2022-01-01T00:00:00+00:00
[2023-04-30T12:13:48.677+0000] {logging_mixin.py:137} INFO - [2023-04-30T12:13:48.677+0000] {dag.py:3456} INFO - Setting next_dagrun for example_subdag_operator.section-1 to None, run_after=None
[2023-04-30T12:13:48.677+0000] {logging_mixin.py:137} INFO - [2023-04-30T12:13:48.677+0000] {dag.py:3456} INFO - Setting next_dagrun for example_subdag_operator.section-2 to None, run_after=None
[2023-04-30T12:13:48.684+0000] {logging_mixin.py:137} INFO - [2023-04-30T12:13:48.684+0000] {dag.py:2705} INFO - Sync 2 DAGs
[2023-04-30T12:13:48.688+0000] {logging_mixin.py:137} INFO - [2023-04-30T12:13:48.688+0000] {dag.py:3456} INFO - Setting next_dagrun for example_subdag_operator.section-1 to None, run_after=None
[2023-04-30T12:13:48.689+0000] {logging_mixin.py:137} INFO - [2023-04-30T12:13:48.688+0000] {dag.py:3456} INFO - Setting next_dagrun for example_subdag_operator.section-2 to None, run_after=None
[2023-04-30T12:13:48.697+0000] {processor.py:175} INFO - Processing /home/airflow/.local/lib/python3.7/site-packages/airflow/example_dags/example_subdag_operator.py took 0.091 seconds
[2023-04-30T12:14:18.830+0000] {processor.py:153} INFO - Started process (PID=298) to work on /home/airflow/.local/lib/python3.7/site-packages/airflow/example_dags/example_subdag_operator.py
[2023-04-30T12:14:18.831+0000] {processor.py:743} INFO - Processing file /home/airflow/.local/lib/python3.7/site-packages/airflow/example_dags/example_subdag_operator.py for tasks to queue
[2023-04-30T12:14:18.831+0000] {logging_mixin.py:137} INFO - [2023-04-30T12:14:18.831+0000] {dagbag.py:532} INFO - Filling up the DagBag from /home/airflow/.local/lib/python3.7/site-packages/airflow/example_dags/example_subdag_operator.py
[2023-04-30T12:14:18.856+0000] {processor.py:753} INFO - DAG(s) dict_keys(['example_subdag_operator.section-1', 'example_subdag_operator.section-2', 'example_subdag_operator']) retrieved from /home/airflow/.local/lib/python3.7/site-packages/airflow/example_dags/example_subdag_operator.py
[2023-04-30T12:14:18.871+0000] {logging_mixin.py:137} INFO - [2023-04-30T12:14:18.871+0000] {dag.py:2705} INFO - Sync 3 DAGs
[2023-04-30T12:14:18.892+0000] {logging_mixin.py:137} INFO - [2023-04-30T12:14:18.891+0000] {dag.py:3456} INFO - Setting next_dagrun for example_subdag_operator to 2022-01-01T00:00:00+00:00, run_after=2022-01-01T00:00:00+00:00
[2023-04-30T12:14:18.894+0000] {logging_mixin.py:137} INFO - [2023-04-30T12:14:18.894+0000] {dag.py:3456} INFO - Setting next_dagrun for example_subdag_operator.section-1 to None, run_after=None
[2023-04-30T12:14:18.895+0000] {logging_mixin.py:137} INFO - [2023-04-30T12:14:18.895+0000] {dag.py:3456} INFO - Setting next_dagrun for example_subdag_operator.section-2 to None, run_after=None
[2023-04-30T12:14:18.900+0000] {logging_mixin.py:137} INFO - [2023-04-30T12:14:18.900+0000] {dag.py:2705} INFO - Sync 2 DAGs
[2023-04-30T12:14:18.905+0000] {logging_mixin.py:137} INFO - [2023-04-30T12:14:18.905+0000] {dag.py:3456} INFO - Setting next_dagrun for example_subdag_operator.section-1 to None, run_after=None
[2023-04-30T12:14:18.905+0000] {logging_mixin.py:137} INFO - [2023-04-30T12:14:18.905+0000] {dag.py:3456} INFO - Setting next_dagrun for example_subdag_operator.section-2 to None, run_after=None
[2023-04-30T12:14:18.913+0000] {processor.py:175} INFO - Processing /home/airflow/.local/lib/python3.7/site-packages/airflow/example_dags/example_subdag_operator.py took 0.085 seconds
[2023-04-30T12:14:49.063+0000] {processor.py:153} INFO - Started process (PID=348) to work on /home/airflow/.local/lib/python3.7/site-packages/airflow/example_dags/example_subdag_operator.py
[2023-04-30T12:14:49.063+0000] {processor.py:743} INFO - Processing file /home/airflow/.local/lib/python3.7/site-packages/airflow/example_dags/example_subdag_operator.py for tasks to queue
[2023-04-30T12:14:49.064+0000] {logging_mixin.py:137} INFO - [2023-04-30T12:14:49.064+0000] {dagbag.py:532} INFO - Filling up the DagBag from /home/airflow/.local/lib/python3.7/site-packages/airflow/example_dags/example_subdag_operator.py
[2023-04-30T12:14:49.091+0000] {processor.py:753} INFO - DAG(s) dict_keys(['example_subdag_operator.section-1', 'example_subdag_operator.section-2', 'example_subdag_operator']) retrieved from /home/airflow/.local/lib/python3.7/site-packages/airflow/example_dags/example_subdag_operator.py
[2023-04-30T12:14:49.109+0000] {logging_mixin.py:137} INFO - [2023-04-30T12:14:49.109+0000] {dag.py:2705} INFO - Sync 3 DAGs
[2023-04-30T12:14:49.132+0000] {logging_mixin.py:137} INFO - [2023-04-30T12:14:49.132+0000] {dag.py:3456} INFO - Setting next_dagrun for example_subdag_operator to 2022-01-01T00:00:00+00:00, run_after=2022-01-01T00:00:00+00:00
[2023-04-30T12:14:49.135+0000] {logging_mixin.py:137} INFO - [2023-04-30T12:14:49.135+0000] {dag.py:3456} INFO - Setting next_dagrun for example_subdag_operator.section-1 to None, run_after=None
[2023-04-30T12:14:49.136+0000] {logging_mixin.py:137} INFO - [2023-04-30T12:14:49.136+0000] {dag.py:3456} INFO - Setting next_dagrun for example_subdag_operator.section-2 to None, run_after=None
[2023-04-30T12:14:49.143+0000] {logging_mixin.py:137} INFO - [2023-04-30T12:14:49.142+0000] {dag.py:2705} INFO - Sync 2 DAGs
[2023-04-30T12:14:49.147+0000] {logging_mixin.py:137} INFO - [2023-04-30T12:14:49.147+0000] {dag.py:3456} INFO - Setting next_dagrun for example_subdag_operator.section-1 to None, run_after=None
[2023-04-30T12:14:49.147+0000] {logging_mixin.py:137} INFO - [2023-04-30T12:14:49.147+0000] {dag.py:3456} INFO - Setting next_dagrun for example_subdag_operator.section-2 to None, run_after=None
[2023-04-30T12:14:49.157+0000] {processor.py:175} INFO - Processing /home/airflow/.local/lib/python3.7/site-packages/airflow/example_dags/example_subdag_operator.py took 0.097 seconds
[2023-04-30T12:15:19.520+0000] {processor.py:153} INFO - Started process (PID=398) to work on /home/airflow/.local/lib/python3.7/site-packages/airflow/example_dags/example_subdag_operator.py
[2023-04-30T12:15:19.521+0000] {processor.py:743} INFO - Processing file /home/airflow/.local/lib/python3.7/site-packages/airflow/example_dags/example_subdag_operator.py for tasks to queue
[2023-04-30T12:15:19.522+0000] {logging_mixin.py:137} INFO - [2023-04-30T12:15:19.522+0000] {dagbag.py:532} INFO - Filling up the DagBag from /home/airflow/.local/lib/python3.7/site-packages/airflow/example_dags/example_subdag_operator.py
[2023-04-30T12:15:19.566+0000] {processor.py:753} INFO - DAG(s) dict_keys(['example_subdag_operator.section-1', 'example_subdag_operator.section-2', 'example_subdag_operator']) retrieved from /home/airflow/.local/lib/python3.7/site-packages/airflow/example_dags/example_subdag_operator.py
[2023-04-30T12:15:19.599+0000] {logging_mixin.py:137} INFO - [2023-04-30T12:15:19.599+0000] {dag.py:2705} INFO - Sync 3 DAGs
[2023-04-30T12:15:19.637+0000] {logging_mixin.py:137} INFO - [2023-04-30T12:15:19.636+0000] {dag.py:3456} INFO - Setting next_dagrun for example_subdag_operator to 2022-01-01T00:00:00+00:00, run_after=2022-01-01T00:00:00+00:00
[2023-04-30T12:15:19.641+0000] {logging_mixin.py:137} INFO - [2023-04-30T12:15:19.641+0000] {dag.py:3456} INFO - Setting next_dagrun for example_subdag_operator.section-1 to None, run_after=None
[2023-04-30T12:15:19.642+0000] {logging_mixin.py:137} INFO - [2023-04-30T12:15:19.642+0000] {dag.py:3456} INFO - Setting next_dagrun for example_subdag_operator.section-2 to None, run_after=None
[2023-04-30T12:15:19.651+0000] {logging_mixin.py:137} INFO - [2023-04-30T12:15:19.651+0000] {dag.py:2705} INFO - Sync 2 DAGs
[2023-04-30T12:15:19.658+0000] {logging_mixin.py:137} INFO - [2023-04-30T12:15:19.658+0000] {dag.py:3456} INFO - Setting next_dagrun for example_subdag_operator.section-1 to None, run_after=None
[2023-04-30T12:15:19.658+0000] {logging_mixin.py:137} INFO - [2023-04-30T12:15:19.658+0000] {dag.py:3456} INFO - Setting next_dagrun for example_subdag_operator.section-2 to None, run_after=None
[2023-04-30T12:15:19.670+0000] {processor.py:175} INFO - Processing /home/airflow/.local/lib/python3.7/site-packages/airflow/example_dags/example_subdag_operator.py took 0.154 seconds
[2023-04-30T12:15:50.036+0000] {processor.py:153} INFO - Started process (PID=448) to work on /home/airflow/.local/lib/python3.7/site-packages/airflow/example_dags/example_subdag_operator.py
[2023-04-30T12:15:50.036+0000] {processor.py:743} INFO - Processing file /home/airflow/.local/lib/python3.7/site-packages/airflow/example_dags/example_subdag_operator.py for tasks to queue
[2023-04-30T12:15:50.037+0000] {logging_mixin.py:137} INFO - [2023-04-30T12:15:50.037+0000] {dagbag.py:532} INFO - Filling up the DagBag from /home/airflow/.local/lib/python3.7/site-packages/airflow/example_dags/example_subdag_operator.py
[2023-04-30T12:15:50.069+0000] {processor.py:753} INFO - DAG(s) dict_keys(['example_subdag_operator.section-1', 'example_subdag_operator.section-2', 'example_subdag_operator']) retrieved from /home/airflow/.local/lib/python3.7/site-packages/airflow/example_dags/example_subdag_operator.py
[2023-04-30T12:15:50.085+0000] {logging_mixin.py:137} INFO - [2023-04-30T12:15:50.085+0000] {dag.py:2705} INFO - Sync 3 DAGs
[2023-04-30T12:15:50.107+0000] {logging_mixin.py:137} INFO - [2023-04-30T12:15:50.107+0000] {dag.py:3456} INFO - Setting next_dagrun for example_subdag_operator to 2022-01-01T00:00:00+00:00, run_after=2022-01-01T00:00:00+00:00
[2023-04-30T12:15:50.111+0000] {logging_mixin.py:137} INFO - [2023-04-30T12:15:50.111+0000] {dag.py:3456} INFO - Setting next_dagrun for example_subdag_operator.section-1 to None, run_after=None
[2023-04-30T12:15:50.112+0000] {logging_mixin.py:137} INFO - [2023-04-30T12:15:50.112+0000] {dag.py:3456} INFO - Setting next_dagrun for example_subdag_operator.section-2 to None, run_after=None
[2023-04-30T12:15:50.117+0000] {logging_mixin.py:137} INFO - [2023-04-30T12:15:50.117+0000] {dag.py:2705} INFO - Sync 2 DAGs
[2023-04-30T12:15:50.122+0000] {logging_mixin.py:137} INFO - [2023-04-30T12:15:50.122+0000] {dag.py:3456} INFO - Setting next_dagrun for example_subdag_operator.section-1 to None, run_after=None
[2023-04-30T12:15:50.123+0000] {logging_mixin.py:137} INFO - [2023-04-30T12:15:50.122+0000] {dag.py:3456} INFO - Setting next_dagrun for example_subdag_operator.section-2 to None, run_after=None
[2023-04-30T12:15:50.131+0000] {processor.py:175} INFO - Processing /home/airflow/.local/lib/python3.7/site-packages/airflow/example_dags/example_subdag_operator.py took 0.099 seconds
[2023-04-30T12:16:20.712+0000] {processor.py:153} INFO - Started process (PID=498) to work on /home/airflow/.local/lib/python3.7/site-packages/airflow/example_dags/example_subdag_operator.py
[2023-04-30T12:16:20.713+0000] {processor.py:743} INFO - Processing file /home/airflow/.local/lib/python3.7/site-packages/airflow/example_dags/example_subdag_operator.py for tasks to queue
[2023-04-30T12:16:20.713+0000] {logging_mixin.py:137} INFO - [2023-04-30T12:16:20.713+0000] {dagbag.py:532} INFO - Filling up the DagBag from /home/airflow/.local/lib/python3.7/site-packages/airflow/example_dags/example_subdag_operator.py
[2023-04-30T12:16:20.747+0000] {processor.py:753} INFO - DAG(s) dict_keys(['example_subdag_operator.section-1', 'example_subdag_operator.section-2', 'example_subdag_operator']) retrieved from /home/airflow/.local/lib/python3.7/site-packages/airflow/example_dags/example_subdag_operator.py
[2023-04-30T12:16:20.764+0000] {logging_mixin.py:137} INFO - [2023-04-30T12:16:20.764+0000] {dag.py:2705} INFO - Sync 3 DAGs
[2023-04-30T12:16:20.790+0000] {logging_mixin.py:137} INFO - [2023-04-30T12:16:20.790+0000] {dag.py:3456} INFO - Setting next_dagrun for example_subdag_operator to 2022-01-01T00:00:00+00:00, run_after=2022-01-01T00:00:00+00:00
[2023-04-30T12:16:20.793+0000] {logging_mixin.py:137} INFO - [2023-04-30T12:16:20.793+0000] {dag.py:3456} INFO - Setting next_dagrun for example_subdag_operator.section-1 to None, run_after=None
[2023-04-30T12:16:20.794+0000] {logging_mixin.py:137} INFO - [2023-04-30T12:16:20.794+0000] {dag.py:3456} INFO - Setting next_dagrun for example_subdag_operator.section-2 to None, run_after=None
[2023-04-30T12:16:20.800+0000] {logging_mixin.py:137} INFO - [2023-04-30T12:16:20.800+0000] {dag.py:2705} INFO - Sync 2 DAGs
[2023-04-30T12:16:20.806+0000] {logging_mixin.py:137} INFO - [2023-04-30T12:16:20.806+0000] {dag.py:3456} INFO - Setting next_dagrun for example_subdag_operator.section-1 to None, run_after=None
[2023-04-30T12:16:20.806+0000] {logging_mixin.py:137} INFO - [2023-04-30T12:16:20.806+0000] {dag.py:3456} INFO - Setting next_dagrun for example_subdag_operator.section-2 to None, run_after=None
[2023-04-30T12:16:20.816+0000] {processor.py:175} INFO - Processing /home/airflow/.local/lib/python3.7/site-packages/airflow/example_dags/example_subdag_operator.py took 0.106 seconds
[2023-04-30T12:16:51.131+0000] {processor.py:153} INFO - Started process (PID=548) to work on /home/airflow/.local/lib/python3.7/site-packages/airflow/example_dags/example_subdag_operator.py
[2023-04-30T12:16:51.132+0000] {processor.py:743} INFO - Processing file /home/airflow/.local/lib/python3.7/site-packages/airflow/example_dags/example_subdag_operator.py for tasks to queue
[2023-04-30T12:16:51.132+0000] {logging_mixin.py:137} INFO - [2023-04-30T12:16:51.132+0000] {dagbag.py:532} INFO - Filling up the DagBag from /home/airflow/.local/lib/python3.7/site-packages/airflow/example_dags/example_subdag_operator.py
[2023-04-30T12:16:51.156+0000] {processor.py:753} INFO - DAG(s) dict_keys(['example_subdag_operator.section-1', 'example_subdag_operator.section-2', 'example_subdag_operator']) retrieved from /home/airflow/.local/lib/python3.7/site-packages/airflow/example_dags/example_subdag_operator.py
[2023-04-30T12:16:51.172+0000] {logging_mixin.py:137} INFO - [2023-04-30T12:16:51.172+0000] {dag.py:2705} INFO - Sync 3 DAGs
[2023-04-30T12:16:51.192+0000] {logging_mixin.py:137} INFO - [2023-04-30T12:16:51.192+0000] {dag.py:3456} INFO - Setting next_dagrun for example_subdag_operator to 2022-01-01T00:00:00+00:00, run_after=2022-01-01T00:00:00+00:00
[2023-04-30T12:16:51.194+0000] {logging_mixin.py:137} INFO - [2023-04-30T12:16:51.194+0000] {dag.py:3456} INFO - Setting next_dagrun for example_subdag_operator.section-1 to None, run_after=None
[2023-04-30T12:16:51.195+0000] {logging_mixin.py:137} INFO - [2023-04-30T12:16:51.195+0000] {dag.py:3456} INFO - Setting next_dagrun for example_subdag_operator.section-2 to None, run_after=None
[2023-04-30T12:16:51.201+0000] {logging_mixin.py:137} INFO - [2023-04-30T12:16:51.201+0000] {dag.py:2705} INFO - Sync 2 DAGs
[2023-04-30T12:16:51.205+0000] {logging_mixin.py:137} INFO - [2023-04-30T12:16:51.205+0000] {dag.py:3456} INFO - Setting next_dagrun for example_subdag_operator.section-1 to None, run_after=None
[2023-04-30T12:16:51.205+0000] {logging_mixin.py:137} INFO - [2023-04-30T12:16:51.205+0000] {dag.py:3456} INFO - Setting next_dagrun for example_subdag_operator.section-2 to None, run_after=None
[2023-04-30T12:16:51.214+0000] {processor.py:175} INFO - Processing /home/airflow/.local/lib/python3.7/site-packages/airflow/example_dags/example_subdag_operator.py took 0.085 seconds
[2023-04-30T12:17:21.525+0000] {processor.py:153} INFO - Started process (PID=598) to work on /home/airflow/.local/lib/python3.7/site-packages/airflow/example_dags/example_subdag_operator.py
[2023-04-30T12:17:21.526+0000] {processor.py:743} INFO - Processing file /home/airflow/.local/lib/python3.7/site-packages/airflow/example_dags/example_subdag_operator.py for tasks to queue
[2023-04-30T12:17:21.526+0000] {logging_mixin.py:137} INFO - [2023-04-30T12:17:21.526+0000] {dagbag.py:532} INFO - Filling up the DagBag from /home/airflow/.local/lib/python3.7/site-packages/airflow/example_dags/example_subdag_operator.py
[2023-04-30T12:17:21.555+0000] {processor.py:753} INFO - DAG(s) dict_keys(['example_subdag_operator.section-1', 'example_subdag_operator.section-2', 'example_subdag_operator']) retrieved from /home/airflow/.local/lib/python3.7/site-packages/airflow/example_dags/example_subdag_operator.py
[2023-04-30T12:17:21.570+0000] {logging_mixin.py:137} INFO - [2023-04-30T12:17:21.570+0000] {dag.py:2705} INFO - Sync 3 DAGs
[2023-04-30T12:17:21.590+0000] {logging_mixin.py:137} INFO - [2023-04-30T12:17:21.590+0000] {dag.py:3456} INFO - Setting next_dagrun for example_subdag_operator to 2022-01-01T00:00:00+00:00, run_after=2022-01-01T00:00:00+00:00
[2023-04-30T12:17:21.592+0000] {logging_mixin.py:137} INFO - [2023-04-30T12:17:21.592+0000] {dag.py:3456} INFO - Setting next_dagrun for example_subdag_operator.section-1 to None, run_after=None
[2023-04-30T12:17:21.593+0000] {logging_mixin.py:137} INFO - [2023-04-30T12:17:21.593+0000] {dag.py:3456} INFO - Setting next_dagrun for example_subdag_operator.section-2 to None, run_after=None
[2023-04-30T12:17:21.598+0000] {logging_mixin.py:137} INFO - [2023-04-30T12:17:21.598+0000] {dag.py:2705} INFO - Sync 2 DAGs
[2023-04-30T12:17:21.604+0000] {logging_mixin.py:137} INFO - [2023-04-30T12:17:21.604+0000] {dag.py:3456} INFO - Setting next_dagrun for example_subdag_operator.section-1 to None, run_after=None
[2023-04-30T12:17:21.604+0000] {logging_mixin.py:137} INFO - [2023-04-30T12:17:21.604+0000] {dag.py:3456} INFO - Setting next_dagrun for example_subdag_operator.section-2 to None, run_after=None
[2023-04-30T12:17:21.612+0000] {processor.py:175} INFO - Processing /home/airflow/.local/lib/python3.7/site-packages/airflow/example_dags/example_subdag_operator.py took 0.089 seconds
[2023-04-30T12:17:51.824+0000] {processor.py:153} INFO - Started process (PID=648) to work on /home/airflow/.local/lib/python3.7/site-packages/airflow/example_dags/example_subdag_operator.py
[2023-04-30T12:17:51.825+0000] {processor.py:743} INFO - Processing file /home/airflow/.local/lib/python3.7/site-packages/airflow/example_dags/example_subdag_operator.py for tasks to queue
[2023-04-30T12:17:51.825+0000] {logging_mixin.py:137} INFO - [2023-04-30T12:17:51.825+0000] {dagbag.py:532} INFO - Filling up the DagBag from /home/airflow/.local/lib/python3.7/site-packages/airflow/example_dags/example_subdag_operator.py
[2023-04-30T12:17:51.849+0000] {processor.py:753} INFO - DAG(s) dict_keys(['example_subdag_operator.section-1', 'example_subdag_operator.section-2', 'example_subdag_operator']) retrieved from /home/airflow/.local/lib/python3.7/site-packages/airflow/example_dags/example_subdag_operator.py
[2023-04-30T12:17:51.865+0000] {logging_mixin.py:137} INFO - [2023-04-30T12:17:51.865+0000] {dag.py:2705} INFO - Sync 3 DAGs
[2023-04-30T12:17:51.885+0000] {logging_mixin.py:137} INFO - [2023-04-30T12:17:51.885+0000] {dag.py:3456} INFO - Setting next_dagrun for example_subdag_operator to 2022-01-01T00:00:00+00:00, run_after=2022-01-01T00:00:00+00:00
[2023-04-30T12:17:51.888+0000] {logging_mixin.py:137} INFO - [2023-04-30T12:17:51.888+0000] {dag.py:3456} INFO - Setting next_dagrun for example_subdag_operator.section-1 to None, run_after=None
[2023-04-30T12:17:51.889+0000] {logging_mixin.py:137} INFO - [2023-04-30T12:17:51.889+0000] {dag.py:3456} INFO - Setting next_dagrun for example_subdag_operator.section-2 to None, run_after=None
[2023-04-30T12:17:51.894+0000] {logging_mixin.py:137} INFO - [2023-04-30T12:17:51.894+0000] {dag.py:2705} INFO - Sync 2 DAGs
[2023-04-30T12:17:51.899+0000] {logging_mixin.py:137} INFO - [2023-04-30T12:17:51.899+0000] {dag.py:3456} INFO - Setting next_dagrun for example_subdag_operator.section-1 to None, run_after=None
[2023-04-30T12:17:51.899+0000] {logging_mixin.py:137} INFO - [2023-04-30T12:17:51.899+0000] {dag.py:3456} INFO - Setting next_dagrun for example_subdag_operator.section-2 to None, run_after=None
[2023-04-30T12:17:51.907+0000] {processor.py:175} INFO - Processing /home/airflow/.local/lib/python3.7/site-packages/airflow/example_dags/example_subdag_operator.py took 0.086 seconds
[2023-04-30T12:18:22.117+0000] {processor.py:153} INFO - Started process (PID=698) to work on /home/airflow/.local/lib/python3.7/site-packages/airflow/example_dags/example_subdag_operator.py
[2023-04-30T12:18:22.118+0000] {processor.py:743} INFO - Processing file /home/airflow/.local/lib/python3.7/site-packages/airflow/example_dags/example_subdag_operator.py for tasks to queue
[2023-04-30T12:18:22.118+0000] {logging_mixin.py:137} INFO - [2023-04-30T12:18:22.118+0000] {dagbag.py:532} INFO - Filling up the DagBag from /home/airflow/.local/lib/python3.7/site-packages/airflow/example_dags/example_subdag_operator.py
[2023-04-30T12:18:22.142+0000] {processor.py:753} INFO - DAG(s) dict_keys(['example_subdag_operator.section-1', 'example_subdag_operator.section-2', 'example_subdag_operator']) retrieved from /home/airflow/.local/lib/python3.7/site-packages/airflow/example_dags/example_subdag_operator.py
[2023-04-30T12:18:22.158+0000] {logging_mixin.py:137} INFO - [2023-04-30T12:18:22.158+0000] {dag.py:2705} INFO - Sync 3 DAGs
[2023-04-30T12:18:22.178+0000] {logging_mixin.py:137} INFO - [2023-04-30T12:18:22.178+0000] {dag.py:3456} INFO - Setting next_dagrun for example_subdag_operator to 2022-01-01T00:00:00+00:00, run_after=2022-01-01T00:00:00+00:00
[2023-04-30T12:18:22.181+0000] {logging_mixin.py:137} INFO - [2023-04-30T12:18:22.180+0000] {dag.py:3456} INFO - Setting next_dagrun for example_subdag_operator.section-1 to None, run_after=None
[2023-04-30T12:18:22.181+0000] {logging_mixin.py:137} INFO - [2023-04-30T12:18:22.181+0000] {dag.py:3456} INFO - Setting next_dagrun for example_subdag_operator.section-2 to None, run_after=None
[2023-04-30T12:18:22.187+0000] {logging_mixin.py:137} INFO - [2023-04-30T12:18:22.187+0000] {dag.py:2705} INFO - Sync 2 DAGs
[2023-04-30T12:18:22.191+0000] {logging_mixin.py:137} INFO - [2023-04-30T12:18:22.191+0000] {dag.py:3456} INFO - Setting next_dagrun for example_subdag_operator.section-1 to None, run_after=None
[2023-04-30T12:18:22.191+0000] {logging_mixin.py:137} INFO - [2023-04-30T12:18:22.191+0000] {dag.py:3456} INFO - Setting next_dagrun for example_subdag_operator.section-2 to None, run_after=None
[2023-04-30T12:18:22.199+0000] {processor.py:175} INFO - Processing /home/airflow/.local/lib/python3.7/site-packages/airflow/example_dags/example_subdag_operator.py took 0.085 seconds
[2023-04-30T12:18:52.486+0000] {processor.py:153} INFO - Started process (PID=748) to work on /home/airflow/.local/lib/python3.7/site-packages/airflow/example_dags/example_subdag_operator.py
[2023-04-30T12:18:52.486+0000] {processor.py:743} INFO - Processing file /home/airflow/.local/lib/python3.7/site-packages/airflow/example_dags/example_subdag_operator.py for tasks to queue
[2023-04-30T12:18:52.487+0000] {logging_mixin.py:137} INFO - [2023-04-30T12:18:52.487+0000] {dagbag.py:532} INFO - Filling up the DagBag from /home/airflow/.local/lib/python3.7/site-packages/airflow/example_dags/example_subdag_operator.py
[2023-04-30T12:18:52.513+0000] {processor.py:753} INFO - DAG(s) dict_keys(['example_subdag_operator.section-1', 'example_subdag_operator.section-2', 'example_subdag_operator']) retrieved from /home/airflow/.local/lib/python3.7/site-packages/airflow/example_dags/example_subdag_operator.py
[2023-04-30T12:18:52.529+0000] {logging_mixin.py:137} INFO - [2023-04-30T12:18:52.529+0000] {dag.py:2705} INFO - Sync 3 DAGs
[2023-04-30T12:18:52.549+0000] {logging_mixin.py:137} INFO - [2023-04-30T12:18:52.549+0000] {dag.py:3456} INFO - Setting next_dagrun for example_subdag_operator to 2022-01-01T00:00:00+00:00, run_after=2022-01-01T00:00:00+00:00
[2023-04-30T12:18:52.552+0000] {logging_mixin.py:137} INFO - [2023-04-30T12:18:52.552+0000] {dag.py:3456} INFO - Setting next_dagrun for example_subdag_operator.section-1 to None, run_after=None
[2023-04-30T12:18:52.553+0000] {logging_mixin.py:137} INFO - [2023-04-30T12:18:52.553+0000] {dag.py:3456} INFO - Setting next_dagrun for example_subdag_operator.section-2 to None, run_after=None
[2023-04-30T12:18:52.558+0000] {logging_mixin.py:137} INFO - [2023-04-30T12:18:52.558+0000] {dag.py:2705} INFO - Sync 2 DAGs
[2023-04-30T12:18:52.563+0000] {logging_mixin.py:137} INFO - [2023-04-30T12:18:52.563+0000] {dag.py:3456} INFO - Setting next_dagrun for example_subdag_operator.section-1 to None, run_after=None
[2023-04-30T12:18:52.563+0000] {logging_mixin.py:137} INFO - [2023-04-30T12:18:52.563+0000] {dag.py:3456} INFO - Setting next_dagrun for example_subdag_operator.section-2 to None, run_after=None
[2023-04-30T12:18:52.571+0000] {processor.py:175} INFO - Processing /home/airflow/.local/lib/python3.7/site-packages/airflow/example_dags/example_subdag_operator.py took 0.088 seconds
[2023-04-30T12:19:22.947+0000] {processor.py:153} INFO - Started process (PID=798) to work on /home/airflow/.local/lib/python3.7/site-packages/airflow/example_dags/example_subdag_operator.py
[2023-04-30T12:19:22.948+0000] {processor.py:743} INFO - Processing file /home/airflow/.local/lib/python3.7/site-packages/airflow/example_dags/example_subdag_operator.py for tasks to queue
[2023-04-30T12:19:22.948+0000] {logging_mixin.py:137} INFO - [2023-04-30T12:19:22.948+0000] {dagbag.py:532} INFO - Filling up the DagBag from /home/airflow/.local/lib/python3.7/site-packages/airflow/example_dags/example_subdag_operator.py
[2023-04-30T12:19:22.980+0000] {processor.py:753} INFO - DAG(s) dict_keys(['example_subdag_operator.section-1', 'example_subdag_operator.section-2', 'example_subdag_operator']) retrieved from /home/airflow/.local/lib/python3.7/site-packages/airflow/example_dags/example_subdag_operator.py
[2023-04-30T12:19:23.000+0000] {logging_mixin.py:137} INFO - [2023-04-30T12:19:23.000+0000] {dag.py:2705} INFO - Sync 3 DAGs
[2023-04-30T12:19:23.029+0000] {logging_mixin.py:137} INFO - [2023-04-30T12:19:23.029+0000] {dag.py:3456} INFO - Setting next_dagrun for example_subdag_operator to 2022-01-01T00:00:00+00:00, run_after=2022-01-01T00:00:00+00:00
[2023-04-30T12:19:23.033+0000] {logging_mixin.py:137} INFO - [2023-04-30T12:19:23.033+0000] {dag.py:3456} INFO - Setting next_dagrun for example_subdag_operator.section-1 to None, run_after=None
[2023-04-30T12:19:23.034+0000] {logging_mixin.py:137} INFO - [2023-04-30T12:19:23.034+0000] {dag.py:3456} INFO - Setting next_dagrun for example_subdag_operator.section-2 to None, run_after=None
[2023-04-30T12:19:23.040+0000] {logging_mixin.py:137} INFO - [2023-04-30T12:19:23.040+0000] {dag.py:2705} INFO - Sync 2 DAGs
[2023-04-30T12:19:23.045+0000] {logging_mixin.py:137} INFO - [2023-04-30T12:19:23.045+0000] {dag.py:3456} INFO - Setting next_dagrun for example_subdag_operator.section-1 to None, run_after=None
[2023-04-30T12:19:23.045+0000] {logging_mixin.py:137} INFO - [2023-04-30T12:19:23.045+0000] {dag.py:3456} INFO - Setting next_dagrun for example_subdag_operator.section-2 to None, run_after=None
[2023-04-30T12:19:23.054+0000] {processor.py:175} INFO - Processing /home/airflow/.local/lib/python3.7/site-packages/airflow/example_dags/example_subdag_operator.py took 0.109 seconds
[2023-04-30T12:19:53.347+0000] {processor.py:153} INFO - Started process (PID=848) to work on /home/airflow/.local/lib/python3.7/site-packages/airflow/example_dags/example_subdag_operator.py
[2023-04-30T12:19:53.348+0000] {processor.py:743} INFO - Processing file /home/airflow/.local/lib/python3.7/site-packages/airflow/example_dags/example_subdag_operator.py for tasks to queue
[2023-04-30T12:19:53.349+0000] {logging_mixin.py:137} INFO - [2023-04-30T12:19:53.349+0000] {dagbag.py:532} INFO - Filling up the DagBag from /home/airflow/.local/lib/python3.7/site-packages/airflow/example_dags/example_subdag_operator.py
[2023-04-30T12:19:53.374+0000] {processor.py:753} INFO - DAG(s) dict_keys(['example_subdag_operator.section-1', 'example_subdag_operator.section-2', 'example_subdag_operator']) retrieved from /home/airflow/.local/lib/python3.7/site-packages/airflow/example_dags/example_subdag_operator.py
[2023-04-30T12:19:53.389+0000] {logging_mixin.py:137} INFO - [2023-04-30T12:19:53.389+0000] {dag.py:2705} INFO - Sync 3 DAGs
[2023-04-30T12:19:53.409+0000] {logging_mixin.py:137} INFO - [2023-04-30T12:19:53.409+0000] {dag.py:3456} INFO - Setting next_dagrun for example_subdag_operator to 2022-01-01T00:00:00+00:00, run_after=2022-01-01T00:00:00+00:00
[2023-04-30T12:19:53.412+0000] {logging_mixin.py:137} INFO - [2023-04-30T12:19:53.412+0000] {dag.py:3456} INFO - Setting next_dagrun for example_subdag_operator.section-1 to None, run_after=None
[2023-04-30T12:19:53.413+0000] {logging_mixin.py:137} INFO - [2023-04-30T12:19:53.413+0000] {dag.py:3456} INFO - Setting next_dagrun for example_subdag_operator.section-2 to None, run_after=None
[2023-04-30T12:19:53.418+0000] {logging_mixin.py:137} INFO - [2023-04-30T12:19:53.418+0000] {dag.py:2705} INFO - Sync 2 DAGs
[2023-04-30T12:19:53.422+0000] {logging_mixin.py:137} INFO - [2023-04-30T12:19:53.422+0000] {dag.py:3456} INFO - Setting next_dagrun for example_subdag_operator.section-1 to None, run_after=None
[2023-04-30T12:19:53.423+0000] {logging_mixin.py:137} INFO - [2023-04-30T12:19:53.423+0000] {dag.py:3456} INFO - Setting next_dagrun for example_subdag_operator.section-2 to None, run_after=None
[2023-04-30T12:19:53.431+0000] {processor.py:175} INFO - Processing /home/airflow/.local/lib/python3.7/site-packages/airflow/example_dags/example_subdag_operator.py took 0.086 seconds
[2023-04-30T12:20:23.518+0000] {processor.py:153} INFO - Started process (PID=898) to work on /home/airflow/.local/lib/python3.7/site-packages/airflow/example_dags/example_subdag_operator.py
[2023-04-30T12:20:23.519+0000] {processor.py:743} INFO - Processing file /home/airflow/.local/lib/python3.7/site-packages/airflow/example_dags/example_subdag_operator.py for tasks to queue
[2023-04-30T12:20:23.519+0000] {logging_mixin.py:137} INFO - [2023-04-30T12:20:23.519+0000] {dagbag.py:532} INFO - Filling up the DagBag from /home/airflow/.local/lib/python3.7/site-packages/airflow/example_dags/example_subdag_operator.py
[2023-04-30T12:20:23.545+0000] {processor.py:753} INFO - DAG(s) dict_keys(['example_subdag_operator.section-1', 'example_subdag_operator.section-2', 'example_subdag_operator']) retrieved from /home/airflow/.local/lib/python3.7/site-packages/airflow/example_dags/example_subdag_operator.py
[2023-04-30T12:20:23.560+0000] {logging_mixin.py:137} INFO - [2023-04-30T12:20:23.560+0000] {dag.py:2705} INFO - Sync 3 DAGs
[2023-04-30T12:20:23.581+0000] {logging_mixin.py:137} INFO - [2023-04-30T12:20:23.581+0000] {dag.py:3456} INFO - Setting next_dagrun for example_subdag_operator to 2022-01-01T00:00:00+00:00, run_after=2022-01-01T00:00:00+00:00
[2023-04-30T12:20:23.584+0000] {logging_mixin.py:137} INFO - [2023-04-30T12:20:23.584+0000] {dag.py:3456} INFO - Setting next_dagrun for example_subdag_operator.section-1 to None, run_after=None
[2023-04-30T12:20:23.585+0000] {logging_mixin.py:137} INFO - [2023-04-30T12:20:23.584+0000] {dag.py:3456} INFO - Setting next_dagrun for example_subdag_operator.section-2 to None, run_after=None
[2023-04-30T12:20:23.590+0000] {logging_mixin.py:137} INFO - [2023-04-30T12:20:23.590+0000] {dag.py:2705} INFO - Sync 2 DAGs
[2023-04-30T12:20:23.594+0000] {logging_mixin.py:137} INFO - [2023-04-30T12:20:23.594+0000] {dag.py:3456} INFO - Setting next_dagrun for example_subdag_operator.section-1 to None, run_after=None
[2023-04-30T12:20:23.595+0000] {logging_mixin.py:137} INFO - [2023-04-30T12:20:23.594+0000] {dag.py:3456} INFO - Setting next_dagrun for example_subdag_operator.section-2 to None, run_after=None
[2023-04-30T12:20:23.603+0000] {processor.py:175} INFO - Processing /home/airflow/.local/lib/python3.7/site-packages/airflow/example_dags/example_subdag_operator.py took 0.087 seconds
[2023-04-30T12:20:53.824+0000] {processor.py:153} INFO - Started process (PID=948) to work on /home/airflow/.local/lib/python3.7/site-packages/airflow/example_dags/example_subdag_operator.py
[2023-04-30T12:20:53.825+0000] {processor.py:743} INFO - Processing file /home/airflow/.local/lib/python3.7/site-packages/airflow/example_dags/example_subdag_operator.py for tasks to queue
[2023-04-30T12:20:53.825+0000] {logging_mixin.py:137} INFO - [2023-04-30T12:20:53.825+0000] {dagbag.py:532} INFO - Filling up the DagBag from /home/airflow/.local/lib/python3.7/site-packages/airflow/example_dags/example_subdag_operator.py
[2023-04-30T12:20:53.850+0000] {processor.py:753} INFO - DAG(s) dict_keys(['example_subdag_operator.section-1', 'example_subdag_operator.section-2', 'example_subdag_operator']) retrieved from /home/airflow/.local/lib/python3.7/site-packages/airflow/example_dags/example_subdag_operator.py
[2023-04-30T12:20:53.866+0000] {logging_mixin.py:137} INFO - [2023-04-30T12:20:53.865+0000] {dag.py:2705} INFO - Sync 3 DAGs
[2023-04-30T12:20:53.886+0000] {logging_mixin.py:137} INFO - [2023-04-30T12:20:53.886+0000] {dag.py:3456} INFO - Setting next_dagrun for example_subdag_operator to 2022-01-01T00:00:00+00:00, run_after=2022-01-01T00:00:00+00:00
[2023-04-30T12:20:53.888+0000] {logging_mixin.py:137} INFO - [2023-04-30T12:20:53.888+0000] {dag.py:3456} INFO - Setting next_dagrun for example_subdag_operator.section-1 to None, run_after=None
[2023-04-30T12:20:53.889+0000] {logging_mixin.py:137} INFO - [2023-04-30T12:20:53.889+0000] {dag.py:3456} INFO - Setting next_dagrun for example_subdag_operator.section-2 to None, run_after=None
[2023-04-30T12:20:53.895+0000] {logging_mixin.py:137} INFO - [2023-04-30T12:20:53.894+0000] {dag.py:2705} INFO - Sync 2 DAGs
[2023-04-30T12:20:53.899+0000] {logging_mixin.py:137} INFO - [2023-04-30T12:20:53.899+0000] {dag.py:3456} INFO - Setting next_dagrun for example_subdag_operator.section-1 to None, run_after=None
[2023-04-30T12:20:53.899+0000] {logging_mixin.py:137} INFO - [2023-04-30T12:20:53.899+0000] {dag.py:3456} INFO - Setting next_dagrun for example_subdag_operator.section-2 to None, run_after=None
[2023-04-30T12:20:53.907+0000] {processor.py:175} INFO - Processing /home/airflow/.local/lib/python3.7/site-packages/airflow/example_dags/example_subdag_operator.py took 0.086 seconds
[2023-04-30T12:21:24.145+0000] {processor.py:153} INFO - Started process (PID=998) to work on /home/airflow/.local/lib/python3.7/site-packages/airflow/example_dags/example_subdag_operator.py
[2023-04-30T12:21:24.146+0000] {processor.py:743} INFO - Processing file /home/airflow/.local/lib/python3.7/site-packages/airflow/example_dags/example_subdag_operator.py for tasks to queue
[2023-04-30T12:21:24.146+0000] {logging_mixin.py:137} INFO - [2023-04-30T12:21:24.146+0000] {dagbag.py:532} INFO - Filling up the DagBag from /home/airflow/.local/lib/python3.7/site-packages/airflow/example_dags/example_subdag_operator.py
[2023-04-30T12:21:24.177+0000] {processor.py:753} INFO - DAG(s) dict_keys(['example_subdag_operator.section-1', 'example_subdag_operator.section-2', 'example_subdag_operator']) retrieved from /home/airflow/.local/lib/python3.7/site-packages/airflow/example_dags/example_subdag_operator.py
[2023-04-30T12:21:24.192+0000] {logging_mixin.py:137} INFO - [2023-04-30T12:21:24.192+0000] {dag.py:2705} INFO - Sync 3 DAGs
[2023-04-30T12:21:24.213+0000] {logging_mixin.py:137} INFO - [2023-04-30T12:21:24.213+0000] {dag.py:3456} INFO - Setting next_dagrun for example_subdag_operator to 2022-01-01T00:00:00+00:00, run_after=2022-01-01T00:00:00+00:00
[2023-04-30T12:21:24.216+0000] {logging_mixin.py:137} INFO - [2023-04-30T12:21:24.216+0000] {dag.py:3456} INFO - Setting next_dagrun for example_subdag_operator.section-1 to None, run_after=None
[2023-04-30T12:21:24.217+0000] {logging_mixin.py:137} INFO - [2023-04-30T12:21:24.217+0000] {dag.py:3456} INFO - Setting next_dagrun for example_subdag_operator.section-2 to None, run_after=None
[2023-04-30T12:21:24.222+0000] {logging_mixin.py:137} INFO - [2023-04-30T12:21:24.222+0000] {dag.py:2705} INFO - Sync 2 DAGs
[2023-04-30T12:21:24.227+0000] {logging_mixin.py:137} INFO - [2023-04-30T12:21:24.227+0000] {dag.py:3456} INFO - Setting next_dagrun for example_subdag_operator.section-1 to None, run_after=None
[2023-04-30T12:21:24.227+0000] {logging_mixin.py:137} INFO - [2023-04-30T12:21:24.227+0000] {dag.py:3456} INFO - Setting next_dagrun for example_subdag_operator.section-2 to None, run_after=None
[2023-04-30T12:21:24.235+0000] {processor.py:175} INFO - Processing /home/airflow/.local/lib/python3.7/site-packages/airflow/example_dags/example_subdag_operator.py took 0.094 seconds
[2023-04-30T12:21:54.328+0000] {processor.py:153} INFO - Started process (PID=1048) to work on /home/airflow/.local/lib/python3.7/site-packages/airflow/example_dags/example_subdag_operator.py
[2023-04-30T12:21:54.329+0000] {processor.py:743} INFO - Processing file /home/airflow/.local/lib/python3.7/site-packages/airflow/example_dags/example_subdag_operator.py for tasks to queue
[2023-04-30T12:21:54.329+0000] {logging_mixin.py:137} INFO - [2023-04-30T12:21:54.329+0000] {dagbag.py:532} INFO - Filling up the DagBag from /home/airflow/.local/lib/python3.7/site-packages/airflow/example_dags/example_subdag_operator.py
[2023-04-30T12:21:54.355+0000] {processor.py:753} INFO - DAG(s) dict_keys(['example_subdag_operator.section-1', 'example_subdag_operator.section-2', 'example_subdag_operator']) retrieved from /home/airflow/.local/lib/python3.7/site-packages/airflow/example_dags/example_subdag_operator.py
[2023-04-30T12:21:54.371+0000] {logging_mixin.py:137} INFO - [2023-04-30T12:21:54.371+0000] {dag.py:2705} INFO - Sync 3 DAGs
[2023-04-30T12:21:54.394+0000] {logging_mixin.py:137} INFO - [2023-04-30T12:21:54.394+0000] {dag.py:3456} INFO - Setting next_dagrun for example_subdag_operator to 2022-01-01T00:00:00+00:00, run_after=2022-01-01T00:00:00+00:00
[2023-04-30T12:21:54.396+0000] {logging_mixin.py:137} INFO - [2023-04-30T12:21:54.396+0000] {dag.py:3456} INFO - Setting next_dagrun for example_subdag_operator.section-1 to None, run_after=None
[2023-04-30T12:21:54.397+0000] {logging_mixin.py:137} INFO - [2023-04-30T12:21:54.397+0000] {dag.py:3456} INFO - Setting next_dagrun for example_subdag_operator.section-2 to None, run_after=None
[2023-04-30T12:21:54.403+0000] {logging_mixin.py:137} INFO - [2023-04-30T12:21:54.403+0000] {dag.py:2705} INFO - Sync 2 DAGs
[2023-04-30T12:21:54.407+0000] {logging_mixin.py:137} INFO - [2023-04-30T12:21:54.407+0000] {dag.py:3456} INFO - Setting next_dagrun for example_subdag_operator.section-1 to None, run_after=None
[2023-04-30T12:21:54.407+0000] {logging_mixin.py:137} INFO - [2023-04-30T12:21:54.407+0000] {dag.py:3456} INFO - Setting next_dagrun for example_subdag_operator.section-2 to None, run_after=None
[2023-04-30T12:21:54.416+0000] {processor.py:175} INFO - Processing /home/airflow/.local/lib/python3.7/site-packages/airflow/example_dags/example_subdag_operator.py took 0.090 seconds
[2023-04-30T12:22:24.790+0000] {processor.py:153} INFO - Started process (PID=1098) to work on /home/airflow/.local/lib/python3.7/site-packages/airflow/example_dags/example_subdag_operator.py
[2023-04-30T12:22:24.790+0000] {processor.py:743} INFO - Processing file /home/airflow/.local/lib/python3.7/site-packages/airflow/example_dags/example_subdag_operator.py for tasks to queue
[2023-04-30T12:22:24.791+0000] {logging_mixin.py:137} INFO - [2023-04-30T12:22:24.791+0000] {dagbag.py:532} INFO - Filling up the DagBag from /home/airflow/.local/lib/python3.7/site-packages/airflow/example_dags/example_subdag_operator.py
[2023-04-30T12:22:24.822+0000] {processor.py:753} INFO - DAG(s) dict_keys(['example_subdag_operator.section-1', 'example_subdag_operator.section-2', 'example_subdag_operator']) retrieved from /home/airflow/.local/lib/python3.7/site-packages/airflow/example_dags/example_subdag_operator.py
[2023-04-30T12:22:24.839+0000] {logging_mixin.py:137} INFO - [2023-04-30T12:22:24.839+0000] {dag.py:2705} INFO - Sync 3 DAGs
[2023-04-30T12:22:24.860+0000] {logging_mixin.py:137} INFO - [2023-04-30T12:22:24.860+0000] {dag.py:3456} INFO - Setting next_dagrun for example_subdag_operator to 2022-01-01T00:00:00+00:00, run_after=2022-01-01T00:00:00+00:00
[2023-04-30T12:22:24.862+0000] {logging_mixin.py:137} INFO - [2023-04-30T12:22:24.862+0000] {dag.py:3456} INFO - Setting next_dagrun for example_subdag_operator.section-1 to None, run_after=None
[2023-04-30T12:22:24.863+0000] {logging_mixin.py:137} INFO - [2023-04-30T12:22:24.863+0000] {dag.py:3456} INFO - Setting next_dagrun for example_subdag_operator.section-2 to None, run_after=None
[2023-04-30T12:22:24.869+0000] {logging_mixin.py:137} INFO - [2023-04-30T12:22:24.869+0000] {dag.py:2705} INFO - Sync 2 DAGs
[2023-04-30T12:22:24.874+0000] {logging_mixin.py:137} INFO - [2023-04-30T12:22:24.874+0000] {dag.py:3456} INFO - Setting next_dagrun for example_subdag_operator.section-1 to None, run_after=None
[2023-04-30T12:22:24.874+0000] {logging_mixin.py:137} INFO - [2023-04-30T12:22:24.874+0000] {dag.py:3456} INFO - Setting next_dagrun for example_subdag_operator.section-2 to None, run_after=None
[2023-04-30T12:22:24.882+0000] {processor.py:175} INFO - Processing /home/airflow/.local/lib/python3.7/site-packages/airflow/example_dags/example_subdag_operator.py took 0.096 seconds
