[2023-04-30T12:11:47.841+0000] {processor.py:153} INFO - Started process (PID=53) to work on /home/airflow/.local/lib/python3.7/site-packages/airflow/example_dags/example_task_group.py
[2023-04-30T12:11:47.842+0000] {processor.py:743} INFO - Processing file /home/airflow/.local/lib/python3.7/site-packages/airflow/example_dags/example_task_group.py for tasks to queue
[2023-04-30T12:11:47.842+0000] {logging_mixin.py:137} INFO - [2023-04-30T12:11:47.842+0000] {dagbag.py:532} INFO - Filling up the DagBag from /home/airflow/.local/lib/python3.7/site-packages/airflow/example_dags/example_task_group.py
[2023-04-30T12:11:47.859+0000] {processor.py:753} INFO - DAG(s) dict_keys(['example_task_group']) retrieved from /home/airflow/.local/lib/python3.7/site-packages/airflow/example_dags/example_task_group.py
[2023-04-30T12:11:47.870+0000] {logging_mixin.py:137} INFO - [2023-04-30T12:11:47.870+0000] {dag.py:2705} INFO - Sync 1 DAGs
[2023-04-30T12:11:47.895+0000] {logging_mixin.py:137} INFO - [2023-04-30T12:11:47.895+0000] {dag.py:3456} INFO - Setting next_dagrun for example_task_group to 2023-04-29T12:11:47.894990+00:00, run_after=2023-04-30T12:11:47.894990+00:00
[2023-04-30T12:11:47.914+0000] {processor.py:175} INFO - Processing /home/airflow/.local/lib/python3.7/site-packages/airflow/example_dags/example_task_group.py took 0.076 seconds
[2023-04-30T12:12:17.936+0000] {processor.py:153} INFO - Started process (PID=103) to work on /home/airflow/.local/lib/python3.7/site-packages/airflow/example_dags/example_task_group.py
[2023-04-30T12:12:17.936+0000] {processor.py:743} INFO - Processing file /home/airflow/.local/lib/python3.7/site-packages/airflow/example_dags/example_task_group.py for tasks to queue
[2023-04-30T12:12:17.937+0000] {logging_mixin.py:137} INFO - [2023-04-30T12:12:17.937+0000] {dagbag.py:532} INFO - Filling up the DagBag from /home/airflow/.local/lib/python3.7/site-packages/airflow/example_dags/example_task_group.py
[2023-04-30T12:12:17.949+0000] {processor.py:753} INFO - DAG(s) dict_keys(['example_task_group']) retrieved from /home/airflow/.local/lib/python3.7/site-packages/airflow/example_dags/example_task_group.py
[2023-04-30T12:12:17.970+0000] {logging_mixin.py:137} INFO - [2023-04-30T12:12:17.969+0000] {dag.py:2705} INFO - Sync 1 DAGs
[2023-04-30T12:12:17.990+0000] {logging_mixin.py:137} INFO - [2023-04-30T12:12:17.990+0000] {dag.py:3456} INFO - Setting next_dagrun for example_task_group to 2023-04-29T12:12:17.990504+00:00, run_after=2023-04-30T12:12:17.990504+00:00
[2023-04-30T12:12:18.005+0000] {processor.py:175} INFO - Processing /home/airflow/.local/lib/python3.7/site-packages/airflow/example_dags/example_task_group.py took 0.071 seconds
[2023-04-30T12:12:48.408+0000] {processor.py:153} INFO - Started process (PID=153) to work on /home/airflow/.local/lib/python3.7/site-packages/airflow/example_dags/example_task_group.py
[2023-04-30T12:12:48.409+0000] {processor.py:743} INFO - Processing file /home/airflow/.local/lib/python3.7/site-packages/airflow/example_dags/example_task_group.py for tasks to queue
[2023-04-30T12:12:48.409+0000] {logging_mixin.py:137} INFO - [2023-04-30T12:12:48.409+0000] {dagbag.py:532} INFO - Filling up the DagBag from /home/airflow/.local/lib/python3.7/site-packages/airflow/example_dags/example_task_group.py
[2023-04-30T12:12:48.422+0000] {processor.py:753} INFO - DAG(s) dict_keys(['example_task_group']) retrieved from /home/airflow/.local/lib/python3.7/site-packages/airflow/example_dags/example_task_group.py
[2023-04-30T12:12:48.443+0000] {logging_mixin.py:137} INFO - [2023-04-30T12:12:48.442+0000] {dag.py:2705} INFO - Sync 1 DAGs
[2023-04-30T12:12:48.465+0000] {logging_mixin.py:137} INFO - [2023-04-30T12:12:48.464+0000] {dag.py:3456} INFO - Setting next_dagrun for example_task_group to 2023-04-29T12:12:48.464793+00:00, run_after=2023-04-30T12:12:48.464793+00:00
[2023-04-30T12:12:48.481+0000] {processor.py:175} INFO - Processing /home/airflow/.local/lib/python3.7/site-packages/airflow/example_dags/example_task_group.py took 0.076 seconds
[2023-04-30T12:13:18.738+0000] {processor.py:153} INFO - Started process (PID=204) to work on /home/airflow/.local/lib/python3.7/site-packages/airflow/example_dags/example_task_group.py
[2023-04-30T12:13:18.738+0000] {processor.py:743} INFO - Processing file /home/airflow/.local/lib/python3.7/site-packages/airflow/example_dags/example_task_group.py for tasks to queue
[2023-04-30T12:13:18.739+0000] {logging_mixin.py:137} INFO - [2023-04-30T12:13:18.739+0000] {dagbag.py:532} INFO - Filling up the DagBag from /home/airflow/.local/lib/python3.7/site-packages/airflow/example_dags/example_task_group.py
[2023-04-30T12:13:18.752+0000] {processor.py:753} INFO - DAG(s) dict_keys(['example_task_group']) retrieved from /home/airflow/.local/lib/python3.7/site-packages/airflow/example_dags/example_task_group.py
[2023-04-30T12:13:18.773+0000] {logging_mixin.py:137} INFO - [2023-04-30T12:13:18.773+0000] {dag.py:2705} INFO - Sync 1 DAGs
[2023-04-30T12:13:18.794+0000] {logging_mixin.py:137} INFO - [2023-04-30T12:13:18.794+0000] {dag.py:3456} INFO - Setting next_dagrun for example_task_group to 2023-04-29T12:13:18.794052+00:00, run_after=2023-04-30T12:13:18.794052+00:00
[2023-04-30T12:13:18.809+0000] {processor.py:175} INFO - Processing /home/airflow/.local/lib/python3.7/site-packages/airflow/example_dags/example_task_group.py took 0.074 seconds
[2023-04-30T12:13:48.901+0000] {processor.py:153} INFO - Started process (PID=254) to work on /home/airflow/.local/lib/python3.7/site-packages/airflow/example_dags/example_task_group.py
[2023-04-30T12:13:48.902+0000] {processor.py:743} INFO - Processing file /home/airflow/.local/lib/python3.7/site-packages/airflow/example_dags/example_task_group.py for tasks to queue
[2023-04-30T12:13:48.902+0000] {logging_mixin.py:137} INFO - [2023-04-30T12:13:48.902+0000] {dagbag.py:532} INFO - Filling up the DagBag from /home/airflow/.local/lib/python3.7/site-packages/airflow/example_dags/example_task_group.py
[2023-04-30T12:13:48.915+0000] {processor.py:753} INFO - DAG(s) dict_keys(['example_task_group']) retrieved from /home/airflow/.local/lib/python3.7/site-packages/airflow/example_dags/example_task_group.py
[2023-04-30T12:13:48.936+0000] {logging_mixin.py:137} INFO - [2023-04-30T12:13:48.935+0000] {dag.py:2705} INFO - Sync 1 DAGs
[2023-04-30T12:13:48.960+0000] {logging_mixin.py:137} INFO - [2023-04-30T12:13:48.960+0000] {dag.py:3456} INFO - Setting next_dagrun for example_task_group to 2023-04-29T12:13:48.959997+00:00, run_after=2023-04-30T12:13:48.959997+00:00
[2023-04-30T12:13:48.976+0000] {processor.py:175} INFO - Processing /home/airflow/.local/lib/python3.7/site-packages/airflow/example_dags/example_task_group.py took 0.078 seconds
[2023-04-30T12:14:19.163+0000] {processor.py:153} INFO - Started process (PID=304) to work on /home/airflow/.local/lib/python3.7/site-packages/airflow/example_dags/example_task_group.py
[2023-04-30T12:14:19.164+0000] {processor.py:743} INFO - Processing file /home/airflow/.local/lib/python3.7/site-packages/airflow/example_dags/example_task_group.py for tasks to queue
[2023-04-30T12:14:19.164+0000] {logging_mixin.py:137} INFO - [2023-04-30T12:14:19.164+0000] {dagbag.py:532} INFO - Filling up the DagBag from /home/airflow/.local/lib/python3.7/site-packages/airflow/example_dags/example_task_group.py
[2023-04-30T12:14:19.179+0000] {processor.py:753} INFO - DAG(s) dict_keys(['example_task_group']) retrieved from /home/airflow/.local/lib/python3.7/site-packages/airflow/example_dags/example_task_group.py
[2023-04-30T12:14:19.200+0000] {logging_mixin.py:137} INFO - [2023-04-30T12:14:19.200+0000] {dag.py:2705} INFO - Sync 1 DAGs
[2023-04-30T12:14:19.221+0000] {logging_mixin.py:137} INFO - [2023-04-30T12:14:19.221+0000] {dag.py:3456} INFO - Setting next_dagrun for example_task_group to 2023-04-29T12:14:19.221493+00:00, run_after=2023-04-30T12:14:19.221493+00:00
[2023-04-30T12:14:19.236+0000] {processor.py:175} INFO - Processing /home/airflow/.local/lib/python3.7/site-packages/airflow/example_dags/example_task_group.py took 0.076 seconds
[2023-04-30T12:14:49.379+0000] {processor.py:153} INFO - Started process (PID=354) to work on /home/airflow/.local/lib/python3.7/site-packages/airflow/example_dags/example_task_group.py
[2023-04-30T12:14:49.380+0000] {processor.py:743} INFO - Processing file /home/airflow/.local/lib/python3.7/site-packages/airflow/example_dags/example_task_group.py for tasks to queue
[2023-04-30T12:14:49.380+0000] {logging_mixin.py:137} INFO - [2023-04-30T12:14:49.380+0000] {dagbag.py:532} INFO - Filling up the DagBag from /home/airflow/.local/lib/python3.7/site-packages/airflow/example_dags/example_task_group.py
[2023-04-30T12:14:49.392+0000] {processor.py:753} INFO - DAG(s) dict_keys(['example_task_group']) retrieved from /home/airflow/.local/lib/python3.7/site-packages/airflow/example_dags/example_task_group.py
[2023-04-30T12:14:49.413+0000] {logging_mixin.py:137} INFO - [2023-04-30T12:14:49.413+0000] {dag.py:2705} INFO - Sync 1 DAGs
[2023-04-30T12:14:49.433+0000] {logging_mixin.py:137} INFO - [2023-04-30T12:14:49.433+0000] {dag.py:3456} INFO - Setting next_dagrun for example_task_group to 2023-04-29T12:14:49.433423+00:00, run_after=2023-04-30T12:14:49.433423+00:00
[2023-04-30T12:14:49.447+0000] {processor.py:175} INFO - Processing /home/airflow/.local/lib/python3.7/site-packages/airflow/example_dags/example_task_group.py took 0.071 seconds
[2023-04-30T12:15:19.897+0000] {processor.py:153} INFO - Started process (PID=404) to work on /home/airflow/.local/lib/python3.7/site-packages/airflow/example_dags/example_task_group.py
[2023-04-30T12:15:19.898+0000] {processor.py:743} INFO - Processing file /home/airflow/.local/lib/python3.7/site-packages/airflow/example_dags/example_task_group.py for tasks to queue
[2023-04-30T12:15:19.898+0000] {logging_mixin.py:137} INFO - [2023-04-30T12:15:19.898+0000] {dagbag.py:532} INFO - Filling up the DagBag from /home/airflow/.local/lib/python3.7/site-packages/airflow/example_dags/example_task_group.py
[2023-04-30T12:15:19.912+0000] {processor.py:753} INFO - DAG(s) dict_keys(['example_task_group']) retrieved from /home/airflow/.local/lib/python3.7/site-packages/airflow/example_dags/example_task_group.py
[2023-04-30T12:15:19.939+0000] {logging_mixin.py:137} INFO - [2023-04-30T12:15:19.939+0000] {dag.py:2705} INFO - Sync 1 DAGs
[2023-04-30T12:15:19.966+0000] {logging_mixin.py:137} INFO - [2023-04-30T12:15:19.966+0000] {dag.py:3456} INFO - Setting next_dagrun for example_task_group to 2023-04-29T12:15:19.966089+00:00, run_after=2023-04-30T12:15:19.966089+00:00
[2023-04-30T12:15:19.986+0000] {processor.py:175} INFO - Processing /home/airflow/.local/lib/python3.7/site-packages/airflow/example_dags/example_task_group.py took 0.092 seconds
[2023-04-30T12:15:50.341+0000] {processor.py:153} INFO - Started process (PID=454) to work on /home/airflow/.local/lib/python3.7/site-packages/airflow/example_dags/example_task_group.py
[2023-04-30T12:15:50.341+0000] {processor.py:743} INFO - Processing file /home/airflow/.local/lib/python3.7/site-packages/airflow/example_dags/example_task_group.py for tasks to queue
[2023-04-30T12:15:50.342+0000] {logging_mixin.py:137} INFO - [2023-04-30T12:15:50.342+0000] {dagbag.py:532} INFO - Filling up the DagBag from /home/airflow/.local/lib/python3.7/site-packages/airflow/example_dags/example_task_group.py
[2023-04-30T12:15:50.354+0000] {processor.py:753} INFO - DAG(s) dict_keys(['example_task_group']) retrieved from /home/airflow/.local/lib/python3.7/site-packages/airflow/example_dags/example_task_group.py
[2023-04-30T12:15:50.376+0000] {logging_mixin.py:137} INFO - [2023-04-30T12:15:50.376+0000] {dag.py:2705} INFO - Sync 1 DAGs
[2023-04-30T12:15:50.399+0000] {logging_mixin.py:137} INFO - [2023-04-30T12:15:50.398+0000] {dag.py:3456} INFO - Setting next_dagrun for example_task_group to 2023-04-29T12:15:50.398325+00:00, run_after=2023-04-30T12:15:50.398325+00:00
[2023-04-30T12:15:50.415+0000] {processor.py:175} INFO - Processing /home/airflow/.local/lib/python3.7/site-packages/airflow/example_dags/example_task_group.py took 0.077 seconds
[2023-04-30T12:16:21.027+0000] {processor.py:153} INFO - Started process (PID=504) to work on /home/airflow/.local/lib/python3.7/site-packages/airflow/example_dags/example_task_group.py
[2023-04-30T12:16:21.027+0000] {processor.py:743} INFO - Processing file /home/airflow/.local/lib/python3.7/site-packages/airflow/example_dags/example_task_group.py for tasks to queue
[2023-04-30T12:16:21.028+0000] {logging_mixin.py:137} INFO - [2023-04-30T12:16:21.028+0000] {dagbag.py:532} INFO - Filling up the DagBag from /home/airflow/.local/lib/python3.7/site-packages/airflow/example_dags/example_task_group.py
[2023-04-30T12:16:21.041+0000] {processor.py:753} INFO - DAG(s) dict_keys(['example_task_group']) retrieved from /home/airflow/.local/lib/python3.7/site-packages/airflow/example_dags/example_task_group.py
[2023-04-30T12:16:21.062+0000] {logging_mixin.py:137} INFO - [2023-04-30T12:16:21.061+0000] {dag.py:2705} INFO - Sync 1 DAGs
[2023-04-30T12:16:21.082+0000] {logging_mixin.py:137} INFO - [2023-04-30T12:16:21.082+0000] {dag.py:3456} INFO - Setting next_dagrun for example_task_group to 2023-04-29T12:16:21.082340+00:00, run_after=2023-04-30T12:16:21.082340+00:00
[2023-04-30T12:16:21.099+0000] {processor.py:175} INFO - Processing /home/airflow/.local/lib/python3.7/site-packages/airflow/example_dags/example_task_group.py took 0.075 seconds
[2023-04-30T12:16:51.408+0000] {processor.py:153} INFO - Started process (PID=554) to work on /home/airflow/.local/lib/python3.7/site-packages/airflow/example_dags/example_task_group.py
[2023-04-30T12:16:51.409+0000] {processor.py:743} INFO - Processing file /home/airflow/.local/lib/python3.7/site-packages/airflow/example_dags/example_task_group.py for tasks to queue
[2023-04-30T12:16:51.409+0000] {logging_mixin.py:137} INFO - [2023-04-30T12:16:51.409+0000] {dagbag.py:532} INFO - Filling up the DagBag from /home/airflow/.local/lib/python3.7/site-packages/airflow/example_dags/example_task_group.py
[2023-04-30T12:16:51.421+0000] {processor.py:753} INFO - DAG(s) dict_keys(['example_task_group']) retrieved from /home/airflow/.local/lib/python3.7/site-packages/airflow/example_dags/example_task_group.py
[2023-04-30T12:16:51.442+0000] {logging_mixin.py:137} INFO - [2023-04-30T12:16:51.442+0000] {dag.py:2705} INFO - Sync 1 DAGs
[2023-04-30T12:16:51.462+0000] {logging_mixin.py:137} INFO - [2023-04-30T12:16:51.462+0000] {dag.py:3456} INFO - Setting next_dagrun for example_task_group to 2023-04-29T12:16:51.461978+00:00, run_after=2023-04-30T12:16:51.461978+00:00
[2023-04-30T12:16:51.476+0000] {processor.py:175} INFO - Processing /home/airflow/.local/lib/python3.7/site-packages/airflow/example_dags/example_task_group.py took 0.070 seconds
[2023-04-30T12:17:21.807+0000] {processor.py:153} INFO - Started process (PID=604) to work on /home/airflow/.local/lib/python3.7/site-packages/airflow/example_dags/example_task_group.py
[2023-04-30T12:17:21.807+0000] {processor.py:743} INFO - Processing file /home/airflow/.local/lib/python3.7/site-packages/airflow/example_dags/example_task_group.py for tasks to queue
[2023-04-30T12:17:21.808+0000] {logging_mixin.py:137} INFO - [2023-04-30T12:17:21.808+0000] {dagbag.py:532} INFO - Filling up the DagBag from /home/airflow/.local/lib/python3.7/site-packages/airflow/example_dags/example_task_group.py
[2023-04-30T12:17:21.821+0000] {processor.py:753} INFO - DAG(s) dict_keys(['example_task_group']) retrieved from /home/airflow/.local/lib/python3.7/site-packages/airflow/example_dags/example_task_group.py
[2023-04-30T12:17:21.843+0000] {logging_mixin.py:137} INFO - [2023-04-30T12:17:21.842+0000] {dag.py:2705} INFO - Sync 1 DAGs
[2023-04-30T12:17:21.864+0000] {logging_mixin.py:137} INFO - [2023-04-30T12:17:21.863+0000] {dag.py:3456} INFO - Setting next_dagrun for example_task_group to 2023-04-29T12:17:21.863773+00:00, run_after=2023-04-30T12:17:21.863773+00:00
[2023-04-30T12:17:21.879+0000] {processor.py:175} INFO - Processing /home/airflow/.local/lib/python3.7/site-packages/airflow/example_dags/example_task_group.py took 0.075 seconds
[2023-04-30T12:17:52.099+0000] {processor.py:153} INFO - Started process (PID=654) to work on /home/airflow/.local/lib/python3.7/site-packages/airflow/example_dags/example_task_group.py
[2023-04-30T12:17:52.099+0000] {processor.py:743} INFO - Processing file /home/airflow/.local/lib/python3.7/site-packages/airflow/example_dags/example_task_group.py for tasks to queue
[2023-04-30T12:17:52.100+0000] {logging_mixin.py:137} INFO - [2023-04-30T12:17:52.100+0000] {dagbag.py:532} INFO - Filling up the DagBag from /home/airflow/.local/lib/python3.7/site-packages/airflow/example_dags/example_task_group.py
[2023-04-30T12:17:52.112+0000] {processor.py:753} INFO - DAG(s) dict_keys(['example_task_group']) retrieved from /home/airflow/.local/lib/python3.7/site-packages/airflow/example_dags/example_task_group.py
[2023-04-30T12:17:52.132+0000] {logging_mixin.py:137} INFO - [2023-04-30T12:17:52.132+0000] {dag.py:2705} INFO - Sync 1 DAGs
[2023-04-30T12:17:52.154+0000] {logging_mixin.py:137} INFO - [2023-04-30T12:17:52.154+0000] {dag.py:3456} INFO - Setting next_dagrun for example_task_group to 2023-04-29T12:17:52.153927+00:00, run_after=2023-04-30T12:17:52.153927+00:00
[2023-04-30T12:17:52.168+0000] {processor.py:175} INFO - Processing /home/airflow/.local/lib/python3.7/site-packages/airflow/example_dags/example_task_group.py took 0.072 seconds
[2023-04-30T12:18:22.390+0000] {processor.py:153} INFO - Started process (PID=704) to work on /home/airflow/.local/lib/python3.7/site-packages/airflow/example_dags/example_task_group.py
[2023-04-30T12:18:22.390+0000] {processor.py:743} INFO - Processing file /home/airflow/.local/lib/python3.7/site-packages/airflow/example_dags/example_task_group.py for tasks to queue
[2023-04-30T12:18:22.391+0000] {logging_mixin.py:137} INFO - [2023-04-30T12:18:22.391+0000] {dagbag.py:532} INFO - Filling up the DagBag from /home/airflow/.local/lib/python3.7/site-packages/airflow/example_dags/example_task_group.py
[2023-04-30T12:18:22.403+0000] {processor.py:753} INFO - DAG(s) dict_keys(['example_task_group']) retrieved from /home/airflow/.local/lib/python3.7/site-packages/airflow/example_dags/example_task_group.py
[2023-04-30T12:18:22.424+0000] {logging_mixin.py:137} INFO - [2023-04-30T12:18:22.424+0000] {dag.py:2705} INFO - Sync 1 DAGs
[2023-04-30T12:18:22.445+0000] {logging_mixin.py:137} INFO - [2023-04-30T12:18:22.445+0000] {dag.py:3456} INFO - Setting next_dagrun for example_task_group to 2023-04-29T12:18:22.444975+00:00, run_after=2023-04-30T12:18:22.444975+00:00
[2023-04-30T12:18:22.459+0000] {processor.py:175} INFO - Processing /home/airflow/.local/lib/python3.7/site-packages/airflow/example_dags/example_task_group.py took 0.071 seconds
[2023-04-30T12:18:52.772+0000] {processor.py:153} INFO - Started process (PID=754) to work on /home/airflow/.local/lib/python3.7/site-packages/airflow/example_dags/example_task_group.py
[2023-04-30T12:18:52.772+0000] {processor.py:743} INFO - Processing file /home/airflow/.local/lib/python3.7/site-packages/airflow/example_dags/example_task_group.py for tasks to queue
[2023-04-30T12:18:52.773+0000] {logging_mixin.py:137} INFO - [2023-04-30T12:18:52.773+0000] {dagbag.py:532} INFO - Filling up the DagBag from /home/airflow/.local/lib/python3.7/site-packages/airflow/example_dags/example_task_group.py
[2023-04-30T12:18:52.785+0000] {processor.py:753} INFO - DAG(s) dict_keys(['example_task_group']) retrieved from /home/airflow/.local/lib/python3.7/site-packages/airflow/example_dags/example_task_group.py
[2023-04-30T12:18:52.806+0000] {logging_mixin.py:137} INFO - [2023-04-30T12:18:52.806+0000] {dag.py:2705} INFO - Sync 1 DAGs
[2023-04-30T12:18:52.828+0000] {logging_mixin.py:137} INFO - [2023-04-30T12:18:52.828+0000] {dag.py:3456} INFO - Setting next_dagrun for example_task_group to 2023-04-29T12:18:52.827817+00:00, run_after=2023-04-30T12:18:52.827817+00:00
[2023-04-30T12:18:52.842+0000] {processor.py:175} INFO - Processing /home/airflow/.local/lib/python3.7/site-packages/airflow/example_dags/example_task_group.py took 0.073 seconds
[2023-04-30T12:19:23.281+0000] {processor.py:153} INFO - Started process (PID=804) to work on /home/airflow/.local/lib/python3.7/site-packages/airflow/example_dags/example_task_group.py
[2023-04-30T12:19:23.281+0000] {processor.py:743} INFO - Processing file /home/airflow/.local/lib/python3.7/site-packages/airflow/example_dags/example_task_group.py for tasks to queue
[2023-04-30T12:19:23.282+0000] {logging_mixin.py:137} INFO - [2023-04-30T12:19:23.282+0000] {dagbag.py:532} INFO - Filling up the DagBag from /home/airflow/.local/lib/python3.7/site-packages/airflow/example_dags/example_task_group.py
[2023-04-30T12:19:23.295+0000] {processor.py:753} INFO - DAG(s) dict_keys(['example_task_group']) retrieved from /home/airflow/.local/lib/python3.7/site-packages/airflow/example_dags/example_task_group.py
[2023-04-30T12:19:23.319+0000] {logging_mixin.py:137} INFO - [2023-04-30T12:19:23.318+0000] {dag.py:2705} INFO - Sync 1 DAGs
[2023-04-30T12:19:23.341+0000] {logging_mixin.py:137} INFO - [2023-04-30T12:19:23.340+0000] {dag.py:3456} INFO - Setting next_dagrun for example_task_group to 2023-04-29T12:19:23.340272+00:00, run_after=2023-04-30T12:19:23.340272+00:00
[2023-04-30T12:19:23.356+0000] {processor.py:175} INFO - Processing /home/airflow/.local/lib/python3.7/site-packages/airflow/example_dags/example_task_group.py took 0.078 seconds
[2023-04-30T12:19:53.623+0000] {processor.py:153} INFO - Started process (PID=854) to work on /home/airflow/.local/lib/python3.7/site-packages/airflow/example_dags/example_task_group.py
[2023-04-30T12:19:53.624+0000] {processor.py:743} INFO - Processing file /home/airflow/.local/lib/python3.7/site-packages/airflow/example_dags/example_task_group.py for tasks to queue
[2023-04-30T12:19:53.624+0000] {logging_mixin.py:137} INFO - [2023-04-30T12:19:53.624+0000] {dagbag.py:532} INFO - Filling up the DagBag from /home/airflow/.local/lib/python3.7/site-packages/airflow/example_dags/example_task_group.py
[2023-04-30T12:19:53.636+0000] {processor.py:753} INFO - DAG(s) dict_keys(['example_task_group']) retrieved from /home/airflow/.local/lib/python3.7/site-packages/airflow/example_dags/example_task_group.py
[2023-04-30T12:19:53.657+0000] {logging_mixin.py:137} INFO - [2023-04-30T12:19:53.657+0000] {dag.py:2705} INFO - Sync 1 DAGs
[2023-04-30T12:19:53.677+0000] {logging_mixin.py:137} INFO - [2023-04-30T12:19:53.677+0000] {dag.py:3456} INFO - Setting next_dagrun for example_task_group to 2023-04-29T12:19:53.677547+00:00, run_after=2023-04-30T12:19:53.677547+00:00
[2023-04-30T12:19:53.692+0000] {processor.py:175} INFO - Processing /home/airflow/.local/lib/python3.7/site-packages/airflow/example_dags/example_task_group.py took 0.071 seconds
[2023-04-30T12:20:23.811+0000] {processor.py:153} INFO - Started process (PID=904) to work on /home/airflow/.local/lib/python3.7/site-packages/airflow/example_dags/example_task_group.py
[2023-04-30T12:20:23.812+0000] {processor.py:743} INFO - Processing file /home/airflow/.local/lib/python3.7/site-packages/airflow/example_dags/example_task_group.py for tasks to queue
[2023-04-30T12:20:23.812+0000] {logging_mixin.py:137} INFO - [2023-04-30T12:20:23.812+0000] {dagbag.py:532} INFO - Filling up the DagBag from /home/airflow/.local/lib/python3.7/site-packages/airflow/example_dags/example_task_group.py
[2023-04-30T12:20:23.824+0000] {processor.py:753} INFO - DAG(s) dict_keys(['example_task_group']) retrieved from /home/airflow/.local/lib/python3.7/site-packages/airflow/example_dags/example_task_group.py
[2023-04-30T12:20:23.845+0000] {logging_mixin.py:137} INFO - [2023-04-30T12:20:23.845+0000] {dag.py:2705} INFO - Sync 1 DAGs
[2023-04-30T12:20:23.865+0000] {logging_mixin.py:137} INFO - [2023-04-30T12:20:23.865+0000] {dag.py:3456} INFO - Setting next_dagrun for example_task_group to 2023-04-29T12:20:23.865352+00:00, run_after=2023-04-30T12:20:23.865352+00:00
[2023-04-30T12:20:23.880+0000] {processor.py:175} INFO - Processing /home/airflow/.local/lib/python3.7/site-packages/airflow/example_dags/example_task_group.py took 0.071 seconds
[2023-04-30T12:20:54.126+0000] {processor.py:153} INFO - Started process (PID=954) to work on /home/airflow/.local/lib/python3.7/site-packages/airflow/example_dags/example_task_group.py
[2023-04-30T12:20:54.127+0000] {processor.py:743} INFO - Processing file /home/airflow/.local/lib/python3.7/site-packages/airflow/example_dags/example_task_group.py for tasks to queue
[2023-04-30T12:20:54.127+0000] {logging_mixin.py:137} INFO - [2023-04-30T12:20:54.127+0000] {dagbag.py:532} INFO - Filling up the DagBag from /home/airflow/.local/lib/python3.7/site-packages/airflow/example_dags/example_task_group.py
[2023-04-30T12:20:54.143+0000] {processor.py:753} INFO - DAG(s) dict_keys(['example_task_group']) retrieved from /home/airflow/.local/lib/python3.7/site-packages/airflow/example_dags/example_task_group.py
[2023-04-30T12:20:54.167+0000] {logging_mixin.py:137} INFO - [2023-04-30T12:20:54.167+0000] {dag.py:2705} INFO - Sync 1 DAGs
[2023-04-30T12:20:54.193+0000] {logging_mixin.py:137} INFO - [2023-04-30T12:20:54.192+0000] {dag.py:3456} INFO - Setting next_dagrun for example_task_group to 2023-04-29T12:20:54.192630+00:00, run_after=2023-04-30T12:20:54.192630+00:00
[2023-04-30T12:20:54.208+0000] {processor.py:175} INFO - Processing /home/airflow/.local/lib/python3.7/site-packages/airflow/example_dags/example_task_group.py took 0.085 seconds
[2023-04-30T12:21:24.428+0000] {processor.py:153} INFO - Started process (PID=1004) to work on /home/airflow/.local/lib/python3.7/site-packages/airflow/example_dags/example_task_group.py
[2023-04-30T12:21:24.428+0000] {processor.py:743} INFO - Processing file /home/airflow/.local/lib/python3.7/site-packages/airflow/example_dags/example_task_group.py for tasks to queue
[2023-04-30T12:21:24.429+0000] {logging_mixin.py:137} INFO - [2023-04-30T12:21:24.429+0000] {dagbag.py:532} INFO - Filling up the DagBag from /home/airflow/.local/lib/python3.7/site-packages/airflow/example_dags/example_task_group.py
[2023-04-30T12:21:24.441+0000] {processor.py:753} INFO - DAG(s) dict_keys(['example_task_group']) retrieved from /home/airflow/.local/lib/python3.7/site-packages/airflow/example_dags/example_task_group.py
[2023-04-30T12:21:24.461+0000] {logging_mixin.py:137} INFO - [2023-04-30T12:21:24.461+0000] {dag.py:2705} INFO - Sync 1 DAGs
[2023-04-30T12:21:24.482+0000] {logging_mixin.py:137} INFO - [2023-04-30T12:21:24.482+0000] {dag.py:3456} INFO - Setting next_dagrun for example_task_group to 2023-04-29T12:21:24.482273+00:00, run_after=2023-04-30T12:21:24.482273+00:00
[2023-04-30T12:21:24.496+0000] {processor.py:175} INFO - Processing /home/airflow/.local/lib/python3.7/site-packages/airflow/example_dags/example_task_group.py took 0.071 seconds
[2023-04-30T12:21:54.616+0000] {processor.py:153} INFO - Started process (PID=1054) to work on /home/airflow/.local/lib/python3.7/site-packages/airflow/example_dags/example_task_group.py
[2023-04-30T12:21:54.616+0000] {processor.py:743} INFO - Processing file /home/airflow/.local/lib/python3.7/site-packages/airflow/example_dags/example_task_group.py for tasks to queue
[2023-04-30T12:21:54.617+0000] {logging_mixin.py:137} INFO - [2023-04-30T12:21:54.617+0000] {dagbag.py:532} INFO - Filling up the DagBag from /home/airflow/.local/lib/python3.7/site-packages/airflow/example_dags/example_task_group.py
[2023-04-30T12:21:54.630+0000] {processor.py:753} INFO - DAG(s) dict_keys(['example_task_group']) retrieved from /home/airflow/.local/lib/python3.7/site-packages/airflow/example_dags/example_task_group.py
[2023-04-30T12:21:54.651+0000] {logging_mixin.py:137} INFO - [2023-04-30T12:21:54.651+0000] {dag.py:2705} INFO - Sync 1 DAGs
[2023-04-30T12:21:54.672+0000] {logging_mixin.py:137} INFO - [2023-04-30T12:21:54.672+0000] {dag.py:3456} INFO - Setting next_dagrun for example_task_group to 2023-04-29T12:21:54.672402+00:00, run_after=2023-04-30T12:21:54.672402+00:00
[2023-04-30T12:21:54.687+0000] {processor.py:175} INFO - Processing /home/airflow/.local/lib/python3.7/site-packages/airflow/example_dags/example_task_group.py took 0.073 seconds
[2023-04-30T12:22:25.084+0000] {processor.py:153} INFO - Started process (PID=1104) to work on /home/airflow/.local/lib/python3.7/site-packages/airflow/example_dags/example_task_group.py
[2023-04-30T12:22:25.084+0000] {processor.py:743} INFO - Processing file /home/airflow/.local/lib/python3.7/site-packages/airflow/example_dags/example_task_group.py for tasks to queue
[2023-04-30T12:22:25.085+0000] {logging_mixin.py:137} INFO - [2023-04-30T12:22:25.085+0000] {dagbag.py:532} INFO - Filling up the DagBag from /home/airflow/.local/lib/python3.7/site-packages/airflow/example_dags/example_task_group.py
[2023-04-30T12:22:25.098+0000] {processor.py:753} INFO - DAG(s) dict_keys(['example_task_group']) retrieved from /home/airflow/.local/lib/python3.7/site-packages/airflow/example_dags/example_task_group.py
[2023-04-30T12:22:25.120+0000] {logging_mixin.py:137} INFO - [2023-04-30T12:22:25.120+0000] {dag.py:2705} INFO - Sync 1 DAGs
[2023-04-30T12:22:25.141+0000] {logging_mixin.py:137} INFO - [2023-04-30T12:22:25.140+0000] {dag.py:3456} INFO - Setting next_dagrun for example_task_group to 2023-04-29T12:22:25.140753+00:00, run_after=2023-04-30T12:22:25.140753+00:00
[2023-04-30T12:22:25.155+0000] {processor.py:175} INFO - Processing /home/airflow/.local/lib/python3.7/site-packages/airflow/example_dags/example_task_group.py took 0.074 seconds
