[2023-04-30T12:11:47.232+0000] {processor.py:153} INFO - Started process (PID=44) to work on /home/airflow/.local/lib/python3.7/site-packages/airflow/example_dags/example_task_group_decorator.py
[2023-04-30T12:11:47.232+0000] {processor.py:743} INFO - Processing file /home/airflow/.local/lib/python3.7/site-packages/airflow/example_dags/example_task_group_decorator.py for tasks to queue
[2023-04-30T12:11:47.233+0000] {logging_mixin.py:137} INFO - [2023-04-30T12:11:47.233+0000] {dagbag.py:532} INFO - Filling up the DagBag from /home/airflow/.local/lib/python3.7/site-packages/airflow/example_dags/example_task_group_decorator.py
[2023-04-30T12:11:47.273+0000] {processor.py:753} INFO - DAG(s) dict_keys(['example_task_group_decorator']) retrieved from /home/airflow/.local/lib/python3.7/site-packages/airflow/example_dags/example_task_group_decorator.py
[2023-04-30T12:11:47.297+0000] {logging_mixin.py:137} INFO - [2023-04-30T12:11:47.297+0000] {dag.py:2705} INFO - Sync 1 DAGs
[2023-04-30T12:11:47.323+0000] {logging_mixin.py:137} INFO - [2023-04-30T12:11:47.323+0000] {dag.py:3456} INFO - Setting next_dagrun for example_task_group_decorator to 2023-04-29T12:11:47.322788+00:00, run_after=2023-04-30T12:11:47.322788+00:00
[2023-04-30T12:11:47.340+0000] {processor.py:175} INFO - Processing /home/airflow/.local/lib/python3.7/site-packages/airflow/example_dags/example_task_group_decorator.py took 0.112 seconds
[2023-04-30T12:12:17.465+0000] {processor.py:153} INFO - Started process (PID=94) to work on /home/airflow/.local/lib/python3.7/site-packages/airflow/example_dags/example_task_group_decorator.py
[2023-04-30T12:12:17.466+0000] {processor.py:743} INFO - Processing file /home/airflow/.local/lib/python3.7/site-packages/airflow/example_dags/example_task_group_decorator.py for tasks to queue
[2023-04-30T12:12:17.467+0000] {logging_mixin.py:137} INFO - [2023-04-30T12:12:17.467+0000] {dagbag.py:532} INFO - Filling up the DagBag from /home/airflow/.local/lib/python3.7/site-packages/airflow/example_dags/example_task_group_decorator.py
[2023-04-30T12:12:17.500+0000] {processor.py:753} INFO - DAG(s) dict_keys(['example_task_group_decorator']) retrieved from /home/airflow/.local/lib/python3.7/site-packages/airflow/example_dags/example_task_group_decorator.py
[2023-04-30T12:12:17.523+0000] {logging_mixin.py:137} INFO - [2023-04-30T12:12:17.523+0000] {dag.py:2705} INFO - Sync 1 DAGs
[2023-04-30T12:12:17.546+0000] {logging_mixin.py:137} INFO - [2023-04-30T12:12:17.546+0000] {dag.py:3456} INFO - Setting next_dagrun for example_task_group_decorator to 2023-04-29T12:12:17.546551+00:00, run_after=2023-04-30T12:12:17.546551+00:00
[2023-04-30T12:12:17.561+0000] {processor.py:175} INFO - Processing /home/airflow/.local/lib/python3.7/site-packages/airflow/example_dags/example_task_group_decorator.py took 0.102 seconds
[2023-04-30T12:12:47.966+0000] {processor.py:153} INFO - Started process (PID=144) to work on /home/airflow/.local/lib/python3.7/site-packages/airflow/example_dags/example_task_group_decorator.py
[2023-04-30T12:12:47.967+0000] {processor.py:743} INFO - Processing file /home/airflow/.local/lib/python3.7/site-packages/airflow/example_dags/example_task_group_decorator.py for tasks to queue
[2023-04-30T12:12:47.968+0000] {logging_mixin.py:137} INFO - [2023-04-30T12:12:47.968+0000] {dagbag.py:532} INFO - Filling up the DagBag from /home/airflow/.local/lib/python3.7/site-packages/airflow/example_dags/example_task_group_decorator.py
[2023-04-30T12:12:47.994+0000] {processor.py:753} INFO - DAG(s) dict_keys(['example_task_group_decorator']) retrieved from /home/airflow/.local/lib/python3.7/site-packages/airflow/example_dags/example_task_group_decorator.py
[2023-04-30T12:12:48.017+0000] {logging_mixin.py:137} INFO - [2023-04-30T12:12:48.017+0000] {dag.py:2705} INFO - Sync 1 DAGs
[2023-04-30T12:12:48.037+0000] {logging_mixin.py:137} INFO - [2023-04-30T12:12:48.037+0000] {dag.py:3456} INFO - Setting next_dagrun for example_task_group_decorator to 2023-04-29T12:12:48.037275+00:00, run_after=2023-04-30T12:12:48.037275+00:00
[2023-04-30T12:12:48.052+0000] {processor.py:175} INFO - Processing /home/airflow/.local/lib/python3.7/site-packages/airflow/example_dags/example_task_group_decorator.py took 0.090 seconds
[2023-04-30T12:13:18.287+0000] {processor.py:153} INFO - Started process (PID=195) to work on /home/airflow/.local/lib/python3.7/site-packages/airflow/example_dags/example_task_group_decorator.py
[2023-04-30T12:13:18.288+0000] {processor.py:743} INFO - Processing file /home/airflow/.local/lib/python3.7/site-packages/airflow/example_dags/example_task_group_decorator.py for tasks to queue
[2023-04-30T12:13:18.289+0000] {logging_mixin.py:137} INFO - [2023-04-30T12:13:18.289+0000] {dagbag.py:532} INFO - Filling up the DagBag from /home/airflow/.local/lib/python3.7/site-packages/airflow/example_dags/example_task_group_decorator.py
[2023-04-30T12:13:18.318+0000] {processor.py:753} INFO - DAG(s) dict_keys(['example_task_group_decorator']) retrieved from /home/airflow/.local/lib/python3.7/site-packages/airflow/example_dags/example_task_group_decorator.py
[2023-04-30T12:13:18.341+0000] {logging_mixin.py:137} INFO - [2023-04-30T12:13:18.341+0000] {dag.py:2705} INFO - Sync 1 DAGs
[2023-04-30T12:13:18.362+0000] {logging_mixin.py:137} INFO - [2023-04-30T12:13:18.362+0000] {dag.py:3456} INFO - Setting next_dagrun for example_task_group_decorator to 2023-04-29T12:13:18.362614+00:00, run_after=2023-04-30T12:13:18.362614+00:00
[2023-04-30T12:13:18.377+0000] {processor.py:175} INFO - Processing /home/airflow/.local/lib/python3.7/site-packages/airflow/example_dags/example_task_group_decorator.py took 0.096 seconds
[2023-04-30T12:13:48.443+0000] {processor.py:153} INFO - Started process (PID=245) to work on /home/airflow/.local/lib/python3.7/site-packages/airflow/example_dags/example_task_group_decorator.py
[2023-04-30T12:13:48.443+0000] {processor.py:743} INFO - Processing file /home/airflow/.local/lib/python3.7/site-packages/airflow/example_dags/example_task_group_decorator.py for tasks to queue
[2023-04-30T12:13:48.444+0000] {logging_mixin.py:137} INFO - [2023-04-30T12:13:48.444+0000] {dagbag.py:532} INFO - Filling up the DagBag from /home/airflow/.local/lib/python3.7/site-packages/airflow/example_dags/example_task_group_decorator.py
[2023-04-30T12:13:48.469+0000] {processor.py:753} INFO - DAG(s) dict_keys(['example_task_group_decorator']) retrieved from /home/airflow/.local/lib/python3.7/site-packages/airflow/example_dags/example_task_group_decorator.py
[2023-04-30T12:13:48.492+0000] {logging_mixin.py:137} INFO - [2023-04-30T12:13:48.492+0000] {dag.py:2705} INFO - Sync 1 DAGs
[2023-04-30T12:13:48.516+0000] {logging_mixin.py:137} INFO - [2023-04-30T12:13:48.515+0000] {dag.py:3456} INFO - Setting next_dagrun for example_task_group_decorator to 2023-04-29T12:13:48.515751+00:00, run_after=2023-04-30T12:13:48.515751+00:00
[2023-04-30T12:13:48.531+0000] {processor.py:175} INFO - Processing /home/airflow/.local/lib/python3.7/site-packages/airflow/example_dags/example_task_group_decorator.py took 0.090 seconds
[2023-04-30T12:14:18.664+0000] {processor.py:153} INFO - Started process (PID=295) to work on /home/airflow/.local/lib/python3.7/site-packages/airflow/example_dags/example_task_group_decorator.py
[2023-04-30T12:14:18.665+0000] {processor.py:743} INFO - Processing file /home/airflow/.local/lib/python3.7/site-packages/airflow/example_dags/example_task_group_decorator.py for tasks to queue
[2023-04-30T12:14:18.666+0000] {logging_mixin.py:137} INFO - [2023-04-30T12:14:18.665+0000] {dagbag.py:532} INFO - Filling up the DagBag from /home/airflow/.local/lib/python3.7/site-packages/airflow/example_dags/example_task_group_decorator.py
[2023-04-30T12:14:18.692+0000] {processor.py:753} INFO - DAG(s) dict_keys(['example_task_group_decorator']) retrieved from /home/airflow/.local/lib/python3.7/site-packages/airflow/example_dags/example_task_group_decorator.py
[2023-04-30T12:14:18.715+0000] {logging_mixin.py:137} INFO - [2023-04-30T12:14:18.715+0000] {dag.py:2705} INFO - Sync 1 DAGs
[2023-04-30T12:14:18.736+0000] {logging_mixin.py:137} INFO - [2023-04-30T12:14:18.736+0000] {dag.py:3456} INFO - Setting next_dagrun for example_task_group_decorator to 2023-04-29T12:14:18.735837+00:00, run_after=2023-04-30T12:14:18.735837+00:00
[2023-04-30T12:14:18.750+0000] {processor.py:175} INFO - Processing /home/airflow/.local/lib/python3.7/site-packages/airflow/example_dags/example_task_group_decorator.py took 0.091 seconds
[2023-04-30T12:14:48.856+0000] {processor.py:153} INFO - Started process (PID=345) to work on /home/airflow/.local/lib/python3.7/site-packages/airflow/example_dags/example_task_group_decorator.py
[2023-04-30T12:14:48.857+0000] {processor.py:743} INFO - Processing file /home/airflow/.local/lib/python3.7/site-packages/airflow/example_dags/example_task_group_decorator.py for tasks to queue
[2023-04-30T12:14:48.858+0000] {logging_mixin.py:137} INFO - [2023-04-30T12:14:48.858+0000] {dagbag.py:532} INFO - Filling up the DagBag from /home/airflow/.local/lib/python3.7/site-packages/airflow/example_dags/example_task_group_decorator.py
[2023-04-30T12:14:48.888+0000] {processor.py:753} INFO - DAG(s) dict_keys(['example_task_group_decorator']) retrieved from /home/airflow/.local/lib/python3.7/site-packages/airflow/example_dags/example_task_group_decorator.py
[2023-04-30T12:14:48.918+0000] {logging_mixin.py:137} INFO - [2023-04-30T12:14:48.918+0000] {dag.py:2705} INFO - Sync 1 DAGs
[2023-04-30T12:14:48.953+0000] {logging_mixin.py:137} INFO - [2023-04-30T12:14:48.953+0000] {dag.py:3456} INFO - Setting next_dagrun for example_task_group_decorator to 2023-04-29T12:14:48.952756+00:00, run_after=2023-04-30T12:14:48.952756+00:00
[2023-04-30T12:14:48.975+0000] {processor.py:175} INFO - Processing /home/airflow/.local/lib/python3.7/site-packages/airflow/example_dags/example_task_group_decorator.py took 0.123 seconds
[2023-04-30T12:15:19.344+0000] {processor.py:153} INFO - Started process (PID=395) to work on /home/airflow/.local/lib/python3.7/site-packages/airflow/example_dags/example_task_group_decorator.py
[2023-04-30T12:15:19.345+0000] {processor.py:743} INFO - Processing file /home/airflow/.local/lib/python3.7/site-packages/airflow/example_dags/example_task_group_decorator.py for tasks to queue
[2023-04-30T12:15:19.345+0000] {logging_mixin.py:137} INFO - [2023-04-30T12:15:19.345+0000] {dagbag.py:532} INFO - Filling up the DagBag from /home/airflow/.local/lib/python3.7/site-packages/airflow/example_dags/example_task_group_decorator.py
[2023-04-30T12:15:19.369+0000] {processor.py:753} INFO - DAG(s) dict_keys(['example_task_group_decorator']) retrieved from /home/airflow/.local/lib/python3.7/site-packages/airflow/example_dags/example_task_group_decorator.py
[2023-04-30T12:15:19.395+0000] {logging_mixin.py:137} INFO - [2023-04-30T12:15:19.395+0000] {dag.py:2705} INFO - Sync 1 DAGs
[2023-04-30T12:15:19.419+0000] {logging_mixin.py:137} INFO - [2023-04-30T12:15:19.419+0000] {dag.py:3456} INFO - Setting next_dagrun for example_task_group_decorator to 2023-04-29T12:15:19.419257+00:00, run_after=2023-04-30T12:15:19.419257+00:00
[2023-04-30T12:15:19.436+0000] {processor.py:175} INFO - Processing /home/airflow/.local/lib/python3.7/site-packages/airflow/example_dags/example_task_group_decorator.py took 0.095 seconds
[2023-04-30T12:15:49.851+0000] {processor.py:153} INFO - Started process (PID=445) to work on /home/airflow/.local/lib/python3.7/site-packages/airflow/example_dags/example_task_group_decorator.py
[2023-04-30T12:15:49.852+0000] {processor.py:743} INFO - Processing file /home/airflow/.local/lib/python3.7/site-packages/airflow/example_dags/example_task_group_decorator.py for tasks to queue
[2023-04-30T12:15:49.852+0000] {logging_mixin.py:137} INFO - [2023-04-30T12:15:49.852+0000] {dagbag.py:532} INFO - Filling up the DagBag from /home/airflow/.local/lib/python3.7/site-packages/airflow/example_dags/example_task_group_decorator.py
[2023-04-30T12:15:49.875+0000] {processor.py:753} INFO - DAG(s) dict_keys(['example_task_group_decorator']) retrieved from /home/airflow/.local/lib/python3.7/site-packages/airflow/example_dags/example_task_group_decorator.py
[2023-04-30T12:15:49.899+0000] {logging_mixin.py:137} INFO - [2023-04-30T12:15:49.899+0000] {dag.py:2705} INFO - Sync 1 DAGs
[2023-04-30T12:15:49.923+0000] {logging_mixin.py:137} INFO - [2023-04-30T12:15:49.923+0000] {dag.py:3456} INFO - Setting next_dagrun for example_task_group_decorator to 2023-04-29T12:15:49.922871+00:00, run_after=2023-04-30T12:15:49.922871+00:00
[2023-04-30T12:15:49.938+0000] {processor.py:175} INFO - Processing /home/airflow/.local/lib/python3.7/site-packages/airflow/example_dags/example_task_group_decorator.py took 0.090 seconds
[2023-04-30T12:16:20.524+0000] {processor.py:153} INFO - Started process (PID=495) to work on /home/airflow/.local/lib/python3.7/site-packages/airflow/example_dags/example_task_group_decorator.py
[2023-04-30T12:16:20.525+0000] {processor.py:743} INFO - Processing file /home/airflow/.local/lib/python3.7/site-packages/airflow/example_dags/example_task_group_decorator.py for tasks to queue
[2023-04-30T12:16:20.526+0000] {logging_mixin.py:137} INFO - [2023-04-30T12:16:20.526+0000] {dagbag.py:532} INFO - Filling up the DagBag from /home/airflow/.local/lib/python3.7/site-packages/airflow/example_dags/example_task_group_decorator.py
[2023-04-30T12:16:20.555+0000] {processor.py:753} INFO - DAG(s) dict_keys(['example_task_group_decorator']) retrieved from /home/airflow/.local/lib/python3.7/site-packages/airflow/example_dags/example_task_group_decorator.py
[2023-04-30T12:16:20.580+0000] {logging_mixin.py:137} INFO - [2023-04-30T12:16:20.580+0000] {dag.py:2705} INFO - Sync 1 DAGs
[2023-04-30T12:16:20.605+0000] {logging_mixin.py:137} INFO - [2023-04-30T12:16:20.604+0000] {dag.py:3456} INFO - Setting next_dagrun for example_task_group_decorator to 2023-04-29T12:16:20.604730+00:00, run_after=2023-04-30T12:16:20.604730+00:00
[2023-04-30T12:16:20.624+0000] {processor.py:175} INFO - Processing /home/airflow/.local/lib/python3.7/site-packages/airflow/example_dags/example_task_group_decorator.py took 0.106 seconds
[2023-04-30T12:16:50.972+0000] {processor.py:153} INFO - Started process (PID=545) to work on /home/airflow/.local/lib/python3.7/site-packages/airflow/example_dags/example_task_group_decorator.py
[2023-04-30T12:16:50.973+0000] {processor.py:743} INFO - Processing file /home/airflow/.local/lib/python3.7/site-packages/airflow/example_dags/example_task_group_decorator.py for tasks to queue
[2023-04-30T12:16:50.973+0000] {logging_mixin.py:137} INFO - [2023-04-30T12:16:50.973+0000] {dagbag.py:532} INFO - Filling up the DagBag from /home/airflow/.local/lib/python3.7/site-packages/airflow/example_dags/example_task_group_decorator.py
[2023-04-30T12:16:50.997+0000] {processor.py:753} INFO - DAG(s) dict_keys(['example_task_group_decorator']) retrieved from /home/airflow/.local/lib/python3.7/site-packages/airflow/example_dags/example_task_group_decorator.py
[2023-04-30T12:16:51.019+0000] {logging_mixin.py:137} INFO - [2023-04-30T12:16:51.019+0000] {dag.py:2705} INFO - Sync 1 DAGs
[2023-04-30T12:16:51.040+0000] {logging_mixin.py:137} INFO - [2023-04-30T12:16:51.039+0000] {dag.py:3456} INFO - Setting next_dagrun for example_task_group_decorator to 2023-04-29T12:16:51.039771+00:00, run_after=2023-04-30T12:16:51.039771+00:00
[2023-04-30T12:16:51.054+0000] {processor.py:175} INFO - Processing /home/airflow/.local/lib/python3.7/site-packages/airflow/example_dags/example_task_group_decorator.py took 0.084 seconds
[2023-04-30T12:17:21.367+0000] {processor.py:153} INFO - Started process (PID=595) to work on /home/airflow/.local/lib/python3.7/site-packages/airflow/example_dags/example_task_group_decorator.py
[2023-04-30T12:17:21.367+0000] {processor.py:743} INFO - Processing file /home/airflow/.local/lib/python3.7/site-packages/airflow/example_dags/example_task_group_decorator.py for tasks to queue
[2023-04-30T12:17:21.368+0000] {logging_mixin.py:137} INFO - [2023-04-30T12:17:21.368+0000] {dagbag.py:532} INFO - Filling up the DagBag from /home/airflow/.local/lib/python3.7/site-packages/airflow/example_dags/example_task_group_decorator.py
[2023-04-30T12:17:21.391+0000] {processor.py:753} INFO - DAG(s) dict_keys(['example_task_group_decorator']) retrieved from /home/airflow/.local/lib/python3.7/site-packages/airflow/example_dags/example_task_group_decorator.py
[2023-04-30T12:17:21.414+0000] {logging_mixin.py:137} INFO - [2023-04-30T12:17:21.414+0000] {dag.py:2705} INFO - Sync 1 DAGs
[2023-04-30T12:17:21.435+0000] {logging_mixin.py:137} INFO - [2023-04-30T12:17:21.435+0000] {dag.py:3456} INFO - Setting next_dagrun for example_task_group_decorator to 2023-04-29T12:17:21.435106+00:00, run_after=2023-04-30T12:17:21.435106+00:00
[2023-04-30T12:17:21.450+0000] {processor.py:175} INFO - Processing /home/airflow/.local/lib/python3.7/site-packages/airflow/example_dags/example_task_group_decorator.py took 0.086 seconds
[2023-04-30T12:17:51.668+0000] {processor.py:153} INFO - Started process (PID=645) to work on /home/airflow/.local/lib/python3.7/site-packages/airflow/example_dags/example_task_group_decorator.py
[2023-04-30T12:17:51.669+0000] {processor.py:743} INFO - Processing file /home/airflow/.local/lib/python3.7/site-packages/airflow/example_dags/example_task_group_decorator.py for tasks to queue
[2023-04-30T12:17:51.669+0000] {logging_mixin.py:137} INFO - [2023-04-30T12:17:51.669+0000] {dagbag.py:532} INFO - Filling up the DagBag from /home/airflow/.local/lib/python3.7/site-packages/airflow/example_dags/example_task_group_decorator.py
[2023-04-30T12:17:51.692+0000] {processor.py:753} INFO - DAG(s) dict_keys(['example_task_group_decorator']) retrieved from /home/airflow/.local/lib/python3.7/site-packages/airflow/example_dags/example_task_group_decorator.py
[2023-04-30T12:17:51.714+0000] {logging_mixin.py:137} INFO - [2023-04-30T12:17:51.714+0000] {dag.py:2705} INFO - Sync 1 DAGs
[2023-04-30T12:17:51.734+0000] {logging_mixin.py:137} INFO - [2023-04-30T12:17:51.734+0000] {dag.py:3456} INFO - Setting next_dagrun for example_task_group_decorator to 2023-04-29T12:17:51.734195+00:00, run_after=2023-04-30T12:17:51.734195+00:00
[2023-04-30T12:17:51.748+0000] {processor.py:175} INFO - Processing /home/airflow/.local/lib/python3.7/site-packages/airflow/example_dags/example_task_group_decorator.py took 0.083 seconds
[2023-04-30T12:18:21.959+0000] {processor.py:153} INFO - Started process (PID=695) to work on /home/airflow/.local/lib/python3.7/site-packages/airflow/example_dags/example_task_group_decorator.py
[2023-04-30T12:18:21.960+0000] {processor.py:743} INFO - Processing file /home/airflow/.local/lib/python3.7/site-packages/airflow/example_dags/example_task_group_decorator.py for tasks to queue
[2023-04-30T12:18:21.960+0000] {logging_mixin.py:137} INFO - [2023-04-30T12:18:21.960+0000] {dagbag.py:532} INFO - Filling up the DagBag from /home/airflow/.local/lib/python3.7/site-packages/airflow/example_dags/example_task_group_decorator.py
[2023-04-30T12:18:21.983+0000] {processor.py:753} INFO - DAG(s) dict_keys(['example_task_group_decorator']) retrieved from /home/airflow/.local/lib/python3.7/site-packages/airflow/example_dags/example_task_group_decorator.py
[2023-04-30T12:18:22.007+0000] {logging_mixin.py:137} INFO - [2023-04-30T12:18:22.007+0000] {dag.py:2705} INFO - Sync 1 DAGs
[2023-04-30T12:18:22.027+0000] {logging_mixin.py:137} INFO - [2023-04-30T12:18:22.027+0000] {dag.py:3456} INFO - Setting next_dagrun for example_task_group_decorator to 2023-04-29T12:18:22.027273+00:00, run_after=2023-04-30T12:18:22.027273+00:00
[2023-04-30T12:18:22.043+0000] {processor.py:175} INFO - Processing /home/airflow/.local/lib/python3.7/site-packages/airflow/example_dags/example_task_group_decorator.py took 0.086 seconds
[2023-04-30T12:18:52.309+0000] {processor.py:153} INFO - Started process (PID=745) to work on /home/airflow/.local/lib/python3.7/site-packages/airflow/example_dags/example_task_group_decorator.py
[2023-04-30T12:18:52.310+0000] {processor.py:743} INFO - Processing file /home/airflow/.local/lib/python3.7/site-packages/airflow/example_dags/example_task_group_decorator.py for tasks to queue
[2023-04-30T12:18:52.311+0000] {logging_mixin.py:137} INFO - [2023-04-30T12:18:52.310+0000] {dagbag.py:532} INFO - Filling up the DagBag from /home/airflow/.local/lib/python3.7/site-packages/airflow/example_dags/example_task_group_decorator.py
[2023-04-30T12:18:52.341+0000] {processor.py:753} INFO - DAG(s) dict_keys(['example_task_group_decorator']) retrieved from /home/airflow/.local/lib/python3.7/site-packages/airflow/example_dags/example_task_group_decorator.py
[2023-04-30T12:18:52.368+0000] {logging_mixin.py:137} INFO - [2023-04-30T12:18:52.368+0000] {dag.py:2705} INFO - Sync 1 DAGs
[2023-04-30T12:18:52.390+0000] {logging_mixin.py:137} INFO - [2023-04-30T12:18:52.389+0000] {dag.py:3456} INFO - Setting next_dagrun for example_task_group_decorator to 2023-04-29T12:18:52.389733+00:00, run_after=2023-04-30T12:18:52.389733+00:00
[2023-04-30T12:18:52.405+0000] {processor.py:175} INFO - Processing /home/airflow/.local/lib/python3.7/site-packages/airflow/example_dags/example_task_group_decorator.py took 0.102 seconds
[2023-04-30T12:19:22.754+0000] {processor.py:153} INFO - Started process (PID=795) to work on /home/airflow/.local/lib/python3.7/site-packages/airflow/example_dags/example_task_group_decorator.py
[2023-04-30T12:19:22.755+0000] {processor.py:743} INFO - Processing file /home/airflow/.local/lib/python3.7/site-packages/airflow/example_dags/example_task_group_decorator.py for tasks to queue
[2023-04-30T12:19:22.756+0000] {logging_mixin.py:137} INFO - [2023-04-30T12:19:22.756+0000] {dagbag.py:532} INFO - Filling up the DagBag from /home/airflow/.local/lib/python3.7/site-packages/airflow/example_dags/example_task_group_decorator.py
[2023-04-30T12:19:22.784+0000] {processor.py:753} INFO - DAG(s) dict_keys(['example_task_group_decorator']) retrieved from /home/airflow/.local/lib/python3.7/site-packages/airflow/example_dags/example_task_group_decorator.py
[2023-04-30T12:19:22.813+0000] {logging_mixin.py:137} INFO - [2023-04-30T12:19:22.813+0000] {dag.py:2705} INFO - Sync 1 DAGs
[2023-04-30T12:19:22.845+0000] {logging_mixin.py:137} INFO - [2023-04-30T12:19:22.845+0000] {dag.py:3456} INFO - Setting next_dagrun for example_task_group_decorator to 2023-04-29T12:19:22.845356+00:00, run_after=2023-04-30T12:19:22.845356+00:00
[2023-04-30T12:19:22.867+0000] {processor.py:175} INFO - Processing /home/airflow/.local/lib/python3.7/site-packages/airflow/example_dags/example_task_group_decorator.py took 0.119 seconds
[2023-04-30T12:19:53.191+0000] {processor.py:153} INFO - Started process (PID=845) to work on /home/airflow/.local/lib/python3.7/site-packages/airflow/example_dags/example_task_group_decorator.py
[2023-04-30T12:19:53.191+0000] {processor.py:743} INFO - Processing file /home/airflow/.local/lib/python3.7/site-packages/airflow/example_dags/example_task_group_decorator.py for tasks to queue
[2023-04-30T12:19:53.192+0000] {logging_mixin.py:137} INFO - [2023-04-30T12:19:53.192+0000] {dagbag.py:532} INFO - Filling up the DagBag from /home/airflow/.local/lib/python3.7/site-packages/airflow/example_dags/example_task_group_decorator.py
[2023-04-30T12:19:53.214+0000] {processor.py:753} INFO - DAG(s) dict_keys(['example_task_group_decorator']) retrieved from /home/airflow/.local/lib/python3.7/site-packages/airflow/example_dags/example_task_group_decorator.py
[2023-04-30T12:19:53.238+0000] {logging_mixin.py:137} INFO - [2023-04-30T12:19:53.237+0000] {dag.py:2705} INFO - Sync 1 DAGs
[2023-04-30T12:19:53.257+0000] {logging_mixin.py:137} INFO - [2023-04-30T12:19:53.257+0000] {dag.py:3456} INFO - Setting next_dagrun for example_task_group_decorator to 2023-04-29T12:19:53.257340+00:00, run_after=2023-04-30T12:19:53.257340+00:00
[2023-04-30T12:19:53.272+0000] {processor.py:175} INFO - Processing /home/airflow/.local/lib/python3.7/site-packages/airflow/example_dags/example_task_group_decorator.py took 0.083 seconds
[2023-04-30T12:20:23.352+0000] {processor.py:153} INFO - Started process (PID=895) to work on /home/airflow/.local/lib/python3.7/site-packages/airflow/example_dags/example_task_group_decorator.py
[2023-04-30T12:20:23.352+0000] {processor.py:743} INFO - Processing file /home/airflow/.local/lib/python3.7/site-packages/airflow/example_dags/example_task_group_decorator.py for tasks to queue
[2023-04-30T12:20:23.353+0000] {logging_mixin.py:137} INFO - [2023-04-30T12:20:23.353+0000] {dagbag.py:532} INFO - Filling up the DagBag from /home/airflow/.local/lib/python3.7/site-packages/airflow/example_dags/example_task_group_decorator.py
[2023-04-30T12:20:23.377+0000] {processor.py:753} INFO - DAG(s) dict_keys(['example_task_group_decorator']) retrieved from /home/airflow/.local/lib/python3.7/site-packages/airflow/example_dags/example_task_group_decorator.py
[2023-04-30T12:20:23.399+0000] {logging_mixin.py:137} INFO - [2023-04-30T12:20:23.399+0000] {dag.py:2705} INFO - Sync 1 DAGs
[2023-04-30T12:20:23.420+0000] {logging_mixin.py:137} INFO - [2023-04-30T12:20:23.420+0000] {dag.py:3456} INFO - Setting next_dagrun for example_task_group_decorator to 2023-04-29T12:20:23.419761+00:00, run_after=2023-04-30T12:20:23.419761+00:00
[2023-04-30T12:20:23.438+0000] {processor.py:175} INFO - Processing /home/airflow/.local/lib/python3.7/site-packages/airflow/example_dags/example_task_group_decorator.py took 0.089 seconds
[2023-04-30T12:20:53.669+0000] {processor.py:153} INFO - Started process (PID=945) to work on /home/airflow/.local/lib/python3.7/site-packages/airflow/example_dags/example_task_group_decorator.py
[2023-04-30T12:20:53.669+0000] {processor.py:743} INFO - Processing file /home/airflow/.local/lib/python3.7/site-packages/airflow/example_dags/example_task_group_decorator.py for tasks to queue
[2023-04-30T12:20:53.670+0000] {logging_mixin.py:137} INFO - [2023-04-30T12:20:53.670+0000] {dagbag.py:532} INFO - Filling up the DagBag from /home/airflow/.local/lib/python3.7/site-packages/airflow/example_dags/example_task_group_decorator.py
[2023-04-30T12:20:53.692+0000] {processor.py:753} INFO - DAG(s) dict_keys(['example_task_group_decorator']) retrieved from /home/airflow/.local/lib/python3.7/site-packages/airflow/example_dags/example_task_group_decorator.py
[2023-04-30T12:20:53.714+0000] {logging_mixin.py:137} INFO - [2023-04-30T12:20:53.714+0000] {dag.py:2705} INFO - Sync 1 DAGs
[2023-04-30T12:20:53.734+0000] {logging_mixin.py:137} INFO - [2023-04-30T12:20:53.734+0000] {dag.py:3456} INFO - Setting next_dagrun for example_task_group_decorator to 2023-04-29T12:20:53.734394+00:00, run_after=2023-04-30T12:20:53.734394+00:00
[2023-04-30T12:20:53.749+0000] {processor.py:175} INFO - Processing /home/airflow/.local/lib/python3.7/site-packages/airflow/example_dags/example_task_group_decorator.py took 0.083 seconds
[2023-04-30T12:21:23.945+0000] {processor.py:153} INFO - Started process (PID=995) to work on /home/airflow/.local/lib/python3.7/site-packages/airflow/example_dags/example_task_group_decorator.py
[2023-04-30T12:21:23.947+0000] {processor.py:743} INFO - Processing file /home/airflow/.local/lib/python3.7/site-packages/airflow/example_dags/example_task_group_decorator.py for tasks to queue
[2023-04-30T12:21:23.947+0000] {logging_mixin.py:137} INFO - [2023-04-30T12:21:23.947+0000] {dagbag.py:532} INFO - Filling up the DagBag from /home/airflow/.local/lib/python3.7/site-packages/airflow/example_dags/example_task_group_decorator.py
[2023-04-30T12:21:23.976+0000] {processor.py:753} INFO - DAG(s) dict_keys(['example_task_group_decorator']) retrieved from /home/airflow/.local/lib/python3.7/site-packages/airflow/example_dags/example_task_group_decorator.py
[2023-04-30T12:21:23.999+0000] {logging_mixin.py:137} INFO - [2023-04-30T12:21:23.999+0000] {dag.py:2705} INFO - Sync 1 DAGs
[2023-04-30T12:21:24.022+0000] {logging_mixin.py:137} INFO - [2023-04-30T12:21:24.022+0000] {dag.py:3456} INFO - Setting next_dagrun for example_task_group_decorator to 2023-04-29T12:21:24.022592+00:00, run_after=2023-04-30T12:21:24.022592+00:00
[2023-04-30T12:21:24.041+0000] {processor.py:175} INFO - Processing /home/airflow/.local/lib/python3.7/site-packages/airflow/example_dags/example_task_group_decorator.py took 0.101 seconds
[2023-04-30T12:21:54.160+0000] {processor.py:153} INFO - Started process (PID=1045) to work on /home/airflow/.local/lib/python3.7/site-packages/airflow/example_dags/example_task_group_decorator.py
[2023-04-30T12:21:54.161+0000] {processor.py:743} INFO - Processing file /home/airflow/.local/lib/python3.7/site-packages/airflow/example_dags/example_task_group_decorator.py for tasks to queue
[2023-04-30T12:21:54.162+0000] {logging_mixin.py:137} INFO - [2023-04-30T12:21:54.161+0000] {dagbag.py:532} INFO - Filling up the DagBag from /home/airflow/.local/lib/python3.7/site-packages/airflow/example_dags/example_task_group_decorator.py
[2023-04-30T12:21:54.185+0000] {processor.py:753} INFO - DAG(s) dict_keys(['example_task_group_decorator']) retrieved from /home/airflow/.local/lib/python3.7/site-packages/airflow/example_dags/example_task_group_decorator.py
[2023-04-30T12:21:54.208+0000] {logging_mixin.py:137} INFO - [2023-04-30T12:21:54.208+0000] {dag.py:2705} INFO - Sync 1 DAGs
[2023-04-30T12:21:54.229+0000] {logging_mixin.py:137} INFO - [2023-04-30T12:21:54.229+0000] {dag.py:3456} INFO - Setting next_dagrun for example_task_group_decorator to 2023-04-29T12:21:54.228932+00:00, run_after=2023-04-30T12:21:54.228932+00:00
[2023-04-30T12:21:54.245+0000] {processor.py:175} INFO - Processing /home/airflow/.local/lib/python3.7/site-packages/airflow/example_dags/example_task_group_decorator.py took 0.087 seconds
[2023-04-30T12:22:24.608+0000] {processor.py:153} INFO - Started process (PID=1095) to work on /home/airflow/.local/lib/python3.7/site-packages/airflow/example_dags/example_task_group_decorator.py
[2023-04-30T12:22:24.610+0000] {processor.py:743} INFO - Processing file /home/airflow/.local/lib/python3.7/site-packages/airflow/example_dags/example_task_group_decorator.py for tasks to queue
[2023-04-30T12:22:24.611+0000] {logging_mixin.py:137} INFO - [2023-04-30T12:22:24.611+0000] {dagbag.py:532} INFO - Filling up the DagBag from /home/airflow/.local/lib/python3.7/site-packages/airflow/example_dags/example_task_group_decorator.py
[2023-04-30T12:22:24.652+0000] {processor.py:753} INFO - DAG(s) dict_keys(['example_task_group_decorator']) retrieved from /home/airflow/.local/lib/python3.7/site-packages/airflow/example_dags/example_task_group_decorator.py
[2023-04-30T12:22:24.676+0000] {logging_mixin.py:137} INFO - [2023-04-30T12:22:24.676+0000] {dag.py:2705} INFO - Sync 1 DAGs
[2023-04-30T12:22:24.697+0000] {logging_mixin.py:137} INFO - [2023-04-30T12:22:24.697+0000] {dag.py:3456} INFO - Setting next_dagrun for example_task_group_decorator to 2023-04-29T12:22:24.697541+00:00, run_after=2023-04-30T12:22:24.697541+00:00
[2023-04-30T12:22:24.714+0000] {processor.py:175} INFO - Processing /home/airflow/.local/lib/python3.7/site-packages/airflow/example_dags/example_task_group_decorator.py took 0.112 seconds
