[2023-04-30T12:11:48.897+0000] {processor.py:153} INFO - Started process (PID=72) to work on /home/airflow/.local/lib/python3.7/site-packages/airflow/example_dags/example_short_circuit_decorator.py
[2023-04-30T12:11:48.898+0000] {processor.py:743} INFO - Processing file /home/airflow/.local/lib/python3.7/site-packages/airflow/example_dags/example_short_circuit_decorator.py for tasks to queue
[2023-04-30T12:11:48.898+0000] {logging_mixin.py:137} INFO - [2023-04-30T12:11:48.898+0000] {dagbag.py:532} INFO - Filling up the DagBag from /home/airflow/.local/lib/python3.7/site-packages/airflow/example_dags/example_short_circuit_decorator.py
[2023-04-30T12:11:48.924+0000] {processor.py:753} INFO - DAG(s) dict_keys(['example_short_circuit_decorator']) retrieved from /home/airflow/.local/lib/python3.7/site-packages/airflow/example_dags/example_short_circuit_decorator.py
[2023-04-30T12:11:48.936+0000] {logging_mixin.py:137} INFO - [2023-04-30T12:11:48.936+0000] {dag.py:2705} INFO - Sync 1 DAGs
[2023-04-30T12:11:48.961+0000] {logging_mixin.py:137} INFO - [2023-04-30T12:11:48.961+0000] {dag.py:3456} INFO - Setting next_dagrun for example_short_circuit_decorator to 2023-04-29T12:11:48.961411+00:00, run_after=2023-04-30T12:11:48.961411+00:00
[2023-04-30T12:11:48.982+0000] {processor.py:175} INFO - Processing /home/airflow/.local/lib/python3.7/site-packages/airflow/example_dags/example_short_circuit_decorator.py took 0.088 seconds
[2023-04-30T12:12:19.060+0000] {processor.py:153} INFO - Started process (PID=122) to work on /home/airflow/.local/lib/python3.7/site-packages/airflow/example_dags/example_short_circuit_decorator.py
[2023-04-30T12:12:19.061+0000] {processor.py:743} INFO - Processing file /home/airflow/.local/lib/python3.7/site-packages/airflow/example_dags/example_short_circuit_decorator.py for tasks to queue
[2023-04-30T12:12:19.062+0000] {logging_mixin.py:137} INFO - [2023-04-30T12:12:19.062+0000] {dagbag.py:532} INFO - Filling up the DagBag from /home/airflow/.local/lib/python3.7/site-packages/airflow/example_dags/example_short_circuit_decorator.py
[2023-04-30T12:12:19.084+0000] {processor.py:753} INFO - DAG(s) dict_keys(['example_short_circuit_decorator']) retrieved from /home/airflow/.local/lib/python3.7/site-packages/airflow/example_dags/example_short_circuit_decorator.py
[2023-04-30T12:12:19.108+0000] {logging_mixin.py:137} INFO - [2023-04-30T12:12:19.108+0000] {dag.py:2705} INFO - Sync 1 DAGs
[2023-04-30T12:12:19.132+0000] {logging_mixin.py:137} INFO - [2023-04-30T12:12:19.132+0000] {dag.py:3456} INFO - Setting next_dagrun for example_short_circuit_decorator to 2023-04-29T12:12:19.132355+00:00, run_after=2023-04-30T12:12:19.132355+00:00
[2023-04-30T12:12:19.150+0000] {processor.py:175} INFO - Processing /home/airflow/.local/lib/python3.7/site-packages/airflow/example_dags/example_short_circuit_decorator.py took 0.093 seconds
[2023-04-30T12:12:49.415+0000] {processor.py:153} INFO - Started process (PID=172) to work on /home/airflow/.local/lib/python3.7/site-packages/airflow/example_dags/example_short_circuit_decorator.py
[2023-04-30T12:12:49.416+0000] {processor.py:743} INFO - Processing file /home/airflow/.local/lib/python3.7/site-packages/airflow/example_dags/example_short_circuit_decorator.py for tasks to queue
[2023-04-30T12:12:49.416+0000] {logging_mixin.py:137} INFO - [2023-04-30T12:12:49.416+0000] {dagbag.py:532} INFO - Filling up the DagBag from /home/airflow/.local/lib/python3.7/site-packages/airflow/example_dags/example_short_circuit_decorator.py
[2023-04-30T12:12:49.436+0000] {processor.py:753} INFO - DAG(s) dict_keys(['example_short_circuit_decorator']) retrieved from /home/airflow/.local/lib/python3.7/site-packages/airflow/example_dags/example_short_circuit_decorator.py
[2023-04-30T12:12:49.458+0000] {logging_mixin.py:137} INFO - [2023-04-30T12:12:49.458+0000] {dag.py:2705} INFO - Sync 1 DAGs
[2023-04-30T12:12:49.478+0000] {logging_mixin.py:137} INFO - [2023-04-30T12:12:49.478+0000] {dag.py:3456} INFO - Setting next_dagrun for example_short_circuit_decorator to 2023-04-29T12:12:49.478579+00:00, run_after=2023-04-30T12:12:49.478579+00:00
[2023-04-30T12:12:49.493+0000] {processor.py:175} INFO - Processing /home/airflow/.local/lib/python3.7/site-packages/airflow/example_dags/example_short_circuit_decorator.py took 0.080 seconds
[2023-04-30T12:13:19.639+0000] {processor.py:153} INFO - Started process (PID=223) to work on /home/airflow/.local/lib/python3.7/site-packages/airflow/example_dags/example_short_circuit_decorator.py
[2023-04-30T12:13:19.639+0000] {processor.py:743} INFO - Processing file /home/airflow/.local/lib/python3.7/site-packages/airflow/example_dags/example_short_circuit_decorator.py for tasks to queue
[2023-04-30T12:13:19.640+0000] {logging_mixin.py:137} INFO - [2023-04-30T12:13:19.640+0000] {dagbag.py:532} INFO - Filling up the DagBag from /home/airflow/.local/lib/python3.7/site-packages/airflow/example_dags/example_short_circuit_decorator.py
[2023-04-30T12:13:19.659+0000] {processor.py:753} INFO - DAG(s) dict_keys(['example_short_circuit_decorator']) retrieved from /home/airflow/.local/lib/python3.7/site-packages/airflow/example_dags/example_short_circuit_decorator.py
[2023-04-30T12:13:19.681+0000] {logging_mixin.py:137} INFO - [2023-04-30T12:13:19.681+0000] {dag.py:2705} INFO - Sync 1 DAGs
[2023-04-30T12:13:19.702+0000] {logging_mixin.py:137} INFO - [2023-04-30T12:13:19.702+0000] {dag.py:3456} INFO - Setting next_dagrun for example_short_circuit_decorator to 2023-04-29T12:13:19.701879+00:00, run_after=2023-04-30T12:13:19.701879+00:00
[2023-04-30T12:13:19.716+0000] {processor.py:175} INFO - Processing /home/airflow/.local/lib/python3.7/site-packages/airflow/example_dags/example_short_circuit_decorator.py took 0.080 seconds
[2023-04-30T12:13:50.251+0000] {processor.py:153} INFO - Started process (PID=273) to work on /home/airflow/.local/lib/python3.7/site-packages/airflow/example_dags/example_short_circuit_decorator.py
[2023-04-30T12:13:50.252+0000] {processor.py:743} INFO - Processing file /home/airflow/.local/lib/python3.7/site-packages/airflow/example_dags/example_short_circuit_decorator.py for tasks to queue
[2023-04-30T12:13:50.252+0000] {logging_mixin.py:137} INFO - [2023-04-30T12:13:50.252+0000] {dagbag.py:532} INFO - Filling up the DagBag from /home/airflow/.local/lib/python3.7/site-packages/airflow/example_dags/example_short_circuit_decorator.py
[2023-04-30T12:13:50.275+0000] {processor.py:753} INFO - DAG(s) dict_keys(['example_short_circuit_decorator']) retrieved from /home/airflow/.local/lib/python3.7/site-packages/airflow/example_dags/example_short_circuit_decorator.py
[2023-04-30T12:13:50.300+0000] {logging_mixin.py:137} INFO - [2023-04-30T12:13:50.300+0000] {dag.py:2705} INFO - Sync 1 DAGs
[2023-04-30T12:13:50.324+0000] {logging_mixin.py:137} INFO - [2023-04-30T12:13:50.324+0000] {dag.py:3456} INFO - Setting next_dagrun for example_short_circuit_decorator to 2023-04-29T12:13:50.324644+00:00, run_after=2023-04-30T12:13:50.324644+00:00
[2023-04-30T12:13:50.342+0000] {processor.py:175} INFO - Processing /home/airflow/.local/lib/python3.7/site-packages/airflow/example_dags/example_short_circuit_decorator.py took 0.094 seconds
[2023-04-30T12:14:21.067+0000] {processor.py:153} INFO - Started process (PID=323) to work on /home/airflow/.local/lib/python3.7/site-packages/airflow/example_dags/example_short_circuit_decorator.py
[2023-04-30T12:14:21.068+0000] {processor.py:743} INFO - Processing file /home/airflow/.local/lib/python3.7/site-packages/airflow/example_dags/example_short_circuit_decorator.py for tasks to queue
[2023-04-30T12:14:21.068+0000] {logging_mixin.py:137} INFO - [2023-04-30T12:14:21.068+0000] {dagbag.py:532} INFO - Filling up the DagBag from /home/airflow/.local/lib/python3.7/site-packages/airflow/example_dags/example_short_circuit_decorator.py
[2023-04-30T12:14:21.088+0000] {processor.py:753} INFO - DAG(s) dict_keys(['example_short_circuit_decorator']) retrieved from /home/airflow/.local/lib/python3.7/site-packages/airflow/example_dags/example_short_circuit_decorator.py
[2023-04-30T12:14:21.109+0000] {logging_mixin.py:137} INFO - [2023-04-30T12:14:21.109+0000] {dag.py:2705} INFO - Sync 1 DAGs
[2023-04-30T12:14:21.128+0000] {logging_mixin.py:137} INFO - [2023-04-30T12:14:21.128+0000] {dag.py:3456} INFO - Setting next_dagrun for example_short_circuit_decorator to 2023-04-29T12:14:21.128533+00:00, run_after=2023-04-30T12:14:21.128533+00:00
[2023-04-30T12:14:21.143+0000] {processor.py:175} INFO - Processing /home/airflow/.local/lib/python3.7/site-packages/airflow/example_dags/example_short_circuit_decorator.py took 0.079 seconds
[2023-04-30T12:14:51.429+0000] {processor.py:153} INFO - Started process (PID=373) to work on /home/airflow/.local/lib/python3.7/site-packages/airflow/example_dags/example_short_circuit_decorator.py
[2023-04-30T12:14:51.429+0000] {processor.py:743} INFO - Processing file /home/airflow/.local/lib/python3.7/site-packages/airflow/example_dags/example_short_circuit_decorator.py for tasks to queue
[2023-04-30T12:14:51.430+0000] {logging_mixin.py:137} INFO - [2023-04-30T12:14:51.430+0000] {dagbag.py:532} INFO - Filling up the DagBag from /home/airflow/.local/lib/python3.7/site-packages/airflow/example_dags/example_short_circuit_decorator.py
[2023-04-30T12:14:51.450+0000] {processor.py:753} INFO - DAG(s) dict_keys(['example_short_circuit_decorator']) retrieved from /home/airflow/.local/lib/python3.7/site-packages/airflow/example_dags/example_short_circuit_decorator.py
[2023-04-30T12:14:51.471+0000] {logging_mixin.py:137} INFO - [2023-04-30T12:14:51.471+0000] {dag.py:2705} INFO - Sync 1 DAGs
[2023-04-30T12:14:51.490+0000] {logging_mixin.py:137} INFO - [2023-04-30T12:14:51.490+0000] {dag.py:3456} INFO - Setting next_dagrun for example_short_circuit_decorator to 2023-04-29T12:14:51.490272+00:00, run_after=2023-04-30T12:14:51.490272+00:00
[2023-04-30T12:14:51.504+0000] {processor.py:175} INFO - Processing /home/airflow/.local/lib/python3.7/site-packages/airflow/example_dags/example_short_circuit_decorator.py took 0.078 seconds
[2023-04-30T12:15:21.915+0000] {processor.py:153} INFO - Started process (PID=423) to work on /home/airflow/.local/lib/python3.7/site-packages/airflow/example_dags/example_short_circuit_decorator.py
[2023-04-30T12:15:21.916+0000] {processor.py:743} INFO - Processing file /home/airflow/.local/lib/python3.7/site-packages/airflow/example_dags/example_short_circuit_decorator.py for tasks to queue
[2023-04-30T12:15:21.916+0000] {logging_mixin.py:137} INFO - [2023-04-30T12:15:21.916+0000] {dagbag.py:532} INFO - Filling up the DagBag from /home/airflow/.local/lib/python3.7/site-packages/airflow/example_dags/example_short_circuit_decorator.py
[2023-04-30T12:15:21.936+0000] {processor.py:753} INFO - DAG(s) dict_keys(['example_short_circuit_decorator']) retrieved from /home/airflow/.local/lib/python3.7/site-packages/airflow/example_dags/example_short_circuit_decorator.py
[2023-04-30T12:15:21.960+0000] {logging_mixin.py:137} INFO - [2023-04-30T12:15:21.960+0000] {dag.py:2705} INFO - Sync 1 DAGs
[2023-04-30T12:15:21.981+0000] {logging_mixin.py:137} INFO - [2023-04-30T12:15:21.980+0000] {dag.py:3456} INFO - Setting next_dagrun for example_short_circuit_decorator to 2023-04-29T12:15:21.980820+00:00, run_after=2023-04-30T12:15:21.980820+00:00
[2023-04-30T12:15:21.995+0000] {processor.py:175} INFO - Processing /home/airflow/.local/lib/python3.7/site-packages/airflow/example_dags/example_short_circuit_decorator.py took 0.082 seconds
[2023-04-30T12:15:52.447+0000] {processor.py:153} INFO - Started process (PID=473) to work on /home/airflow/.local/lib/python3.7/site-packages/airflow/example_dags/example_short_circuit_decorator.py
[2023-04-30T12:15:52.447+0000] {processor.py:743} INFO - Processing file /home/airflow/.local/lib/python3.7/site-packages/airflow/example_dags/example_short_circuit_decorator.py for tasks to queue
[2023-04-30T12:15:52.448+0000] {logging_mixin.py:137} INFO - [2023-04-30T12:15:52.448+0000] {dagbag.py:532} INFO - Filling up the DagBag from /home/airflow/.local/lib/python3.7/site-packages/airflow/example_dags/example_short_circuit_decorator.py
[2023-04-30T12:15:52.470+0000] {processor.py:753} INFO - DAG(s) dict_keys(['example_short_circuit_decorator']) retrieved from /home/airflow/.local/lib/python3.7/site-packages/airflow/example_dags/example_short_circuit_decorator.py
[2023-04-30T12:15:52.497+0000] {logging_mixin.py:137} INFO - [2023-04-30T12:15:52.497+0000] {dag.py:2705} INFO - Sync 1 DAGs
[2023-04-30T12:15:52.523+0000] {logging_mixin.py:137} INFO - [2023-04-30T12:15:52.523+0000] {dag.py:3456} INFO - Setting next_dagrun for example_short_circuit_decorator to 2023-04-29T12:15:52.523339+00:00, run_after=2023-04-30T12:15:52.523339+00:00
[2023-04-30T12:15:52.542+0000] {processor.py:175} INFO - Processing /home/airflow/.local/lib/python3.7/site-packages/airflow/example_dags/example_short_circuit_decorator.py took 0.098 seconds
[2023-04-30T12:16:23.096+0000] {processor.py:153} INFO - Started process (PID=523) to work on /home/airflow/.local/lib/python3.7/site-packages/airflow/example_dags/example_short_circuit_decorator.py
[2023-04-30T12:16:23.096+0000] {processor.py:743} INFO - Processing file /home/airflow/.local/lib/python3.7/site-packages/airflow/example_dags/example_short_circuit_decorator.py for tasks to queue
[2023-04-30T12:16:23.097+0000] {logging_mixin.py:137} INFO - [2023-04-30T12:16:23.097+0000] {dagbag.py:532} INFO - Filling up the DagBag from /home/airflow/.local/lib/python3.7/site-packages/airflow/example_dags/example_short_circuit_decorator.py
[2023-04-30T12:16:23.118+0000] {processor.py:753} INFO - DAG(s) dict_keys(['example_short_circuit_decorator']) retrieved from /home/airflow/.local/lib/python3.7/site-packages/airflow/example_dags/example_short_circuit_decorator.py
[2023-04-30T12:16:23.141+0000] {logging_mixin.py:137} INFO - [2023-04-30T12:16:23.141+0000] {dag.py:2705} INFO - Sync 1 DAGs
[2023-04-30T12:16:23.162+0000] {logging_mixin.py:137} INFO - [2023-04-30T12:16:23.162+0000] {dag.py:3456} INFO - Setting next_dagrun for example_short_circuit_decorator to 2023-04-29T12:16:23.162451+00:00, run_after=2023-04-30T12:16:23.162451+00:00
[2023-04-30T12:16:23.178+0000] {processor.py:175} INFO - Processing /home/airflow/.local/lib/python3.7/site-packages/airflow/example_dags/example_short_circuit_decorator.py took 0.085 seconds
[2023-04-30T12:16:53.470+0000] {processor.py:153} INFO - Started process (PID=573) to work on /home/airflow/.local/lib/python3.7/site-packages/airflow/example_dags/example_short_circuit_decorator.py
[2023-04-30T12:16:53.470+0000] {processor.py:743} INFO - Processing file /home/airflow/.local/lib/python3.7/site-packages/airflow/example_dags/example_short_circuit_decorator.py for tasks to queue
[2023-04-30T12:16:53.471+0000] {logging_mixin.py:137} INFO - [2023-04-30T12:16:53.471+0000] {dagbag.py:532} INFO - Filling up the DagBag from /home/airflow/.local/lib/python3.7/site-packages/airflow/example_dags/example_short_circuit_decorator.py
[2023-04-30T12:16:53.491+0000] {processor.py:753} INFO - DAG(s) dict_keys(['example_short_circuit_decorator']) retrieved from /home/airflow/.local/lib/python3.7/site-packages/airflow/example_dags/example_short_circuit_decorator.py
[2023-04-30T12:16:53.513+0000] {logging_mixin.py:137} INFO - [2023-04-30T12:16:53.512+0000] {dag.py:2705} INFO - Sync 1 DAGs
[2023-04-30T12:16:53.532+0000] {logging_mixin.py:137} INFO - [2023-04-30T12:16:53.532+0000] {dag.py:3456} INFO - Setting next_dagrun for example_short_circuit_decorator to 2023-04-29T12:16:53.532274+00:00, run_after=2023-04-30T12:16:53.532274+00:00
[2023-04-30T12:16:53.546+0000] {processor.py:175} INFO - Processing /home/airflow/.local/lib/python3.7/site-packages/airflow/example_dags/example_short_circuit_decorator.py took 0.079 seconds
[2023-04-30T12:17:23.860+0000] {processor.py:153} INFO - Started process (PID=623) to work on /home/airflow/.local/lib/python3.7/site-packages/airflow/example_dags/example_short_circuit_decorator.py
[2023-04-30T12:17:23.860+0000] {processor.py:743} INFO - Processing file /home/airflow/.local/lib/python3.7/site-packages/airflow/example_dags/example_short_circuit_decorator.py for tasks to queue
[2023-04-30T12:17:23.861+0000] {logging_mixin.py:137} INFO - [2023-04-30T12:17:23.861+0000] {dagbag.py:532} INFO - Filling up the DagBag from /home/airflow/.local/lib/python3.7/site-packages/airflow/example_dags/example_short_circuit_decorator.py
[2023-04-30T12:17:23.880+0000] {processor.py:753} INFO - DAG(s) dict_keys(['example_short_circuit_decorator']) retrieved from /home/airflow/.local/lib/python3.7/site-packages/airflow/example_dags/example_short_circuit_decorator.py
[2023-04-30T12:17:23.902+0000] {logging_mixin.py:137} INFO - [2023-04-30T12:17:23.902+0000] {dag.py:2705} INFO - Sync 1 DAGs
[2023-04-30T12:17:23.923+0000] {logging_mixin.py:137} INFO - [2023-04-30T12:17:23.923+0000] {dag.py:3456} INFO - Setting next_dagrun for example_short_circuit_decorator to 2023-04-29T12:17:23.923191+00:00, run_after=2023-04-30T12:17:23.923191+00:00
[2023-04-30T12:17:23.939+0000] {processor.py:175} INFO - Processing /home/airflow/.local/lib/python3.7/site-packages/airflow/example_dags/example_short_circuit_decorator.py took 0.082 seconds
[2023-04-30T12:17:54.113+0000] {processor.py:153} INFO - Started process (PID=673) to work on /home/airflow/.local/lib/python3.7/site-packages/airflow/example_dags/example_short_circuit_decorator.py
[2023-04-30T12:17:54.114+0000] {processor.py:743} INFO - Processing file /home/airflow/.local/lib/python3.7/site-packages/airflow/example_dags/example_short_circuit_decorator.py for tasks to queue
[2023-04-30T12:17:54.114+0000] {logging_mixin.py:137} INFO - [2023-04-30T12:17:54.114+0000] {dagbag.py:532} INFO - Filling up the DagBag from /home/airflow/.local/lib/python3.7/site-packages/airflow/example_dags/example_short_circuit_decorator.py
[2023-04-30T12:17:54.135+0000] {processor.py:753} INFO - DAG(s) dict_keys(['example_short_circuit_decorator']) retrieved from /home/airflow/.local/lib/python3.7/site-packages/airflow/example_dags/example_short_circuit_decorator.py
[2023-04-30T12:17:54.159+0000] {logging_mixin.py:137} INFO - [2023-04-30T12:17:54.158+0000] {dag.py:2705} INFO - Sync 1 DAGs
[2023-04-30T12:17:54.178+0000] {logging_mixin.py:137} INFO - [2023-04-30T12:17:54.178+0000] {dag.py:3456} INFO - Setting next_dagrun for example_short_circuit_decorator to 2023-04-29T12:17:54.178710+00:00, run_after=2023-04-30T12:17:54.178710+00:00
[2023-04-30T12:17:54.193+0000] {processor.py:175} INFO - Processing /home/airflow/.local/lib/python3.7/site-packages/airflow/example_dags/example_short_circuit_decorator.py took 0.082 seconds
[2023-04-30T12:18:24.417+0000] {processor.py:153} INFO - Started process (PID=723) to work on /home/airflow/.local/lib/python3.7/site-packages/airflow/example_dags/example_short_circuit_decorator.py
[2023-04-30T12:18:24.418+0000] {processor.py:743} INFO - Processing file /home/airflow/.local/lib/python3.7/site-packages/airflow/example_dags/example_short_circuit_decorator.py for tasks to queue
[2023-04-30T12:18:24.418+0000] {logging_mixin.py:137} INFO - [2023-04-30T12:18:24.418+0000] {dagbag.py:532} INFO - Filling up the DagBag from /home/airflow/.local/lib/python3.7/site-packages/airflow/example_dags/example_short_circuit_decorator.py
[2023-04-30T12:18:24.438+0000] {processor.py:753} INFO - DAG(s) dict_keys(['example_short_circuit_decorator']) retrieved from /home/airflow/.local/lib/python3.7/site-packages/airflow/example_dags/example_short_circuit_decorator.py
[2023-04-30T12:18:24.459+0000] {logging_mixin.py:137} INFO - [2023-04-30T12:18:24.459+0000] {dag.py:2705} INFO - Sync 1 DAGs
[2023-04-30T12:18:24.478+0000] {logging_mixin.py:137} INFO - [2023-04-30T12:18:24.477+0000] {dag.py:3456} INFO - Setting next_dagrun for example_short_circuit_decorator to 2023-04-29T12:18:24.477814+00:00, run_after=2023-04-30T12:18:24.477814+00:00
[2023-04-30T12:18:24.492+0000] {processor.py:175} INFO - Processing /home/airflow/.local/lib/python3.7/site-packages/airflow/example_dags/example_short_circuit_decorator.py took 0.077 seconds
[2023-04-30T12:18:54.814+0000] {processor.py:153} INFO - Started process (PID=773) to work on /home/airflow/.local/lib/python3.7/site-packages/airflow/example_dags/example_short_circuit_decorator.py
[2023-04-30T12:18:54.814+0000] {processor.py:743} INFO - Processing file /home/airflow/.local/lib/python3.7/site-packages/airflow/example_dags/example_short_circuit_decorator.py for tasks to queue
[2023-04-30T12:18:54.815+0000] {logging_mixin.py:137} INFO - [2023-04-30T12:18:54.815+0000] {dagbag.py:532} INFO - Filling up the DagBag from /home/airflow/.local/lib/python3.7/site-packages/airflow/example_dags/example_short_circuit_decorator.py
[2023-04-30T12:18:54.834+0000] {processor.py:753} INFO - DAG(s) dict_keys(['example_short_circuit_decorator']) retrieved from /home/airflow/.local/lib/python3.7/site-packages/airflow/example_dags/example_short_circuit_decorator.py
[2023-04-30T12:18:54.855+0000] {logging_mixin.py:137} INFO - [2023-04-30T12:18:54.855+0000] {dag.py:2705} INFO - Sync 1 DAGs
[2023-04-30T12:18:54.874+0000] {logging_mixin.py:137} INFO - [2023-04-30T12:18:54.874+0000] {dag.py:3456} INFO - Setting next_dagrun for example_short_circuit_decorator to 2023-04-29T12:18:54.874217+00:00, run_after=2023-04-30T12:18:54.874217+00:00
[2023-04-30T12:18:54.890+0000] {processor.py:175} INFO - Processing /home/airflow/.local/lib/python3.7/site-packages/airflow/example_dags/example_short_circuit_decorator.py took 0.079 seconds
[2023-04-30T12:19:25.368+0000] {processor.py:153} INFO - Started process (PID=823) to work on /home/airflow/.local/lib/python3.7/site-packages/airflow/example_dags/example_short_circuit_decorator.py
[2023-04-30T12:19:25.369+0000] {processor.py:743} INFO - Processing file /home/airflow/.local/lib/python3.7/site-packages/airflow/example_dags/example_short_circuit_decorator.py for tasks to queue
[2023-04-30T12:19:25.369+0000] {logging_mixin.py:137} INFO - [2023-04-30T12:19:25.369+0000] {dagbag.py:532} INFO - Filling up the DagBag from /home/airflow/.local/lib/python3.7/site-packages/airflow/example_dags/example_short_circuit_decorator.py
[2023-04-30T12:19:25.390+0000] {processor.py:753} INFO - DAG(s) dict_keys(['example_short_circuit_decorator']) retrieved from /home/airflow/.local/lib/python3.7/site-packages/airflow/example_dags/example_short_circuit_decorator.py
[2023-04-30T12:19:25.414+0000] {logging_mixin.py:137} INFO - [2023-04-30T12:19:25.414+0000] {dag.py:2705} INFO - Sync 1 DAGs
[2023-04-30T12:19:25.437+0000] {logging_mixin.py:137} INFO - [2023-04-30T12:19:25.437+0000] {dag.py:3456} INFO - Setting next_dagrun for example_short_circuit_decorator to 2023-04-29T12:19:25.436819+00:00, run_after=2023-04-30T12:19:25.436819+00:00
[2023-04-30T12:19:25.453+0000] {processor.py:175} INFO - Processing /home/airflow/.local/lib/python3.7/site-packages/airflow/example_dags/example_short_circuit_decorator.py took 0.088 seconds
[2023-04-30T12:19:55.581+0000] {processor.py:153} INFO - Started process (PID=873) to work on /home/airflow/.local/lib/python3.7/site-packages/airflow/example_dags/example_short_circuit_decorator.py
[2023-04-30T12:19:55.582+0000] {processor.py:743} INFO - Processing file /home/airflow/.local/lib/python3.7/site-packages/airflow/example_dags/example_short_circuit_decorator.py for tasks to queue
[2023-04-30T12:19:55.582+0000] {logging_mixin.py:137} INFO - [2023-04-30T12:19:55.582+0000] {dagbag.py:532} INFO - Filling up the DagBag from /home/airflow/.local/lib/python3.7/site-packages/airflow/example_dags/example_short_circuit_decorator.py
[2023-04-30T12:19:55.602+0000] {processor.py:753} INFO - DAG(s) dict_keys(['example_short_circuit_decorator']) retrieved from /home/airflow/.local/lib/python3.7/site-packages/airflow/example_dags/example_short_circuit_decorator.py
[2023-04-30T12:19:55.623+0000] {logging_mixin.py:137} INFO - [2023-04-30T12:19:55.623+0000] {dag.py:2705} INFO - Sync 1 DAGs
[2023-04-30T12:19:55.642+0000] {logging_mixin.py:137} INFO - [2023-04-30T12:19:55.642+0000] {dag.py:3456} INFO - Setting next_dagrun for example_short_circuit_decorator to 2023-04-29T12:19:55.642612+00:00, run_after=2023-04-30T12:19:55.642612+00:00
[2023-04-30T12:19:55.658+0000] {processor.py:175} INFO - Processing /home/airflow/.local/lib/python3.7/site-packages/airflow/example_dags/example_short_circuit_decorator.py took 0.079 seconds
[2023-04-30T12:20:25.868+0000] {processor.py:153} INFO - Started process (PID=923) to work on /home/airflow/.local/lib/python3.7/site-packages/airflow/example_dags/example_short_circuit_decorator.py
[2023-04-30T12:20:25.868+0000] {processor.py:743} INFO - Processing file /home/airflow/.local/lib/python3.7/site-packages/airflow/example_dags/example_short_circuit_decorator.py for tasks to queue
[2023-04-30T12:20:25.869+0000] {logging_mixin.py:137} INFO - [2023-04-30T12:20:25.868+0000] {dagbag.py:532} INFO - Filling up the DagBag from /home/airflow/.local/lib/python3.7/site-packages/airflow/example_dags/example_short_circuit_decorator.py
[2023-04-30T12:20:25.888+0000] {processor.py:753} INFO - DAG(s) dict_keys(['example_short_circuit_decorator']) retrieved from /home/airflow/.local/lib/python3.7/site-packages/airflow/example_dags/example_short_circuit_decorator.py
[2023-04-30T12:20:25.910+0000] {logging_mixin.py:137} INFO - [2023-04-30T12:20:25.910+0000] {dag.py:2705} INFO - Sync 1 DAGs
[2023-04-30T12:20:25.930+0000] {logging_mixin.py:137} INFO - [2023-04-30T12:20:25.930+0000] {dag.py:3456} INFO - Setting next_dagrun for example_short_circuit_decorator to 2023-04-29T12:20:25.930273+00:00, run_after=2023-04-30T12:20:25.930273+00:00
[2023-04-30T12:20:25.945+0000] {processor.py:175} INFO - Processing /home/airflow/.local/lib/python3.7/site-packages/airflow/example_dags/example_short_circuit_decorator.py took 0.080 seconds
[2023-04-30T12:20:56.129+0000] {processor.py:153} INFO - Started process (PID=973) to work on /home/airflow/.local/lib/python3.7/site-packages/airflow/example_dags/example_short_circuit_decorator.py
[2023-04-30T12:20:56.130+0000] {processor.py:743} INFO - Processing file /home/airflow/.local/lib/python3.7/site-packages/airflow/example_dags/example_short_circuit_decorator.py for tasks to queue
[2023-04-30T12:20:56.130+0000] {logging_mixin.py:137} INFO - [2023-04-30T12:20:56.130+0000] {dagbag.py:532} INFO - Filling up the DagBag from /home/airflow/.local/lib/python3.7/site-packages/airflow/example_dags/example_short_circuit_decorator.py
[2023-04-30T12:20:56.149+0000] {processor.py:753} INFO - DAG(s) dict_keys(['example_short_circuit_decorator']) retrieved from /home/airflow/.local/lib/python3.7/site-packages/airflow/example_dags/example_short_circuit_decorator.py
[2023-04-30T12:20:56.170+0000] {logging_mixin.py:137} INFO - [2023-04-30T12:20:56.170+0000] {dag.py:2705} INFO - Sync 1 DAGs
[2023-04-30T12:20:56.191+0000] {logging_mixin.py:137} INFO - [2023-04-30T12:20:56.190+0000] {dag.py:3456} INFO - Setting next_dagrun for example_short_circuit_decorator to 2023-04-29T12:20:56.190749+00:00, run_after=2023-04-30T12:20:56.190749+00:00
[2023-04-30T12:20:56.205+0000] {processor.py:175} INFO - Processing /home/airflow/.local/lib/python3.7/site-packages/airflow/example_dags/example_short_circuit_decorator.py took 0.078 seconds
[2023-04-30T12:21:26.385+0000] {processor.py:153} INFO - Started process (PID=1023) to work on /home/airflow/.local/lib/python3.7/site-packages/airflow/example_dags/example_short_circuit_decorator.py
[2023-04-30T12:21:26.385+0000] {processor.py:743} INFO - Processing file /home/airflow/.local/lib/python3.7/site-packages/airflow/example_dags/example_short_circuit_decorator.py for tasks to queue
[2023-04-30T12:21:26.386+0000] {logging_mixin.py:137} INFO - [2023-04-30T12:21:26.386+0000] {dagbag.py:532} INFO - Filling up the DagBag from /home/airflow/.local/lib/python3.7/site-packages/airflow/example_dags/example_short_circuit_decorator.py
[2023-04-30T12:21:26.405+0000] {processor.py:753} INFO - DAG(s) dict_keys(['example_short_circuit_decorator']) retrieved from /home/airflow/.local/lib/python3.7/site-packages/airflow/example_dags/example_short_circuit_decorator.py
[2023-04-30T12:21:26.427+0000] {logging_mixin.py:137} INFO - [2023-04-30T12:21:26.427+0000] {dag.py:2705} INFO - Sync 1 DAGs
[2023-04-30T12:21:26.447+0000] {logging_mixin.py:137} INFO - [2023-04-30T12:21:26.447+0000] {dag.py:3456} INFO - Setting next_dagrun for example_short_circuit_decorator to 2023-04-29T12:21:26.447112+00:00, run_after=2023-04-30T12:21:26.447112+00:00
[2023-04-30T12:21:26.464+0000] {processor.py:175} INFO - Processing /home/airflow/.local/lib/python3.7/site-packages/airflow/example_dags/example_short_circuit_decorator.py took 0.081 seconds
[2023-04-30T12:21:56.813+0000] {processor.py:153} INFO - Started process (PID=1073) to work on /home/airflow/.local/lib/python3.7/site-packages/airflow/example_dags/example_short_circuit_decorator.py
[2023-04-30T12:21:56.814+0000] {processor.py:743} INFO - Processing file /home/airflow/.local/lib/python3.7/site-packages/airflow/example_dags/example_short_circuit_decorator.py for tasks to queue
[2023-04-30T12:21:56.814+0000] {logging_mixin.py:137} INFO - [2023-04-30T12:21:56.814+0000] {dagbag.py:532} INFO - Filling up the DagBag from /home/airflow/.local/lib/python3.7/site-packages/airflow/example_dags/example_short_circuit_decorator.py
[2023-04-30T12:21:56.838+0000] {processor.py:753} INFO - DAG(s) dict_keys(['example_short_circuit_decorator']) retrieved from /home/airflow/.local/lib/python3.7/site-packages/airflow/example_dags/example_short_circuit_decorator.py
[2023-04-30T12:21:56.861+0000] {logging_mixin.py:137} INFO - [2023-04-30T12:21:56.861+0000] {dag.py:2705} INFO - Sync 1 DAGs
[2023-04-30T12:21:56.881+0000] {logging_mixin.py:137} INFO - [2023-04-30T12:21:56.881+0000] {dag.py:3456} INFO - Setting next_dagrun for example_short_circuit_decorator to 2023-04-29T12:21:56.881246+00:00, run_after=2023-04-30T12:21:56.881246+00:00
[2023-04-30T12:21:56.899+0000] {processor.py:175} INFO - Processing /home/airflow/.local/lib/python3.7/site-packages/airflow/example_dags/example_short_circuit_decorator.py took 0.088 seconds
[2023-04-30T12:22:27.197+0000] {processor.py:153} INFO - Started process (PID=1123) to work on /home/airflow/.local/lib/python3.7/site-packages/airflow/example_dags/example_short_circuit_decorator.py
[2023-04-30T12:22:27.197+0000] {processor.py:743} INFO - Processing file /home/airflow/.local/lib/python3.7/site-packages/airflow/example_dags/example_short_circuit_decorator.py for tasks to queue
[2023-04-30T12:22:27.198+0000] {logging_mixin.py:137} INFO - [2023-04-30T12:22:27.198+0000] {dagbag.py:532} INFO - Filling up the DagBag from /home/airflow/.local/lib/python3.7/site-packages/airflow/example_dags/example_short_circuit_decorator.py
[2023-04-30T12:22:27.217+0000] {processor.py:753} INFO - DAG(s) dict_keys(['example_short_circuit_decorator']) retrieved from /home/airflow/.local/lib/python3.7/site-packages/airflow/example_dags/example_short_circuit_decorator.py
[2023-04-30T12:22:27.239+0000] {logging_mixin.py:137} INFO - [2023-04-30T12:22:27.239+0000] {dag.py:2705} INFO - Sync 1 DAGs
[2023-04-30T12:22:27.259+0000] {logging_mixin.py:137} INFO - [2023-04-30T12:22:27.259+0000] {dag.py:3456} INFO - Setting next_dagrun for example_short_circuit_decorator to 2023-04-29T12:22:27.259081+00:00, run_after=2023-04-30T12:22:27.259081+00:00
[2023-04-30T12:22:27.274+0000] {processor.py:175} INFO - Processing /home/airflow/.local/lib/python3.7/site-packages/airflow/example_dags/example_short_circuit_decorator.py took 0.080 seconds
