[2023-04-30T12:11:47.360+0000] {processor.py:153} INFO - Started process (PID=46) to work on /home/airflow/.local/lib/python3.7/site-packages/airflow/example_dags/example_external_task_marker_dag.py
[2023-04-30T12:11:47.361+0000] {processor.py:743} INFO - Processing file /home/airflow/.local/lib/python3.7/site-packages/airflow/example_dags/example_external_task_marker_dag.py for tasks to queue
[2023-04-30T12:11:47.361+0000] {logging_mixin.py:137} INFO - [2023-04-30T12:11:47.361+0000] {dagbag.py:532} INFO - Filling up the DagBag from /home/airflow/.local/lib/python3.7/site-packages/airflow/example_dags/example_external_task_marker_dag.py
[2023-04-30T12:11:47.377+0000] {processor.py:753} INFO - DAG(s) dict_keys(['example_external_task_marker_parent', 'example_external_task_marker_child']) retrieved from /home/airflow/.local/lib/python3.7/site-packages/airflow/example_dags/example_external_task_marker_dag.py
[2023-04-30T12:11:47.389+0000] {logging_mixin.py:137} INFO - [2023-04-30T12:11:47.389+0000] {dag.py:2705} INFO - Sync 2 DAGs
[2023-04-30T12:11:47.416+0000] {logging_mixin.py:137} INFO - [2023-04-30T12:11:47.416+0000] {dag.py:3456} INFO - Setting next_dagrun for example_external_task_marker_child to None, run_after=None
[2023-04-30T12:11:47.420+0000] {logging_mixin.py:137} INFO - [2023-04-30T12:11:47.420+0000] {dag.py:3456} INFO - Setting next_dagrun for example_external_task_marker_parent to None, run_after=None
[2023-04-30T12:11:47.440+0000] {processor.py:175} INFO - Processing /home/airflow/.local/lib/python3.7/site-packages/airflow/example_dags/example_external_task_marker_dag.py took 0.083 seconds
[2023-04-30T12:12:17.578+0000] {processor.py:153} INFO - Started process (PID=96) to work on /home/airflow/.local/lib/python3.7/site-packages/airflow/example_dags/example_external_task_marker_dag.py
[2023-04-30T12:12:17.579+0000] {processor.py:743} INFO - Processing file /home/airflow/.local/lib/python3.7/site-packages/airflow/example_dags/example_external_task_marker_dag.py for tasks to queue
[2023-04-30T12:12:17.579+0000] {logging_mixin.py:137} INFO - [2023-04-30T12:12:17.579+0000] {dagbag.py:532} INFO - Filling up the DagBag from /home/airflow/.local/lib/python3.7/site-packages/airflow/example_dags/example_external_task_marker_dag.py
[2023-04-30T12:12:17.590+0000] {processor.py:753} INFO - DAG(s) dict_keys(['example_external_task_marker_child', 'example_external_task_marker_parent']) retrieved from /home/airflow/.local/lib/python3.7/site-packages/airflow/example_dags/example_external_task_marker_dag.py
[2023-04-30T12:12:17.611+0000] {logging_mixin.py:137} INFO - [2023-04-30T12:12:17.611+0000] {dag.py:2705} INFO - Sync 2 DAGs
[2023-04-30T12:12:17.632+0000] {logging_mixin.py:137} INFO - [2023-04-30T12:12:17.632+0000] {dag.py:3456} INFO - Setting next_dagrun for example_external_task_marker_child to None, run_after=None
[2023-04-30T12:12:17.635+0000] {logging_mixin.py:137} INFO - [2023-04-30T12:12:17.635+0000] {dag.py:3456} INFO - Setting next_dagrun for example_external_task_marker_parent to None, run_after=None
[2023-04-30T12:12:17.648+0000] {processor.py:175} INFO - Processing /home/airflow/.local/lib/python3.7/site-packages/airflow/example_dags/example_external_task_marker_dag.py took 0.072 seconds
[2023-04-30T12:12:48.069+0000] {processor.py:153} INFO - Started process (PID=146) to work on /home/airflow/.local/lib/python3.7/site-packages/airflow/example_dags/example_external_task_marker_dag.py
[2023-04-30T12:12:48.070+0000] {processor.py:743} INFO - Processing file /home/airflow/.local/lib/python3.7/site-packages/airflow/example_dags/example_external_task_marker_dag.py for tasks to queue
[2023-04-30T12:12:48.070+0000] {logging_mixin.py:137} INFO - [2023-04-30T12:12:48.070+0000] {dagbag.py:532} INFO - Filling up the DagBag from /home/airflow/.local/lib/python3.7/site-packages/airflow/example_dags/example_external_task_marker_dag.py
[2023-04-30T12:12:48.081+0000] {processor.py:753} INFO - DAG(s) dict_keys(['example_external_task_marker_child', 'example_external_task_marker_parent']) retrieved from /home/airflow/.local/lib/python3.7/site-packages/airflow/example_dags/example_external_task_marker_dag.py
[2023-04-30T12:12:48.103+0000] {logging_mixin.py:137} INFO - [2023-04-30T12:12:48.103+0000] {dag.py:2705} INFO - Sync 2 DAGs
[2023-04-30T12:12:48.126+0000] {logging_mixin.py:137} INFO - [2023-04-30T12:12:48.125+0000] {dag.py:3456} INFO - Setting next_dagrun for example_external_task_marker_child to None, run_after=None
[2023-04-30T12:12:48.128+0000] {logging_mixin.py:137} INFO - [2023-04-30T12:12:48.128+0000] {dag.py:3456} INFO - Setting next_dagrun for example_external_task_marker_parent to None, run_after=None
[2023-04-30T12:12:48.141+0000] {processor.py:175} INFO - Processing /home/airflow/.local/lib/python3.7/site-packages/airflow/example_dags/example_external_task_marker_dag.py took 0.075 seconds
[2023-04-30T12:13:18.394+0000] {processor.py:153} INFO - Started process (PID=197) to work on /home/airflow/.local/lib/python3.7/site-packages/airflow/example_dags/example_external_task_marker_dag.py
[2023-04-30T12:13:18.395+0000] {processor.py:743} INFO - Processing file /home/airflow/.local/lib/python3.7/site-packages/airflow/example_dags/example_external_task_marker_dag.py for tasks to queue
[2023-04-30T12:13:18.396+0000] {logging_mixin.py:137} INFO - [2023-04-30T12:13:18.395+0000] {dagbag.py:532} INFO - Filling up the DagBag from /home/airflow/.local/lib/python3.7/site-packages/airflow/example_dags/example_external_task_marker_dag.py
[2023-04-30T12:13:18.406+0000] {processor.py:753} INFO - DAG(s) dict_keys(['example_external_task_marker_child', 'example_external_task_marker_parent']) retrieved from /home/airflow/.local/lib/python3.7/site-packages/airflow/example_dags/example_external_task_marker_dag.py
[2023-04-30T12:13:18.429+0000] {logging_mixin.py:137} INFO - [2023-04-30T12:13:18.428+0000] {dag.py:2705} INFO - Sync 2 DAGs
[2023-04-30T12:13:18.449+0000] {logging_mixin.py:137} INFO - [2023-04-30T12:13:18.449+0000] {dag.py:3456} INFO - Setting next_dagrun for example_external_task_marker_child to None, run_after=None
[2023-04-30T12:13:18.452+0000] {logging_mixin.py:137} INFO - [2023-04-30T12:13:18.452+0000] {dag.py:3456} INFO - Setting next_dagrun for example_external_task_marker_parent to None, run_after=None
[2023-04-30T12:13:18.465+0000] {processor.py:175} INFO - Processing /home/airflow/.local/lib/python3.7/site-packages/airflow/example_dags/example_external_task_marker_dag.py took 0.073 seconds
[2023-04-30T12:13:48.548+0000] {processor.py:153} INFO - Started process (PID=247) to work on /home/airflow/.local/lib/python3.7/site-packages/airflow/example_dags/example_external_task_marker_dag.py
[2023-04-30T12:13:48.549+0000] {processor.py:743} INFO - Processing file /home/airflow/.local/lib/python3.7/site-packages/airflow/example_dags/example_external_task_marker_dag.py for tasks to queue
[2023-04-30T12:13:48.549+0000] {logging_mixin.py:137} INFO - [2023-04-30T12:13:48.549+0000] {dagbag.py:532} INFO - Filling up the DagBag from /home/airflow/.local/lib/python3.7/site-packages/airflow/example_dags/example_external_task_marker_dag.py
[2023-04-30T12:13:48.560+0000] {processor.py:753} INFO - DAG(s) dict_keys(['example_external_task_marker_parent', 'example_external_task_marker_child']) retrieved from /home/airflow/.local/lib/python3.7/site-packages/airflow/example_dags/example_external_task_marker_dag.py
[2023-04-30T12:13:48.582+0000] {logging_mixin.py:137} INFO - [2023-04-30T12:13:48.582+0000] {dag.py:2705} INFO - Sync 2 DAGs
[2023-04-30T12:13:48.603+0000] {logging_mixin.py:137} INFO - [2023-04-30T12:13:48.603+0000] {dag.py:3456} INFO - Setting next_dagrun for example_external_task_marker_child to None, run_after=None
[2023-04-30T12:13:48.606+0000] {logging_mixin.py:137} INFO - [2023-04-30T12:13:48.605+0000] {dag.py:3456} INFO - Setting next_dagrun for example_external_task_marker_parent to None, run_after=None
[2023-04-30T12:13:48.620+0000] {processor.py:175} INFO - Processing /home/airflow/.local/lib/python3.7/site-packages/airflow/example_dags/example_external_task_marker_dag.py took 0.074 seconds
[2023-04-30T12:14:18.767+0000] {processor.py:153} INFO - Started process (PID=297) to work on /home/airflow/.local/lib/python3.7/site-packages/airflow/example_dags/example_external_task_marker_dag.py
[2023-04-30T12:14:18.768+0000] {processor.py:743} INFO - Processing file /home/airflow/.local/lib/python3.7/site-packages/airflow/example_dags/example_external_task_marker_dag.py for tasks to queue
[2023-04-30T12:14:18.769+0000] {logging_mixin.py:137} INFO - [2023-04-30T12:14:18.768+0000] {dagbag.py:532} INFO - Filling up the DagBag from /home/airflow/.local/lib/python3.7/site-packages/airflow/example_dags/example_external_task_marker_dag.py
[2023-04-30T12:14:18.779+0000] {processor.py:753} INFO - DAG(s) dict_keys(['example_external_task_marker_child', 'example_external_task_marker_parent']) retrieved from /home/airflow/.local/lib/python3.7/site-packages/airflow/example_dags/example_external_task_marker_dag.py
[2023-04-30T12:14:18.804+0000] {logging_mixin.py:137} INFO - [2023-04-30T12:14:18.804+0000] {dag.py:2705} INFO - Sync 2 DAGs
[2023-04-30T12:14:18.825+0000] {logging_mixin.py:137} INFO - [2023-04-30T12:14:18.825+0000] {dag.py:3456} INFO - Setting next_dagrun for example_external_task_marker_child to None, run_after=None
[2023-04-30T12:14:18.828+0000] {logging_mixin.py:137} INFO - [2023-04-30T12:14:18.828+0000] {dag.py:3456} INFO - Setting next_dagrun for example_external_task_marker_parent to None, run_after=None
[2023-04-30T12:14:18.841+0000] {processor.py:175} INFO - Processing /home/airflow/.local/lib/python3.7/site-packages/airflow/example_dags/example_external_task_marker_dag.py took 0.076 seconds
[2023-04-30T12:14:48.994+0000] {processor.py:153} INFO - Started process (PID=347) to work on /home/airflow/.local/lib/python3.7/site-packages/airflow/example_dags/example_external_task_marker_dag.py
[2023-04-30T12:14:48.994+0000] {processor.py:743} INFO - Processing file /home/airflow/.local/lib/python3.7/site-packages/airflow/example_dags/example_external_task_marker_dag.py for tasks to queue
[2023-04-30T12:14:48.995+0000] {logging_mixin.py:137} INFO - [2023-04-30T12:14:48.995+0000] {dagbag.py:532} INFO - Filling up the DagBag from /home/airflow/.local/lib/python3.7/site-packages/airflow/example_dags/example_external_task_marker_dag.py
[2023-04-30T12:14:49.006+0000] {processor.py:753} INFO - DAG(s) dict_keys(['example_external_task_marker_child', 'example_external_task_marker_parent']) retrieved from /home/airflow/.local/lib/python3.7/site-packages/airflow/example_dags/example_external_task_marker_dag.py
[2023-04-30T12:14:49.030+0000] {logging_mixin.py:137} INFO - [2023-04-30T12:14:49.030+0000] {dag.py:2705} INFO - Sync 2 DAGs
[2023-04-30T12:14:49.053+0000] {logging_mixin.py:137} INFO - [2023-04-30T12:14:49.053+0000] {dag.py:3456} INFO - Setting next_dagrun for example_external_task_marker_child to None, run_after=None
[2023-04-30T12:14:49.057+0000] {logging_mixin.py:137} INFO - [2023-04-30T12:14:49.056+0000] {dag.py:3456} INFO - Setting next_dagrun for example_external_task_marker_parent to None, run_after=None
[2023-04-30T12:14:49.072+0000] {processor.py:175} INFO - Processing /home/airflow/.local/lib/python3.7/site-packages/airflow/example_dags/example_external_task_marker_dag.py took 0.081 seconds
[2023-04-30T12:15:19.454+0000] {processor.py:153} INFO - Started process (PID=397) to work on /home/airflow/.local/lib/python3.7/site-packages/airflow/example_dags/example_external_task_marker_dag.py
[2023-04-30T12:15:19.455+0000] {processor.py:743} INFO - Processing file /home/airflow/.local/lib/python3.7/site-packages/airflow/example_dags/example_external_task_marker_dag.py for tasks to queue
[2023-04-30T12:15:19.455+0000] {logging_mixin.py:137} INFO - [2023-04-30T12:15:19.455+0000] {dagbag.py:532} INFO - Filling up the DagBag from /home/airflow/.local/lib/python3.7/site-packages/airflow/example_dags/example_external_task_marker_dag.py
[2023-04-30T12:15:19.467+0000] {processor.py:753} INFO - DAG(s) dict_keys(['example_external_task_marker_parent', 'example_external_task_marker_child']) retrieved from /home/airflow/.local/lib/python3.7/site-packages/airflow/example_dags/example_external_task_marker_dag.py
[2023-04-30T12:15:19.491+0000] {logging_mixin.py:137} INFO - [2023-04-30T12:15:19.490+0000] {dag.py:2705} INFO - Sync 2 DAGs
[2023-04-30T12:15:19.524+0000] {logging_mixin.py:137} INFO - [2023-04-30T12:15:19.524+0000] {dag.py:3456} INFO - Setting next_dagrun for example_external_task_marker_child to None, run_after=None
[2023-04-30T12:15:19.529+0000] {logging_mixin.py:137} INFO - [2023-04-30T12:15:19.529+0000] {dag.py:3456} INFO - Setting next_dagrun for example_external_task_marker_parent to None, run_after=None
[2023-04-30T12:15:19.552+0000] {processor.py:175} INFO - Processing /home/airflow/.local/lib/python3.7/site-packages/airflow/example_dags/example_external_task_marker_dag.py took 0.101 seconds
[2023-04-30T12:15:49.960+0000] {processor.py:153} INFO - Started process (PID=447) to work on /home/airflow/.local/lib/python3.7/site-packages/airflow/example_dags/example_external_task_marker_dag.py
[2023-04-30T12:15:49.960+0000] {processor.py:743} INFO - Processing file /home/airflow/.local/lib/python3.7/site-packages/airflow/example_dags/example_external_task_marker_dag.py for tasks to queue
[2023-04-30T12:15:49.961+0000] {logging_mixin.py:137} INFO - [2023-04-30T12:15:49.961+0000] {dagbag.py:532} INFO - Filling up the DagBag from /home/airflow/.local/lib/python3.7/site-packages/airflow/example_dags/example_external_task_marker_dag.py
[2023-04-30T12:15:49.973+0000] {processor.py:753} INFO - DAG(s) dict_keys(['example_external_task_marker_child', 'example_external_task_marker_parent']) retrieved from /home/airflow/.local/lib/python3.7/site-packages/airflow/example_dags/example_external_task_marker_dag.py
[2023-04-30T12:15:50.008+0000] {logging_mixin.py:137} INFO - [2023-04-30T12:15:50.008+0000] {dag.py:2705} INFO - Sync 2 DAGs
[2023-04-30T12:15:50.046+0000] {logging_mixin.py:137} INFO - [2023-04-30T12:15:50.046+0000] {dag.py:3456} INFO - Setting next_dagrun for example_external_task_marker_child to None, run_after=None
[2023-04-30T12:15:50.049+0000] {logging_mixin.py:137} INFO - [2023-04-30T12:15:50.048+0000] {dag.py:3456} INFO - Setting next_dagrun for example_external_task_marker_parent to None, run_after=None
[2023-04-30T12:15:50.063+0000] {processor.py:175} INFO - Processing /home/airflow/.local/lib/python3.7/site-packages/airflow/example_dags/example_external_task_marker_dag.py took 0.106 seconds
[2023-04-30T12:16:20.645+0000] {processor.py:153} INFO - Started process (PID=497) to work on /home/airflow/.local/lib/python3.7/site-packages/airflow/example_dags/example_external_task_marker_dag.py
[2023-04-30T12:16:20.645+0000] {processor.py:743} INFO - Processing file /home/airflow/.local/lib/python3.7/site-packages/airflow/example_dags/example_external_task_marker_dag.py for tasks to queue
[2023-04-30T12:16:20.646+0000] {logging_mixin.py:137} INFO - [2023-04-30T12:16:20.646+0000] {dagbag.py:532} INFO - Filling up the DagBag from /home/airflow/.local/lib/python3.7/site-packages/airflow/example_dags/example_external_task_marker_dag.py
[2023-04-30T12:16:20.659+0000] {processor.py:753} INFO - DAG(s) dict_keys(['example_external_task_marker_child', 'example_external_task_marker_parent']) retrieved from /home/airflow/.local/lib/python3.7/site-packages/airflow/example_dags/example_external_task_marker_dag.py
[2023-04-30T12:16:20.683+0000] {logging_mixin.py:137} INFO - [2023-04-30T12:16:20.683+0000] {dag.py:2705} INFO - Sync 2 DAGs
[2023-04-30T12:16:20.710+0000] {logging_mixin.py:137} INFO - [2023-04-30T12:16:20.710+0000] {dag.py:3456} INFO - Setting next_dagrun for example_external_task_marker_child to None, run_after=None
[2023-04-30T12:16:20.713+0000] {logging_mixin.py:137} INFO - [2023-04-30T12:16:20.713+0000] {dag.py:3456} INFO - Setting next_dagrun for example_external_task_marker_parent to None, run_after=None
[2023-04-30T12:16:20.728+0000] {processor.py:175} INFO - Processing /home/airflow/.local/lib/python3.7/site-packages/airflow/example_dags/example_external_task_marker_dag.py took 0.086 seconds
[2023-04-30T12:16:51.071+0000] {processor.py:153} INFO - Started process (PID=547) to work on /home/airflow/.local/lib/python3.7/site-packages/airflow/example_dags/example_external_task_marker_dag.py
[2023-04-30T12:16:51.071+0000] {processor.py:743} INFO - Processing file /home/airflow/.local/lib/python3.7/site-packages/airflow/example_dags/example_external_task_marker_dag.py for tasks to queue
[2023-04-30T12:16:51.072+0000] {logging_mixin.py:137} INFO - [2023-04-30T12:16:51.072+0000] {dagbag.py:532} INFO - Filling up the DagBag from /home/airflow/.local/lib/python3.7/site-packages/airflow/example_dags/example_external_task_marker_dag.py
[2023-04-30T12:16:51.082+0000] {processor.py:753} INFO - DAG(s) dict_keys(['example_external_task_marker_parent', 'example_external_task_marker_child']) retrieved from /home/airflow/.local/lib/python3.7/site-packages/airflow/example_dags/example_external_task_marker_dag.py
[2023-04-30T12:16:51.103+0000] {logging_mixin.py:137} INFO - [2023-04-30T12:16:51.103+0000] {dag.py:2705} INFO - Sync 2 DAGs
[2023-04-30T12:16:51.123+0000] {logging_mixin.py:137} INFO - [2023-04-30T12:16:51.123+0000] {dag.py:3456} INFO - Setting next_dagrun for example_external_task_marker_child to None, run_after=None
[2023-04-30T12:16:51.125+0000] {logging_mixin.py:137} INFO - [2023-04-30T12:16:51.125+0000] {dag.py:3456} INFO - Setting next_dagrun for example_external_task_marker_parent to None, run_after=None
[2023-04-30T12:16:51.138+0000] {processor.py:175} INFO - Processing /home/airflow/.local/lib/python3.7/site-packages/airflow/example_dags/example_external_task_marker_dag.py took 0.070 seconds
[2023-04-30T12:17:21.467+0000] {processor.py:153} INFO - Started process (PID=597) to work on /home/airflow/.local/lib/python3.7/site-packages/airflow/example_dags/example_external_task_marker_dag.py
[2023-04-30T12:17:21.468+0000] {processor.py:743} INFO - Processing file /home/airflow/.local/lib/python3.7/site-packages/airflow/example_dags/example_external_task_marker_dag.py for tasks to queue
[2023-04-30T12:17:21.468+0000] {logging_mixin.py:137} INFO - [2023-04-30T12:17:21.468+0000] {dagbag.py:532} INFO - Filling up the DagBag from /home/airflow/.local/lib/python3.7/site-packages/airflow/example_dags/example_external_task_marker_dag.py
[2023-04-30T12:17:21.479+0000] {processor.py:753} INFO - DAG(s) dict_keys(['example_external_task_marker_child', 'example_external_task_marker_parent']) retrieved from /home/airflow/.local/lib/python3.7/site-packages/airflow/example_dags/example_external_task_marker_dag.py
[2023-04-30T12:17:21.501+0000] {logging_mixin.py:137} INFO - [2023-04-30T12:17:21.500+0000] {dag.py:2705} INFO - Sync 2 DAGs
[2023-04-30T12:17:21.521+0000] {logging_mixin.py:137} INFO - [2023-04-30T12:17:21.520+0000] {dag.py:3456} INFO - Setting next_dagrun for example_external_task_marker_child to None, run_after=None
[2023-04-30T12:17:21.523+0000] {logging_mixin.py:137} INFO - [2023-04-30T12:17:21.523+0000] {dag.py:3456} INFO - Setting next_dagrun for example_external_task_marker_parent to None, run_after=None
[2023-04-30T12:17:21.536+0000] {processor.py:175} INFO - Processing /home/airflow/.local/lib/python3.7/site-packages/airflow/example_dags/example_external_task_marker_dag.py took 0.071 seconds
[2023-04-30T12:17:51.765+0000] {processor.py:153} INFO - Started process (PID=647) to work on /home/airflow/.local/lib/python3.7/site-packages/airflow/example_dags/example_external_task_marker_dag.py
[2023-04-30T12:17:51.766+0000] {processor.py:743} INFO - Processing file /home/airflow/.local/lib/python3.7/site-packages/airflow/example_dags/example_external_task_marker_dag.py for tasks to queue
[2023-04-30T12:17:51.766+0000] {logging_mixin.py:137} INFO - [2023-04-30T12:17:51.766+0000] {dagbag.py:532} INFO - Filling up the DagBag from /home/airflow/.local/lib/python3.7/site-packages/airflow/example_dags/example_external_task_marker_dag.py
[2023-04-30T12:17:51.777+0000] {processor.py:753} INFO - DAG(s) dict_keys(['example_external_task_marker_parent', 'example_external_task_marker_child']) retrieved from /home/airflow/.local/lib/python3.7/site-packages/airflow/example_dags/example_external_task_marker_dag.py
[2023-04-30T12:17:51.798+0000] {logging_mixin.py:137} INFO - [2023-04-30T12:17:51.798+0000] {dag.py:2705} INFO - Sync 2 DAGs
[2023-04-30T12:17:51.818+0000] {logging_mixin.py:137} INFO - [2023-04-30T12:17:51.818+0000] {dag.py:3456} INFO - Setting next_dagrun for example_external_task_marker_child to None, run_after=None
[2023-04-30T12:17:51.821+0000] {logging_mixin.py:137} INFO - [2023-04-30T12:17:51.820+0000] {dag.py:3456} INFO - Setting next_dagrun for example_external_task_marker_parent to None, run_after=None
[2023-04-30T12:17:51.833+0000] {processor.py:175} INFO - Processing /home/airflow/.local/lib/python3.7/site-packages/airflow/example_dags/example_external_task_marker_dag.py took 0.070 seconds
[2023-04-30T12:18:22.059+0000] {processor.py:153} INFO - Started process (PID=697) to work on /home/airflow/.local/lib/python3.7/site-packages/airflow/example_dags/example_external_task_marker_dag.py
[2023-04-30T12:18:22.060+0000] {processor.py:743} INFO - Processing file /home/airflow/.local/lib/python3.7/site-packages/airflow/example_dags/example_external_task_marker_dag.py for tasks to queue
[2023-04-30T12:18:22.060+0000] {logging_mixin.py:137} INFO - [2023-04-30T12:18:22.060+0000] {dagbag.py:532} INFO - Filling up the DagBag from /home/airflow/.local/lib/python3.7/site-packages/airflow/example_dags/example_external_task_marker_dag.py
[2023-04-30T12:18:22.070+0000] {processor.py:753} INFO - DAG(s) dict_keys(['example_external_task_marker_child', 'example_external_task_marker_parent']) retrieved from /home/airflow/.local/lib/python3.7/site-packages/airflow/example_dags/example_external_task_marker_dag.py
[2023-04-30T12:18:22.092+0000] {logging_mixin.py:137} INFO - [2023-04-30T12:18:22.092+0000] {dag.py:2705} INFO - Sync 2 DAGs
[2023-04-30T12:18:22.113+0000] {logging_mixin.py:137} INFO - [2023-04-30T12:18:22.112+0000] {dag.py:3456} INFO - Setting next_dagrun for example_external_task_marker_child to None, run_after=None
[2023-04-30T12:18:22.115+0000] {logging_mixin.py:137} INFO - [2023-04-30T12:18:22.115+0000] {dag.py:3456} INFO - Setting next_dagrun for example_external_task_marker_parent to None, run_after=None
[2023-04-30T12:18:22.128+0000] {processor.py:175} INFO - Processing /home/airflow/.local/lib/python3.7/site-packages/airflow/example_dags/example_external_task_marker_dag.py took 0.071 seconds
[2023-04-30T12:18:52.422+0000] {processor.py:153} INFO - Started process (PID=747) to work on /home/airflow/.local/lib/python3.7/site-packages/airflow/example_dags/example_external_task_marker_dag.py
[2023-04-30T12:18:52.423+0000] {processor.py:743} INFO - Processing file /home/airflow/.local/lib/python3.7/site-packages/airflow/example_dags/example_external_task_marker_dag.py for tasks to queue
[2023-04-30T12:18:52.423+0000] {logging_mixin.py:137} INFO - [2023-04-30T12:18:52.423+0000] {dagbag.py:532} INFO - Filling up the DagBag from /home/airflow/.local/lib/python3.7/site-packages/airflow/example_dags/example_external_task_marker_dag.py
[2023-04-30T12:18:52.434+0000] {processor.py:753} INFO - DAG(s) dict_keys(['example_external_task_marker_child', 'example_external_task_marker_parent']) retrieved from /home/airflow/.local/lib/python3.7/site-packages/airflow/example_dags/example_external_task_marker_dag.py
[2023-04-30T12:18:52.457+0000] {logging_mixin.py:137} INFO - [2023-04-30T12:18:52.457+0000] {dag.py:2705} INFO - Sync 2 DAGs
[2023-04-30T12:18:52.478+0000] {logging_mixin.py:137} INFO - [2023-04-30T12:18:52.478+0000] {dag.py:3456} INFO - Setting next_dagrun for example_external_task_marker_child to None, run_after=None
[2023-04-30T12:18:52.480+0000] {logging_mixin.py:137} INFO - [2023-04-30T12:18:52.480+0000] {dag.py:3456} INFO - Setting next_dagrun for example_external_task_marker_parent to None, run_after=None
[2023-04-30T12:18:52.494+0000] {processor.py:175} INFO - Processing /home/airflow/.local/lib/python3.7/site-packages/airflow/example_dags/example_external_task_marker_dag.py took 0.074 seconds
[2023-04-30T12:19:22.886+0000] {processor.py:153} INFO - Started process (PID=797) to work on /home/airflow/.local/lib/python3.7/site-packages/airflow/example_dags/example_external_task_marker_dag.py
[2023-04-30T12:19:22.887+0000] {processor.py:743} INFO - Processing file /home/airflow/.local/lib/python3.7/site-packages/airflow/example_dags/example_external_task_marker_dag.py for tasks to queue
[2023-04-30T12:19:22.887+0000] {logging_mixin.py:137} INFO - [2023-04-30T12:19:22.887+0000] {dagbag.py:532} INFO - Filling up the DagBag from /home/airflow/.local/lib/python3.7/site-packages/airflow/example_dags/example_external_task_marker_dag.py
[2023-04-30T12:19:22.898+0000] {processor.py:753} INFO - DAG(s) dict_keys(['example_external_task_marker_child', 'example_external_task_marker_parent']) retrieved from /home/airflow/.local/lib/python3.7/site-packages/airflow/example_dags/example_external_task_marker_dag.py
[2023-04-30T12:19:22.921+0000] {logging_mixin.py:137} INFO - [2023-04-30T12:19:22.921+0000] {dag.py:2705} INFO - Sync 2 DAGs
[2023-04-30T12:19:22.945+0000] {logging_mixin.py:137} INFO - [2023-04-30T12:19:22.945+0000] {dag.py:3456} INFO - Setting next_dagrun for example_external_task_marker_child to None, run_after=None
[2023-04-30T12:19:22.948+0000] {logging_mixin.py:137} INFO - [2023-04-30T12:19:22.948+0000] {dag.py:3456} INFO - Setting next_dagrun for example_external_task_marker_parent to None, run_after=None
[2023-04-30T12:19:22.965+0000] {processor.py:175} INFO - Processing /home/airflow/.local/lib/python3.7/site-packages/airflow/example_dags/example_external_task_marker_dag.py took 0.082 seconds
[2023-04-30T12:19:53.289+0000] {processor.py:153} INFO - Started process (PID=847) to work on /home/airflow/.local/lib/python3.7/site-packages/airflow/example_dags/example_external_task_marker_dag.py
[2023-04-30T12:19:53.289+0000] {processor.py:743} INFO - Processing file /home/airflow/.local/lib/python3.7/site-packages/airflow/example_dags/example_external_task_marker_dag.py for tasks to queue
[2023-04-30T12:19:53.290+0000] {logging_mixin.py:137} INFO - [2023-04-30T12:19:53.289+0000] {dagbag.py:532} INFO - Filling up the DagBag from /home/airflow/.local/lib/python3.7/site-packages/airflow/example_dags/example_external_task_marker_dag.py
[2023-04-30T12:19:53.300+0000] {processor.py:753} INFO - DAG(s) dict_keys(['example_external_task_marker_child', 'example_external_task_marker_parent']) retrieved from /home/airflow/.local/lib/python3.7/site-packages/airflow/example_dags/example_external_task_marker_dag.py
[2023-04-30T12:19:53.322+0000] {logging_mixin.py:137} INFO - [2023-04-30T12:19:53.322+0000] {dag.py:2705} INFO - Sync 2 DAGs
[2023-04-30T12:19:53.344+0000] {logging_mixin.py:137} INFO - [2023-04-30T12:19:53.343+0000] {dag.py:3456} INFO - Setting next_dagrun for example_external_task_marker_child to None, run_after=None
[2023-04-30T12:19:53.346+0000] {logging_mixin.py:137} INFO - [2023-04-30T12:19:53.346+0000] {dag.py:3456} INFO - Setting next_dagrun for example_external_task_marker_parent to None, run_after=None
[2023-04-30T12:19:53.359+0000] {processor.py:175} INFO - Processing /home/airflow/.local/lib/python3.7/site-packages/airflow/example_dags/example_external_task_marker_dag.py took 0.073 seconds
[2023-04-30T12:20:23.455+0000] {processor.py:153} INFO - Started process (PID=897) to work on /home/airflow/.local/lib/python3.7/site-packages/airflow/example_dags/example_external_task_marker_dag.py
[2023-04-30T12:20:23.456+0000] {processor.py:743} INFO - Processing file /home/airflow/.local/lib/python3.7/site-packages/airflow/example_dags/example_external_task_marker_dag.py for tasks to queue
[2023-04-30T12:20:23.456+0000] {logging_mixin.py:137} INFO - [2023-04-30T12:20:23.456+0000] {dagbag.py:532} INFO - Filling up the DagBag from /home/airflow/.local/lib/python3.7/site-packages/airflow/example_dags/example_external_task_marker_dag.py
[2023-04-30T12:20:23.467+0000] {processor.py:753} INFO - DAG(s) dict_keys(['example_external_task_marker_parent', 'example_external_task_marker_child']) retrieved from /home/airflow/.local/lib/python3.7/site-packages/airflow/example_dags/example_external_task_marker_dag.py
[2023-04-30T12:20:23.489+0000] {logging_mixin.py:137} INFO - [2023-04-30T12:20:23.489+0000] {dag.py:2705} INFO - Sync 2 DAGs
[2023-04-30T12:20:23.513+0000] {logging_mixin.py:137} INFO - [2023-04-30T12:20:23.513+0000] {dag.py:3456} INFO - Setting next_dagrun for example_external_task_marker_child to None, run_after=None
[2023-04-30T12:20:23.516+0000] {logging_mixin.py:137} INFO - [2023-04-30T12:20:23.516+0000] {dag.py:3456} INFO - Setting next_dagrun for example_external_task_marker_parent to None, run_after=None
[2023-04-30T12:20:23.530+0000] {processor.py:175} INFO - Processing /home/airflow/.local/lib/python3.7/site-packages/airflow/example_dags/example_external_task_marker_dag.py took 0.077 seconds
[2023-04-30T12:20:53.767+0000] {processor.py:153} INFO - Started process (PID=947) to work on /home/airflow/.local/lib/python3.7/site-packages/airflow/example_dags/example_external_task_marker_dag.py
[2023-04-30T12:20:53.767+0000] {processor.py:743} INFO - Processing file /home/airflow/.local/lib/python3.7/site-packages/airflow/example_dags/example_external_task_marker_dag.py for tasks to queue
[2023-04-30T12:20:53.768+0000] {logging_mixin.py:137} INFO - [2023-04-30T12:20:53.768+0000] {dagbag.py:532} INFO - Filling up the DagBag from /home/airflow/.local/lib/python3.7/site-packages/airflow/example_dags/example_external_task_marker_dag.py
[2023-04-30T12:20:53.778+0000] {processor.py:753} INFO - DAG(s) dict_keys(['example_external_task_marker_child', 'example_external_task_marker_parent']) retrieved from /home/airflow/.local/lib/python3.7/site-packages/airflow/example_dags/example_external_task_marker_dag.py
[2023-04-30T12:20:53.799+0000] {logging_mixin.py:137} INFO - [2023-04-30T12:20:53.798+0000] {dag.py:2705} INFO - Sync 2 DAGs
[2023-04-30T12:20:53.819+0000] {logging_mixin.py:137} INFO - [2023-04-30T12:20:53.819+0000] {dag.py:3456} INFO - Setting next_dagrun for example_external_task_marker_child to None, run_after=None
[2023-04-30T12:20:53.821+0000] {logging_mixin.py:137} INFO - [2023-04-30T12:20:53.821+0000] {dag.py:3456} INFO - Setting next_dagrun for example_external_task_marker_parent to None, run_after=None
[2023-04-30T12:20:53.834+0000] {processor.py:175} INFO - Processing /home/airflow/.local/lib/python3.7/site-packages/airflow/example_dags/example_external_task_marker_dag.py took 0.069 seconds
[2023-04-30T12:21:24.063+0000] {processor.py:153} INFO - Started process (PID=997) to work on /home/airflow/.local/lib/python3.7/site-packages/airflow/example_dags/example_external_task_marker_dag.py
[2023-04-30T12:21:24.064+0000] {processor.py:743} INFO - Processing file /home/airflow/.local/lib/python3.7/site-packages/airflow/example_dags/example_external_task_marker_dag.py for tasks to queue
[2023-04-30T12:21:24.064+0000] {logging_mixin.py:137} INFO - [2023-04-30T12:21:24.064+0000] {dagbag.py:532} INFO - Filling up the DagBag from /home/airflow/.local/lib/python3.7/site-packages/airflow/example_dags/example_external_task_marker_dag.py
[2023-04-30T12:21:24.078+0000] {processor.py:753} INFO - DAG(s) dict_keys(['example_external_task_marker_child', 'example_external_task_marker_parent']) retrieved from /home/airflow/.local/lib/python3.7/site-packages/airflow/example_dags/example_external_task_marker_dag.py
[2023-04-30T12:21:24.106+0000] {logging_mixin.py:137} INFO - [2023-04-30T12:21:24.106+0000] {dag.py:2705} INFO - Sync 2 DAGs
[2023-04-30T12:21:24.131+0000] {logging_mixin.py:137} INFO - [2023-04-30T12:21:24.131+0000] {dag.py:3456} INFO - Setting next_dagrun for example_external_task_marker_child to None, run_after=None
[2023-04-30T12:21:24.134+0000] {logging_mixin.py:137} INFO - [2023-04-30T12:21:24.134+0000] {dag.py:3456} INFO - Setting next_dagrun for example_external_task_marker_parent to None, run_after=None
[2023-04-30T12:21:24.150+0000] {processor.py:175} INFO - Processing /home/airflow/.local/lib/python3.7/site-packages/airflow/example_dags/example_external_task_marker_dag.py took 0.090 seconds
[2023-04-30T12:21:54.263+0000] {processor.py:153} INFO - Started process (PID=1047) to work on /home/airflow/.local/lib/python3.7/site-packages/airflow/example_dags/example_external_task_marker_dag.py
[2023-04-30T12:21:54.264+0000] {processor.py:743} INFO - Processing file /home/airflow/.local/lib/python3.7/site-packages/airflow/example_dags/example_external_task_marker_dag.py for tasks to queue
[2023-04-30T12:21:54.264+0000] {logging_mixin.py:137} INFO - [2023-04-30T12:21:54.264+0000] {dagbag.py:532} INFO - Filling up the DagBag from /home/airflow/.local/lib/python3.7/site-packages/airflow/example_dags/example_external_task_marker_dag.py
[2023-04-30T12:21:54.275+0000] {processor.py:753} INFO - DAG(s) dict_keys(['example_external_task_marker_child', 'example_external_task_marker_parent']) retrieved from /home/airflow/.local/lib/python3.7/site-packages/airflow/example_dags/example_external_task_marker_dag.py
[2023-04-30T12:21:54.298+0000] {logging_mixin.py:137} INFO - [2023-04-30T12:21:54.298+0000] {dag.py:2705} INFO - Sync 2 DAGs
[2023-04-30T12:21:54.319+0000] {logging_mixin.py:137} INFO - [2023-04-30T12:21:54.318+0000] {dag.py:3456} INFO - Setting next_dagrun for example_external_task_marker_child to None, run_after=None
[2023-04-30T12:21:54.321+0000] {logging_mixin.py:137} INFO - [2023-04-30T12:21:54.321+0000] {dag.py:3456} INFO - Setting next_dagrun for example_external_task_marker_parent to None, run_after=None
[2023-04-30T12:21:54.334+0000] {processor.py:175} INFO - Processing /home/airflow/.local/lib/python3.7/site-packages/airflow/example_dags/example_external_task_marker_dag.py took 0.074 seconds
[2023-04-30T12:22:24.731+0000] {processor.py:153} INFO - Started process (PID=1097) to work on /home/airflow/.local/lib/python3.7/site-packages/airflow/example_dags/example_external_task_marker_dag.py
[2023-04-30T12:22:24.732+0000] {processor.py:743} INFO - Processing file /home/airflow/.local/lib/python3.7/site-packages/airflow/example_dags/example_external_task_marker_dag.py for tasks to queue
[2023-04-30T12:22:24.732+0000] {logging_mixin.py:137} INFO - [2023-04-30T12:22:24.732+0000] {dagbag.py:532} INFO - Filling up the DagBag from /home/airflow/.local/lib/python3.7/site-packages/airflow/example_dags/example_external_task_marker_dag.py
[2023-04-30T12:22:24.743+0000] {processor.py:753} INFO - DAG(s) dict_keys(['example_external_task_marker_child', 'example_external_task_marker_parent']) retrieved from /home/airflow/.local/lib/python3.7/site-packages/airflow/example_dags/example_external_task_marker_dag.py
[2023-04-30T12:22:24.766+0000] {logging_mixin.py:137} INFO - [2023-04-30T12:22:24.766+0000] {dag.py:2705} INFO - Sync 2 DAGs
[2023-04-30T12:22:24.787+0000] {logging_mixin.py:137} INFO - [2023-04-30T12:22:24.787+0000] {dag.py:3456} INFO - Setting next_dagrun for example_external_task_marker_child to None, run_after=None
[2023-04-30T12:22:24.790+0000] {logging_mixin.py:137} INFO - [2023-04-30T12:22:24.790+0000] {dag.py:3456} INFO - Setting next_dagrun for example_external_task_marker_parent to None, run_after=None
[2023-04-30T12:22:24.803+0000] {processor.py:175} INFO - Processing /home/airflow/.local/lib/python3.7/site-packages/airflow/example_dags/example_external_task_marker_dag.py took 0.075 seconds
