[2023-04-30T12:11:48.096+0000] {processor.py:153} INFO - Started process (PID=58) to work on /home/airflow/.local/lib/python3.7/site-packages/airflow/example_dags/example_branch_python_dop_operator_3.py
[2023-04-30T12:11:48.097+0000] {processor.py:743} INFO - Processing file /home/airflow/.local/lib/python3.7/site-packages/airflow/example_dags/example_branch_python_dop_operator_3.py for tasks to queue
[2023-04-30T12:11:48.098+0000] {logging_mixin.py:137} INFO - [2023-04-30T12:11:48.097+0000] {dagbag.py:532} INFO - Filling up the DagBag from /home/airflow/.local/lib/python3.7/site-packages/airflow/example_dags/example_branch_python_dop_operator_3.py
[2023-04-30T12:11:48.122+0000] {processor.py:753} INFO - DAG(s) dict_keys(['example_branch_dop_operator_v3']) retrieved from /home/airflow/.local/lib/python3.7/site-packages/airflow/example_dags/example_branch_python_dop_operator_3.py
[2023-04-30T12:11:48.134+0000] {logging_mixin.py:137} INFO - [2023-04-30T12:11:48.134+0000] {dag.py:2705} INFO - Sync 1 DAGs
[2023-04-30T12:11:48.163+0000] {logging_mixin.py:137} INFO - [2023-04-30T12:11:48.163+0000] {dag.py:3456} INFO - Setting next_dagrun for example_branch_dop_operator_v3 to 2023-04-30T12:10:00+00:00, run_after=2023-04-30T12:11:00+00:00
[2023-04-30T12:11:48.183+0000] {processor.py:175} INFO - Processing /home/airflow/.local/lib/python3.7/site-packages/airflow/example_dags/example_branch_python_dop_operator_3.py took 0.090 seconds
[2023-04-30T12:12:18.206+0000] {processor.py:153} INFO - Started process (PID=108) to work on /home/airflow/.local/lib/python3.7/site-packages/airflow/example_dags/example_branch_python_dop_operator_3.py
[2023-04-30T12:12:18.206+0000] {processor.py:743} INFO - Processing file /home/airflow/.local/lib/python3.7/site-packages/airflow/example_dags/example_branch_python_dop_operator_3.py for tasks to queue
[2023-04-30T12:12:18.207+0000] {logging_mixin.py:137} INFO - [2023-04-30T12:12:18.207+0000] {dagbag.py:532} INFO - Filling up the DagBag from /home/airflow/.local/lib/python3.7/site-packages/airflow/example_dags/example_branch_python_dop_operator_3.py
[2023-04-30T12:12:18.225+0000] {processor.py:753} INFO - DAG(s) dict_keys(['example_branch_dop_operator_v3']) retrieved from /home/airflow/.local/lib/python3.7/site-packages/airflow/example_dags/example_branch_python_dop_operator_3.py
[2023-04-30T12:12:18.245+0000] {logging_mixin.py:137} INFO - [2023-04-30T12:12:18.244+0000] {dag.py:2705} INFO - Sync 1 DAGs
[2023-04-30T12:12:18.268+0000] {logging_mixin.py:137} INFO - [2023-04-30T12:12:18.268+0000] {dag.py:3456} INFO - Setting next_dagrun for example_branch_dop_operator_v3 to 2023-04-30T12:11:00+00:00, run_after=2023-04-30T12:12:00+00:00
[2023-04-30T12:12:18.283+0000] {processor.py:175} INFO - Processing /home/airflow/.local/lib/python3.7/site-packages/airflow/example_dags/example_branch_python_dop_operator_3.py took 0.080 seconds
[2023-04-30T12:12:48.644+0000] {processor.py:153} INFO - Started process (PID=158) to work on /home/airflow/.local/lib/python3.7/site-packages/airflow/example_dags/example_branch_python_dop_operator_3.py
[2023-04-30T12:12:48.646+0000] {processor.py:743} INFO - Processing file /home/airflow/.local/lib/python3.7/site-packages/airflow/example_dags/example_branch_python_dop_operator_3.py for tasks to queue
[2023-04-30T12:12:48.646+0000] {logging_mixin.py:137} INFO - [2023-04-30T12:12:48.646+0000] {dagbag.py:532} INFO - Filling up the DagBag from /home/airflow/.local/lib/python3.7/site-packages/airflow/example_dags/example_branch_python_dop_operator_3.py
[2023-04-30T12:12:48.667+0000] {processor.py:753} INFO - DAG(s) dict_keys(['example_branch_dop_operator_v3']) retrieved from /home/airflow/.local/lib/python3.7/site-packages/airflow/example_dags/example_branch_python_dop_operator_3.py
[2023-04-30T12:12:48.692+0000] {logging_mixin.py:137} INFO - [2023-04-30T12:12:48.692+0000] {dag.py:2705} INFO - Sync 1 DAGs
[2023-04-30T12:12:48.720+0000] {logging_mixin.py:137} INFO - [2023-04-30T12:12:48.720+0000] {dag.py:3456} INFO - Setting next_dagrun for example_branch_dop_operator_v3 to 2023-04-30T12:11:00+00:00, run_after=2023-04-30T12:12:00+00:00
[2023-04-30T12:12:48.739+0000] {processor.py:175} INFO - Processing /home/airflow/.local/lib/python3.7/site-packages/airflow/example_dags/example_branch_python_dop_operator_3.py took 0.097 seconds
[2023-04-30T12:13:18.946+0000] {processor.py:153} INFO - Started process (PID=209) to work on /home/airflow/.local/lib/python3.7/site-packages/airflow/example_dags/example_branch_python_dop_operator_3.py
[2023-04-30T12:13:18.946+0000] {processor.py:743} INFO - Processing file /home/airflow/.local/lib/python3.7/site-packages/airflow/example_dags/example_branch_python_dop_operator_3.py for tasks to queue
[2023-04-30T12:13:18.947+0000] {logging_mixin.py:137} INFO - [2023-04-30T12:13:18.947+0000] {dagbag.py:532} INFO - Filling up the DagBag from /home/airflow/.local/lib/python3.7/site-packages/airflow/example_dags/example_branch_python_dop_operator_3.py
[2023-04-30T12:13:18.966+0000] {processor.py:753} INFO - DAG(s) dict_keys(['example_branch_dop_operator_v3']) retrieved from /home/airflow/.local/lib/python3.7/site-packages/airflow/example_dags/example_branch_python_dop_operator_3.py
[2023-04-30T12:13:18.986+0000] {logging_mixin.py:137} INFO - [2023-04-30T12:13:18.986+0000] {dag.py:2705} INFO - Sync 1 DAGs
[2023-04-30T12:13:19.010+0000] {logging_mixin.py:137} INFO - [2023-04-30T12:13:19.010+0000] {dag.py:3456} INFO - Setting next_dagrun for example_branch_dop_operator_v3 to 2023-04-30T12:12:00+00:00, run_after=2023-04-30T12:13:00+00:00
[2023-04-30T12:13:19.025+0000] {processor.py:175} INFO - Processing /home/airflow/.local/lib/python3.7/site-packages/airflow/example_dags/example_branch_python_dop_operator_3.py took 0.082 seconds
[2023-04-30T12:13:49.109+0000] {processor.py:153} INFO - Started process (PID=259) to work on /home/airflow/.local/lib/python3.7/site-packages/airflow/example_dags/example_branch_python_dop_operator_3.py
[2023-04-30T12:13:49.110+0000] {processor.py:743} INFO - Processing file /home/airflow/.local/lib/python3.7/site-packages/airflow/example_dags/example_branch_python_dop_operator_3.py for tasks to queue
[2023-04-30T12:13:49.110+0000] {logging_mixin.py:137} INFO - [2023-04-30T12:13:49.110+0000] {dagbag.py:532} INFO - Filling up the DagBag from /home/airflow/.local/lib/python3.7/site-packages/airflow/example_dags/example_branch_python_dop_operator_3.py
[2023-04-30T12:13:49.136+0000] {processor.py:753} INFO - DAG(s) dict_keys(['example_branch_dop_operator_v3']) retrieved from /home/airflow/.local/lib/python3.7/site-packages/airflow/example_dags/example_branch_python_dop_operator_3.py
[2023-04-30T12:13:49.158+0000] {logging_mixin.py:137} INFO - [2023-04-30T12:13:49.158+0000] {dag.py:2705} INFO - Sync 1 DAGs
[2023-04-30T12:13:49.184+0000] {logging_mixin.py:137} INFO - [2023-04-30T12:13:49.183+0000] {dag.py:3456} INFO - Setting next_dagrun for example_branch_dop_operator_v3 to 2023-04-30T12:12:00+00:00, run_after=2023-04-30T12:13:00+00:00
[2023-04-30T12:13:49.198+0000] {processor.py:175} INFO - Processing /home/airflow/.local/lib/python3.7/site-packages/airflow/example_dags/example_branch_python_dop_operator_3.py took 0.091 seconds
[2023-04-30T12:14:19.371+0000] {processor.py:153} INFO - Started process (PID=309) to work on /home/airflow/.local/lib/python3.7/site-packages/airflow/example_dags/example_branch_python_dop_operator_3.py
[2023-04-30T12:14:19.372+0000] {processor.py:743} INFO - Processing file /home/airflow/.local/lib/python3.7/site-packages/airflow/example_dags/example_branch_python_dop_operator_3.py for tasks to queue
[2023-04-30T12:14:19.372+0000] {logging_mixin.py:137} INFO - [2023-04-30T12:14:19.372+0000] {dagbag.py:532} INFO - Filling up the DagBag from /home/airflow/.local/lib/python3.7/site-packages/airflow/example_dags/example_branch_python_dop_operator_3.py
[2023-04-30T12:14:19.391+0000] {processor.py:753} INFO - DAG(s) dict_keys(['example_branch_dop_operator_v3']) retrieved from /home/airflow/.local/lib/python3.7/site-packages/airflow/example_dags/example_branch_python_dop_operator_3.py
[2023-04-30T12:14:19.411+0000] {logging_mixin.py:137} INFO - [2023-04-30T12:14:19.411+0000] {dag.py:2705} INFO - Sync 1 DAGs
[2023-04-30T12:14:19.435+0000] {logging_mixin.py:137} INFO - [2023-04-30T12:14:19.435+0000] {dag.py:3456} INFO - Setting next_dagrun for example_branch_dop_operator_v3 to 2023-04-30T12:13:00+00:00, run_after=2023-04-30T12:14:00+00:00
[2023-04-30T12:14:19.449+0000] {processor.py:175} INFO - Processing /home/airflow/.local/lib/python3.7/site-packages/airflow/example_dags/example_branch_python_dop_operator_3.py took 0.081 seconds
[2023-04-30T12:14:49.639+0000] {processor.py:153} INFO - Started process (PID=359) to work on /home/airflow/.local/lib/python3.7/site-packages/airflow/example_dags/example_branch_python_dop_operator_3.py
[2023-04-30T12:14:49.640+0000] {processor.py:743} INFO - Processing file /home/airflow/.local/lib/python3.7/site-packages/airflow/example_dags/example_branch_python_dop_operator_3.py for tasks to queue
[2023-04-30T12:14:49.640+0000] {logging_mixin.py:137} INFO - [2023-04-30T12:14:49.640+0000] {dagbag.py:532} INFO - Filling up the DagBag from /home/airflow/.local/lib/python3.7/site-packages/airflow/example_dags/example_branch_python_dop_operator_3.py
[2023-04-30T12:14:49.658+0000] {processor.py:753} INFO - DAG(s) dict_keys(['example_branch_dop_operator_v3']) retrieved from /home/airflow/.local/lib/python3.7/site-packages/airflow/example_dags/example_branch_python_dop_operator_3.py
[2023-04-30T12:14:49.679+0000] {logging_mixin.py:137} INFO - [2023-04-30T12:14:49.679+0000] {dag.py:2705} INFO - Sync 1 DAGs
[2023-04-30T12:14:49.702+0000] {logging_mixin.py:137} INFO - [2023-04-30T12:14:49.702+0000] {dag.py:3456} INFO - Setting next_dagrun for example_branch_dop_operator_v3 to 2023-04-30T12:13:00+00:00, run_after=2023-04-30T12:14:00+00:00
[2023-04-30T12:14:49.716+0000] {processor.py:175} INFO - Processing /home/airflow/.local/lib/python3.7/site-packages/airflow/example_dags/example_branch_python_dop_operator_3.py took 0.079 seconds
[2023-04-30T12:15:20.146+0000] {processor.py:153} INFO - Started process (PID=409) to work on /home/airflow/.local/lib/python3.7/site-packages/airflow/example_dags/example_branch_python_dop_operator_3.py
[2023-04-30T12:15:20.146+0000] {processor.py:743} INFO - Processing file /home/airflow/.local/lib/python3.7/site-packages/airflow/example_dags/example_branch_python_dop_operator_3.py for tasks to queue
[2023-04-30T12:15:20.147+0000] {logging_mixin.py:137} INFO - [2023-04-30T12:15:20.147+0000] {dagbag.py:532} INFO - Filling up the DagBag from /home/airflow/.local/lib/python3.7/site-packages/airflow/example_dags/example_branch_python_dop_operator_3.py
[2023-04-30T12:15:20.166+0000] {processor.py:753} INFO - DAG(s) dict_keys(['example_branch_dop_operator_v3']) retrieved from /home/airflow/.local/lib/python3.7/site-packages/airflow/example_dags/example_branch_python_dop_operator_3.py
[2023-04-30T12:15:20.187+0000] {logging_mixin.py:137} INFO - [2023-04-30T12:15:20.186+0000] {dag.py:2705} INFO - Sync 1 DAGs
[2023-04-30T12:15:20.211+0000] {logging_mixin.py:137} INFO - [2023-04-30T12:15:20.210+0000] {dag.py:3456} INFO - Setting next_dagrun for example_branch_dop_operator_v3 to 2023-04-30T12:14:00+00:00, run_after=2023-04-30T12:15:00+00:00
[2023-04-30T12:15:20.225+0000] {processor.py:175} INFO - Processing /home/airflow/.local/lib/python3.7/site-packages/airflow/example_dags/example_branch_python_dop_operator_3.py took 0.083 seconds
[2023-04-30T12:15:50.564+0000] {processor.py:153} INFO - Started process (PID=459) to work on /home/airflow/.local/lib/python3.7/site-packages/airflow/example_dags/example_branch_python_dop_operator_3.py
[2023-04-30T12:15:50.564+0000] {processor.py:743} INFO - Processing file /home/airflow/.local/lib/python3.7/site-packages/airflow/example_dags/example_branch_python_dop_operator_3.py for tasks to queue
[2023-04-30T12:15:50.565+0000] {logging_mixin.py:137} INFO - [2023-04-30T12:15:50.565+0000] {dagbag.py:532} INFO - Filling up the DagBag from /home/airflow/.local/lib/python3.7/site-packages/airflow/example_dags/example_branch_python_dop_operator_3.py
[2023-04-30T12:15:50.584+0000] {processor.py:753} INFO - DAG(s) dict_keys(['example_branch_dop_operator_v3']) retrieved from /home/airflow/.local/lib/python3.7/site-packages/airflow/example_dags/example_branch_python_dop_operator_3.py
[2023-04-30T12:15:50.605+0000] {logging_mixin.py:137} INFO - [2023-04-30T12:15:50.605+0000] {dag.py:2705} INFO - Sync 1 DAGs
[2023-04-30T12:15:50.630+0000] {logging_mixin.py:137} INFO - [2023-04-30T12:15:50.630+0000] {dag.py:3456} INFO - Setting next_dagrun for example_branch_dop_operator_v3 to 2023-04-30T12:14:00+00:00, run_after=2023-04-30T12:15:00+00:00
[2023-04-30T12:15:50.645+0000] {processor.py:175} INFO - Processing /home/airflow/.local/lib/python3.7/site-packages/airflow/example_dags/example_branch_python_dop_operator_3.py took 0.084 seconds
[2023-04-30T12:16:21.277+0000] {processor.py:153} INFO - Started process (PID=509) to work on /home/airflow/.local/lib/python3.7/site-packages/airflow/example_dags/example_branch_python_dop_operator_3.py
[2023-04-30T12:16:21.277+0000] {processor.py:743} INFO - Processing file /home/airflow/.local/lib/python3.7/site-packages/airflow/example_dags/example_branch_python_dop_operator_3.py for tasks to queue
[2023-04-30T12:16:21.278+0000] {logging_mixin.py:137} INFO - [2023-04-30T12:16:21.278+0000] {dagbag.py:532} INFO - Filling up the DagBag from /home/airflow/.local/lib/python3.7/site-packages/airflow/example_dags/example_branch_python_dop_operator_3.py
[2023-04-30T12:16:21.299+0000] {processor.py:753} INFO - DAG(s) dict_keys(['example_branch_dop_operator_v3']) retrieved from /home/airflow/.local/lib/python3.7/site-packages/airflow/example_dags/example_branch_python_dop_operator_3.py
[2023-04-30T12:16:21.326+0000] {logging_mixin.py:137} INFO - [2023-04-30T12:16:21.326+0000] {dag.py:2705} INFO - Sync 1 DAGs
[2023-04-30T12:16:21.353+0000] {logging_mixin.py:137} INFO - [2023-04-30T12:16:21.352+0000] {dag.py:3456} INFO - Setting next_dagrun for example_branch_dop_operator_v3 to 2023-04-30T12:15:00+00:00, run_after=2023-04-30T12:16:00+00:00
[2023-04-30T12:16:21.370+0000] {processor.py:175} INFO - Processing /home/airflow/.local/lib/python3.7/site-packages/airflow/example_dags/example_branch_python_dop_operator_3.py took 0.096 seconds
[2023-04-30T12:16:51.669+0000] {processor.py:153} INFO - Started process (PID=559) to work on /home/airflow/.local/lib/python3.7/site-packages/airflow/example_dags/example_branch_python_dop_operator_3.py
[2023-04-30T12:16:51.669+0000] {processor.py:743} INFO - Processing file /home/airflow/.local/lib/python3.7/site-packages/airflow/example_dags/example_branch_python_dop_operator_3.py for tasks to queue
[2023-04-30T12:16:51.670+0000] {logging_mixin.py:137} INFO - [2023-04-30T12:16:51.670+0000] {dagbag.py:532} INFO - Filling up the DagBag from /home/airflow/.local/lib/python3.7/site-packages/airflow/example_dags/example_branch_python_dop_operator_3.py
[2023-04-30T12:16:51.688+0000] {processor.py:753} INFO - DAG(s) dict_keys(['example_branch_dop_operator_v3']) retrieved from /home/airflow/.local/lib/python3.7/site-packages/airflow/example_dags/example_branch_python_dop_operator_3.py
[2023-04-30T12:16:51.708+0000] {logging_mixin.py:137} INFO - [2023-04-30T12:16:51.708+0000] {dag.py:2705} INFO - Sync 1 DAGs
[2023-04-30T12:16:51.731+0000] {logging_mixin.py:137} INFO - [2023-04-30T12:16:51.731+0000] {dag.py:3456} INFO - Setting next_dagrun for example_branch_dop_operator_v3 to 2023-04-30T12:15:00+00:00, run_after=2023-04-30T12:16:00+00:00
[2023-04-30T12:16:51.745+0000] {processor.py:175} INFO - Processing /home/airflow/.local/lib/python3.7/site-packages/airflow/example_dags/example_branch_python_dop_operator_3.py took 0.079 seconds
[2023-04-30T12:17:22.021+0000] {processor.py:153} INFO - Started process (PID=609) to work on /home/airflow/.local/lib/python3.7/site-packages/airflow/example_dags/example_branch_python_dop_operator_3.py
[2023-04-30T12:17:22.022+0000] {processor.py:743} INFO - Processing file /home/airflow/.local/lib/python3.7/site-packages/airflow/example_dags/example_branch_python_dop_operator_3.py for tasks to queue
[2023-04-30T12:17:22.022+0000] {logging_mixin.py:137} INFO - [2023-04-30T12:17:22.022+0000] {dagbag.py:532} INFO - Filling up the DagBag from /home/airflow/.local/lib/python3.7/site-packages/airflow/example_dags/example_branch_python_dop_operator_3.py
[2023-04-30T12:17:22.041+0000] {processor.py:753} INFO - DAG(s) dict_keys(['example_branch_dop_operator_v3']) retrieved from /home/airflow/.local/lib/python3.7/site-packages/airflow/example_dags/example_branch_python_dop_operator_3.py
[2023-04-30T12:17:22.061+0000] {logging_mixin.py:137} INFO - [2023-04-30T12:17:22.061+0000] {dag.py:2705} INFO - Sync 1 DAGs
[2023-04-30T12:17:22.086+0000] {logging_mixin.py:137} INFO - [2023-04-30T12:17:22.086+0000] {dag.py:3456} INFO - Setting next_dagrun for example_branch_dop_operator_v3 to 2023-04-30T12:16:00+00:00, run_after=2023-04-30T12:17:00+00:00
[2023-04-30T12:17:22.101+0000] {processor.py:175} INFO - Processing /home/airflow/.local/lib/python3.7/site-packages/airflow/example_dags/example_branch_python_dop_operator_3.py took 0.082 seconds
[2023-04-30T12:17:52.267+0000] {processor.py:153} INFO - Started process (PID=658) to work on /home/airflow/.local/lib/python3.7/site-packages/airflow/example_dags/example_branch_python_dop_operator_3.py
[2023-04-30T12:17:52.268+0000] {processor.py:743} INFO - Processing file /home/airflow/.local/lib/python3.7/site-packages/airflow/example_dags/example_branch_python_dop_operator_3.py for tasks to queue
[2023-04-30T12:17:52.268+0000] {logging_mixin.py:137} INFO - [2023-04-30T12:17:52.268+0000] {dagbag.py:532} INFO - Filling up the DagBag from /home/airflow/.local/lib/python3.7/site-packages/airflow/example_dags/example_branch_python_dop_operator_3.py
[2023-04-30T12:17:52.287+0000] {processor.py:753} INFO - DAG(s) dict_keys(['example_branch_dop_operator_v3']) retrieved from /home/airflow/.local/lib/python3.7/site-packages/airflow/example_dags/example_branch_python_dop_operator_3.py
[2023-04-30T12:17:52.307+0000] {logging_mixin.py:137} INFO - [2023-04-30T12:17:52.307+0000] {dag.py:2705} INFO - Sync 1 DAGs
[2023-04-30T12:17:52.331+0000] {logging_mixin.py:137} INFO - [2023-04-30T12:17:52.331+0000] {dag.py:3456} INFO - Setting next_dagrun for example_branch_dop_operator_v3 to 2023-04-30T12:16:00+00:00, run_after=2023-04-30T12:17:00+00:00
[2023-04-30T12:17:52.345+0000] {processor.py:175} INFO - Processing /home/airflow/.local/lib/python3.7/site-packages/airflow/example_dags/example_branch_python_dop_operator_3.py took 0.080 seconds
[2023-04-30T12:18:22.594+0000] {processor.py:153} INFO - Started process (PID=709) to work on /home/airflow/.local/lib/python3.7/site-packages/airflow/example_dags/example_branch_python_dop_operator_3.py
[2023-04-30T12:18:22.595+0000] {processor.py:743} INFO - Processing file /home/airflow/.local/lib/python3.7/site-packages/airflow/example_dags/example_branch_python_dop_operator_3.py for tasks to queue
[2023-04-30T12:18:22.595+0000] {logging_mixin.py:137} INFO - [2023-04-30T12:18:22.595+0000] {dagbag.py:532} INFO - Filling up the DagBag from /home/airflow/.local/lib/python3.7/site-packages/airflow/example_dags/example_branch_python_dop_operator_3.py
[2023-04-30T12:18:22.614+0000] {processor.py:753} INFO - DAG(s) dict_keys(['example_branch_dop_operator_v3']) retrieved from /home/airflow/.local/lib/python3.7/site-packages/airflow/example_dags/example_branch_python_dop_operator_3.py
[2023-04-30T12:18:22.634+0000] {logging_mixin.py:137} INFO - [2023-04-30T12:18:22.633+0000] {dag.py:2705} INFO - Sync 1 DAGs
[2023-04-30T12:18:22.657+0000] {logging_mixin.py:137} INFO - [2023-04-30T12:18:22.657+0000] {dag.py:3456} INFO - Setting next_dagrun for example_branch_dop_operator_v3 to 2023-04-30T12:17:00+00:00, run_after=2023-04-30T12:18:00+00:00
[2023-04-30T12:18:22.671+0000] {processor.py:175} INFO - Processing /home/airflow/.local/lib/python3.7/site-packages/airflow/example_dags/example_branch_python_dop_operator_3.py took 0.080 seconds
[2023-04-30T12:18:52.977+0000] {processor.py:153} INFO - Started process (PID=759) to work on /home/airflow/.local/lib/python3.7/site-packages/airflow/example_dags/example_branch_python_dop_operator_3.py
[2023-04-30T12:18:52.977+0000] {processor.py:743} INFO - Processing file /home/airflow/.local/lib/python3.7/site-packages/airflow/example_dags/example_branch_python_dop_operator_3.py for tasks to queue
[2023-04-30T12:18:52.978+0000] {logging_mixin.py:137} INFO - [2023-04-30T12:18:52.978+0000] {dagbag.py:532} INFO - Filling up the DagBag from /home/airflow/.local/lib/python3.7/site-packages/airflow/example_dags/example_branch_python_dop_operator_3.py
[2023-04-30T12:18:52.996+0000] {processor.py:753} INFO - DAG(s) dict_keys(['example_branch_dop_operator_v3']) retrieved from /home/airflow/.local/lib/python3.7/site-packages/airflow/example_dags/example_branch_python_dop_operator_3.py
[2023-04-30T12:18:53.016+0000] {logging_mixin.py:137} INFO - [2023-04-30T12:18:53.016+0000] {dag.py:2705} INFO - Sync 1 DAGs
[2023-04-30T12:18:53.039+0000] {logging_mixin.py:137} INFO - [2023-04-30T12:18:53.039+0000] {dag.py:3456} INFO - Setting next_dagrun for example_branch_dop_operator_v3 to 2023-04-30T12:17:00+00:00, run_after=2023-04-30T12:18:00+00:00
[2023-04-30T12:18:53.054+0000] {processor.py:175} INFO - Processing /home/airflow/.local/lib/python3.7/site-packages/airflow/example_dags/example_branch_python_dop_operator_3.py took 0.080 seconds
[2023-04-30T12:19:23.504+0000] {processor.py:153} INFO - Started process (PID=809) to work on /home/airflow/.local/lib/python3.7/site-packages/airflow/example_dags/example_branch_python_dop_operator_3.py
[2023-04-30T12:19:23.505+0000] {processor.py:743} INFO - Processing file /home/airflow/.local/lib/python3.7/site-packages/airflow/example_dags/example_branch_python_dop_operator_3.py for tasks to queue
[2023-04-30T12:19:23.505+0000] {logging_mixin.py:137} INFO - [2023-04-30T12:19:23.505+0000] {dagbag.py:532} INFO - Filling up the DagBag from /home/airflow/.local/lib/python3.7/site-packages/airflow/example_dags/example_branch_python_dop_operator_3.py
[2023-04-30T12:19:23.524+0000] {processor.py:753} INFO - DAG(s) dict_keys(['example_branch_dop_operator_v3']) retrieved from /home/airflow/.local/lib/python3.7/site-packages/airflow/example_dags/example_branch_python_dop_operator_3.py
[2023-04-30T12:19:23.545+0000] {logging_mixin.py:137} INFO - [2023-04-30T12:19:23.545+0000] {dag.py:2705} INFO - Sync 1 DAGs
[2023-04-30T12:19:23.569+0000] {logging_mixin.py:137} INFO - [2023-04-30T12:19:23.569+0000] {dag.py:3456} INFO - Setting next_dagrun for example_branch_dop_operator_v3 to 2023-04-30T12:18:00+00:00, run_after=2023-04-30T12:19:00+00:00
[2023-04-30T12:19:23.583+0000] {processor.py:175} INFO - Processing /home/airflow/.local/lib/python3.7/site-packages/airflow/example_dags/example_branch_python_dop_operator_3.py took 0.082 seconds
[2023-04-30T12:19:53.826+0000] {processor.py:153} INFO - Started process (PID=859) to work on /home/airflow/.local/lib/python3.7/site-packages/airflow/example_dags/example_branch_python_dop_operator_3.py
[2023-04-30T12:19:53.826+0000] {processor.py:743} INFO - Processing file /home/airflow/.local/lib/python3.7/site-packages/airflow/example_dags/example_branch_python_dop_operator_3.py for tasks to queue
[2023-04-30T12:19:53.827+0000] {logging_mixin.py:137} INFO - [2023-04-30T12:19:53.827+0000] {dagbag.py:532} INFO - Filling up the DagBag from /home/airflow/.local/lib/python3.7/site-packages/airflow/example_dags/example_branch_python_dop_operator_3.py
[2023-04-30T12:19:53.845+0000] {processor.py:753} INFO - DAG(s) dict_keys(['example_branch_dop_operator_v3']) retrieved from /home/airflow/.local/lib/python3.7/site-packages/airflow/example_dags/example_branch_python_dop_operator_3.py
[2023-04-30T12:19:53.865+0000] {logging_mixin.py:137} INFO - [2023-04-30T12:19:53.865+0000] {dag.py:2705} INFO - Sync 1 DAGs
[2023-04-30T12:19:53.888+0000] {logging_mixin.py:137} INFO - [2023-04-30T12:19:53.888+0000] {dag.py:3456} INFO - Setting next_dagrun for example_branch_dop_operator_v3 to 2023-04-30T12:18:00+00:00, run_after=2023-04-30T12:19:00+00:00
[2023-04-30T12:19:53.902+0000] {processor.py:175} INFO - Processing /home/airflow/.local/lib/python3.7/site-packages/airflow/example_dags/example_branch_python_dop_operator_3.py took 0.079 seconds
[2023-04-30T12:20:24.011+0000] {processor.py:153} INFO - Started process (PID=909) to work on /home/airflow/.local/lib/python3.7/site-packages/airflow/example_dags/example_branch_python_dop_operator_3.py
[2023-04-30T12:20:24.012+0000] {processor.py:743} INFO - Processing file /home/airflow/.local/lib/python3.7/site-packages/airflow/example_dags/example_branch_python_dop_operator_3.py for tasks to queue
[2023-04-30T12:20:24.012+0000] {logging_mixin.py:137} INFO - [2023-04-30T12:20:24.012+0000] {dagbag.py:532} INFO - Filling up the DagBag from /home/airflow/.local/lib/python3.7/site-packages/airflow/example_dags/example_branch_python_dop_operator_3.py
[2023-04-30T12:20:24.031+0000] {processor.py:753} INFO - DAG(s) dict_keys(['example_branch_dop_operator_v3']) retrieved from /home/airflow/.local/lib/python3.7/site-packages/airflow/example_dags/example_branch_python_dop_operator_3.py
[2023-04-30T12:20:24.051+0000] {logging_mixin.py:137} INFO - [2023-04-30T12:20:24.051+0000] {dag.py:2705} INFO - Sync 1 DAGs
[2023-04-30T12:20:24.073+0000] {logging_mixin.py:137} INFO - [2023-04-30T12:20:24.073+0000] {dag.py:3456} INFO - Setting next_dagrun for example_branch_dop_operator_v3 to 2023-04-30T12:19:00+00:00, run_after=2023-04-30T12:20:00+00:00
[2023-04-30T12:20:24.087+0000] {processor.py:175} INFO - Processing /home/airflow/.local/lib/python3.7/site-packages/airflow/example_dags/example_branch_python_dop_operator_3.py took 0.079 seconds
[2023-04-30T12:20:54.341+0000] {processor.py:153} INFO - Started process (PID=959) to work on /home/airflow/.local/lib/python3.7/site-packages/airflow/example_dags/example_branch_python_dop_operator_3.py
[2023-04-30T12:20:54.341+0000] {processor.py:743} INFO - Processing file /home/airflow/.local/lib/python3.7/site-packages/airflow/example_dags/example_branch_python_dop_operator_3.py for tasks to queue
[2023-04-30T12:20:54.342+0000] {logging_mixin.py:137} INFO - [2023-04-30T12:20:54.342+0000] {dagbag.py:532} INFO - Filling up the DagBag from /home/airflow/.local/lib/python3.7/site-packages/airflow/example_dags/example_branch_python_dop_operator_3.py
[2023-04-30T12:20:54.360+0000] {processor.py:753} INFO - DAG(s) dict_keys(['example_branch_dop_operator_v3']) retrieved from /home/airflow/.local/lib/python3.7/site-packages/airflow/example_dags/example_branch_python_dop_operator_3.py
[2023-04-30T12:20:54.380+0000] {logging_mixin.py:137} INFO - [2023-04-30T12:20:54.380+0000] {dag.py:2705} INFO - Sync 1 DAGs
[2023-04-30T12:20:54.403+0000] {logging_mixin.py:137} INFO - [2023-04-30T12:20:54.402+0000] {dag.py:3456} INFO - Setting next_dagrun for example_branch_dop_operator_v3 to 2023-04-30T12:19:00+00:00, run_after=2023-04-30T12:20:00+00:00
[2023-04-30T12:20:54.418+0000] {processor.py:175} INFO - Processing /home/airflow/.local/lib/python3.7/site-packages/airflow/example_dags/example_branch_python_dop_operator_3.py took 0.080 seconds
[2023-04-30T12:21:24.626+0000] {processor.py:153} INFO - Started process (PID=1009) to work on /home/airflow/.local/lib/python3.7/site-packages/airflow/example_dags/example_branch_python_dop_operator_3.py
[2023-04-30T12:21:24.626+0000] {processor.py:743} INFO - Processing file /home/airflow/.local/lib/python3.7/site-packages/airflow/example_dags/example_branch_python_dop_operator_3.py for tasks to queue
[2023-04-30T12:21:24.627+0000] {logging_mixin.py:137} INFO - [2023-04-30T12:21:24.627+0000] {dagbag.py:532} INFO - Filling up the DagBag from /home/airflow/.local/lib/python3.7/site-packages/airflow/example_dags/example_branch_python_dop_operator_3.py
[2023-04-30T12:21:24.645+0000] {processor.py:753} INFO - DAG(s) dict_keys(['example_branch_dop_operator_v3']) retrieved from /home/airflow/.local/lib/python3.7/site-packages/airflow/example_dags/example_branch_python_dop_operator_3.py
[2023-04-30T12:21:24.666+0000] {logging_mixin.py:137} INFO - [2023-04-30T12:21:24.666+0000] {dag.py:2705} INFO - Sync 1 DAGs
[2023-04-30T12:21:24.691+0000] {logging_mixin.py:137} INFO - [2023-04-30T12:21:24.691+0000] {dag.py:3456} INFO - Setting next_dagrun for example_branch_dop_operator_v3 to 2023-04-30T12:20:00+00:00, run_after=2023-04-30T12:21:00+00:00
[2023-04-30T12:21:24.706+0000] {processor.py:175} INFO - Processing /home/airflow/.local/lib/python3.7/site-packages/airflow/example_dags/example_branch_python_dop_operator_3.py took 0.083 seconds
[2023-04-30T12:21:54.984+0000] {processor.py:153} INFO - Started process (PID=1059) to work on /home/airflow/.local/lib/python3.7/site-packages/airflow/example_dags/example_branch_python_dop_operator_3.py
[2023-04-30T12:21:54.986+0000] {processor.py:743} INFO - Processing file /home/airflow/.local/lib/python3.7/site-packages/airflow/example_dags/example_branch_python_dop_operator_3.py for tasks to queue
[2023-04-30T12:21:54.988+0000] {logging_mixin.py:137} INFO - [2023-04-30T12:21:54.988+0000] {dagbag.py:532} INFO - Filling up the DagBag from /home/airflow/.local/lib/python3.7/site-packages/airflow/example_dags/example_branch_python_dop_operator_3.py
[2023-04-30T12:21:55.020+0000] {processor.py:753} INFO - DAG(s) dict_keys(['example_branch_dop_operator_v3']) retrieved from /home/airflow/.local/lib/python3.7/site-packages/airflow/example_dags/example_branch_python_dop_operator_3.py
[2023-04-30T12:21:55.057+0000] {logging_mixin.py:137} INFO - [2023-04-30T12:21:55.057+0000] {dag.py:2705} INFO - Sync 1 DAGs
[2023-04-30T12:21:55.087+0000] {logging_mixin.py:137} INFO - [2023-04-30T12:21:55.087+0000] {dag.py:3456} INFO - Setting next_dagrun for example_branch_dop_operator_v3 to 2023-04-30T12:20:00+00:00, run_after=2023-04-30T12:21:00+00:00
[2023-04-30T12:21:55.106+0000] {processor.py:175} INFO - Processing /home/airflow/.local/lib/python3.7/site-packages/airflow/example_dags/example_branch_python_dop_operator_3.py took 0.127 seconds
[2023-04-30T12:22:25.312+0000] {processor.py:153} INFO - Started process (PID=1109) to work on /home/airflow/.local/lib/python3.7/site-packages/airflow/example_dags/example_branch_python_dop_operator_3.py
[2023-04-30T12:22:25.313+0000] {processor.py:743} INFO - Processing file /home/airflow/.local/lib/python3.7/site-packages/airflow/example_dags/example_branch_python_dop_operator_3.py for tasks to queue
[2023-04-30T12:22:25.313+0000] {logging_mixin.py:137} INFO - [2023-04-30T12:22:25.313+0000] {dagbag.py:532} INFO - Filling up the DagBag from /home/airflow/.local/lib/python3.7/site-packages/airflow/example_dags/example_branch_python_dop_operator_3.py
[2023-04-30T12:22:25.332+0000] {processor.py:753} INFO - DAG(s) dict_keys(['example_branch_dop_operator_v3']) retrieved from /home/airflow/.local/lib/python3.7/site-packages/airflow/example_dags/example_branch_python_dop_operator_3.py
[2023-04-30T12:22:25.352+0000] {logging_mixin.py:137} INFO - [2023-04-30T12:22:25.352+0000] {dag.py:2705} INFO - Sync 1 DAGs
[2023-04-30T12:22:25.376+0000] {logging_mixin.py:137} INFO - [2023-04-30T12:22:25.376+0000] {dag.py:3456} INFO - Setting next_dagrun for example_branch_dop_operator_v3 to 2023-04-30T12:21:00+00:00, run_after=2023-04-30T12:22:00+00:00
[2023-04-30T12:22:25.394+0000] {processor.py:175} INFO - Processing /home/airflow/.local/lib/python3.7/site-packages/airflow/example_dags/example_branch_python_dop_operator_3.py took 0.085 seconds
