[2023-04-30T12:11:47.735+0000] {processor.py:153} INFO - Started process (PID=52) to work on /home/airflow/.local/lib/python3.7/site-packages/airflow/example_dags/example_complex.py
[2023-04-30T12:11:47.736+0000] {processor.py:743} INFO - Processing file /home/airflow/.local/lib/python3.7/site-packages/airflow/example_dags/example_complex.py for tasks to queue
[2023-04-30T12:11:47.737+0000] {logging_mixin.py:137} INFO - [2023-04-30T12:11:47.737+0000] {dagbag.py:532} INFO - Filling up the DagBag from /home/airflow/.local/lib/python3.7/site-packages/airflow/example_dags/example_complex.py
[2023-04-30T12:11:47.754+0000] {logging_mixin.py:137} INFO - [2023-04-30T12:11:47.754+0000] {taskmixin.py:211} WARNING - Dependency <Task(BashOperator): create_entry_group>, delete_entry_group already registered for DAG: example_complex
[2023-04-30T12:11:47.754+0000] {logging_mixin.py:137} INFO - [2023-04-30T12:11:47.754+0000] {taskmixin.py:211} WARNING - Dependency <Task(BashOperator): delete_entry_group>, create_entry_group already registered for DAG: example_complex
[2023-04-30T12:11:47.755+0000] {logging_mixin.py:137} INFO - [2023-04-30T12:11:47.755+0000] {taskmixin.py:211} WARNING - Dependency <Task(BashOperator): create_entry_gcs>, delete_entry already registered for DAG: example_complex
[2023-04-30T12:11:47.755+0000] {logging_mixin.py:137} INFO - [2023-04-30T12:11:47.755+0000] {taskmixin.py:211} WARNING - Dependency <Task(BashOperator): delete_entry>, create_entry_gcs already registered for DAG: example_complex
[2023-04-30T12:11:47.756+0000] {logging_mixin.py:137} INFO - [2023-04-30T12:11:47.756+0000] {taskmixin.py:211} WARNING - Dependency <Task(BashOperator): create_tag>, delete_tag already registered for DAG: example_complex
[2023-04-30T12:11:47.756+0000] {logging_mixin.py:137} INFO - [2023-04-30T12:11:47.756+0000] {taskmixin.py:211} WARNING - Dependency <Task(BashOperator): delete_tag>, create_tag already registered for DAG: example_complex
[2023-04-30T12:11:47.767+0000] {processor.py:753} INFO - DAG(s) dict_keys(['example_complex']) retrieved from /home/airflow/.local/lib/python3.7/site-packages/airflow/example_dags/example_complex.py
[2023-04-30T12:11:47.785+0000] {logging_mixin.py:137} INFO - [2023-04-30T12:11:47.785+0000] {dag.py:2705} INFO - Sync 1 DAGs
[2023-04-30T12:11:47.813+0000] {logging_mixin.py:137} INFO - [2023-04-30T12:11:47.813+0000] {dag.py:3456} INFO - Setting next_dagrun for example_complex to None, run_after=None
[2023-04-30T12:11:47.836+0000] {processor.py:175} INFO - Processing /home/airflow/.local/lib/python3.7/site-packages/airflow/example_dags/example_complex.py took 0.105 seconds
[2023-04-30T12:12:17.932+0000] {processor.py:153} INFO - Started process (PID=102) to work on /home/airflow/.local/lib/python3.7/site-packages/airflow/example_dags/example_complex.py
[2023-04-30T12:12:17.933+0000] {processor.py:743} INFO - Processing file /home/airflow/.local/lib/python3.7/site-packages/airflow/example_dags/example_complex.py for tasks to queue
[2023-04-30T12:12:17.933+0000] {logging_mixin.py:137} INFO - [2023-04-30T12:12:17.933+0000] {dagbag.py:532} INFO - Filling up the DagBag from /home/airflow/.local/lib/python3.7/site-packages/airflow/example_dags/example_complex.py
[2023-04-30T12:12:17.943+0000] {logging_mixin.py:137} INFO - [2023-04-30T12:12:17.943+0000] {taskmixin.py:211} WARNING - Dependency <Task(BashOperator): create_entry_group>, delete_entry_group already registered for DAG: example_complex
[2023-04-30T12:12:17.943+0000] {logging_mixin.py:137} INFO - [2023-04-30T12:12:17.943+0000] {taskmixin.py:211} WARNING - Dependency <Task(BashOperator): delete_entry_group>, create_entry_group already registered for DAG: example_complex
[2023-04-30T12:12:17.943+0000] {logging_mixin.py:137} INFO - [2023-04-30T12:12:17.943+0000] {taskmixin.py:211} WARNING - Dependency <Task(BashOperator): create_entry_gcs>, delete_entry already registered for DAG: example_complex
[2023-04-30T12:12:17.943+0000] {logging_mixin.py:137} INFO - [2023-04-30T12:12:17.943+0000] {taskmixin.py:211} WARNING - Dependency <Task(BashOperator): delete_entry>, create_entry_gcs already registered for DAG: example_complex
[2023-04-30T12:12:17.944+0000] {logging_mixin.py:137} INFO - [2023-04-30T12:12:17.944+0000] {taskmixin.py:211} WARNING - Dependency <Task(BashOperator): create_tag>, delete_tag already registered for DAG: example_complex
[2023-04-30T12:12:17.944+0000] {logging_mixin.py:137} INFO - [2023-04-30T12:12:17.944+0000] {taskmixin.py:211} WARNING - Dependency <Task(BashOperator): delete_tag>, create_tag already registered for DAG: example_complex
[2023-04-30T12:12:17.949+0000] {processor.py:753} INFO - DAG(s) dict_keys(['example_complex']) retrieved from /home/airflow/.local/lib/python3.7/site-packages/airflow/example_dags/example_complex.py
[2023-04-30T12:12:17.977+0000] {logging_mixin.py:137} INFO - [2023-04-30T12:12:17.977+0000] {dag.py:2705} INFO - Sync 1 DAGs
[2023-04-30T12:12:17.997+0000] {logging_mixin.py:137} INFO - [2023-04-30T12:12:17.997+0000] {dag.py:3456} INFO - Setting next_dagrun for example_complex to None, run_after=None
[2023-04-30T12:12:18.011+0000] {processor.py:175} INFO - Processing /home/airflow/.local/lib/python3.7/site-packages/airflow/example_dags/example_complex.py took 0.081 seconds
[2023-04-30T12:12:48.333+0000] {processor.py:153} INFO - Started process (PID=152) to work on /home/airflow/.local/lib/python3.7/site-packages/airflow/example_dags/example_complex.py
[2023-04-30T12:12:48.334+0000] {processor.py:743} INFO - Processing file /home/airflow/.local/lib/python3.7/site-packages/airflow/example_dags/example_complex.py for tasks to queue
[2023-04-30T12:12:48.334+0000] {logging_mixin.py:137} INFO - [2023-04-30T12:12:48.334+0000] {dagbag.py:532} INFO - Filling up the DagBag from /home/airflow/.local/lib/python3.7/site-packages/airflow/example_dags/example_complex.py
[2023-04-30T12:12:48.344+0000] {logging_mixin.py:137} INFO - [2023-04-30T12:12:48.343+0000] {taskmixin.py:211} WARNING - Dependency <Task(BashOperator): create_entry_group>, delete_entry_group already registered for DAG: example_complex
[2023-04-30T12:12:48.344+0000] {logging_mixin.py:137} INFO - [2023-04-30T12:12:48.344+0000] {taskmixin.py:211} WARNING - Dependency <Task(BashOperator): delete_entry_group>, create_entry_group already registered for DAG: example_complex
[2023-04-30T12:12:48.344+0000] {logging_mixin.py:137} INFO - [2023-04-30T12:12:48.344+0000] {taskmixin.py:211} WARNING - Dependency <Task(BashOperator): create_entry_gcs>, delete_entry already registered for DAG: example_complex
[2023-04-30T12:12:48.344+0000] {logging_mixin.py:137} INFO - [2023-04-30T12:12:48.344+0000] {taskmixin.py:211} WARNING - Dependency <Task(BashOperator): delete_entry>, create_entry_gcs already registered for DAG: example_complex
[2023-04-30T12:12:48.344+0000] {logging_mixin.py:137} INFO - [2023-04-30T12:12:48.344+0000] {taskmixin.py:211} WARNING - Dependency <Task(BashOperator): create_tag>, delete_tag already registered for DAG: example_complex
[2023-04-30T12:12:48.344+0000] {logging_mixin.py:137} INFO - [2023-04-30T12:12:48.344+0000] {taskmixin.py:211} WARNING - Dependency <Task(BashOperator): delete_tag>, create_tag already registered for DAG: example_complex
[2023-04-30T12:12:48.350+0000] {processor.py:753} INFO - DAG(s) dict_keys(['example_complex']) retrieved from /home/airflow/.local/lib/python3.7/site-packages/airflow/example_dags/example_complex.py
[2023-04-30T12:12:48.379+0000] {logging_mixin.py:137} INFO - [2023-04-30T12:12:48.379+0000] {dag.py:2705} INFO - Sync 1 DAGs
[2023-04-30T12:12:48.399+0000] {logging_mixin.py:137} INFO - [2023-04-30T12:12:48.399+0000] {dag.py:3456} INFO - Setting next_dagrun for example_complex to None, run_after=None
[2023-04-30T12:12:48.414+0000] {processor.py:175} INFO - Processing /home/airflow/.local/lib/python3.7/site-packages/airflow/example_dags/example_complex.py took 0.083 seconds
[2023-04-30T12:13:18.658+0000] {processor.py:153} INFO - Started process (PID=203) to work on /home/airflow/.local/lib/python3.7/site-packages/airflow/example_dags/example_complex.py
[2023-04-30T12:13:18.658+0000] {processor.py:743} INFO - Processing file /home/airflow/.local/lib/python3.7/site-packages/airflow/example_dags/example_complex.py for tasks to queue
[2023-04-30T12:13:18.659+0000] {logging_mixin.py:137} INFO - [2023-04-30T12:13:18.659+0000] {dagbag.py:532} INFO - Filling up the DagBag from /home/airflow/.local/lib/python3.7/site-packages/airflow/example_dags/example_complex.py
[2023-04-30T12:13:18.668+0000] {logging_mixin.py:137} INFO - [2023-04-30T12:13:18.668+0000] {taskmixin.py:211} WARNING - Dependency <Task(BashOperator): create_entry_group>, delete_entry_group already registered for DAG: example_complex
[2023-04-30T12:13:18.668+0000] {logging_mixin.py:137} INFO - [2023-04-30T12:13:18.668+0000] {taskmixin.py:211} WARNING - Dependency <Task(BashOperator): delete_entry_group>, create_entry_group already registered for DAG: example_complex
[2023-04-30T12:13:18.669+0000] {logging_mixin.py:137} INFO - [2023-04-30T12:13:18.669+0000] {taskmixin.py:211} WARNING - Dependency <Task(BashOperator): create_entry_gcs>, delete_entry already registered for DAG: example_complex
[2023-04-30T12:13:18.669+0000] {logging_mixin.py:137} INFO - [2023-04-30T12:13:18.669+0000] {taskmixin.py:211} WARNING - Dependency <Task(BashOperator): delete_entry>, create_entry_gcs already registered for DAG: example_complex
[2023-04-30T12:13:18.669+0000] {logging_mixin.py:137} INFO - [2023-04-30T12:13:18.669+0000] {taskmixin.py:211} WARNING - Dependency <Task(BashOperator): create_tag>, delete_tag already registered for DAG: example_complex
[2023-04-30T12:13:18.669+0000] {logging_mixin.py:137} INFO - [2023-04-30T12:13:18.669+0000] {taskmixin.py:211} WARNING - Dependency <Task(BashOperator): delete_tag>, create_tag already registered for DAG: example_complex
[2023-04-30T12:13:18.675+0000] {processor.py:753} INFO - DAG(s) dict_keys(['example_complex']) retrieved from /home/airflow/.local/lib/python3.7/site-packages/airflow/example_dags/example_complex.py
[2023-04-30T12:13:18.704+0000] {logging_mixin.py:137} INFO - [2023-04-30T12:13:18.704+0000] {dag.py:2705} INFO - Sync 1 DAGs
[2023-04-30T12:13:18.724+0000] {logging_mixin.py:137} INFO - [2023-04-30T12:13:18.724+0000] {dag.py:3456} INFO - Setting next_dagrun for example_complex to None, run_after=None
[2023-04-30T12:13:18.739+0000] {processor.py:175} INFO - Processing /home/airflow/.local/lib/python3.7/site-packages/airflow/example_dags/example_complex.py took 0.083 seconds
[2023-04-30T12:13:48.817+0000] {processor.py:153} INFO - Started process (PID=253) to work on /home/airflow/.local/lib/python3.7/site-packages/airflow/example_dags/example_complex.py
[2023-04-30T12:13:48.818+0000] {processor.py:743} INFO - Processing file /home/airflow/.local/lib/python3.7/site-packages/airflow/example_dags/example_complex.py for tasks to queue
[2023-04-30T12:13:48.818+0000] {logging_mixin.py:137} INFO - [2023-04-30T12:13:48.818+0000] {dagbag.py:532} INFO - Filling up the DagBag from /home/airflow/.local/lib/python3.7/site-packages/airflow/example_dags/example_complex.py
[2023-04-30T12:13:48.827+0000] {logging_mixin.py:137} INFO - [2023-04-30T12:13:48.827+0000] {taskmixin.py:211} WARNING - Dependency <Task(BashOperator): create_entry_group>, delete_entry_group already registered for DAG: example_complex
[2023-04-30T12:13:48.827+0000] {logging_mixin.py:137} INFO - [2023-04-30T12:13:48.827+0000] {taskmixin.py:211} WARNING - Dependency <Task(BashOperator): delete_entry_group>, create_entry_group already registered for DAG: example_complex
[2023-04-30T12:13:48.827+0000] {logging_mixin.py:137} INFO - [2023-04-30T12:13:48.827+0000] {taskmixin.py:211} WARNING - Dependency <Task(BashOperator): create_entry_gcs>, delete_entry already registered for DAG: example_complex
[2023-04-30T12:13:48.827+0000] {logging_mixin.py:137} INFO - [2023-04-30T12:13:48.827+0000] {taskmixin.py:211} WARNING - Dependency <Task(BashOperator): delete_entry>, create_entry_gcs already registered for DAG: example_complex
[2023-04-30T12:13:48.828+0000] {logging_mixin.py:137} INFO - [2023-04-30T12:13:48.828+0000] {taskmixin.py:211} WARNING - Dependency <Task(BashOperator): create_tag>, delete_tag already registered for DAG: example_complex
[2023-04-30T12:13:48.828+0000] {logging_mixin.py:137} INFO - [2023-04-30T12:13:48.828+0000] {taskmixin.py:211} WARNING - Dependency <Task(BashOperator): delete_tag>, create_tag already registered for DAG: example_complex
[2023-04-30T12:13:48.834+0000] {processor.py:753} INFO - DAG(s) dict_keys(['example_complex']) retrieved from /home/airflow/.local/lib/python3.7/site-packages/airflow/example_dags/example_complex.py
[2023-04-30T12:13:48.864+0000] {logging_mixin.py:137} INFO - [2023-04-30T12:13:48.864+0000] {dag.py:2705} INFO - Sync 1 DAGs
[2023-04-30T12:13:48.884+0000] {logging_mixin.py:137} INFO - [2023-04-30T12:13:48.884+0000] {dag.py:3456} INFO - Setting next_dagrun for example_complex to None, run_after=None
[2023-04-30T12:13:48.900+0000] {processor.py:175} INFO - Processing /home/airflow/.local/lib/python3.7/site-packages/airflow/example_dags/example_complex.py took 0.086 seconds
[2023-04-30T12:14:19.057+0000] {processor.py:153} INFO - Started process (PID=303) to work on /home/airflow/.local/lib/python3.7/site-packages/airflow/example_dags/example_complex.py
[2023-04-30T12:14:19.058+0000] {processor.py:743} INFO - Processing file /home/airflow/.local/lib/python3.7/site-packages/airflow/example_dags/example_complex.py for tasks to queue
[2023-04-30T12:14:19.058+0000] {logging_mixin.py:137} INFO - [2023-04-30T12:14:19.058+0000] {dagbag.py:532} INFO - Filling up the DagBag from /home/airflow/.local/lib/python3.7/site-packages/airflow/example_dags/example_complex.py
[2023-04-30T12:14:19.070+0000] {logging_mixin.py:137} INFO - [2023-04-30T12:14:19.069+0000] {taskmixin.py:211} WARNING - Dependency <Task(BashOperator): create_entry_group>, delete_entry_group already registered for DAG: example_complex
[2023-04-30T12:14:19.070+0000] {logging_mixin.py:137} INFO - [2023-04-30T12:14:19.070+0000] {taskmixin.py:211} WARNING - Dependency <Task(BashOperator): delete_entry_group>, create_entry_group already registered for DAG: example_complex
[2023-04-30T12:14:19.070+0000] {logging_mixin.py:137} INFO - [2023-04-30T12:14:19.070+0000] {taskmixin.py:211} WARNING - Dependency <Task(BashOperator): create_entry_gcs>, delete_entry already registered for DAG: example_complex
[2023-04-30T12:14:19.070+0000] {logging_mixin.py:137} INFO - [2023-04-30T12:14:19.070+0000] {taskmixin.py:211} WARNING - Dependency <Task(BashOperator): delete_entry>, create_entry_gcs already registered for DAG: example_complex
[2023-04-30T12:14:19.071+0000] {logging_mixin.py:137} INFO - [2023-04-30T12:14:19.070+0000] {taskmixin.py:211} WARNING - Dependency <Task(BashOperator): create_tag>, delete_tag already registered for DAG: example_complex
[2023-04-30T12:14:19.071+0000] {logging_mixin.py:137} INFO - [2023-04-30T12:14:19.071+0000] {taskmixin.py:211} WARNING - Dependency <Task(BashOperator): delete_tag>, create_tag already registered for DAG: example_complex
[2023-04-30T12:14:19.078+0000] {processor.py:753} INFO - DAG(s) dict_keys(['example_complex']) retrieved from /home/airflow/.local/lib/python3.7/site-packages/airflow/example_dags/example_complex.py
[2023-04-30T12:14:19.117+0000] {logging_mixin.py:137} INFO - [2023-04-30T12:14:19.117+0000] {dag.py:2705} INFO - Sync 1 DAGs
[2023-04-30T12:14:19.144+0000] {logging_mixin.py:137} INFO - [2023-04-30T12:14:19.144+0000] {dag.py:3456} INFO - Setting next_dagrun for example_complex to None, run_after=None
[2023-04-30T12:14:19.162+0000] {processor.py:175} INFO - Processing /home/airflow/.local/lib/python3.7/site-packages/airflow/example_dags/example_complex.py took 0.108 seconds
[2023-04-30T12:14:49.375+0000] {processor.py:153} INFO - Started process (PID=353) to work on /home/airflow/.local/lib/python3.7/site-packages/airflow/example_dags/example_complex.py
[2023-04-30T12:14:49.376+0000] {processor.py:743} INFO - Processing file /home/airflow/.local/lib/python3.7/site-packages/airflow/example_dags/example_complex.py for tasks to queue
[2023-04-30T12:14:49.376+0000] {logging_mixin.py:137} INFO - [2023-04-30T12:14:49.376+0000] {dagbag.py:532} INFO - Filling up the DagBag from /home/airflow/.local/lib/python3.7/site-packages/airflow/example_dags/example_complex.py
[2023-04-30T12:14:49.386+0000] {logging_mixin.py:137} INFO - [2023-04-30T12:14:49.386+0000] {taskmixin.py:211} WARNING - Dependency <Task(BashOperator): create_entry_group>, delete_entry_group already registered for DAG: example_complex
[2023-04-30T12:14:49.386+0000] {logging_mixin.py:137} INFO - [2023-04-30T12:14:49.386+0000] {taskmixin.py:211} WARNING - Dependency <Task(BashOperator): delete_entry_group>, create_entry_group already registered for DAG: example_complex
[2023-04-30T12:14:49.386+0000] {logging_mixin.py:137} INFO - [2023-04-30T12:14:49.386+0000] {taskmixin.py:211} WARNING - Dependency <Task(BashOperator): create_entry_gcs>, delete_entry already registered for DAG: example_complex
[2023-04-30T12:14:49.386+0000] {logging_mixin.py:137} INFO - [2023-04-30T12:14:49.386+0000] {taskmixin.py:211} WARNING - Dependency <Task(BashOperator): delete_entry>, create_entry_gcs already registered for DAG: example_complex
[2023-04-30T12:14:49.386+0000] {logging_mixin.py:137} INFO - [2023-04-30T12:14:49.386+0000] {taskmixin.py:211} WARNING - Dependency <Task(BashOperator): create_tag>, delete_tag already registered for DAG: example_complex
[2023-04-30T12:14:49.387+0000] {logging_mixin.py:137} INFO - [2023-04-30T12:14:49.387+0000] {taskmixin.py:211} WARNING - Dependency <Task(BashOperator): delete_tag>, create_tag already registered for DAG: example_complex
[2023-04-30T12:14:49.392+0000] {processor.py:753} INFO - DAG(s) dict_keys(['example_complex']) retrieved from /home/airflow/.local/lib/python3.7/site-packages/airflow/example_dags/example_complex.py
[2023-04-30T12:14:49.421+0000] {logging_mixin.py:137} INFO - [2023-04-30T12:14:49.421+0000] {dag.py:2705} INFO - Sync 1 DAGs
[2023-04-30T12:14:49.440+0000] {logging_mixin.py:137} INFO - [2023-04-30T12:14:49.440+0000] {dag.py:3456} INFO - Setting next_dagrun for example_complex to None, run_after=None
[2023-04-30T12:14:49.454+0000] {processor.py:175} INFO - Processing /home/airflow/.local/lib/python3.7/site-packages/airflow/example_dags/example_complex.py took 0.082 seconds
[2023-04-30T12:15:19.822+0000] {processor.py:153} INFO - Started process (PID=403) to work on /home/airflow/.local/lib/python3.7/site-packages/airflow/example_dags/example_complex.py
[2023-04-30T12:15:19.822+0000] {processor.py:743} INFO - Processing file /home/airflow/.local/lib/python3.7/site-packages/airflow/example_dags/example_complex.py for tasks to queue
[2023-04-30T12:15:19.823+0000] {logging_mixin.py:137} INFO - [2023-04-30T12:15:19.823+0000] {dagbag.py:532} INFO - Filling up the DagBag from /home/airflow/.local/lib/python3.7/site-packages/airflow/example_dags/example_complex.py
[2023-04-30T12:15:19.833+0000] {logging_mixin.py:137} INFO - [2023-04-30T12:15:19.833+0000] {taskmixin.py:211} WARNING - Dependency <Task(BashOperator): create_entry_group>, delete_entry_group already registered for DAG: example_complex
[2023-04-30T12:15:19.833+0000] {logging_mixin.py:137} INFO - [2023-04-30T12:15:19.833+0000] {taskmixin.py:211} WARNING - Dependency <Task(BashOperator): delete_entry_group>, create_entry_group already registered for DAG: example_complex
[2023-04-30T12:15:19.833+0000] {logging_mixin.py:137} INFO - [2023-04-30T12:15:19.833+0000] {taskmixin.py:211} WARNING - Dependency <Task(BashOperator): create_entry_gcs>, delete_entry already registered for DAG: example_complex
[2023-04-30T12:15:19.833+0000] {logging_mixin.py:137} INFO - [2023-04-30T12:15:19.833+0000] {taskmixin.py:211} WARNING - Dependency <Task(BashOperator): delete_entry>, create_entry_gcs already registered for DAG: example_complex
[2023-04-30T12:15:19.833+0000] {logging_mixin.py:137} INFO - [2023-04-30T12:15:19.833+0000] {taskmixin.py:211} WARNING - Dependency <Task(BashOperator): create_tag>, delete_tag already registered for DAG: example_complex
[2023-04-30T12:15:19.834+0000] {logging_mixin.py:137} INFO - [2023-04-30T12:15:19.834+0000] {taskmixin.py:211} WARNING - Dependency <Task(BashOperator): delete_tag>, create_tag already registered for DAG: example_complex
[2023-04-30T12:15:19.840+0000] {processor.py:753} INFO - DAG(s) dict_keys(['example_complex']) retrieved from /home/airflow/.local/lib/python3.7/site-packages/airflow/example_dags/example_complex.py
[2023-04-30T12:15:19.871+0000] {logging_mixin.py:137} INFO - [2023-04-30T12:15:19.871+0000] {dag.py:2705} INFO - Sync 1 DAGs
[2023-04-30T12:15:19.895+0000] {logging_mixin.py:137} INFO - [2023-04-30T12:15:19.895+0000] {dag.py:3456} INFO - Setting next_dagrun for example_complex to None, run_after=None
[2023-04-30T12:15:19.915+0000] {processor.py:175} INFO - Processing /home/airflow/.local/lib/python3.7/site-packages/airflow/example_dags/example_complex.py took 0.097 seconds
[2023-04-30T12:15:50.265+0000] {processor.py:153} INFO - Started process (PID=453) to work on /home/airflow/.local/lib/python3.7/site-packages/airflow/example_dags/example_complex.py
[2023-04-30T12:15:50.266+0000] {processor.py:743} INFO - Processing file /home/airflow/.local/lib/python3.7/site-packages/airflow/example_dags/example_complex.py for tasks to queue
[2023-04-30T12:15:50.267+0000] {logging_mixin.py:137} INFO - [2023-04-30T12:15:50.266+0000] {dagbag.py:532} INFO - Filling up the DagBag from /home/airflow/.local/lib/python3.7/site-packages/airflow/example_dags/example_complex.py
[2023-04-30T12:15:50.276+0000] {logging_mixin.py:137} INFO - [2023-04-30T12:15:50.276+0000] {taskmixin.py:211} WARNING - Dependency <Task(BashOperator): create_entry_group>, delete_entry_group already registered for DAG: example_complex
[2023-04-30T12:15:50.277+0000] {logging_mixin.py:137} INFO - [2023-04-30T12:15:50.277+0000] {taskmixin.py:211} WARNING - Dependency <Task(BashOperator): delete_entry_group>, create_entry_group already registered for DAG: example_complex
[2023-04-30T12:15:50.277+0000] {logging_mixin.py:137} INFO - [2023-04-30T12:15:50.277+0000] {taskmixin.py:211} WARNING - Dependency <Task(BashOperator): create_entry_gcs>, delete_entry already registered for DAG: example_complex
[2023-04-30T12:15:50.277+0000] {logging_mixin.py:137} INFO - [2023-04-30T12:15:50.277+0000] {taskmixin.py:211} WARNING - Dependency <Task(BashOperator): delete_entry>, create_entry_gcs already registered for DAG: example_complex
[2023-04-30T12:15:50.278+0000] {logging_mixin.py:137} INFO - [2023-04-30T12:15:50.277+0000] {taskmixin.py:211} WARNING - Dependency <Task(BashOperator): create_tag>, delete_tag already registered for DAG: example_complex
[2023-04-30T12:15:50.278+0000] {logging_mixin.py:137} INFO - [2023-04-30T12:15:50.278+0000] {taskmixin.py:211} WARNING - Dependency <Task(BashOperator): delete_tag>, create_tag already registered for DAG: example_complex
[2023-04-30T12:15:50.284+0000] {processor.py:753} INFO - DAG(s) dict_keys(['example_complex']) retrieved from /home/airflow/.local/lib/python3.7/site-packages/airflow/example_dags/example_complex.py
[2023-04-30T12:15:50.313+0000] {logging_mixin.py:137} INFO - [2023-04-30T12:15:50.313+0000] {dag.py:2705} INFO - Sync 1 DAGs
[2023-04-30T12:15:50.334+0000] {logging_mixin.py:137} INFO - [2023-04-30T12:15:50.334+0000] {dag.py:3456} INFO - Setting next_dagrun for example_complex to None, run_after=None
[2023-04-30T12:15:50.350+0000] {processor.py:175} INFO - Processing /home/airflow/.local/lib/python3.7/site-packages/airflow/example_dags/example_complex.py took 0.087 seconds
[2023-04-30T12:16:20.946+0000] {processor.py:153} INFO - Started process (PID=503) to work on /home/airflow/.local/lib/python3.7/site-packages/airflow/example_dags/example_complex.py
[2023-04-30T12:16:20.947+0000] {processor.py:743} INFO - Processing file /home/airflow/.local/lib/python3.7/site-packages/airflow/example_dags/example_complex.py for tasks to queue
[2023-04-30T12:16:20.947+0000] {logging_mixin.py:137} INFO - [2023-04-30T12:16:20.947+0000] {dagbag.py:532} INFO - Filling up the DagBag from /home/airflow/.local/lib/python3.7/site-packages/airflow/example_dags/example_complex.py
[2023-04-30T12:16:20.957+0000] {logging_mixin.py:137} INFO - [2023-04-30T12:16:20.956+0000] {taskmixin.py:211} WARNING - Dependency <Task(BashOperator): create_entry_group>, delete_entry_group already registered for DAG: example_complex
[2023-04-30T12:16:20.957+0000] {logging_mixin.py:137} INFO - [2023-04-30T12:16:20.957+0000] {taskmixin.py:211} WARNING - Dependency <Task(BashOperator): delete_entry_group>, create_entry_group already registered for DAG: example_complex
[2023-04-30T12:16:20.957+0000] {logging_mixin.py:137} INFO - [2023-04-30T12:16:20.957+0000] {taskmixin.py:211} WARNING - Dependency <Task(BashOperator): create_entry_gcs>, delete_entry already registered for DAG: example_complex
[2023-04-30T12:16:20.957+0000] {logging_mixin.py:137} INFO - [2023-04-30T12:16:20.957+0000] {taskmixin.py:211} WARNING - Dependency <Task(BashOperator): delete_entry>, create_entry_gcs already registered for DAG: example_complex
[2023-04-30T12:16:20.957+0000] {logging_mixin.py:137} INFO - [2023-04-30T12:16:20.957+0000] {taskmixin.py:211} WARNING - Dependency <Task(BashOperator): create_tag>, delete_tag already registered for DAG: example_complex
[2023-04-30T12:16:20.957+0000] {logging_mixin.py:137} INFO - [2023-04-30T12:16:20.957+0000] {taskmixin.py:211} WARNING - Dependency <Task(BashOperator): delete_tag>, create_tag already registered for DAG: example_complex
[2023-04-30T12:16:20.963+0000] {processor.py:753} INFO - DAG(s) dict_keys(['example_complex']) retrieved from /home/airflow/.local/lib/python3.7/site-packages/airflow/example_dags/example_complex.py
[2023-04-30T12:16:20.992+0000] {logging_mixin.py:137} INFO - [2023-04-30T12:16:20.991+0000] {dag.py:2705} INFO - Sync 1 DAGs
[2023-04-30T12:16:21.012+0000] {logging_mixin.py:137} INFO - [2023-04-30T12:16:21.012+0000] {dag.py:3456} INFO - Setting next_dagrun for example_complex to None, run_after=None
[2023-04-30T12:16:21.030+0000] {processor.py:175} INFO - Processing /home/airflow/.local/lib/python3.7/site-packages/airflow/example_dags/example_complex.py took 0.087 seconds
[2023-04-30T12:16:51.404+0000] {processor.py:153} INFO - Started process (PID=553) to work on /home/airflow/.local/lib/python3.7/site-packages/airflow/example_dags/example_complex.py
[2023-04-30T12:16:51.405+0000] {processor.py:743} INFO - Processing file /home/airflow/.local/lib/python3.7/site-packages/airflow/example_dags/example_complex.py for tasks to queue
[2023-04-30T12:16:51.406+0000] {logging_mixin.py:137} INFO - [2023-04-30T12:16:51.405+0000] {dagbag.py:532} INFO - Filling up the DagBag from /home/airflow/.local/lib/python3.7/site-packages/airflow/example_dags/example_complex.py
[2023-04-30T12:16:51.415+0000] {logging_mixin.py:137} INFO - [2023-04-30T12:16:51.415+0000] {taskmixin.py:211} WARNING - Dependency <Task(BashOperator): create_entry_group>, delete_entry_group already registered for DAG: example_complex
[2023-04-30T12:16:51.415+0000] {logging_mixin.py:137} INFO - [2023-04-30T12:16:51.415+0000] {taskmixin.py:211} WARNING - Dependency <Task(BashOperator): delete_entry_group>, create_entry_group already registered for DAG: example_complex
[2023-04-30T12:16:51.415+0000] {logging_mixin.py:137} INFO - [2023-04-30T12:16:51.415+0000] {taskmixin.py:211} WARNING - Dependency <Task(BashOperator): create_entry_gcs>, delete_entry already registered for DAG: example_complex
[2023-04-30T12:16:51.416+0000] {logging_mixin.py:137} INFO - [2023-04-30T12:16:51.416+0000] {taskmixin.py:211} WARNING - Dependency <Task(BashOperator): delete_entry>, create_entry_gcs already registered for DAG: example_complex
[2023-04-30T12:16:51.416+0000] {logging_mixin.py:137} INFO - [2023-04-30T12:16:51.416+0000] {taskmixin.py:211} WARNING - Dependency <Task(BashOperator): create_tag>, delete_tag already registered for DAG: example_complex
[2023-04-30T12:16:51.416+0000] {logging_mixin.py:137} INFO - [2023-04-30T12:16:51.416+0000] {taskmixin.py:211} WARNING - Dependency <Task(BashOperator): delete_tag>, create_tag already registered for DAG: example_complex
[2023-04-30T12:16:51.421+0000] {processor.py:753} INFO - DAG(s) dict_keys(['example_complex']) retrieved from /home/airflow/.local/lib/python3.7/site-packages/airflow/example_dags/example_complex.py
[2023-04-30T12:16:51.449+0000] {logging_mixin.py:137} INFO - [2023-04-30T12:16:51.449+0000] {dag.py:2705} INFO - Sync 1 DAGs
[2023-04-30T12:16:51.468+0000] {logging_mixin.py:137} INFO - [2023-04-30T12:16:51.468+0000] {dag.py:3456} INFO - Setting next_dagrun for example_complex to None, run_after=None
[2023-04-30T12:16:51.482+0000] {processor.py:175} INFO - Processing /home/airflow/.local/lib/python3.7/site-packages/airflow/example_dags/example_complex.py took 0.080 seconds
[2023-04-30T12:17:21.725+0000] {processor.py:153} INFO - Started process (PID=603) to work on /home/airflow/.local/lib/python3.7/site-packages/airflow/example_dags/example_complex.py
[2023-04-30T12:17:21.726+0000] {processor.py:743} INFO - Processing file /home/airflow/.local/lib/python3.7/site-packages/airflow/example_dags/example_complex.py for tasks to queue
[2023-04-30T12:17:21.726+0000] {logging_mixin.py:137} INFO - [2023-04-30T12:17:21.726+0000] {dagbag.py:532} INFO - Filling up the DagBag from /home/airflow/.local/lib/python3.7/site-packages/airflow/example_dags/example_complex.py
[2023-04-30T12:17:21.735+0000] {logging_mixin.py:137} INFO - [2023-04-30T12:17:21.735+0000] {taskmixin.py:211} WARNING - Dependency <Task(BashOperator): create_entry_group>, delete_entry_group already registered for DAG: example_complex
[2023-04-30T12:17:21.735+0000] {logging_mixin.py:137} INFO - [2023-04-30T12:17:21.735+0000] {taskmixin.py:211} WARNING - Dependency <Task(BashOperator): delete_entry_group>, create_entry_group already registered for DAG: example_complex
[2023-04-30T12:17:21.736+0000] {logging_mixin.py:137} INFO - [2023-04-30T12:17:21.735+0000] {taskmixin.py:211} WARNING - Dependency <Task(BashOperator): create_entry_gcs>, delete_entry already registered for DAG: example_complex
[2023-04-30T12:17:21.736+0000] {logging_mixin.py:137} INFO - [2023-04-30T12:17:21.736+0000] {taskmixin.py:211} WARNING - Dependency <Task(BashOperator): delete_entry>, create_entry_gcs already registered for DAG: example_complex
[2023-04-30T12:17:21.736+0000] {logging_mixin.py:137} INFO - [2023-04-30T12:17:21.736+0000] {taskmixin.py:211} WARNING - Dependency <Task(BashOperator): create_tag>, delete_tag already registered for DAG: example_complex
[2023-04-30T12:17:21.736+0000] {logging_mixin.py:137} INFO - [2023-04-30T12:17:21.736+0000] {taskmixin.py:211} WARNING - Dependency <Task(BashOperator): delete_tag>, create_tag already registered for DAG: example_complex
[2023-04-30T12:17:21.742+0000] {processor.py:753} INFO - DAG(s) dict_keys(['example_complex']) retrieved from /home/airflow/.local/lib/python3.7/site-packages/airflow/example_dags/example_complex.py
[2023-04-30T12:17:21.770+0000] {logging_mixin.py:137} INFO - [2023-04-30T12:17:21.770+0000] {dag.py:2705} INFO - Sync 1 DAGs
[2023-04-30T12:17:21.792+0000] {logging_mixin.py:137} INFO - [2023-04-30T12:17:21.792+0000] {dag.py:3456} INFO - Setting next_dagrun for example_complex to None, run_after=None
[2023-04-30T12:17:21.811+0000] {processor.py:175} INFO - Processing /home/airflow/.local/lib/python3.7/site-packages/airflow/example_dags/example_complex.py took 0.088 seconds
[2023-04-30T12:17:52.020+0000] {processor.py:153} INFO - Started process (PID=653) to work on /home/airflow/.local/lib/python3.7/site-packages/airflow/example_dags/example_complex.py
[2023-04-30T12:17:52.021+0000] {processor.py:743} INFO - Processing file /home/airflow/.local/lib/python3.7/site-packages/airflow/example_dags/example_complex.py for tasks to queue
[2023-04-30T12:17:52.021+0000] {logging_mixin.py:137} INFO - [2023-04-30T12:17:52.021+0000] {dagbag.py:532} INFO - Filling up the DagBag from /home/airflow/.local/lib/python3.7/site-packages/airflow/example_dags/example_complex.py
[2023-04-30T12:17:52.030+0000] {logging_mixin.py:137} INFO - [2023-04-30T12:17:52.030+0000] {taskmixin.py:211} WARNING - Dependency <Task(BashOperator): create_entry_group>, delete_entry_group already registered for DAG: example_complex
[2023-04-30T12:17:52.030+0000] {logging_mixin.py:137} INFO - [2023-04-30T12:17:52.030+0000] {taskmixin.py:211} WARNING - Dependency <Task(BashOperator): delete_entry_group>, create_entry_group already registered for DAG: example_complex
[2023-04-30T12:17:52.030+0000] {logging_mixin.py:137} INFO - [2023-04-30T12:17:52.030+0000] {taskmixin.py:211} WARNING - Dependency <Task(BashOperator): create_entry_gcs>, delete_entry already registered for DAG: example_complex
[2023-04-30T12:17:52.030+0000] {logging_mixin.py:137} INFO - [2023-04-30T12:17:52.030+0000] {taskmixin.py:211} WARNING - Dependency <Task(BashOperator): delete_entry>, create_entry_gcs already registered for DAG: example_complex
[2023-04-30T12:17:52.031+0000] {logging_mixin.py:137} INFO - [2023-04-30T12:17:52.031+0000] {taskmixin.py:211} WARNING - Dependency <Task(BashOperator): create_tag>, delete_tag already registered for DAG: example_complex
[2023-04-30T12:17:52.031+0000] {logging_mixin.py:137} INFO - [2023-04-30T12:17:52.031+0000] {taskmixin.py:211} WARNING - Dependency <Task(BashOperator): delete_tag>, create_tag already registered for DAG: example_complex
[2023-04-30T12:17:52.037+0000] {processor.py:753} INFO - DAG(s) dict_keys(['example_complex']) retrieved from /home/airflow/.local/lib/python3.7/site-packages/airflow/example_dags/example_complex.py
[2023-04-30T12:17:52.065+0000] {logging_mixin.py:137} INFO - [2023-04-30T12:17:52.065+0000] {dag.py:2705} INFO - Sync 1 DAGs
[2023-04-30T12:17:52.086+0000] {logging_mixin.py:137} INFO - [2023-04-30T12:17:52.086+0000] {dag.py:3456} INFO - Setting next_dagrun for example_complex to None, run_after=None
[2023-04-30T12:17:52.100+0000] {processor.py:175} INFO - Processing /home/airflow/.local/lib/python3.7/site-packages/airflow/example_dags/example_complex.py took 0.082 seconds
[2023-04-30T12:18:22.316+0000] {processor.py:153} INFO - Started process (PID=703) to work on /home/airflow/.local/lib/python3.7/site-packages/airflow/example_dags/example_complex.py
[2023-04-30T12:18:22.317+0000] {processor.py:743} INFO - Processing file /home/airflow/.local/lib/python3.7/site-packages/airflow/example_dags/example_complex.py for tasks to queue
[2023-04-30T12:18:22.317+0000] {logging_mixin.py:137} INFO - [2023-04-30T12:18:22.317+0000] {dagbag.py:532} INFO - Filling up the DagBag from /home/airflow/.local/lib/python3.7/site-packages/airflow/example_dags/example_complex.py
[2023-04-30T12:18:22.326+0000] {logging_mixin.py:137} INFO - [2023-04-30T12:18:22.326+0000] {taskmixin.py:211} WARNING - Dependency <Task(BashOperator): create_entry_group>, delete_entry_group already registered for DAG: example_complex
[2023-04-30T12:18:22.326+0000] {logging_mixin.py:137} INFO - [2023-04-30T12:18:22.326+0000] {taskmixin.py:211} WARNING - Dependency <Task(BashOperator): delete_entry_group>, create_entry_group already registered for DAG: example_complex
[2023-04-30T12:18:22.326+0000] {logging_mixin.py:137} INFO - [2023-04-30T12:18:22.326+0000] {taskmixin.py:211} WARNING - Dependency <Task(BashOperator): create_entry_gcs>, delete_entry already registered for DAG: example_complex
[2023-04-30T12:18:22.326+0000] {logging_mixin.py:137} INFO - [2023-04-30T12:18:22.326+0000] {taskmixin.py:211} WARNING - Dependency <Task(BashOperator): delete_entry>, create_entry_gcs already registered for DAG: example_complex
[2023-04-30T12:18:22.327+0000] {logging_mixin.py:137} INFO - [2023-04-30T12:18:22.327+0000] {taskmixin.py:211} WARNING - Dependency <Task(BashOperator): create_tag>, delete_tag already registered for DAG: example_complex
[2023-04-30T12:18:22.327+0000] {logging_mixin.py:137} INFO - [2023-04-30T12:18:22.327+0000] {taskmixin.py:211} WARNING - Dependency <Task(BashOperator): delete_tag>, create_tag already registered for DAG: example_complex
[2023-04-30T12:18:22.333+0000] {processor.py:753} INFO - DAG(s) dict_keys(['example_complex']) retrieved from /home/airflow/.local/lib/python3.7/site-packages/airflow/example_dags/example_complex.py
[2023-04-30T12:18:22.360+0000] {logging_mixin.py:137} INFO - [2023-04-30T12:18:22.360+0000] {dag.py:2705} INFO - Sync 1 DAGs
[2023-04-30T12:18:22.380+0000] {logging_mixin.py:137} INFO - [2023-04-30T12:18:22.380+0000] {dag.py:3456} INFO - Setting next_dagrun for example_complex to None, run_after=None
[2023-04-30T12:18:22.394+0000] {processor.py:175} INFO - Processing /home/airflow/.local/lib/python3.7/site-packages/airflow/example_dags/example_complex.py took 0.081 seconds
[2023-04-30T12:18:52.687+0000] {processor.py:153} INFO - Started process (PID=753) to work on /home/airflow/.local/lib/python3.7/site-packages/airflow/example_dags/example_complex.py
[2023-04-30T12:18:52.688+0000] {processor.py:743} INFO - Processing file /home/airflow/.local/lib/python3.7/site-packages/airflow/example_dags/example_complex.py for tasks to queue
[2023-04-30T12:18:52.688+0000] {logging_mixin.py:137} INFO - [2023-04-30T12:18:52.688+0000] {dagbag.py:532} INFO - Filling up the DagBag from /home/airflow/.local/lib/python3.7/site-packages/airflow/example_dags/example_complex.py
[2023-04-30T12:18:52.697+0000] {logging_mixin.py:137} INFO - [2023-04-30T12:18:52.697+0000] {taskmixin.py:211} WARNING - Dependency <Task(BashOperator): create_entry_group>, delete_entry_group already registered for DAG: example_complex
[2023-04-30T12:18:52.698+0000] {logging_mixin.py:137} INFO - [2023-04-30T12:18:52.697+0000] {taskmixin.py:211} WARNING - Dependency <Task(BashOperator): delete_entry_group>, create_entry_group already registered for DAG: example_complex
[2023-04-30T12:18:52.698+0000] {logging_mixin.py:137} INFO - [2023-04-30T12:18:52.698+0000] {taskmixin.py:211} WARNING - Dependency <Task(BashOperator): create_entry_gcs>, delete_entry already registered for DAG: example_complex
[2023-04-30T12:18:52.698+0000] {logging_mixin.py:137} INFO - [2023-04-30T12:18:52.698+0000] {taskmixin.py:211} WARNING - Dependency <Task(BashOperator): delete_entry>, create_entry_gcs already registered for DAG: example_complex
[2023-04-30T12:18:52.698+0000] {logging_mixin.py:137} INFO - [2023-04-30T12:18:52.698+0000] {taskmixin.py:211} WARNING - Dependency <Task(BashOperator): create_tag>, delete_tag already registered for DAG: example_complex
[2023-04-30T12:18:52.698+0000] {logging_mixin.py:137} INFO - [2023-04-30T12:18:52.698+0000] {taskmixin.py:211} WARNING - Dependency <Task(BashOperator): delete_tag>, create_tag already registered for DAG: example_complex
[2023-04-30T12:18:52.704+0000] {processor.py:753} INFO - DAG(s) dict_keys(['example_complex']) retrieved from /home/airflow/.local/lib/python3.7/site-packages/airflow/example_dags/example_complex.py
[2023-04-30T12:18:52.732+0000] {logging_mixin.py:137} INFO - [2023-04-30T12:18:52.732+0000] {dag.py:2705} INFO - Sync 1 DAGs
[2023-04-30T12:18:52.757+0000] {logging_mixin.py:137} INFO - [2023-04-30T12:18:52.757+0000] {dag.py:3456} INFO - Setting next_dagrun for example_complex to None, run_after=None
[2023-04-30T12:18:52.773+0000] {processor.py:175} INFO - Processing /home/airflow/.local/lib/python3.7/site-packages/airflow/example_dags/example_complex.py took 0.088 seconds
[2023-04-30T12:19:23.199+0000] {processor.py:153} INFO - Started process (PID=803) to work on /home/airflow/.local/lib/python3.7/site-packages/airflow/example_dags/example_complex.py
[2023-04-30T12:19:23.200+0000] {processor.py:743} INFO - Processing file /home/airflow/.local/lib/python3.7/site-packages/airflow/example_dags/example_complex.py for tasks to queue
[2023-04-30T12:19:23.200+0000] {logging_mixin.py:137} INFO - [2023-04-30T12:19:23.200+0000] {dagbag.py:532} INFO - Filling up the DagBag from /home/airflow/.local/lib/python3.7/site-packages/airflow/example_dags/example_complex.py
[2023-04-30T12:19:23.211+0000] {logging_mixin.py:137} INFO - [2023-04-30T12:19:23.210+0000] {taskmixin.py:211} WARNING - Dependency <Task(BashOperator): create_entry_group>, delete_entry_group already registered for DAG: example_complex
[2023-04-30T12:19:23.211+0000] {logging_mixin.py:137} INFO - [2023-04-30T12:19:23.211+0000] {taskmixin.py:211} WARNING - Dependency <Task(BashOperator): delete_entry_group>, create_entry_group already registered for DAG: example_complex
[2023-04-30T12:19:23.211+0000] {logging_mixin.py:137} INFO - [2023-04-30T12:19:23.211+0000] {taskmixin.py:211} WARNING - Dependency <Task(BashOperator): create_entry_gcs>, delete_entry already registered for DAG: example_complex
[2023-04-30T12:19:23.211+0000] {logging_mixin.py:137} INFO - [2023-04-30T12:19:23.211+0000] {taskmixin.py:211} WARNING - Dependency <Task(BashOperator): delete_entry>, create_entry_gcs already registered for DAG: example_complex
[2023-04-30T12:19:23.212+0000] {logging_mixin.py:137} INFO - [2023-04-30T12:19:23.211+0000] {taskmixin.py:211} WARNING - Dependency <Task(BashOperator): create_tag>, delete_tag already registered for DAG: example_complex
[2023-04-30T12:19:23.212+0000] {logging_mixin.py:137} INFO - [2023-04-30T12:19:23.212+0000] {taskmixin.py:211} WARNING - Dependency <Task(BashOperator): delete_tag>, create_tag already registered for DAG: example_complex
[2023-04-30T12:19:23.218+0000] {processor.py:753} INFO - DAG(s) dict_keys(['example_complex']) retrieved from /home/airflow/.local/lib/python3.7/site-packages/airflow/example_dags/example_complex.py
[2023-04-30T12:19:23.247+0000] {logging_mixin.py:137} INFO - [2023-04-30T12:19:23.247+0000] {dag.py:2705} INFO - Sync 1 DAGs
[2023-04-30T12:19:23.269+0000] {logging_mixin.py:137} INFO - [2023-04-30T12:19:23.269+0000] {dag.py:3456} INFO - Setting next_dagrun for example_complex to None, run_after=None
[2023-04-30T12:19:23.286+0000] {processor.py:175} INFO - Processing /home/airflow/.local/lib/python3.7/site-packages/airflow/example_dags/example_complex.py took 0.089 seconds
[2023-04-30T12:19:53.546+0000] {processor.py:153} INFO - Started process (PID=853) to work on /home/airflow/.local/lib/python3.7/site-packages/airflow/example_dags/example_complex.py
[2023-04-30T12:19:53.547+0000] {processor.py:743} INFO - Processing file /home/airflow/.local/lib/python3.7/site-packages/airflow/example_dags/example_complex.py for tasks to queue
[2023-04-30T12:19:53.547+0000] {logging_mixin.py:137} INFO - [2023-04-30T12:19:53.547+0000] {dagbag.py:532} INFO - Filling up the DagBag from /home/airflow/.local/lib/python3.7/site-packages/airflow/example_dags/example_complex.py
[2023-04-30T12:19:53.557+0000] {logging_mixin.py:137} INFO - [2023-04-30T12:19:53.557+0000] {taskmixin.py:211} WARNING - Dependency <Task(BashOperator): create_entry_group>, delete_entry_group already registered for DAG: example_complex
[2023-04-30T12:19:53.557+0000] {logging_mixin.py:137} INFO - [2023-04-30T12:19:53.557+0000] {taskmixin.py:211} WARNING - Dependency <Task(BashOperator): delete_entry_group>, create_entry_group already registered for DAG: example_complex
[2023-04-30T12:19:53.557+0000] {logging_mixin.py:137} INFO - [2023-04-30T12:19:53.557+0000] {taskmixin.py:211} WARNING - Dependency <Task(BashOperator): create_entry_gcs>, delete_entry already registered for DAG: example_complex
[2023-04-30T12:19:53.557+0000] {logging_mixin.py:137} INFO - [2023-04-30T12:19:53.557+0000] {taskmixin.py:211} WARNING - Dependency <Task(BashOperator): delete_entry>, create_entry_gcs already registered for DAG: example_complex
[2023-04-30T12:19:53.558+0000] {logging_mixin.py:137} INFO - [2023-04-30T12:19:53.558+0000] {taskmixin.py:211} WARNING - Dependency <Task(BashOperator): create_tag>, delete_tag already registered for DAG: example_complex
[2023-04-30T12:19:53.558+0000] {logging_mixin.py:137} INFO - [2023-04-30T12:19:53.558+0000] {taskmixin.py:211} WARNING - Dependency <Task(BashOperator): delete_tag>, create_tag already registered for DAG: example_complex
[2023-04-30T12:19:53.564+0000] {processor.py:753} INFO - DAG(s) dict_keys(['example_complex']) retrieved from /home/airflow/.local/lib/python3.7/site-packages/airflow/example_dags/example_complex.py
[2023-04-30T12:19:53.592+0000] {logging_mixin.py:137} INFO - [2023-04-30T12:19:53.592+0000] {dag.py:2705} INFO - Sync 1 DAGs
[2023-04-30T12:19:53.612+0000] {logging_mixin.py:137} INFO - [2023-04-30T12:19:53.612+0000] {dag.py:3456} INFO - Setting next_dagrun for example_complex to None, run_after=None
[2023-04-30T12:19:53.626+0000] {processor.py:175} INFO - Processing /home/airflow/.local/lib/python3.7/site-packages/airflow/example_dags/example_complex.py took 0.082 seconds
[2023-04-30T12:20:23.719+0000] {processor.py:153} INFO - Started process (PID=903) to work on /home/airflow/.local/lib/python3.7/site-packages/airflow/example_dags/example_complex.py
[2023-04-30T12:20:23.719+0000] {processor.py:743} INFO - Processing file /home/airflow/.local/lib/python3.7/site-packages/airflow/example_dags/example_complex.py for tasks to queue
[2023-04-30T12:20:23.720+0000] {logging_mixin.py:137} INFO - [2023-04-30T12:20:23.720+0000] {dagbag.py:532} INFO - Filling up the DagBag from /home/airflow/.local/lib/python3.7/site-packages/airflow/example_dags/example_complex.py
[2023-04-30T12:20:23.729+0000] {logging_mixin.py:137} INFO - [2023-04-30T12:20:23.729+0000] {taskmixin.py:211} WARNING - Dependency <Task(BashOperator): create_entry_group>, delete_entry_group already registered for DAG: example_complex
[2023-04-30T12:20:23.730+0000] {logging_mixin.py:137} INFO - [2023-04-30T12:20:23.730+0000] {taskmixin.py:211} WARNING - Dependency <Task(BashOperator): delete_entry_group>, create_entry_group already registered for DAG: example_complex
[2023-04-30T12:20:23.730+0000] {logging_mixin.py:137} INFO - [2023-04-30T12:20:23.730+0000] {taskmixin.py:211} WARNING - Dependency <Task(BashOperator): create_entry_gcs>, delete_entry already registered for DAG: example_complex
[2023-04-30T12:20:23.730+0000] {logging_mixin.py:137} INFO - [2023-04-30T12:20:23.730+0000] {taskmixin.py:211} WARNING - Dependency <Task(BashOperator): delete_entry>, create_entry_gcs already registered for DAG: example_complex
[2023-04-30T12:20:23.730+0000] {logging_mixin.py:137} INFO - [2023-04-30T12:20:23.730+0000] {taskmixin.py:211} WARNING - Dependency <Task(BashOperator): create_tag>, delete_tag already registered for DAG: example_complex
[2023-04-30T12:20:23.730+0000] {logging_mixin.py:137} INFO - [2023-04-30T12:20:23.730+0000] {taskmixin.py:211} WARNING - Dependency <Task(BashOperator): delete_tag>, create_tag already registered for DAG: example_complex
[2023-04-30T12:20:23.738+0000] {processor.py:753} INFO - DAG(s) dict_keys(['example_complex']) retrieved from /home/airflow/.local/lib/python3.7/site-packages/airflow/example_dags/example_complex.py
[2023-04-30T12:20:23.777+0000] {logging_mixin.py:137} INFO - [2023-04-30T12:20:23.777+0000] {dag.py:2705} INFO - Sync 1 DAGs
[2023-04-30T12:20:23.797+0000] {logging_mixin.py:137} INFO - [2023-04-30T12:20:23.797+0000] {dag.py:3456} INFO - Setting next_dagrun for example_complex to None, run_after=None
[2023-04-30T12:20:23.811+0000] {processor.py:175} INFO - Processing /home/airflow/.local/lib/python3.7/site-packages/airflow/example_dags/example_complex.py took 0.095 seconds
[2023-04-30T12:20:54.022+0000] {processor.py:153} INFO - Started process (PID=953) to work on /home/airflow/.local/lib/python3.7/site-packages/airflow/example_dags/example_complex.py
[2023-04-30T12:20:54.022+0000] {processor.py:743} INFO - Processing file /home/airflow/.local/lib/python3.7/site-packages/airflow/example_dags/example_complex.py for tasks to queue
[2023-04-30T12:20:54.023+0000] {logging_mixin.py:137} INFO - [2023-04-30T12:20:54.023+0000] {dagbag.py:532} INFO - Filling up the DagBag from /home/airflow/.local/lib/python3.7/site-packages/airflow/example_dags/example_complex.py
[2023-04-30T12:20:54.032+0000] {logging_mixin.py:137} INFO - [2023-04-30T12:20:54.032+0000] {taskmixin.py:211} WARNING - Dependency <Task(BashOperator): create_entry_group>, delete_entry_group already registered for DAG: example_complex
[2023-04-30T12:20:54.032+0000] {logging_mixin.py:137} INFO - [2023-04-30T12:20:54.032+0000] {taskmixin.py:211} WARNING - Dependency <Task(BashOperator): delete_entry_group>, create_entry_group already registered for DAG: example_complex
[2023-04-30T12:20:54.032+0000] {logging_mixin.py:137} INFO - [2023-04-30T12:20:54.032+0000] {taskmixin.py:211} WARNING - Dependency <Task(BashOperator): create_entry_gcs>, delete_entry already registered for DAG: example_complex
[2023-04-30T12:20:54.032+0000] {logging_mixin.py:137} INFO - [2023-04-30T12:20:54.032+0000] {taskmixin.py:211} WARNING - Dependency <Task(BashOperator): delete_entry>, create_entry_gcs already registered for DAG: example_complex
[2023-04-30T12:20:54.032+0000] {logging_mixin.py:137} INFO - [2023-04-30T12:20:54.032+0000] {taskmixin.py:211} WARNING - Dependency <Task(BashOperator): create_tag>, delete_tag already registered for DAG: example_complex
[2023-04-30T12:20:54.033+0000] {logging_mixin.py:137} INFO - [2023-04-30T12:20:54.033+0000] {taskmixin.py:211} WARNING - Dependency <Task(BashOperator): delete_tag>, create_tag already registered for DAG: example_complex
[2023-04-30T12:20:54.039+0000] {processor.py:753} INFO - DAG(s) dict_keys(['example_complex']) retrieved from /home/airflow/.local/lib/python3.7/site-packages/airflow/example_dags/example_complex.py
[2023-04-30T12:20:54.071+0000] {logging_mixin.py:137} INFO - [2023-04-30T12:20:54.071+0000] {dag.py:2705} INFO - Sync 1 DAGs
[2023-04-30T12:20:54.096+0000] {logging_mixin.py:137} INFO - [2023-04-30T12:20:54.095+0000] {dag.py:3456} INFO - Setting next_dagrun for example_complex to None, run_after=None
[2023-04-30T12:20:54.115+0000] {processor.py:175} INFO - Processing /home/airflow/.local/lib/python3.7/site-packages/airflow/example_dags/example_complex.py took 0.095 seconds
[2023-04-30T12:21:24.348+0000] {processor.py:153} INFO - Started process (PID=1003) to work on /home/airflow/.local/lib/python3.7/site-packages/airflow/example_dags/example_complex.py
[2023-04-30T12:21:24.349+0000] {processor.py:743} INFO - Processing file /home/airflow/.local/lib/python3.7/site-packages/airflow/example_dags/example_complex.py for tasks to queue
[2023-04-30T12:21:24.349+0000] {logging_mixin.py:137} INFO - [2023-04-30T12:21:24.349+0000] {dagbag.py:532} INFO - Filling up the DagBag from /home/airflow/.local/lib/python3.7/site-packages/airflow/example_dags/example_complex.py
[2023-04-30T12:21:24.358+0000] {logging_mixin.py:137} INFO - [2023-04-30T12:21:24.358+0000] {taskmixin.py:211} WARNING - Dependency <Task(BashOperator): create_entry_group>, delete_entry_group already registered for DAG: example_complex
[2023-04-30T12:21:24.358+0000] {logging_mixin.py:137} INFO - [2023-04-30T12:21:24.358+0000] {taskmixin.py:211} WARNING - Dependency <Task(BashOperator): delete_entry_group>, create_entry_group already registered for DAG: example_complex
[2023-04-30T12:21:24.358+0000] {logging_mixin.py:137} INFO - [2023-04-30T12:21:24.358+0000] {taskmixin.py:211} WARNING - Dependency <Task(BashOperator): create_entry_gcs>, delete_entry already registered for DAG: example_complex
[2023-04-30T12:21:24.359+0000] {logging_mixin.py:137} INFO - [2023-04-30T12:21:24.358+0000] {taskmixin.py:211} WARNING - Dependency <Task(BashOperator): delete_entry>, create_entry_gcs already registered for DAG: example_complex
[2023-04-30T12:21:24.359+0000] {logging_mixin.py:137} INFO - [2023-04-30T12:21:24.359+0000] {taskmixin.py:211} WARNING - Dependency <Task(BashOperator): create_tag>, delete_tag already registered for DAG: example_complex
[2023-04-30T12:21:24.359+0000] {logging_mixin.py:137} INFO - [2023-04-30T12:21:24.359+0000] {taskmixin.py:211} WARNING - Dependency <Task(BashOperator): delete_tag>, create_tag already registered for DAG: example_complex
[2023-04-30T12:21:24.365+0000] {processor.py:753} INFO - DAG(s) dict_keys(['example_complex']) retrieved from /home/airflow/.local/lib/python3.7/site-packages/airflow/example_dags/example_complex.py
[2023-04-30T12:21:24.392+0000] {logging_mixin.py:137} INFO - [2023-04-30T12:21:24.392+0000] {dag.py:2705} INFO - Sync 1 DAGs
[2023-04-30T12:21:24.412+0000] {logging_mixin.py:137} INFO - [2023-04-30T12:21:24.412+0000] {dag.py:3456} INFO - Setting next_dagrun for example_complex to None, run_after=None
[2023-04-30T12:21:24.426+0000] {processor.py:175} INFO - Processing /home/airflow/.local/lib/python3.7/site-packages/airflow/example_dags/example_complex.py took 0.081 seconds
[2023-04-30T12:21:54.612+0000] {processor.py:153} INFO - Started process (PID=1053) to work on /home/airflow/.local/lib/python3.7/site-packages/airflow/example_dags/example_complex.py
[2023-04-30T12:21:54.613+0000] {processor.py:743} INFO - Processing file /home/airflow/.local/lib/python3.7/site-packages/airflow/example_dags/example_complex.py for tasks to queue
[2023-04-30T12:21:54.613+0000] {logging_mixin.py:137} INFO - [2023-04-30T12:21:54.613+0000] {dagbag.py:532} INFO - Filling up the DagBag from /home/airflow/.local/lib/python3.7/site-packages/airflow/example_dags/example_complex.py
[2023-04-30T12:21:54.623+0000] {logging_mixin.py:137} INFO - [2023-04-30T12:21:54.623+0000] {taskmixin.py:211} WARNING - Dependency <Task(BashOperator): create_entry_group>, delete_entry_group already registered for DAG: example_complex
[2023-04-30T12:21:54.624+0000] {logging_mixin.py:137} INFO - [2023-04-30T12:21:54.623+0000] {taskmixin.py:211} WARNING - Dependency <Task(BashOperator): delete_entry_group>, create_entry_group already registered for DAG: example_complex
[2023-04-30T12:21:54.624+0000] {logging_mixin.py:137} INFO - [2023-04-30T12:21:54.624+0000] {taskmixin.py:211} WARNING - Dependency <Task(BashOperator): create_entry_gcs>, delete_entry already registered for DAG: example_complex
[2023-04-30T12:21:54.624+0000] {logging_mixin.py:137} INFO - [2023-04-30T12:21:54.624+0000] {taskmixin.py:211} WARNING - Dependency <Task(BashOperator): delete_entry>, create_entry_gcs already registered for DAG: example_complex
[2023-04-30T12:21:54.624+0000] {logging_mixin.py:137} INFO - [2023-04-30T12:21:54.624+0000] {taskmixin.py:211} WARNING - Dependency <Task(BashOperator): create_tag>, delete_tag already registered for DAG: example_complex
[2023-04-30T12:21:54.624+0000] {logging_mixin.py:137} INFO - [2023-04-30T12:21:54.624+0000] {taskmixin.py:211} WARNING - Dependency <Task(BashOperator): delete_tag>, create_tag already registered for DAG: example_complex
[2023-04-30T12:21:54.630+0000] {processor.py:753} INFO - DAG(s) dict_keys(['example_complex']) retrieved from /home/airflow/.local/lib/python3.7/site-packages/airflow/example_dags/example_complex.py
[2023-04-30T12:21:54.659+0000] {logging_mixin.py:137} INFO - [2023-04-30T12:21:54.659+0000] {dag.py:2705} INFO - Sync 1 DAGs
[2023-04-30T12:21:54.680+0000] {logging_mixin.py:137} INFO - [2023-04-30T12:21:54.680+0000] {dag.py:3456} INFO - Setting next_dagrun for example_complex to None, run_after=None
[2023-04-30T12:21:54.695+0000] {processor.py:175} INFO - Processing /home/airflow/.local/lib/python3.7/site-packages/airflow/example_dags/example_complex.py took 0.086 seconds
[2023-04-30T12:22:25.004+0000] {processor.py:153} INFO - Started process (PID=1103) to work on /home/airflow/.local/lib/python3.7/site-packages/airflow/example_dags/example_complex.py
[2023-04-30T12:22:25.004+0000] {processor.py:743} INFO - Processing file /home/airflow/.local/lib/python3.7/site-packages/airflow/example_dags/example_complex.py for tasks to queue
[2023-04-30T12:22:25.005+0000] {logging_mixin.py:137} INFO - [2023-04-30T12:22:25.005+0000] {dagbag.py:532} INFO - Filling up the DagBag from /home/airflow/.local/lib/python3.7/site-packages/airflow/example_dags/example_complex.py
[2023-04-30T12:22:25.014+0000] {logging_mixin.py:137} INFO - [2023-04-30T12:22:25.014+0000] {taskmixin.py:211} WARNING - Dependency <Task(BashOperator): create_entry_group>, delete_entry_group already registered for DAG: example_complex
[2023-04-30T12:22:25.014+0000] {logging_mixin.py:137} INFO - [2023-04-30T12:22:25.014+0000] {taskmixin.py:211} WARNING - Dependency <Task(BashOperator): delete_entry_group>, create_entry_group already registered for DAG: example_complex
[2023-04-30T12:22:25.014+0000] {logging_mixin.py:137} INFO - [2023-04-30T12:22:25.014+0000] {taskmixin.py:211} WARNING - Dependency <Task(BashOperator): create_entry_gcs>, delete_entry already registered for DAG: example_complex
[2023-04-30T12:22:25.014+0000] {logging_mixin.py:137} INFO - [2023-04-30T12:22:25.014+0000] {taskmixin.py:211} WARNING - Dependency <Task(BashOperator): delete_entry>, create_entry_gcs already registered for DAG: example_complex
[2023-04-30T12:22:25.015+0000] {logging_mixin.py:137} INFO - [2023-04-30T12:22:25.015+0000] {taskmixin.py:211} WARNING - Dependency <Task(BashOperator): create_tag>, delete_tag already registered for DAG: example_complex
[2023-04-30T12:22:25.015+0000] {logging_mixin.py:137} INFO - [2023-04-30T12:22:25.015+0000] {taskmixin.py:211} WARNING - Dependency <Task(BashOperator): delete_tag>, create_tag already registered for DAG: example_complex
[2023-04-30T12:22:25.021+0000] {processor.py:753} INFO - DAG(s) dict_keys(['example_complex']) retrieved from /home/airflow/.local/lib/python3.7/site-packages/airflow/example_dags/example_complex.py
[2023-04-30T12:22:25.050+0000] {logging_mixin.py:137} INFO - [2023-04-30T12:22:25.050+0000] {dag.py:2705} INFO - Sync 1 DAGs
[2023-04-30T12:22:25.070+0000] {logging_mixin.py:137} INFO - [2023-04-30T12:22:25.070+0000] {dag.py:3456} INFO - Setting next_dagrun for example_complex to None, run_after=None
[2023-04-30T12:22:25.086+0000] {processor.py:175} INFO - Processing /home/airflow/.local/lib/python3.7/site-packages/airflow/example_dags/example_complex.py took 0.085 seconds
