[2023-04-30T12:11:48.165+0000] {processor.py:153} INFO - Started process (PID=59) to work on /home/airflow/.local/lib/python3.7/site-packages/airflow/example_dags/example_skip_dag.py
[2023-04-30T12:11:48.165+0000] {processor.py:743} INFO - Processing file /home/airflow/.local/lib/python3.7/site-packages/airflow/example_dags/example_skip_dag.py for tasks to queue
[2023-04-30T12:11:48.166+0000] {logging_mixin.py:137} INFO - [2023-04-30T12:11:48.166+0000] {dagbag.py:532} INFO - Filling up the DagBag from /home/airflow/.local/lib/python3.7/site-packages/airflow/example_dags/example_skip_dag.py
[2023-04-30T12:11:48.181+0000] {processor.py:753} INFO - DAG(s) dict_keys(['example_skip_dag']) retrieved from /home/airflow/.local/lib/python3.7/site-packages/airflow/example_dags/example_skip_dag.py
[2023-04-30T12:11:48.195+0000] {logging_mixin.py:137} INFO - [2023-04-30T12:11:48.194+0000] {dag.py:2705} INFO - Sync 1 DAGs
[2023-04-30T12:11:48.226+0000] {logging_mixin.py:137} INFO - [2023-04-30T12:11:48.226+0000] {dag.py:3456} INFO - Setting next_dagrun for example_skip_dag to 2023-04-29T12:11:48.226551+00:00, run_after=2023-04-30T12:11:48.226551+00:00
[2023-04-30T12:11:48.246+0000] {processor.py:175} INFO - Processing /home/airflow/.local/lib/python3.7/site-packages/airflow/example_dags/example_skip_dag.py took 0.084 seconds
[2023-04-30T12:12:18.300+0000] {processor.py:153} INFO - Started process (PID=109) to work on /home/airflow/.local/lib/python3.7/site-packages/airflow/example_dags/example_skip_dag.py
[2023-04-30T12:12:18.300+0000] {processor.py:743} INFO - Processing file /home/airflow/.local/lib/python3.7/site-packages/airflow/example_dags/example_skip_dag.py for tasks to queue
[2023-04-30T12:12:18.301+0000] {logging_mixin.py:137} INFO - [2023-04-30T12:12:18.301+0000] {dagbag.py:532} INFO - Filling up the DagBag from /home/airflow/.local/lib/python3.7/site-packages/airflow/example_dags/example_skip_dag.py
[2023-04-30T12:12:18.312+0000] {processor.py:753} INFO - DAG(s) dict_keys(['example_skip_dag']) retrieved from /home/airflow/.local/lib/python3.7/site-packages/airflow/example_dags/example_skip_dag.py
[2023-04-30T12:12:18.332+0000] {logging_mixin.py:137} INFO - [2023-04-30T12:12:18.332+0000] {dag.py:2705} INFO - Sync 1 DAGs
[2023-04-30T12:12:18.352+0000] {logging_mixin.py:137} INFO - [2023-04-30T12:12:18.351+0000] {dag.py:3456} INFO - Setting next_dagrun for example_skip_dag to 2023-04-29T12:12:18.351794+00:00, run_after=2023-04-30T12:12:18.351794+00:00
[2023-04-30T12:12:18.365+0000] {processor.py:175} INFO - Processing /home/airflow/.local/lib/python3.7/site-packages/airflow/example_dags/example_skip_dag.py took 0.068 seconds
[2023-04-30T12:12:48.757+0000] {processor.py:153} INFO - Started process (PID=159) to work on /home/airflow/.local/lib/python3.7/site-packages/airflow/example_dags/example_skip_dag.py
[2023-04-30T12:12:48.758+0000] {processor.py:743} INFO - Processing file /home/airflow/.local/lib/python3.7/site-packages/airflow/example_dags/example_skip_dag.py for tasks to queue
[2023-04-30T12:12:48.758+0000] {logging_mixin.py:137} INFO - [2023-04-30T12:12:48.758+0000] {dagbag.py:532} INFO - Filling up the DagBag from /home/airflow/.local/lib/python3.7/site-packages/airflow/example_dags/example_skip_dag.py
[2023-04-30T12:12:48.769+0000] {processor.py:753} INFO - DAG(s) dict_keys(['example_skip_dag']) retrieved from /home/airflow/.local/lib/python3.7/site-packages/airflow/example_dags/example_skip_dag.py
[2023-04-30T12:12:48.792+0000] {logging_mixin.py:137} INFO - [2023-04-30T12:12:48.792+0000] {dag.py:2705} INFO - Sync 1 DAGs
[2023-04-30T12:12:48.815+0000] {logging_mixin.py:137} INFO - [2023-04-30T12:12:48.815+0000] {dag.py:3456} INFO - Setting next_dagrun for example_skip_dag to 2023-04-29T12:12:48.815276+00:00, run_after=2023-04-30T12:12:48.815276+00:00
[2023-04-30T12:12:48.830+0000] {processor.py:175} INFO - Processing /home/airflow/.local/lib/python3.7/site-packages/airflow/example_dags/example_skip_dag.py took 0.076 seconds
[2023-04-30T12:13:19.042+0000] {processor.py:153} INFO - Started process (PID=210) to work on /home/airflow/.local/lib/python3.7/site-packages/airflow/example_dags/example_skip_dag.py
[2023-04-30T12:13:19.043+0000] {processor.py:743} INFO - Processing file /home/airflow/.local/lib/python3.7/site-packages/airflow/example_dags/example_skip_dag.py for tasks to queue
[2023-04-30T12:13:19.043+0000] {logging_mixin.py:137} INFO - [2023-04-30T12:13:19.043+0000] {dagbag.py:532} INFO - Filling up the DagBag from /home/airflow/.local/lib/python3.7/site-packages/airflow/example_dags/example_skip_dag.py
[2023-04-30T12:13:19.055+0000] {processor.py:753} INFO - DAG(s) dict_keys(['example_skip_dag']) retrieved from /home/airflow/.local/lib/python3.7/site-packages/airflow/example_dags/example_skip_dag.py
[2023-04-30T12:13:19.075+0000] {logging_mixin.py:137} INFO - [2023-04-30T12:13:19.075+0000] {dag.py:2705} INFO - Sync 1 DAGs
[2023-04-30T12:13:19.095+0000] {logging_mixin.py:137} INFO - [2023-04-30T12:13:19.095+0000] {dag.py:3456} INFO - Setting next_dagrun for example_skip_dag to 2023-04-29T12:13:19.095480+00:00, run_after=2023-04-30T12:13:19.095480+00:00
[2023-04-30T12:13:19.110+0000] {processor.py:175} INFO - Processing /home/airflow/.local/lib/python3.7/site-packages/airflow/example_dags/example_skip_dag.py took 0.070 seconds
[2023-04-30T12:13:49.216+0000] {processor.py:153} INFO - Started process (PID=260) to work on /home/airflow/.local/lib/python3.7/site-packages/airflow/example_dags/example_skip_dag.py
[2023-04-30T12:13:49.217+0000] {processor.py:743} INFO - Processing file /home/airflow/.local/lib/python3.7/site-packages/airflow/example_dags/example_skip_dag.py for tasks to queue
[2023-04-30T12:13:49.217+0000] {logging_mixin.py:137} INFO - [2023-04-30T12:13:49.217+0000] {dagbag.py:532} INFO - Filling up the DagBag from /home/airflow/.local/lib/python3.7/site-packages/airflow/example_dags/example_skip_dag.py
[2023-04-30T12:13:49.228+0000] {processor.py:753} INFO - DAG(s) dict_keys(['example_skip_dag']) retrieved from /home/airflow/.local/lib/python3.7/site-packages/airflow/example_dags/example_skip_dag.py
[2023-04-30T12:13:49.250+0000] {logging_mixin.py:137} INFO - [2023-04-30T12:13:49.250+0000] {dag.py:2705} INFO - Sync 1 DAGs
[2023-04-30T12:13:49.270+0000] {logging_mixin.py:137} INFO - [2023-04-30T12:13:49.270+0000] {dag.py:3456} INFO - Setting next_dagrun for example_skip_dag to 2023-04-29T12:13:49.270399+00:00, run_after=2023-04-30T12:13:49.270399+00:00
[2023-04-30T12:13:49.286+0000] {processor.py:175} INFO - Processing /home/airflow/.local/lib/python3.7/site-packages/airflow/example_dags/example_skip_dag.py took 0.072 seconds
[2023-04-30T12:14:19.466+0000] {processor.py:153} INFO - Started process (PID=310) to work on /home/airflow/.local/lib/python3.7/site-packages/airflow/example_dags/example_skip_dag.py
[2023-04-30T12:14:19.466+0000] {processor.py:743} INFO - Processing file /home/airflow/.local/lib/python3.7/site-packages/airflow/example_dags/example_skip_dag.py for tasks to queue
[2023-04-30T12:14:19.467+0000] {logging_mixin.py:137} INFO - [2023-04-30T12:14:19.467+0000] {dagbag.py:532} INFO - Filling up the DagBag from /home/airflow/.local/lib/python3.7/site-packages/airflow/example_dags/example_skip_dag.py
[2023-04-30T12:14:19.478+0000] {processor.py:753} INFO - DAG(s) dict_keys(['example_skip_dag']) retrieved from /home/airflow/.local/lib/python3.7/site-packages/airflow/example_dags/example_skip_dag.py
[2023-04-30T12:14:19.498+0000] {logging_mixin.py:137} INFO - [2023-04-30T12:14:19.498+0000] {dag.py:2705} INFO - Sync 1 DAGs
[2023-04-30T12:14:19.530+0000] {logging_mixin.py:137} INFO - [2023-04-30T12:14:19.530+0000] {dag.py:3456} INFO - Setting next_dagrun for example_skip_dag to 2023-04-29T12:14:19.530447+00:00, run_after=2023-04-30T12:14:19.530447+00:00
[2023-04-30T12:14:19.550+0000] {processor.py:175} INFO - Processing /home/airflow/.local/lib/python3.7/site-packages/airflow/example_dags/example_skip_dag.py took 0.086 seconds
[2023-04-30T12:14:49.732+0000] {processor.py:153} INFO - Started process (PID=360) to work on /home/airflow/.local/lib/python3.7/site-packages/airflow/example_dags/example_skip_dag.py
[2023-04-30T12:14:49.733+0000] {processor.py:743} INFO - Processing file /home/airflow/.local/lib/python3.7/site-packages/airflow/example_dags/example_skip_dag.py for tasks to queue
[2023-04-30T12:14:49.733+0000] {logging_mixin.py:137} INFO - [2023-04-30T12:14:49.733+0000] {dagbag.py:532} INFO - Filling up the DagBag from /home/airflow/.local/lib/python3.7/site-packages/airflow/example_dags/example_skip_dag.py
[2023-04-30T12:14:49.743+0000] {processor.py:753} INFO - DAG(s) dict_keys(['example_skip_dag']) retrieved from /home/airflow/.local/lib/python3.7/site-packages/airflow/example_dags/example_skip_dag.py
[2023-04-30T12:14:49.765+0000] {logging_mixin.py:137} INFO - [2023-04-30T12:14:49.765+0000] {dag.py:2705} INFO - Sync 1 DAGs
[2023-04-30T12:14:49.785+0000] {logging_mixin.py:137} INFO - [2023-04-30T12:14:49.785+0000] {dag.py:3456} INFO - Setting next_dagrun for example_skip_dag to 2023-04-29T12:14:49.785263+00:00, run_after=2023-04-30T12:14:49.785263+00:00
[2023-04-30T12:14:49.801+0000] {processor.py:175} INFO - Processing /home/airflow/.local/lib/python3.7/site-packages/airflow/example_dags/example_skip_dag.py took 0.072 seconds
[2023-04-30T12:15:20.232+0000] {processor.py:153} INFO - Started process (PID=410) to work on /home/airflow/.local/lib/python3.7/site-packages/airflow/example_dags/example_skip_dag.py
[2023-04-30T12:15:20.233+0000] {processor.py:743} INFO - Processing file /home/airflow/.local/lib/python3.7/site-packages/airflow/example_dags/example_skip_dag.py for tasks to queue
[2023-04-30T12:15:20.233+0000] {logging_mixin.py:137} INFO - [2023-04-30T12:15:20.233+0000] {dagbag.py:532} INFO - Filling up the DagBag from /home/airflow/.local/lib/python3.7/site-packages/airflow/example_dags/example_skip_dag.py
[2023-04-30T12:15:20.245+0000] {processor.py:753} INFO - DAG(s) dict_keys(['example_skip_dag']) retrieved from /home/airflow/.local/lib/python3.7/site-packages/airflow/example_dags/example_skip_dag.py
[2023-04-30T12:15:20.266+0000] {logging_mixin.py:137} INFO - [2023-04-30T12:15:20.266+0000] {dag.py:2705} INFO - Sync 1 DAGs
[2023-04-30T12:15:20.287+0000] {logging_mixin.py:137} INFO - [2023-04-30T12:15:20.287+0000] {dag.py:3456} INFO - Setting next_dagrun for example_skip_dag to 2023-04-29T12:15:20.287118+00:00, run_after=2023-04-30T12:15:20.287118+00:00
[2023-04-30T12:15:20.302+0000] {processor.py:175} INFO - Processing /home/airflow/.local/lib/python3.7/site-packages/airflow/example_dags/example_skip_dag.py took 0.072 seconds
[2023-04-30T12:15:50.659+0000] {processor.py:153} INFO - Started process (PID=460) to work on /home/airflow/.local/lib/python3.7/site-packages/airflow/example_dags/example_skip_dag.py
[2023-04-30T12:15:50.659+0000] {processor.py:743} INFO - Processing file /home/airflow/.local/lib/python3.7/site-packages/airflow/example_dags/example_skip_dag.py for tasks to queue
[2023-04-30T12:15:50.660+0000] {logging_mixin.py:137} INFO - [2023-04-30T12:15:50.660+0000] {dagbag.py:532} INFO - Filling up the DagBag from /home/airflow/.local/lib/python3.7/site-packages/airflow/example_dags/example_skip_dag.py
[2023-04-30T12:15:50.671+0000] {processor.py:753} INFO - DAG(s) dict_keys(['example_skip_dag']) retrieved from /home/airflow/.local/lib/python3.7/site-packages/airflow/example_dags/example_skip_dag.py
[2023-04-30T12:15:50.692+0000] {logging_mixin.py:137} INFO - [2023-04-30T12:15:50.692+0000] {dag.py:2705} INFO - Sync 1 DAGs
[2023-04-30T12:15:50.713+0000] {logging_mixin.py:137} INFO - [2023-04-30T12:15:50.713+0000] {dag.py:3456} INFO - Setting next_dagrun for example_skip_dag to 2023-04-29T12:15:50.712904+00:00, run_after=2023-04-30T12:15:50.712904+00:00
[2023-04-30T12:15:50.729+0000] {processor.py:175} INFO - Processing /home/airflow/.local/lib/python3.7/site-packages/airflow/example_dags/example_skip_dag.py took 0.073 seconds
[2023-04-30T12:16:21.378+0000] {processor.py:153} INFO - Started process (PID=510) to work on /home/airflow/.local/lib/python3.7/site-packages/airflow/example_dags/example_skip_dag.py
[2023-04-30T12:16:21.379+0000] {processor.py:743} INFO - Processing file /home/airflow/.local/lib/python3.7/site-packages/airflow/example_dags/example_skip_dag.py for tasks to queue
[2023-04-30T12:16:21.379+0000] {logging_mixin.py:137} INFO - [2023-04-30T12:16:21.379+0000] {dagbag.py:532} INFO - Filling up the DagBag from /home/airflow/.local/lib/python3.7/site-packages/airflow/example_dags/example_skip_dag.py
[2023-04-30T12:16:21.392+0000] {processor.py:753} INFO - DAG(s) dict_keys(['example_skip_dag']) retrieved from /home/airflow/.local/lib/python3.7/site-packages/airflow/example_dags/example_skip_dag.py
[2023-04-30T12:16:21.415+0000] {logging_mixin.py:137} INFO - [2023-04-30T12:16:21.415+0000] {dag.py:2705} INFO - Sync 1 DAGs
[2023-04-30T12:16:21.441+0000] {logging_mixin.py:137} INFO - [2023-04-30T12:16:21.441+0000] {dag.py:3456} INFO - Setting next_dagrun for example_skip_dag to 2023-04-29T12:16:21.441281+00:00, run_after=2023-04-30T12:16:21.441281+00:00
[2023-04-30T12:16:21.461+0000] {processor.py:175} INFO - Processing /home/airflow/.local/lib/python3.7/site-packages/airflow/example_dags/example_skip_dag.py took 0.086 seconds
[2023-04-30T12:16:51.762+0000] {processor.py:153} INFO - Started process (PID=560) to work on /home/airflow/.local/lib/python3.7/site-packages/airflow/example_dags/example_skip_dag.py
[2023-04-30T12:16:51.763+0000] {processor.py:743} INFO - Processing file /home/airflow/.local/lib/python3.7/site-packages/airflow/example_dags/example_skip_dag.py for tasks to queue
[2023-04-30T12:16:51.763+0000] {logging_mixin.py:137} INFO - [2023-04-30T12:16:51.763+0000] {dagbag.py:532} INFO - Filling up the DagBag from /home/airflow/.local/lib/python3.7/site-packages/airflow/example_dags/example_skip_dag.py
[2023-04-30T12:16:51.775+0000] {processor.py:753} INFO - DAG(s) dict_keys(['example_skip_dag']) retrieved from /home/airflow/.local/lib/python3.7/site-packages/airflow/example_dags/example_skip_dag.py
[2023-04-30T12:16:51.797+0000] {logging_mixin.py:137} INFO - [2023-04-30T12:16:51.797+0000] {dag.py:2705} INFO - Sync 1 DAGs
[2023-04-30T12:16:51.819+0000] {logging_mixin.py:137} INFO - [2023-04-30T12:16:51.819+0000] {dag.py:3456} INFO - Setting next_dagrun for example_skip_dag to 2023-04-29T12:16:51.818954+00:00, run_after=2023-04-30T12:16:51.818954+00:00
[2023-04-30T12:16:51.833+0000] {processor.py:175} INFO - Processing /home/airflow/.local/lib/python3.7/site-packages/airflow/example_dags/example_skip_dag.py took 0.074 seconds
[2023-04-30T12:17:22.116+0000] {processor.py:153} INFO - Started process (PID=610) to work on /home/airflow/.local/lib/python3.7/site-packages/airflow/example_dags/example_skip_dag.py
[2023-04-30T12:17:22.117+0000] {processor.py:743} INFO - Processing file /home/airflow/.local/lib/python3.7/site-packages/airflow/example_dags/example_skip_dag.py for tasks to queue
[2023-04-30T12:17:22.117+0000] {logging_mixin.py:137} INFO - [2023-04-30T12:17:22.117+0000] {dagbag.py:532} INFO - Filling up the DagBag from /home/airflow/.local/lib/python3.7/site-packages/airflow/example_dags/example_skip_dag.py
[2023-04-30T12:17:22.128+0000] {processor.py:753} INFO - DAG(s) dict_keys(['example_skip_dag']) retrieved from /home/airflow/.local/lib/python3.7/site-packages/airflow/example_dags/example_skip_dag.py
[2023-04-30T12:17:22.148+0000] {logging_mixin.py:137} INFO - [2023-04-30T12:17:22.148+0000] {dag.py:2705} INFO - Sync 1 DAGs
[2023-04-30T12:17:22.167+0000] {logging_mixin.py:137} INFO - [2023-04-30T12:17:22.167+0000] {dag.py:3456} INFO - Setting next_dagrun for example_skip_dag to 2023-04-29T12:17:22.167168+00:00, run_after=2023-04-30T12:17:22.167168+00:00
[2023-04-30T12:17:22.180+0000] {processor.py:175} INFO - Processing /home/airflow/.local/lib/python3.7/site-packages/airflow/example_dags/example_skip_dag.py took 0.067 seconds
[2023-04-30T12:17:52.361+0000] {processor.py:153} INFO - Started process (PID=660) to work on /home/airflow/.local/lib/python3.7/site-packages/airflow/example_dags/example_skip_dag.py
[2023-04-30T12:17:52.362+0000] {processor.py:743} INFO - Processing file /home/airflow/.local/lib/python3.7/site-packages/airflow/example_dags/example_skip_dag.py for tasks to queue
[2023-04-30T12:17:52.362+0000] {logging_mixin.py:137} INFO - [2023-04-30T12:17:52.362+0000] {dagbag.py:532} INFO - Filling up the DagBag from /home/airflow/.local/lib/python3.7/site-packages/airflow/example_dags/example_skip_dag.py
[2023-04-30T12:17:52.373+0000] {processor.py:753} INFO - DAG(s) dict_keys(['example_skip_dag']) retrieved from /home/airflow/.local/lib/python3.7/site-packages/airflow/example_dags/example_skip_dag.py
[2023-04-30T12:17:52.393+0000] {logging_mixin.py:137} INFO - [2023-04-30T12:17:52.393+0000] {dag.py:2705} INFO - Sync 1 DAGs
[2023-04-30T12:17:52.413+0000] {logging_mixin.py:137} INFO - [2023-04-30T12:17:52.413+0000] {dag.py:3456} INFO - Setting next_dagrun for example_skip_dag to 2023-04-29T12:17:52.413406+00:00, run_after=2023-04-30T12:17:52.413406+00:00
[2023-04-30T12:17:52.428+0000] {processor.py:175} INFO - Processing /home/airflow/.local/lib/python3.7/site-packages/airflow/example_dags/example_skip_dag.py took 0.069 seconds
[2023-04-30T12:18:22.686+0000] {processor.py:153} INFO - Started process (PID=710) to work on /home/airflow/.local/lib/python3.7/site-packages/airflow/example_dags/example_skip_dag.py
[2023-04-30T12:18:22.687+0000] {processor.py:743} INFO - Processing file /home/airflow/.local/lib/python3.7/site-packages/airflow/example_dags/example_skip_dag.py for tasks to queue
[2023-04-30T12:18:22.687+0000] {logging_mixin.py:137} INFO - [2023-04-30T12:18:22.687+0000] {dagbag.py:532} INFO - Filling up the DagBag from /home/airflow/.local/lib/python3.7/site-packages/airflow/example_dags/example_skip_dag.py
[2023-04-30T12:18:22.697+0000] {processor.py:753} INFO - DAG(s) dict_keys(['example_skip_dag']) retrieved from /home/airflow/.local/lib/python3.7/site-packages/airflow/example_dags/example_skip_dag.py
[2023-04-30T12:18:22.717+0000] {logging_mixin.py:137} INFO - [2023-04-30T12:18:22.717+0000] {dag.py:2705} INFO - Sync 1 DAGs
[2023-04-30T12:18:22.736+0000] {logging_mixin.py:137} INFO - [2023-04-30T12:18:22.736+0000] {dag.py:3456} INFO - Setting next_dagrun for example_skip_dag to 2023-04-29T12:18:22.736228+00:00, run_after=2023-04-30T12:18:22.736228+00:00
[2023-04-30T12:18:22.749+0000] {processor.py:175} INFO - Processing /home/airflow/.local/lib/python3.7/site-packages/airflow/example_dags/example_skip_dag.py took 0.066 seconds
[2023-04-30T12:18:53.070+0000] {processor.py:153} INFO - Started process (PID=760) to work on /home/airflow/.local/lib/python3.7/site-packages/airflow/example_dags/example_skip_dag.py
[2023-04-30T12:18:53.070+0000] {processor.py:743} INFO - Processing file /home/airflow/.local/lib/python3.7/site-packages/airflow/example_dags/example_skip_dag.py for tasks to queue
[2023-04-30T12:18:53.071+0000] {logging_mixin.py:137} INFO - [2023-04-30T12:18:53.071+0000] {dagbag.py:532} INFO - Filling up the DagBag from /home/airflow/.local/lib/python3.7/site-packages/airflow/example_dags/example_skip_dag.py
[2023-04-30T12:18:53.081+0000] {processor.py:753} INFO - DAG(s) dict_keys(['example_skip_dag']) retrieved from /home/airflow/.local/lib/python3.7/site-packages/airflow/example_dags/example_skip_dag.py
[2023-04-30T12:18:53.101+0000] {logging_mixin.py:137} INFO - [2023-04-30T12:18:53.101+0000] {dag.py:2705} INFO - Sync 1 DAGs
[2023-04-30T12:18:53.121+0000] {logging_mixin.py:137} INFO - [2023-04-30T12:18:53.121+0000] {dag.py:3456} INFO - Setting next_dagrun for example_skip_dag to 2023-04-29T12:18:53.121307+00:00, run_after=2023-04-30T12:18:53.121307+00:00
[2023-04-30T12:18:53.135+0000] {processor.py:175} INFO - Processing /home/airflow/.local/lib/python3.7/site-packages/airflow/example_dags/example_skip_dag.py took 0.068 seconds
[2023-04-30T12:19:23.599+0000] {processor.py:153} INFO - Started process (PID=810) to work on /home/airflow/.local/lib/python3.7/site-packages/airflow/example_dags/example_skip_dag.py
[2023-04-30T12:19:23.600+0000] {processor.py:743} INFO - Processing file /home/airflow/.local/lib/python3.7/site-packages/airflow/example_dags/example_skip_dag.py for tasks to queue
[2023-04-30T12:19:23.600+0000] {logging_mixin.py:137} INFO - [2023-04-30T12:19:23.600+0000] {dagbag.py:532} INFO - Filling up the DagBag from /home/airflow/.local/lib/python3.7/site-packages/airflow/example_dags/example_skip_dag.py
[2023-04-30T12:19:23.611+0000] {processor.py:753} INFO - DAG(s) dict_keys(['example_skip_dag']) retrieved from /home/airflow/.local/lib/python3.7/site-packages/airflow/example_dags/example_skip_dag.py
[2023-04-30T12:19:23.632+0000] {logging_mixin.py:137} INFO - [2023-04-30T12:19:23.632+0000] {dag.py:2705} INFO - Sync 1 DAGs
[2023-04-30T12:19:23.652+0000] {logging_mixin.py:137} INFO - [2023-04-30T12:19:23.652+0000] {dag.py:3456} INFO - Setting next_dagrun for example_skip_dag to 2023-04-29T12:19:23.652323+00:00, run_after=2023-04-30T12:19:23.652323+00:00
[2023-04-30T12:19:23.667+0000] {processor.py:175} INFO - Processing /home/airflow/.local/lib/python3.7/site-packages/airflow/example_dags/example_skip_dag.py took 0.070 seconds
[2023-04-30T12:19:53.917+0000] {processor.py:153} INFO - Started process (PID=860) to work on /home/airflow/.local/lib/python3.7/site-packages/airflow/example_dags/example_skip_dag.py
[2023-04-30T12:19:53.918+0000] {processor.py:743} INFO - Processing file /home/airflow/.local/lib/python3.7/site-packages/airflow/example_dags/example_skip_dag.py for tasks to queue
[2023-04-30T12:19:53.919+0000] {logging_mixin.py:137} INFO - [2023-04-30T12:19:53.919+0000] {dagbag.py:532} INFO - Filling up the DagBag from /home/airflow/.local/lib/python3.7/site-packages/airflow/example_dags/example_skip_dag.py
[2023-04-30T12:19:53.929+0000] {processor.py:753} INFO - DAG(s) dict_keys(['example_skip_dag']) retrieved from /home/airflow/.local/lib/python3.7/site-packages/airflow/example_dags/example_skip_dag.py
[2023-04-30T12:19:53.948+0000] {logging_mixin.py:137} INFO - [2023-04-30T12:19:53.948+0000] {dag.py:2705} INFO - Sync 1 DAGs
[2023-04-30T12:19:53.968+0000] {logging_mixin.py:137} INFO - [2023-04-30T12:19:53.967+0000] {dag.py:3456} INFO - Setting next_dagrun for example_skip_dag to 2023-04-29T12:19:53.967774+00:00, run_after=2023-04-30T12:19:53.967774+00:00
[2023-04-30T12:19:53.982+0000] {processor.py:175} INFO - Processing /home/airflow/.local/lib/python3.7/site-packages/airflow/example_dags/example_skip_dag.py took 0.067 seconds
[2023-04-30T12:20:24.103+0000] {processor.py:153} INFO - Started process (PID=910) to work on /home/airflow/.local/lib/python3.7/site-packages/airflow/example_dags/example_skip_dag.py
[2023-04-30T12:20:24.104+0000] {processor.py:743} INFO - Processing file /home/airflow/.local/lib/python3.7/site-packages/airflow/example_dags/example_skip_dag.py for tasks to queue
[2023-04-30T12:20:24.104+0000] {logging_mixin.py:137} INFO - [2023-04-30T12:20:24.104+0000] {dagbag.py:532} INFO - Filling up the DagBag from /home/airflow/.local/lib/python3.7/site-packages/airflow/example_dags/example_skip_dag.py
[2023-04-30T12:20:24.115+0000] {processor.py:753} INFO - DAG(s) dict_keys(['example_skip_dag']) retrieved from /home/airflow/.local/lib/python3.7/site-packages/airflow/example_dags/example_skip_dag.py
[2023-04-30T12:20:24.135+0000] {logging_mixin.py:137} INFO - [2023-04-30T12:20:24.135+0000] {dag.py:2705} INFO - Sync 1 DAGs
[2023-04-30T12:20:24.154+0000] {logging_mixin.py:137} INFO - [2023-04-30T12:20:24.154+0000] {dag.py:3456} INFO - Setting next_dagrun for example_skip_dag to 2023-04-29T12:20:24.153984+00:00, run_after=2023-04-30T12:20:24.153984+00:00
[2023-04-30T12:20:24.168+0000] {processor.py:175} INFO - Processing /home/airflow/.local/lib/python3.7/site-packages/airflow/example_dags/example_skip_dag.py took 0.067 seconds
[2023-04-30T12:20:54.433+0000] {processor.py:153} INFO - Started process (PID=960) to work on /home/airflow/.local/lib/python3.7/site-packages/airflow/example_dags/example_skip_dag.py
[2023-04-30T12:20:54.434+0000] {processor.py:743} INFO - Processing file /home/airflow/.local/lib/python3.7/site-packages/airflow/example_dags/example_skip_dag.py for tasks to queue
[2023-04-30T12:20:54.434+0000] {logging_mixin.py:137} INFO - [2023-04-30T12:20:54.434+0000] {dagbag.py:532} INFO - Filling up the DagBag from /home/airflow/.local/lib/python3.7/site-packages/airflow/example_dags/example_skip_dag.py
[2023-04-30T12:20:54.445+0000] {processor.py:753} INFO - DAG(s) dict_keys(['example_skip_dag']) retrieved from /home/airflow/.local/lib/python3.7/site-packages/airflow/example_dags/example_skip_dag.py
[2023-04-30T12:20:54.465+0000] {logging_mixin.py:137} INFO - [2023-04-30T12:20:54.465+0000] {dag.py:2705} INFO - Sync 1 DAGs
[2023-04-30T12:20:54.488+0000] {logging_mixin.py:137} INFO - [2023-04-30T12:20:54.488+0000] {dag.py:3456} INFO - Setting next_dagrun for example_skip_dag to 2023-04-29T12:20:54.488318+00:00, run_after=2023-04-30T12:20:54.488318+00:00
[2023-04-30T12:20:54.506+0000] {processor.py:175} INFO - Processing /home/airflow/.local/lib/python3.7/site-packages/airflow/example_dags/example_skip_dag.py took 0.075 seconds
[2023-04-30T12:21:24.721+0000] {processor.py:153} INFO - Started process (PID=1010) to work on /home/airflow/.local/lib/python3.7/site-packages/airflow/example_dags/example_skip_dag.py
[2023-04-30T12:21:24.722+0000] {processor.py:743} INFO - Processing file /home/airflow/.local/lib/python3.7/site-packages/airflow/example_dags/example_skip_dag.py for tasks to queue
[2023-04-30T12:21:24.722+0000] {logging_mixin.py:137} INFO - [2023-04-30T12:21:24.722+0000] {dagbag.py:532} INFO - Filling up the DagBag from /home/airflow/.local/lib/python3.7/site-packages/airflow/example_dags/example_skip_dag.py
[2023-04-30T12:21:24.733+0000] {processor.py:753} INFO - DAG(s) dict_keys(['example_skip_dag']) retrieved from /home/airflow/.local/lib/python3.7/site-packages/airflow/example_dags/example_skip_dag.py
[2023-04-30T12:21:24.753+0000] {logging_mixin.py:137} INFO - [2023-04-30T12:21:24.753+0000] {dag.py:2705} INFO - Sync 1 DAGs
[2023-04-30T12:21:24.773+0000] {logging_mixin.py:137} INFO - [2023-04-30T12:21:24.773+0000] {dag.py:3456} INFO - Setting next_dagrun for example_skip_dag to 2023-04-29T12:21:24.773694+00:00, run_after=2023-04-30T12:21:24.773694+00:00
[2023-04-30T12:21:24.787+0000] {processor.py:175} INFO - Processing /home/airflow/.local/lib/python3.7/site-packages/airflow/example_dags/example_skip_dag.py took 0.069 seconds
[2023-04-30T12:21:55.126+0000] {processor.py:153} INFO - Started process (PID=1060) to work on /home/airflow/.local/lib/python3.7/site-packages/airflow/example_dags/example_skip_dag.py
[2023-04-30T12:21:55.126+0000] {processor.py:743} INFO - Processing file /home/airflow/.local/lib/python3.7/site-packages/airflow/example_dags/example_skip_dag.py for tasks to queue
[2023-04-30T12:21:55.127+0000] {logging_mixin.py:137} INFO - [2023-04-30T12:21:55.127+0000] {dagbag.py:532} INFO - Filling up the DagBag from /home/airflow/.local/lib/python3.7/site-packages/airflow/example_dags/example_skip_dag.py
[2023-04-30T12:21:55.139+0000] {processor.py:753} INFO - DAG(s) dict_keys(['example_skip_dag']) retrieved from /home/airflow/.local/lib/python3.7/site-packages/airflow/example_dags/example_skip_dag.py
[2023-04-30T12:21:55.161+0000] {logging_mixin.py:137} INFO - [2023-04-30T12:21:55.161+0000] {dag.py:2705} INFO - Sync 1 DAGs
[2023-04-30T12:21:55.183+0000] {logging_mixin.py:137} INFO - [2023-04-30T12:21:55.182+0000] {dag.py:3456} INFO - Setting next_dagrun for example_skip_dag to 2023-04-29T12:21:55.182768+00:00, run_after=2023-04-30T12:21:55.182768+00:00
[2023-04-30T12:21:55.197+0000] {processor.py:175} INFO - Processing /home/airflow/.local/lib/python3.7/site-packages/airflow/example_dags/example_skip_dag.py took 0.074 seconds
[2023-04-30T12:22:25.411+0000] {processor.py:153} INFO - Started process (PID=1110) to work on /home/airflow/.local/lib/python3.7/site-packages/airflow/example_dags/example_skip_dag.py
[2023-04-30T12:22:25.411+0000] {processor.py:743} INFO - Processing file /home/airflow/.local/lib/python3.7/site-packages/airflow/example_dags/example_skip_dag.py for tasks to queue
[2023-04-30T12:22:25.412+0000] {logging_mixin.py:137} INFO - [2023-04-30T12:22:25.412+0000] {dagbag.py:532} INFO - Filling up the DagBag from /home/airflow/.local/lib/python3.7/site-packages/airflow/example_dags/example_skip_dag.py
[2023-04-30T12:22:25.423+0000] {processor.py:753} INFO - DAG(s) dict_keys(['example_skip_dag']) retrieved from /home/airflow/.local/lib/python3.7/site-packages/airflow/example_dags/example_skip_dag.py
[2023-04-30T12:22:25.444+0000] {logging_mixin.py:137} INFO - [2023-04-30T12:22:25.444+0000] {dag.py:2705} INFO - Sync 1 DAGs
[2023-04-30T12:22:25.467+0000] {logging_mixin.py:137} INFO - [2023-04-30T12:22:25.467+0000] {dag.py:3456} INFO - Setting next_dagrun for example_skip_dag to 2023-04-29T12:22:25.466839+00:00, run_after=2023-04-30T12:22:25.466839+00:00
[2023-04-30T12:22:25.483+0000] {processor.py:175} INFO - Processing /home/airflow/.local/lib/python3.7/site-packages/airflow/example_dags/example_skip_dag.py took 0.075 seconds
