[2023-04-30T12:11:47.988+0000] {processor.py:153} INFO - Started process (PID=56) to work on /home/airflow/.local/lib/python3.7/site-packages/airflow/example_dags/example_branch_operator.py
[2023-04-30T12:11:47.989+0000] {processor.py:743} INFO - Processing file /home/airflow/.local/lib/python3.7/site-packages/airflow/example_dags/example_branch_operator.py for tasks to queue
[2023-04-30T12:11:47.990+0000] {logging_mixin.py:137} INFO - [2023-04-30T12:11:47.990+0000] {dagbag.py:532} INFO - Filling up the DagBag from /home/airflow/.local/lib/python3.7/site-packages/airflow/example_dags/example_branch_operator.py
[2023-04-30T12:11:48.011+0000] {processor.py:753} INFO - DAG(s) dict_keys(['example_branch_operator']) retrieved from /home/airflow/.local/lib/python3.7/site-packages/airflow/example_dags/example_branch_operator.py
[2023-04-30T12:11:48.023+0000] {logging_mixin.py:137} INFO - [2023-04-30T12:11:48.022+0000] {dag.py:2705} INFO - Sync 1 DAGs
[2023-04-30T12:11:48.053+0000] {logging_mixin.py:137} INFO - [2023-04-30T12:11:48.053+0000] {dag.py:3456} INFO - Setting next_dagrun for example_branch_operator to 2023-04-29T00:00:00+00:00, run_after=2023-04-30T00:00:00+00:00
[2023-04-30T12:11:48.073+0000] {processor.py:175} INFO - Processing /home/airflow/.local/lib/python3.7/site-packages/airflow/example_dags/example_branch_operator.py took 0.091 seconds
[2023-04-30T12:12:18.116+0000] {processor.py:153} INFO - Started process (PID=106) to work on /home/airflow/.local/lib/python3.7/site-packages/airflow/example_dags/example_branch_operator.py
[2023-04-30T12:12:18.116+0000] {processor.py:743} INFO - Processing file /home/airflow/.local/lib/python3.7/site-packages/airflow/example_dags/example_branch_operator.py for tasks to queue
[2023-04-30T12:12:18.117+0000] {logging_mixin.py:137} INFO - [2023-04-30T12:12:18.117+0000] {dagbag.py:532} INFO - Filling up the DagBag from /home/airflow/.local/lib/python3.7/site-packages/airflow/example_dags/example_branch_operator.py
[2023-04-30T12:12:18.130+0000] {processor.py:753} INFO - DAG(s) dict_keys(['example_branch_operator']) retrieved from /home/airflow/.local/lib/python3.7/site-packages/airflow/example_dags/example_branch_operator.py
[2023-04-30T12:12:18.152+0000] {logging_mixin.py:137} INFO - [2023-04-30T12:12:18.152+0000] {dag.py:2705} INFO - Sync 1 DAGs
[2023-04-30T12:12:18.174+0000] {logging_mixin.py:137} INFO - [2023-04-30T12:12:18.174+0000] {dag.py:3456} INFO - Setting next_dagrun for example_branch_operator to 2023-04-29T00:00:00+00:00, run_after=2023-04-30T00:00:00+00:00
[2023-04-30T12:12:18.188+0000] {processor.py:175} INFO - Processing /home/airflow/.local/lib/python3.7/site-packages/airflow/example_dags/example_branch_operator.py took 0.075 seconds
[2023-04-30T12:12:48.539+0000] {processor.py:153} INFO - Started process (PID=156) to work on /home/airflow/.local/lib/python3.7/site-packages/airflow/example_dags/example_branch_operator.py
[2023-04-30T12:12:48.540+0000] {processor.py:743} INFO - Processing file /home/airflow/.local/lib/python3.7/site-packages/airflow/example_dags/example_branch_operator.py for tasks to queue
[2023-04-30T12:12:48.541+0000] {logging_mixin.py:137} INFO - [2023-04-30T12:12:48.541+0000] {dagbag.py:532} INFO - Filling up the DagBag from /home/airflow/.local/lib/python3.7/site-packages/airflow/example_dags/example_branch_operator.py
[2023-04-30T12:12:48.556+0000] {processor.py:753} INFO - DAG(s) dict_keys(['example_branch_operator']) retrieved from /home/airflow/.local/lib/python3.7/site-packages/airflow/example_dags/example_branch_operator.py
[2023-04-30T12:12:48.581+0000] {logging_mixin.py:137} INFO - [2023-04-30T12:12:48.581+0000] {dag.py:2705} INFO - Sync 1 DAGs
[2023-04-30T12:12:48.608+0000] {logging_mixin.py:137} INFO - [2023-04-30T12:12:48.608+0000] {dag.py:3456} INFO - Setting next_dagrun for example_branch_operator to 2023-04-29T00:00:00+00:00, run_after=2023-04-30T00:00:00+00:00
[2023-04-30T12:12:48.625+0000] {processor.py:175} INFO - Processing /home/airflow/.local/lib/python3.7/site-packages/airflow/example_dags/example_branch_operator.py took 0.089 seconds
[2023-04-30T12:13:18.854+0000] {processor.py:153} INFO - Started process (PID=207) to work on /home/airflow/.local/lib/python3.7/site-packages/airflow/example_dags/example_branch_operator.py
[2023-04-30T12:13:18.855+0000] {processor.py:743} INFO - Processing file /home/airflow/.local/lib/python3.7/site-packages/airflow/example_dags/example_branch_operator.py for tasks to queue
[2023-04-30T12:13:18.855+0000] {logging_mixin.py:137} INFO - [2023-04-30T12:13:18.855+0000] {dagbag.py:532} INFO - Filling up the DagBag from /home/airflow/.local/lib/python3.7/site-packages/airflow/example_dags/example_branch_operator.py
[2023-04-30T12:13:18.869+0000] {processor.py:753} INFO - DAG(s) dict_keys(['example_branch_operator']) retrieved from /home/airflow/.local/lib/python3.7/site-packages/airflow/example_dags/example_branch_operator.py
[2023-04-30T12:13:18.891+0000] {logging_mixin.py:137} INFO - [2023-04-30T12:13:18.891+0000] {dag.py:2705} INFO - Sync 1 DAGs
[2023-04-30T12:13:18.914+0000] {logging_mixin.py:137} INFO - [2023-04-30T12:13:18.913+0000] {dag.py:3456} INFO - Setting next_dagrun for example_branch_operator to 2023-04-29T00:00:00+00:00, run_after=2023-04-30T00:00:00+00:00
[2023-04-30T12:13:18.929+0000] {processor.py:175} INFO - Processing /home/airflow/.local/lib/python3.7/site-packages/airflow/example_dags/example_branch_operator.py took 0.077 seconds
[2023-04-30T12:13:49.016+0000] {processor.py:153} INFO - Started process (PID=257) to work on /home/airflow/.local/lib/python3.7/site-packages/airflow/example_dags/example_branch_operator.py
[2023-04-30T12:13:49.017+0000] {processor.py:743} INFO - Processing file /home/airflow/.local/lib/python3.7/site-packages/airflow/example_dags/example_branch_operator.py for tasks to queue
[2023-04-30T12:13:49.017+0000] {logging_mixin.py:137} INFO - [2023-04-30T12:13:49.017+0000] {dagbag.py:532} INFO - Filling up the DagBag from /home/airflow/.local/lib/python3.7/site-packages/airflow/example_dags/example_branch_operator.py
[2023-04-30T12:13:49.031+0000] {processor.py:753} INFO - DAG(s) dict_keys(['example_branch_operator']) retrieved from /home/airflow/.local/lib/python3.7/site-packages/airflow/example_dags/example_branch_operator.py
[2023-04-30T12:13:49.053+0000] {logging_mixin.py:137} INFO - [2023-04-30T12:13:49.053+0000] {dag.py:2705} INFO - Sync 1 DAGs
[2023-04-30T12:13:49.076+0000] {logging_mixin.py:137} INFO - [2023-04-30T12:13:49.076+0000] {dag.py:3456} INFO - Setting next_dagrun for example_branch_operator to 2023-04-29T00:00:00+00:00, run_after=2023-04-30T00:00:00+00:00
[2023-04-30T12:13:49.093+0000] {processor.py:175} INFO - Processing /home/airflow/.local/lib/python3.7/site-packages/airflow/example_dags/example_branch_operator.py took 0.079 seconds
[2023-04-30T12:14:19.281+0000] {processor.py:153} INFO - Started process (PID=307) to work on /home/airflow/.local/lib/python3.7/site-packages/airflow/example_dags/example_branch_operator.py
[2023-04-30T12:14:19.281+0000] {processor.py:743} INFO - Processing file /home/airflow/.local/lib/python3.7/site-packages/airflow/example_dags/example_branch_operator.py for tasks to queue
[2023-04-30T12:14:19.282+0000] {logging_mixin.py:137} INFO - [2023-04-30T12:14:19.281+0000] {dagbag.py:532} INFO - Filling up the DagBag from /home/airflow/.local/lib/python3.7/site-packages/airflow/example_dags/example_branch_operator.py
[2023-04-30T12:14:19.295+0000] {processor.py:753} INFO - DAG(s) dict_keys(['example_branch_operator']) retrieved from /home/airflow/.local/lib/python3.7/site-packages/airflow/example_dags/example_branch_operator.py
[2023-04-30T12:14:19.317+0000] {logging_mixin.py:137} INFO - [2023-04-30T12:14:19.317+0000] {dag.py:2705} INFO - Sync 1 DAGs
[2023-04-30T12:14:19.340+0000] {logging_mixin.py:137} INFO - [2023-04-30T12:14:19.339+0000] {dag.py:3456} INFO - Setting next_dagrun for example_branch_operator to 2023-04-29T00:00:00+00:00, run_after=2023-04-30T00:00:00+00:00
[2023-04-30T12:14:19.354+0000] {processor.py:175} INFO - Processing /home/airflow/.local/lib/python3.7/site-packages/airflow/example_dags/example_branch_operator.py took 0.076 seconds
[2023-04-30T12:14:49.552+0000] {processor.py:153} INFO - Started process (PID=357) to work on /home/airflow/.local/lib/python3.7/site-packages/airflow/example_dags/example_branch_operator.py
[2023-04-30T12:14:49.553+0000] {processor.py:743} INFO - Processing file /home/airflow/.local/lib/python3.7/site-packages/airflow/example_dags/example_branch_operator.py for tasks to queue
[2023-04-30T12:14:49.553+0000] {logging_mixin.py:137} INFO - [2023-04-30T12:14:49.553+0000] {dagbag.py:532} INFO - Filling up the DagBag from /home/airflow/.local/lib/python3.7/site-packages/airflow/example_dags/example_branch_operator.py
[2023-04-30T12:14:49.566+0000] {processor.py:753} INFO - DAG(s) dict_keys(['example_branch_operator']) retrieved from /home/airflow/.local/lib/python3.7/site-packages/airflow/example_dags/example_branch_operator.py
[2023-04-30T12:14:49.587+0000] {logging_mixin.py:137} INFO - [2023-04-30T12:14:49.587+0000] {dag.py:2705} INFO - Sync 1 DAGs
[2023-04-30T12:14:49.607+0000] {logging_mixin.py:137} INFO - [2023-04-30T12:14:49.607+0000] {dag.py:3456} INFO - Setting next_dagrun for example_branch_operator to 2023-04-29T00:00:00+00:00, run_after=2023-04-30T00:00:00+00:00
[2023-04-30T12:14:49.621+0000] {processor.py:175} INFO - Processing /home/airflow/.local/lib/python3.7/site-packages/airflow/example_dags/example_branch_operator.py took 0.071 seconds
[2023-04-30T12:15:20.051+0000] {processor.py:153} INFO - Started process (PID=407) to work on /home/airflow/.local/lib/python3.7/site-packages/airflow/example_dags/example_branch_operator.py
[2023-04-30T12:15:20.052+0000] {processor.py:743} INFO - Processing file /home/airflow/.local/lib/python3.7/site-packages/airflow/example_dags/example_branch_operator.py for tasks to queue
[2023-04-30T12:15:20.053+0000] {logging_mixin.py:137} INFO - [2023-04-30T12:15:20.052+0000] {dagbag.py:532} INFO - Filling up the DagBag from /home/airflow/.local/lib/python3.7/site-packages/airflow/example_dags/example_branch_operator.py
[2023-04-30T12:15:20.067+0000] {processor.py:753} INFO - DAG(s) dict_keys(['example_branch_operator']) retrieved from /home/airflow/.local/lib/python3.7/site-packages/airflow/example_dags/example_branch_operator.py
[2023-04-30T12:15:20.089+0000] {logging_mixin.py:137} INFO - [2023-04-30T12:15:20.089+0000] {dag.py:2705} INFO - Sync 1 DAGs
[2023-04-30T12:15:20.112+0000] {logging_mixin.py:137} INFO - [2023-04-30T12:15:20.112+0000] {dag.py:3456} INFO - Setting next_dagrun for example_branch_operator to 2023-04-29T00:00:00+00:00, run_after=2023-04-30T00:00:00+00:00
[2023-04-30T12:15:20.128+0000] {processor.py:175} INFO - Processing /home/airflow/.local/lib/python3.7/site-packages/airflow/example_dags/example_branch_operator.py took 0.079 seconds
[2023-04-30T12:15:50.471+0000] {processor.py:153} INFO - Started process (PID=457) to work on /home/airflow/.local/lib/python3.7/site-packages/airflow/example_dags/example_branch_operator.py
[2023-04-30T12:15:50.472+0000] {processor.py:743} INFO - Processing file /home/airflow/.local/lib/python3.7/site-packages/airflow/example_dags/example_branch_operator.py for tasks to queue
[2023-04-30T12:15:50.472+0000] {logging_mixin.py:137} INFO - [2023-04-30T12:15:50.472+0000] {dagbag.py:532} INFO - Filling up the DagBag from /home/airflow/.local/lib/python3.7/site-packages/airflow/example_dags/example_branch_operator.py
[2023-04-30T12:15:50.486+0000] {processor.py:753} INFO - DAG(s) dict_keys(['example_branch_operator']) retrieved from /home/airflow/.local/lib/python3.7/site-packages/airflow/example_dags/example_branch_operator.py
[2023-04-30T12:15:50.509+0000] {logging_mixin.py:137} INFO - [2023-04-30T12:15:50.509+0000] {dag.py:2705} INFO - Sync 1 DAGs
[2023-04-30T12:15:50.532+0000] {logging_mixin.py:137} INFO - [2023-04-30T12:15:50.532+0000] {dag.py:3456} INFO - Setting next_dagrun for example_branch_operator to 2023-04-29T00:00:00+00:00, run_after=2023-04-30T00:00:00+00:00
[2023-04-30T12:15:50.547+0000] {processor.py:175} INFO - Processing /home/airflow/.local/lib/python3.7/site-packages/airflow/example_dags/example_branch_operator.py took 0.078 seconds
[2023-04-30T12:16:21.167+0000] {processor.py:153} INFO - Started process (PID=507) to work on /home/airflow/.local/lib/python3.7/site-packages/airflow/example_dags/example_branch_operator.py
[2023-04-30T12:16:21.168+0000] {processor.py:743} INFO - Processing file /home/airflow/.local/lib/python3.7/site-packages/airflow/example_dags/example_branch_operator.py for tasks to queue
[2023-04-30T12:16:21.169+0000] {logging_mixin.py:137} INFO - [2023-04-30T12:16:21.169+0000] {dagbag.py:532} INFO - Filling up the DagBag from /home/airflow/.local/lib/python3.7/site-packages/airflow/example_dags/example_branch_operator.py
[2023-04-30T12:16:21.184+0000] {processor.py:753} INFO - DAG(s) dict_keys(['example_branch_operator']) retrieved from /home/airflow/.local/lib/python3.7/site-packages/airflow/example_dags/example_branch_operator.py
[2023-04-30T12:16:21.210+0000] {logging_mixin.py:137} INFO - [2023-04-30T12:16:21.210+0000] {dag.py:2705} INFO - Sync 1 DAGs
[2023-04-30T12:16:21.238+0000] {logging_mixin.py:137} INFO - [2023-04-30T12:16:21.238+0000] {dag.py:3456} INFO - Setting next_dagrun for example_branch_operator to 2023-04-29T00:00:00+00:00, run_after=2023-04-30T00:00:00+00:00
[2023-04-30T12:16:21.255+0000] {processor.py:175} INFO - Processing /home/airflow/.local/lib/python3.7/site-packages/airflow/example_dags/example_branch_operator.py took 0.091 seconds
[2023-04-30T12:16:51.582+0000] {processor.py:153} INFO - Started process (PID=557) to work on /home/airflow/.local/lib/python3.7/site-packages/airflow/example_dags/example_branch_operator.py
[2023-04-30T12:16:51.582+0000] {processor.py:743} INFO - Processing file /home/airflow/.local/lib/python3.7/site-packages/airflow/example_dags/example_branch_operator.py for tasks to queue
[2023-04-30T12:16:51.583+0000] {logging_mixin.py:137} INFO - [2023-04-30T12:16:51.583+0000] {dagbag.py:532} INFO - Filling up the DagBag from /home/airflow/.local/lib/python3.7/site-packages/airflow/example_dags/example_branch_operator.py
[2023-04-30T12:16:51.596+0000] {processor.py:753} INFO - DAG(s) dict_keys(['example_branch_operator']) retrieved from /home/airflow/.local/lib/python3.7/site-packages/airflow/example_dags/example_branch_operator.py
[2023-04-30T12:16:51.617+0000] {logging_mixin.py:137} INFO - [2023-04-30T12:16:51.616+0000] {dag.py:2705} INFO - Sync 1 DAGs
[2023-04-30T12:16:51.636+0000] {logging_mixin.py:137} INFO - [2023-04-30T12:16:51.636+0000] {dag.py:3456} INFO - Setting next_dagrun for example_branch_operator to 2023-04-29T00:00:00+00:00, run_after=2023-04-30T00:00:00+00:00
[2023-04-30T12:16:51.650+0000] {processor.py:175} INFO - Processing /home/airflow/.local/lib/python3.7/site-packages/airflow/example_dags/example_branch_operator.py took 0.070 seconds
[2023-04-30T12:17:21.927+0000] {processor.py:153} INFO - Started process (PID=607) to work on /home/airflow/.local/lib/python3.7/site-packages/airflow/example_dags/example_branch_operator.py
[2023-04-30T12:17:21.928+0000] {processor.py:743} INFO - Processing file /home/airflow/.local/lib/python3.7/site-packages/airflow/example_dags/example_branch_operator.py for tasks to queue
[2023-04-30T12:17:21.928+0000] {logging_mixin.py:137} INFO - [2023-04-30T12:17:21.928+0000] {dagbag.py:532} INFO - Filling up the DagBag from /home/airflow/.local/lib/python3.7/site-packages/airflow/example_dags/example_branch_operator.py
[2023-04-30T12:17:21.942+0000] {processor.py:753} INFO - DAG(s) dict_keys(['example_branch_operator']) retrieved from /home/airflow/.local/lib/python3.7/site-packages/airflow/example_dags/example_branch_operator.py
[2023-04-30T12:17:21.964+0000] {logging_mixin.py:137} INFO - [2023-04-30T12:17:21.964+0000] {dag.py:2705} INFO - Sync 1 DAGs
[2023-04-30T12:17:21.987+0000] {logging_mixin.py:137} INFO - [2023-04-30T12:17:21.987+0000] {dag.py:3456} INFO - Setting next_dagrun for example_branch_operator to 2023-04-29T00:00:00+00:00, run_after=2023-04-30T00:00:00+00:00
[2023-04-30T12:17:22.003+0000] {processor.py:175} INFO - Processing /home/airflow/.local/lib/python3.7/site-packages/airflow/example_dags/example_branch_operator.py took 0.079 seconds
[2023-04-30T12:17:52.212+0000] {processor.py:153} INFO - Started process (PID=657) to work on /home/airflow/.local/lib/python3.7/site-packages/airflow/example_dags/example_branch_operator.py
[2023-04-30T12:17:52.213+0000] {processor.py:743} INFO - Processing file /home/airflow/.local/lib/python3.7/site-packages/airflow/example_dags/example_branch_operator.py for tasks to queue
[2023-04-30T12:17:52.213+0000] {logging_mixin.py:137} INFO - [2023-04-30T12:17:52.213+0000] {dagbag.py:532} INFO - Filling up the DagBag from /home/airflow/.local/lib/python3.7/site-packages/airflow/example_dags/example_branch_operator.py
[2023-04-30T12:17:52.226+0000] {processor.py:753} INFO - DAG(s) dict_keys(['example_branch_operator']) retrieved from /home/airflow/.local/lib/python3.7/site-packages/airflow/example_dags/example_branch_operator.py
[2023-04-30T12:17:52.248+0000] {logging_mixin.py:137} INFO - [2023-04-30T12:17:52.248+0000] {dag.py:2705} INFO - Sync 1 DAGs
[2023-04-30T12:17:52.270+0000] {logging_mixin.py:137} INFO - [2023-04-30T12:17:52.269+0000] {dag.py:3456} INFO - Setting next_dagrun for example_branch_operator to 2023-04-29T00:00:00+00:00, run_after=2023-04-30T00:00:00+00:00
[2023-04-30T12:17:52.283+0000] {processor.py:175} INFO - Processing /home/airflow/.local/lib/python3.7/site-packages/airflow/example_dags/example_branch_operator.py took 0.074 seconds
[2023-04-30T12:18:22.505+0000] {processor.py:153} INFO - Started process (PID=707) to work on /home/airflow/.local/lib/python3.7/site-packages/airflow/example_dags/example_branch_operator.py
[2023-04-30T12:18:22.506+0000] {processor.py:743} INFO - Processing file /home/airflow/.local/lib/python3.7/site-packages/airflow/example_dags/example_branch_operator.py for tasks to queue
[2023-04-30T12:18:22.506+0000] {logging_mixin.py:137} INFO - [2023-04-30T12:18:22.506+0000] {dagbag.py:532} INFO - Filling up the DagBag from /home/airflow/.local/lib/python3.7/site-packages/airflow/example_dags/example_branch_operator.py
[2023-04-30T12:18:22.520+0000] {processor.py:753} INFO - DAG(s) dict_keys(['example_branch_operator']) retrieved from /home/airflow/.local/lib/python3.7/site-packages/airflow/example_dags/example_branch_operator.py
[2023-04-30T12:18:22.542+0000] {logging_mixin.py:137} INFO - [2023-04-30T12:18:22.541+0000] {dag.py:2705} INFO - Sync 1 DAGs
[2023-04-30T12:18:22.563+0000] {logging_mixin.py:137} INFO - [2023-04-30T12:18:22.563+0000] {dag.py:3456} INFO - Setting next_dagrun for example_branch_operator to 2023-04-29T00:00:00+00:00, run_after=2023-04-30T00:00:00+00:00
[2023-04-30T12:18:22.577+0000] {processor.py:175} INFO - Processing /home/airflow/.local/lib/python3.7/site-packages/airflow/example_dags/example_branch_operator.py took 0.074 seconds
[2023-04-30T12:18:52.888+0000] {processor.py:153} INFO - Started process (PID=757) to work on /home/airflow/.local/lib/python3.7/site-packages/airflow/example_dags/example_branch_operator.py
[2023-04-30T12:18:52.888+0000] {processor.py:743} INFO - Processing file /home/airflow/.local/lib/python3.7/site-packages/airflow/example_dags/example_branch_operator.py for tasks to queue
[2023-04-30T12:18:52.889+0000] {logging_mixin.py:137} INFO - [2023-04-30T12:18:52.889+0000] {dagbag.py:532} INFO - Filling up the DagBag from /home/airflow/.local/lib/python3.7/site-packages/airflow/example_dags/example_branch_operator.py
[2023-04-30T12:18:52.902+0000] {processor.py:753} INFO - DAG(s) dict_keys(['example_branch_operator']) retrieved from /home/airflow/.local/lib/python3.7/site-packages/airflow/example_dags/example_branch_operator.py
[2023-04-30T12:18:52.924+0000] {logging_mixin.py:137} INFO - [2023-04-30T12:18:52.924+0000] {dag.py:2705} INFO - Sync 1 DAGs
[2023-04-30T12:18:52.946+0000] {logging_mixin.py:137} INFO - [2023-04-30T12:18:52.946+0000] {dag.py:3456} INFO - Setting next_dagrun for example_branch_operator to 2023-04-29T00:00:00+00:00, run_after=2023-04-30T00:00:00+00:00
[2023-04-30T12:18:52.960+0000] {processor.py:175} INFO - Processing /home/airflow/.local/lib/python3.7/site-packages/airflow/example_dags/example_branch_operator.py took 0.075 seconds
[2023-04-30T12:19:23.407+0000] {processor.py:153} INFO - Started process (PID=807) to work on /home/airflow/.local/lib/python3.7/site-packages/airflow/example_dags/example_branch_operator.py
[2023-04-30T12:19:23.408+0000] {processor.py:743} INFO - Processing file /home/airflow/.local/lib/python3.7/site-packages/airflow/example_dags/example_branch_operator.py for tasks to queue
[2023-04-30T12:19:23.408+0000] {logging_mixin.py:137} INFO - [2023-04-30T12:19:23.408+0000] {dagbag.py:532} INFO - Filling up the DagBag from /home/airflow/.local/lib/python3.7/site-packages/airflow/example_dags/example_branch_operator.py
[2023-04-30T12:19:23.423+0000] {processor.py:753} INFO - DAG(s) dict_keys(['example_branch_operator']) retrieved from /home/airflow/.local/lib/python3.7/site-packages/airflow/example_dags/example_branch_operator.py
[2023-04-30T12:19:23.446+0000] {logging_mixin.py:137} INFO - [2023-04-30T12:19:23.446+0000] {dag.py:2705} INFO - Sync 1 DAGs
[2023-04-30T12:19:23.471+0000] {logging_mixin.py:137} INFO - [2023-04-30T12:19:23.471+0000] {dag.py:3456} INFO - Setting next_dagrun for example_branch_operator to 2023-04-29T00:00:00+00:00, run_after=2023-04-30T00:00:00+00:00
[2023-04-30T12:19:23.486+0000] {processor.py:175} INFO - Processing /home/airflow/.local/lib/python3.7/site-packages/airflow/example_dags/example_branch_operator.py took 0.083 seconds
[2023-04-30T12:19:53.737+0000] {processor.py:153} INFO - Started process (PID=857) to work on /home/airflow/.local/lib/python3.7/site-packages/airflow/example_dags/example_branch_operator.py
[2023-04-30T12:19:53.738+0000] {processor.py:743} INFO - Processing file /home/airflow/.local/lib/python3.7/site-packages/airflow/example_dags/example_branch_operator.py for tasks to queue
[2023-04-30T12:19:53.738+0000] {logging_mixin.py:137} INFO - [2023-04-30T12:19:53.738+0000] {dagbag.py:532} INFO - Filling up the DagBag from /home/airflow/.local/lib/python3.7/site-packages/airflow/example_dags/example_branch_operator.py
[2023-04-30T12:19:53.751+0000] {processor.py:753} INFO - DAG(s) dict_keys(['example_branch_operator']) retrieved from /home/airflow/.local/lib/python3.7/site-packages/airflow/example_dags/example_branch_operator.py
[2023-04-30T12:19:53.773+0000] {logging_mixin.py:137} INFO - [2023-04-30T12:19:53.773+0000] {dag.py:2705} INFO - Sync 1 DAGs
[2023-04-30T12:19:53.795+0000] {logging_mixin.py:137} INFO - [2023-04-30T12:19:53.794+0000] {dag.py:3456} INFO - Setting next_dagrun for example_branch_operator to 2023-04-29T00:00:00+00:00, run_after=2023-04-30T00:00:00+00:00
[2023-04-30T12:19:53.809+0000] {processor.py:175} INFO - Processing /home/airflow/.local/lib/python3.7/site-packages/airflow/example_dags/example_branch_operator.py took 0.075 seconds
[2023-04-30T12:20:23.923+0000] {processor.py:153} INFO - Started process (PID=907) to work on /home/airflow/.local/lib/python3.7/site-packages/airflow/example_dags/example_branch_operator.py
[2023-04-30T12:20:23.924+0000] {processor.py:743} INFO - Processing file /home/airflow/.local/lib/python3.7/site-packages/airflow/example_dags/example_branch_operator.py for tasks to queue
[2023-04-30T12:20:23.924+0000] {logging_mixin.py:137} INFO - [2023-04-30T12:20:23.924+0000] {dagbag.py:532} INFO - Filling up the DagBag from /home/airflow/.local/lib/python3.7/site-packages/airflow/example_dags/example_branch_operator.py
[2023-04-30T12:20:23.937+0000] {processor.py:753} INFO - DAG(s) dict_keys(['example_branch_operator']) retrieved from /home/airflow/.local/lib/python3.7/site-packages/airflow/example_dags/example_branch_operator.py
[2023-04-30T12:20:23.959+0000] {logging_mixin.py:137} INFO - [2023-04-30T12:20:23.959+0000] {dag.py:2705} INFO - Sync 1 DAGs
[2023-04-30T12:20:23.980+0000] {logging_mixin.py:137} INFO - [2023-04-30T12:20:23.980+0000] {dag.py:3456} INFO - Setting next_dagrun for example_branch_operator to 2023-04-29T00:00:00+00:00, run_after=2023-04-30T00:00:00+00:00
[2023-04-30T12:20:23.994+0000] {processor.py:175} INFO - Processing /home/airflow/.local/lib/python3.7/site-packages/airflow/example_dags/example_branch_operator.py took 0.073 seconds
[2023-04-30T12:20:54.250+0000] {processor.py:153} INFO - Started process (PID=957) to work on /home/airflow/.local/lib/python3.7/site-packages/airflow/example_dags/example_branch_operator.py
[2023-04-30T12:20:54.251+0000] {processor.py:743} INFO - Processing file /home/airflow/.local/lib/python3.7/site-packages/airflow/example_dags/example_branch_operator.py for tasks to queue
[2023-04-30T12:20:54.251+0000] {logging_mixin.py:137} INFO - [2023-04-30T12:20:54.251+0000] {dagbag.py:532} INFO - Filling up the DagBag from /home/airflow/.local/lib/python3.7/site-packages/airflow/example_dags/example_branch_operator.py
[2023-04-30T12:20:54.265+0000] {processor.py:753} INFO - DAG(s) dict_keys(['example_branch_operator']) retrieved from /home/airflow/.local/lib/python3.7/site-packages/airflow/example_dags/example_branch_operator.py
[2023-04-30T12:20:54.287+0000] {logging_mixin.py:137} INFO - [2023-04-30T12:20:54.287+0000] {dag.py:2705} INFO - Sync 1 DAGs
[2023-04-30T12:20:54.309+0000] {logging_mixin.py:137} INFO - [2023-04-30T12:20:54.309+0000] {dag.py:3456} INFO - Setting next_dagrun for example_branch_operator to 2023-04-29T00:00:00+00:00, run_after=2023-04-30T00:00:00+00:00
[2023-04-30T12:20:54.323+0000] {processor.py:175} INFO - Processing /home/airflow/.local/lib/python3.7/site-packages/airflow/example_dags/example_branch_operator.py took 0.076 seconds
[2023-04-30T12:21:24.537+0000] {processor.py:153} INFO - Started process (PID=1007) to work on /home/airflow/.local/lib/python3.7/site-packages/airflow/example_dags/example_branch_operator.py
[2023-04-30T12:21:24.537+0000] {processor.py:743} INFO - Processing file /home/airflow/.local/lib/python3.7/site-packages/airflow/example_dags/example_branch_operator.py for tasks to queue
[2023-04-30T12:21:24.538+0000] {logging_mixin.py:137} INFO - [2023-04-30T12:21:24.538+0000] {dagbag.py:532} INFO - Filling up the DagBag from /home/airflow/.local/lib/python3.7/site-packages/airflow/example_dags/example_branch_operator.py
[2023-04-30T12:21:24.551+0000] {processor.py:753} INFO - DAG(s) dict_keys(['example_branch_operator']) retrieved from /home/airflow/.local/lib/python3.7/site-packages/airflow/example_dags/example_branch_operator.py
[2023-04-30T12:21:24.573+0000] {logging_mixin.py:137} INFO - [2023-04-30T12:21:24.573+0000] {dag.py:2705} INFO - Sync 1 DAGs
[2023-04-30T12:21:24.594+0000] {logging_mixin.py:137} INFO - [2023-04-30T12:21:24.594+0000] {dag.py:3456} INFO - Setting next_dagrun for example_branch_operator to 2023-04-29T00:00:00+00:00, run_after=2023-04-30T00:00:00+00:00
[2023-04-30T12:21:24.609+0000] {processor.py:175} INFO - Processing /home/airflow/.local/lib/python3.7/site-packages/airflow/example_dags/example_branch_operator.py took 0.074 seconds
[2023-04-30T12:21:54.830+0000] {processor.py:153} INFO - Started process (PID=1057) to work on /home/airflow/.local/lib/python3.7/site-packages/airflow/example_dags/example_branch_operator.py
[2023-04-30T12:21:54.831+0000] {processor.py:743} INFO - Processing file /home/airflow/.local/lib/python3.7/site-packages/airflow/example_dags/example_branch_operator.py for tasks to queue
[2023-04-30T12:21:54.832+0000] {logging_mixin.py:137} INFO - [2023-04-30T12:21:54.831+0000] {dagbag.py:532} INFO - Filling up the DagBag from /home/airflow/.local/lib/python3.7/site-packages/airflow/example_dags/example_branch_operator.py
[2023-04-30T12:21:54.850+0000] {processor.py:753} INFO - DAG(s) dict_keys(['example_branch_operator']) retrieved from /home/airflow/.local/lib/python3.7/site-packages/airflow/example_dags/example_branch_operator.py
[2023-04-30T12:21:54.886+0000] {logging_mixin.py:137} INFO - [2023-04-30T12:21:54.886+0000] {dag.py:2705} INFO - Sync 1 DAGs
[2023-04-30T12:21:54.918+0000] {logging_mixin.py:137} INFO - [2023-04-30T12:21:54.918+0000] {dag.py:3456} INFO - Setting next_dagrun for example_branch_operator to 2023-04-29T00:00:00+00:00, run_after=2023-04-30T00:00:00+00:00
[2023-04-30T12:21:54.943+0000] {processor.py:175} INFO - Processing /home/airflow/.local/lib/python3.7/site-packages/airflow/example_dags/example_branch_operator.py took 0.117 seconds
[2023-04-30T12:22:25.213+0000] {processor.py:153} INFO - Started process (PID=1107) to work on /home/airflow/.local/lib/python3.7/site-packages/airflow/example_dags/example_branch_operator.py
[2023-04-30T12:22:25.214+0000] {processor.py:743} INFO - Processing file /home/airflow/.local/lib/python3.7/site-packages/airflow/example_dags/example_branch_operator.py for tasks to queue
[2023-04-30T12:22:25.215+0000] {logging_mixin.py:137} INFO - [2023-04-30T12:22:25.214+0000] {dagbag.py:532} INFO - Filling up the DagBag from /home/airflow/.local/lib/python3.7/site-packages/airflow/example_dags/example_branch_operator.py
[2023-04-30T12:22:25.230+0000] {processor.py:753} INFO - DAG(s) dict_keys(['example_branch_operator']) retrieved from /home/airflow/.local/lib/python3.7/site-packages/airflow/example_dags/example_branch_operator.py
[2023-04-30T12:22:25.254+0000] {logging_mixin.py:137} INFO - [2023-04-30T12:22:25.254+0000] {dag.py:2705} INFO - Sync 1 DAGs
[2023-04-30T12:22:25.276+0000] {logging_mixin.py:137} INFO - [2023-04-30T12:22:25.276+0000] {dag.py:3456} INFO - Setting next_dagrun for example_branch_operator to 2023-04-29T00:00:00+00:00, run_after=2023-04-30T00:00:00+00:00
[2023-04-30T12:22:25.295+0000] {processor.py:175} INFO - Processing /home/airflow/.local/lib/python3.7/site-packages/airflow/example_dags/example_branch_operator.py took 0.085 seconds
