[2023-04-30T12:11:48.923+0000] {processor.py:153} INFO - Started process (PID=73) to work on /home/airflow/.local/lib/python3.7/site-packages/airflow/example_dags/example_params_ui_tutorial.py
[2023-04-30T12:11:48.924+0000] {processor.py:743} INFO - Processing file /home/airflow/.local/lib/python3.7/site-packages/airflow/example_dags/example_params_ui_tutorial.py for tasks to queue
[2023-04-30T12:11:48.924+0000] {logging_mixin.py:137} INFO - [2023-04-30T12:11:48.924+0000] {dagbag.py:532} INFO - Filling up the DagBag from /home/airflow/.local/lib/python3.7/site-packages/airflow/example_dags/example_params_ui_tutorial.py
[2023-04-30T12:11:48.980+0000] {processor.py:753} INFO - DAG(s) dict_keys(['example_params_ui_tutorial']) retrieved from /home/airflow/.local/lib/python3.7/site-packages/airflow/example_dags/example_params_ui_tutorial.py
[2023-04-30T12:11:48.993+0000] {logging_mixin.py:137} INFO - [2023-04-30T12:11:48.993+0000] {dag.py:2705} INFO - Sync 1 DAGs
[2023-04-30T12:11:49.018+0000] {logging_mixin.py:137} INFO - [2023-04-30T12:11:49.018+0000] {dag.py:3456} INFO - Setting next_dagrun for example_params_ui_tutorial to None, run_after=None
[2023-04-30T12:11:49.038+0000] {processor.py:175} INFO - Processing /home/airflow/.local/lib/python3.7/site-packages/airflow/example_dags/example_params_ui_tutorial.py took 0.117 seconds
[2023-04-30T12:12:19.147+0000] {processor.py:153} INFO - Started process (PID=123) to work on /home/airflow/.local/lib/python3.7/site-packages/airflow/example_dags/example_params_ui_tutorial.py
[2023-04-30T12:12:19.148+0000] {processor.py:743} INFO - Processing file /home/airflow/.local/lib/python3.7/site-packages/airflow/example_dags/example_params_ui_tutorial.py for tasks to queue
[2023-04-30T12:12:19.148+0000] {logging_mixin.py:137} INFO - [2023-04-30T12:12:19.148+0000] {dagbag.py:532} INFO - Filling up the DagBag from /home/airflow/.local/lib/python3.7/site-packages/airflow/example_dags/example_params_ui_tutorial.py
[2023-04-30T12:12:19.198+0000] {processor.py:753} INFO - DAG(s) dict_keys(['example_params_ui_tutorial']) retrieved from /home/airflow/.local/lib/python3.7/site-packages/airflow/example_dags/example_params_ui_tutorial.py
[2023-04-30T12:12:19.257+0000] {logging_mixin.py:137} INFO - [2023-04-30T12:12:19.256+0000] {dag.py:2705} INFO - Sync 1 DAGs
[2023-04-30T12:12:19.280+0000] {logging_mixin.py:137} INFO - [2023-04-30T12:12:19.280+0000] {dag.py:3456} INFO - Setting next_dagrun for example_params_ui_tutorial to None, run_after=None
[2023-04-30T12:12:19.298+0000] {processor.py:175} INFO - Processing /home/airflow/.local/lib/python3.7/site-packages/airflow/example_dags/example_params_ui_tutorial.py took 0.154 seconds
[2023-04-30T12:12:49.438+0000] {processor.py:153} INFO - Started process (PID=173) to work on /home/airflow/.local/lib/python3.7/site-packages/airflow/example_dags/example_params_ui_tutorial.py
[2023-04-30T12:12:49.439+0000] {processor.py:743} INFO - Processing file /home/airflow/.local/lib/python3.7/site-packages/airflow/example_dags/example_params_ui_tutorial.py for tasks to queue
[2023-04-30T12:12:49.440+0000] {logging_mixin.py:137} INFO - [2023-04-30T12:12:49.439+0000] {dagbag.py:532} INFO - Filling up the DagBag from /home/airflow/.local/lib/python3.7/site-packages/airflow/example_dags/example_params_ui_tutorial.py
[2023-04-30T12:12:49.485+0000] {processor.py:753} INFO - DAG(s) dict_keys(['example_params_ui_tutorial']) retrieved from /home/airflow/.local/lib/python3.7/site-packages/airflow/example_dags/example_params_ui_tutorial.py
[2023-04-30T12:12:49.541+0000] {logging_mixin.py:137} INFO - [2023-04-30T12:12:49.540+0000] {dag.py:2705} INFO - Sync 1 DAGs
[2023-04-30T12:12:49.561+0000] {logging_mixin.py:137} INFO - [2023-04-30T12:12:49.561+0000] {dag.py:3456} INFO - Setting next_dagrun for example_params_ui_tutorial to None, run_after=None
[2023-04-30T12:12:49.576+0000] {processor.py:175} INFO - Processing /home/airflow/.local/lib/python3.7/site-packages/airflow/example_dags/example_params_ui_tutorial.py took 0.140 seconds
[2023-04-30T12:13:19.690+0000] {processor.py:153} INFO - Started process (PID=224) to work on /home/airflow/.local/lib/python3.7/site-packages/airflow/example_dags/example_params_ui_tutorial.py
[2023-04-30T12:13:19.691+0000] {processor.py:743} INFO - Processing file /home/airflow/.local/lib/python3.7/site-packages/airflow/example_dags/example_params_ui_tutorial.py for tasks to queue
[2023-04-30T12:13:19.691+0000] {logging_mixin.py:137} INFO - [2023-04-30T12:13:19.691+0000] {dagbag.py:532} INFO - Filling up the DagBag from /home/airflow/.local/lib/python3.7/site-packages/airflow/example_dags/example_params_ui_tutorial.py
[2023-04-30T12:13:19.736+0000] {processor.py:753} INFO - DAG(s) dict_keys(['example_params_ui_tutorial']) retrieved from /home/airflow/.local/lib/python3.7/site-packages/airflow/example_dags/example_params_ui_tutorial.py
[2023-04-30T12:13:19.790+0000] {logging_mixin.py:137} INFO - [2023-04-30T12:13:19.790+0000] {dag.py:2705} INFO - Sync 1 DAGs
[2023-04-30T12:13:19.811+0000] {logging_mixin.py:137} INFO - [2023-04-30T12:13:19.811+0000] {dag.py:3456} INFO - Setting next_dagrun for example_params_ui_tutorial to None, run_after=None
[2023-04-30T12:13:19.826+0000] {processor.py:175} INFO - Processing /home/airflow/.local/lib/python3.7/site-packages/airflow/example_dags/example_params_ui_tutorial.py took 0.138 seconds
[2023-04-30T12:13:50.264+0000] {processor.py:153} INFO - Started process (PID=274) to work on /home/airflow/.local/lib/python3.7/site-packages/airflow/example_dags/example_params_ui_tutorial.py
[2023-04-30T12:13:50.265+0000] {processor.py:743} INFO - Processing file /home/airflow/.local/lib/python3.7/site-packages/airflow/example_dags/example_params_ui_tutorial.py for tasks to queue
[2023-04-30T12:13:50.265+0000] {logging_mixin.py:137} INFO - [2023-04-30T12:13:50.265+0000] {dagbag.py:532} INFO - Filling up the DagBag from /home/airflow/.local/lib/python3.7/site-packages/airflow/example_dags/example_params_ui_tutorial.py
[2023-04-30T12:13:50.312+0000] {processor.py:753} INFO - DAG(s) dict_keys(['example_params_ui_tutorial']) retrieved from /home/airflow/.local/lib/python3.7/site-packages/airflow/example_dags/example_params_ui_tutorial.py
[2023-04-30T12:13:50.378+0000] {logging_mixin.py:137} INFO - [2023-04-30T12:13:50.378+0000] {dag.py:2705} INFO - Sync 1 DAGs
[2023-04-30T12:13:50.414+0000] {logging_mixin.py:137} INFO - [2023-04-30T12:13:50.414+0000] {dag.py:3456} INFO - Setting next_dagrun for example_params_ui_tutorial to None, run_after=None
[2023-04-30T12:13:50.435+0000] {processor.py:175} INFO - Processing /home/airflow/.local/lib/python3.7/site-packages/airflow/example_dags/example_params_ui_tutorial.py took 0.174 seconds
[2023-04-30T12:14:21.159+0000] {processor.py:153} INFO - Started process (PID=324) to work on /home/airflow/.local/lib/python3.7/site-packages/airflow/example_dags/example_params_ui_tutorial.py
[2023-04-30T12:14:21.159+0000] {processor.py:743} INFO - Processing file /home/airflow/.local/lib/python3.7/site-packages/airflow/example_dags/example_params_ui_tutorial.py for tasks to queue
[2023-04-30T12:14:21.160+0000] {logging_mixin.py:137} INFO - [2023-04-30T12:14:21.160+0000] {dagbag.py:532} INFO - Filling up the DagBag from /home/airflow/.local/lib/python3.7/site-packages/airflow/example_dags/example_params_ui_tutorial.py
[2023-04-30T12:14:21.204+0000] {processor.py:753} INFO - DAG(s) dict_keys(['example_params_ui_tutorial']) retrieved from /home/airflow/.local/lib/python3.7/site-packages/airflow/example_dags/example_params_ui_tutorial.py
[2023-04-30T12:14:21.260+0000] {logging_mixin.py:137} INFO - [2023-04-30T12:14:21.260+0000] {dag.py:2705} INFO - Sync 1 DAGs
[2023-04-30T12:14:21.281+0000] {logging_mixin.py:137} INFO - [2023-04-30T12:14:21.281+0000] {dag.py:3456} INFO - Setting next_dagrun for example_params_ui_tutorial to None, run_after=None
[2023-04-30T12:14:21.295+0000] {processor.py:175} INFO - Processing /home/airflow/.local/lib/python3.7/site-packages/airflow/example_dags/example_params_ui_tutorial.py took 0.139 seconds
[2023-04-30T12:14:51.519+0000] {processor.py:153} INFO - Started process (PID=374) to work on /home/airflow/.local/lib/python3.7/site-packages/airflow/example_dags/example_params_ui_tutorial.py
[2023-04-30T12:14:51.520+0000] {processor.py:743} INFO - Processing file /home/airflow/.local/lib/python3.7/site-packages/airflow/example_dags/example_params_ui_tutorial.py for tasks to queue
[2023-04-30T12:14:51.520+0000] {logging_mixin.py:137} INFO - [2023-04-30T12:14:51.520+0000] {dagbag.py:532} INFO - Filling up the DagBag from /home/airflow/.local/lib/python3.7/site-packages/airflow/example_dags/example_params_ui_tutorial.py
[2023-04-30T12:14:51.563+0000] {processor.py:753} INFO - DAG(s) dict_keys(['example_params_ui_tutorial']) retrieved from /home/airflow/.local/lib/python3.7/site-packages/airflow/example_dags/example_params_ui_tutorial.py
[2023-04-30T12:14:51.617+0000] {logging_mixin.py:137} INFO - [2023-04-30T12:14:51.617+0000] {dag.py:2705} INFO - Sync 1 DAGs
[2023-04-30T12:14:51.647+0000] {logging_mixin.py:137} INFO - [2023-04-30T12:14:51.647+0000] {dag.py:3456} INFO - Setting next_dagrun for example_params_ui_tutorial to None, run_after=None
[2023-04-30T12:14:51.666+0000] {processor.py:175} INFO - Processing /home/airflow/.local/lib/python3.7/site-packages/airflow/example_dags/example_params_ui_tutorial.py took 0.148 seconds
[2023-04-30T12:15:22.011+0000] {processor.py:153} INFO - Started process (PID=424) to work on /home/airflow/.local/lib/python3.7/site-packages/airflow/example_dags/example_params_ui_tutorial.py
[2023-04-30T12:15:22.012+0000] {processor.py:743} INFO - Processing file /home/airflow/.local/lib/python3.7/site-packages/airflow/example_dags/example_params_ui_tutorial.py for tasks to queue
[2023-04-30T12:15:22.012+0000] {logging_mixin.py:137} INFO - [2023-04-30T12:15:22.012+0000] {dagbag.py:532} INFO - Filling up the DagBag from /home/airflow/.local/lib/python3.7/site-packages/airflow/example_dags/example_params_ui_tutorial.py
[2023-04-30T12:15:22.057+0000] {processor.py:753} INFO - DAG(s) dict_keys(['example_params_ui_tutorial']) retrieved from /home/airflow/.local/lib/python3.7/site-packages/airflow/example_dags/example_params_ui_tutorial.py
[2023-04-30T12:15:22.111+0000] {logging_mixin.py:137} INFO - [2023-04-30T12:15:22.111+0000] {dag.py:2705} INFO - Sync 1 DAGs
[2023-04-30T12:15:22.131+0000] {logging_mixin.py:137} INFO - [2023-04-30T12:15:22.131+0000] {dag.py:3456} INFO - Setting next_dagrun for example_params_ui_tutorial to None, run_after=None
[2023-04-30T12:15:22.146+0000] {processor.py:175} INFO - Processing /home/airflow/.local/lib/python3.7/site-packages/airflow/example_dags/example_params_ui_tutorial.py took 0.138 seconds
[2023-04-30T12:15:52.569+0000] {processor.py:153} INFO - Started process (PID=474) to work on /home/airflow/.local/lib/python3.7/site-packages/airflow/example_dags/example_params_ui_tutorial.py
[2023-04-30T12:15:52.570+0000] {processor.py:743} INFO - Processing file /home/airflow/.local/lib/python3.7/site-packages/airflow/example_dags/example_params_ui_tutorial.py for tasks to queue
[2023-04-30T12:15:52.571+0000] {logging_mixin.py:137} INFO - [2023-04-30T12:15:52.570+0000] {dagbag.py:532} INFO - Filling up the DagBag from /home/airflow/.local/lib/python3.7/site-packages/airflow/example_dags/example_params_ui_tutorial.py
[2023-04-30T12:15:52.628+0000] {processor.py:753} INFO - DAG(s) dict_keys(['example_params_ui_tutorial']) retrieved from /home/airflow/.local/lib/python3.7/site-packages/airflow/example_dags/example_params_ui_tutorial.py
[2023-04-30T12:15:52.700+0000] {logging_mixin.py:137} INFO - [2023-04-30T12:15:52.700+0000] {dag.py:2705} INFO - Sync 1 DAGs
[2023-04-30T12:15:52.731+0000] {logging_mixin.py:137} INFO - [2023-04-30T12:15:52.731+0000] {dag.py:3456} INFO - Setting next_dagrun for example_params_ui_tutorial to None, run_after=None
[2023-04-30T12:15:52.753+0000] {processor.py:175} INFO - Processing /home/airflow/.local/lib/python3.7/site-packages/airflow/example_dags/example_params_ui_tutorial.py took 0.188 seconds
[2023-04-30T12:16:23.181+0000] {processor.py:153} INFO - Started process (PID=524) to work on /home/airflow/.local/lib/python3.7/site-packages/airflow/example_dags/example_params_ui_tutorial.py
[2023-04-30T12:16:23.181+0000] {processor.py:743} INFO - Processing file /home/airflow/.local/lib/python3.7/site-packages/airflow/example_dags/example_params_ui_tutorial.py for tasks to queue
[2023-04-30T12:16:23.182+0000] {logging_mixin.py:137} INFO - [2023-04-30T12:16:23.182+0000] {dagbag.py:532} INFO - Filling up the DagBag from /home/airflow/.local/lib/python3.7/site-packages/airflow/example_dags/example_params_ui_tutorial.py
[2023-04-30T12:16:23.230+0000] {processor.py:753} INFO - DAG(s) dict_keys(['example_params_ui_tutorial']) retrieved from /home/airflow/.local/lib/python3.7/site-packages/airflow/example_dags/example_params_ui_tutorial.py
[2023-04-30T12:16:23.284+0000] {logging_mixin.py:137} INFO - [2023-04-30T12:16:23.284+0000] {dag.py:2705} INFO - Sync 1 DAGs
[2023-04-30T12:16:23.306+0000] {logging_mixin.py:137} INFO - [2023-04-30T12:16:23.306+0000] {dag.py:3456} INFO - Setting next_dagrun for example_params_ui_tutorial to None, run_after=None
[2023-04-30T12:16:23.322+0000] {processor.py:175} INFO - Processing /home/airflow/.local/lib/python3.7/site-packages/airflow/example_dags/example_params_ui_tutorial.py took 0.144 seconds
[2023-04-30T12:16:53.548+0000] {processor.py:153} INFO - Started process (PID=574) to work on /home/airflow/.local/lib/python3.7/site-packages/airflow/example_dags/example_params_ui_tutorial.py
[2023-04-30T12:16:53.549+0000] {processor.py:743} INFO - Processing file /home/airflow/.local/lib/python3.7/site-packages/airflow/example_dags/example_params_ui_tutorial.py for tasks to queue
[2023-04-30T12:16:53.549+0000] {logging_mixin.py:137} INFO - [2023-04-30T12:16:53.549+0000] {dagbag.py:532} INFO - Filling up the DagBag from /home/airflow/.local/lib/python3.7/site-packages/airflow/example_dags/example_params_ui_tutorial.py
[2023-04-30T12:16:53.593+0000] {processor.py:753} INFO - DAG(s) dict_keys(['example_params_ui_tutorial']) retrieved from /home/airflow/.local/lib/python3.7/site-packages/airflow/example_dags/example_params_ui_tutorial.py
[2023-04-30T12:16:53.649+0000] {logging_mixin.py:137} INFO - [2023-04-30T12:16:53.649+0000] {dag.py:2705} INFO - Sync 1 DAGs
[2023-04-30T12:16:53.679+0000] {logging_mixin.py:137} INFO - [2023-04-30T12:16:53.679+0000] {dag.py:3456} INFO - Setting next_dagrun for example_params_ui_tutorial to None, run_after=None
[2023-04-30T12:16:53.698+0000] {processor.py:175} INFO - Processing /home/airflow/.local/lib/python3.7/site-packages/airflow/example_dags/example_params_ui_tutorial.py took 0.152 seconds
[2023-04-30T12:17:23.958+0000] {processor.py:153} INFO - Started process (PID=625) to work on /home/airflow/.local/lib/python3.7/site-packages/airflow/example_dags/example_params_ui_tutorial.py
[2023-04-30T12:17:23.958+0000] {processor.py:743} INFO - Processing file /home/airflow/.local/lib/python3.7/site-packages/airflow/example_dags/example_params_ui_tutorial.py for tasks to queue
[2023-04-30T12:17:23.959+0000] {logging_mixin.py:137} INFO - [2023-04-30T12:17:23.958+0000] {dagbag.py:532} INFO - Filling up the DagBag from /home/airflow/.local/lib/python3.7/site-packages/airflow/example_dags/example_params_ui_tutorial.py
[2023-04-30T12:17:24.002+0000] {processor.py:753} INFO - DAG(s) dict_keys(['example_params_ui_tutorial']) retrieved from /home/airflow/.local/lib/python3.7/site-packages/airflow/example_dags/example_params_ui_tutorial.py
[2023-04-30T12:17:24.055+0000] {logging_mixin.py:137} INFO - [2023-04-30T12:17:24.055+0000] {dag.py:2705} INFO - Sync 1 DAGs
[2023-04-30T12:17:24.074+0000] {logging_mixin.py:137} INFO - [2023-04-30T12:17:24.074+0000] {dag.py:3456} INFO - Setting next_dagrun for example_params_ui_tutorial to None, run_after=None
[2023-04-30T12:17:24.088+0000] {processor.py:175} INFO - Processing /home/airflow/.local/lib/python3.7/site-packages/airflow/example_dags/example_params_ui_tutorial.py took 0.133 seconds
[2023-04-30T12:17:54.209+0000] {processor.py:153} INFO - Started process (PID=674) to work on /home/airflow/.local/lib/python3.7/site-packages/airflow/example_dags/example_params_ui_tutorial.py
[2023-04-30T12:17:54.209+0000] {processor.py:743} INFO - Processing file /home/airflow/.local/lib/python3.7/site-packages/airflow/example_dags/example_params_ui_tutorial.py for tasks to queue
[2023-04-30T12:17:54.210+0000] {logging_mixin.py:137} INFO - [2023-04-30T12:17:54.210+0000] {dagbag.py:532} INFO - Filling up the DagBag from /home/airflow/.local/lib/python3.7/site-packages/airflow/example_dags/example_params_ui_tutorial.py
[2023-04-30T12:17:54.254+0000] {processor.py:753} INFO - DAG(s) dict_keys(['example_params_ui_tutorial']) retrieved from /home/airflow/.local/lib/python3.7/site-packages/airflow/example_dags/example_params_ui_tutorial.py
[2023-04-30T12:17:54.308+0000] {logging_mixin.py:137} INFO - [2023-04-30T12:17:54.308+0000] {dag.py:2705} INFO - Sync 1 DAGs
[2023-04-30T12:17:54.329+0000] {logging_mixin.py:137} INFO - [2023-04-30T12:17:54.329+0000] {dag.py:3456} INFO - Setting next_dagrun for example_params_ui_tutorial to None, run_after=None
[2023-04-30T12:17:54.345+0000] {processor.py:175} INFO - Processing /home/airflow/.local/lib/python3.7/site-packages/airflow/example_dags/example_params_ui_tutorial.py took 0.139 seconds
[2023-04-30T12:18:24.507+0000] {processor.py:153} INFO - Started process (PID=724) to work on /home/airflow/.local/lib/python3.7/site-packages/airflow/example_dags/example_params_ui_tutorial.py
[2023-04-30T12:18:24.508+0000] {processor.py:743} INFO - Processing file /home/airflow/.local/lib/python3.7/site-packages/airflow/example_dags/example_params_ui_tutorial.py for tasks to queue
[2023-04-30T12:18:24.508+0000] {logging_mixin.py:137} INFO - [2023-04-30T12:18:24.508+0000] {dagbag.py:532} INFO - Filling up the DagBag from /home/airflow/.local/lib/python3.7/site-packages/airflow/example_dags/example_params_ui_tutorial.py
[2023-04-30T12:18:24.560+0000] {processor.py:753} INFO - DAG(s) dict_keys(['example_params_ui_tutorial']) retrieved from /home/airflow/.local/lib/python3.7/site-packages/airflow/example_dags/example_params_ui_tutorial.py
[2023-04-30T12:18:24.610+0000] {logging_mixin.py:137} INFO - [2023-04-30T12:18:24.610+0000] {dag.py:2705} INFO - Sync 1 DAGs
[2023-04-30T12:18:24.629+0000] {logging_mixin.py:137} INFO - [2023-04-30T12:18:24.629+0000] {dag.py:3456} INFO - Setting next_dagrun for example_params_ui_tutorial to None, run_after=None
[2023-04-30T12:18:24.643+0000] {processor.py:175} INFO - Processing /home/airflow/.local/lib/python3.7/site-packages/airflow/example_dags/example_params_ui_tutorial.py took 0.138 seconds
[2023-04-30T12:18:54.907+0000] {processor.py:153} INFO - Started process (PID=774) to work on /home/airflow/.local/lib/python3.7/site-packages/airflow/example_dags/example_params_ui_tutorial.py
[2023-04-30T12:18:54.908+0000] {processor.py:743} INFO - Processing file /home/airflow/.local/lib/python3.7/site-packages/airflow/example_dags/example_params_ui_tutorial.py for tasks to queue
[2023-04-30T12:18:54.908+0000] {logging_mixin.py:137} INFO - [2023-04-30T12:18:54.908+0000] {dagbag.py:532} INFO - Filling up the DagBag from /home/airflow/.local/lib/python3.7/site-packages/airflow/example_dags/example_params_ui_tutorial.py
[2023-04-30T12:18:54.950+0000] {processor.py:753} INFO - DAG(s) dict_keys(['example_params_ui_tutorial']) retrieved from /home/airflow/.local/lib/python3.7/site-packages/airflow/example_dags/example_params_ui_tutorial.py
[2023-04-30T12:18:55.000+0000] {logging_mixin.py:137} INFO - [2023-04-30T12:18:55.000+0000] {dag.py:2705} INFO - Sync 1 DAGs
[2023-04-30T12:18:55.020+0000] {logging_mixin.py:137} INFO - [2023-04-30T12:18:55.020+0000] {dag.py:3456} INFO - Setting next_dagrun for example_params_ui_tutorial to None, run_after=None
[2023-04-30T12:18:55.035+0000] {processor.py:175} INFO - Processing /home/airflow/.local/lib/python3.7/site-packages/airflow/example_dags/example_params_ui_tutorial.py took 0.131 seconds
[2023-04-30T12:19:25.471+0000] {processor.py:153} INFO - Started process (PID=824) to work on /home/airflow/.local/lib/python3.7/site-packages/airflow/example_dags/example_params_ui_tutorial.py
[2023-04-30T12:19:25.473+0000] {processor.py:743} INFO - Processing file /home/airflow/.local/lib/python3.7/site-packages/airflow/example_dags/example_params_ui_tutorial.py for tasks to queue
[2023-04-30T12:19:25.473+0000] {logging_mixin.py:137} INFO - [2023-04-30T12:19:25.473+0000] {dagbag.py:532} INFO - Filling up the DagBag from /home/airflow/.local/lib/python3.7/site-packages/airflow/example_dags/example_params_ui_tutorial.py
[2023-04-30T12:19:25.518+0000] {processor.py:753} INFO - DAG(s) dict_keys(['example_params_ui_tutorial']) retrieved from /home/airflow/.local/lib/python3.7/site-packages/airflow/example_dags/example_params_ui_tutorial.py
[2023-04-30T12:19:25.572+0000] {logging_mixin.py:137} INFO - [2023-04-30T12:19:25.572+0000] {dag.py:2705} INFO - Sync 1 DAGs
[2023-04-30T12:19:25.593+0000] {logging_mixin.py:137} INFO - [2023-04-30T12:19:25.593+0000] {dag.py:3456} INFO - Setting next_dagrun for example_params_ui_tutorial to None, run_after=None
[2023-04-30T12:19:25.608+0000] {processor.py:175} INFO - Processing /home/airflow/.local/lib/python3.7/site-packages/airflow/example_dags/example_params_ui_tutorial.py took 0.140 seconds
[2023-04-30T12:19:55.680+0000] {processor.py:153} INFO - Started process (PID=875) to work on /home/airflow/.local/lib/python3.7/site-packages/airflow/example_dags/example_params_ui_tutorial.py
[2023-04-30T12:19:55.681+0000] {processor.py:743} INFO - Processing file /home/airflow/.local/lib/python3.7/site-packages/airflow/example_dags/example_params_ui_tutorial.py for tasks to queue
[2023-04-30T12:19:55.681+0000] {logging_mixin.py:137} INFO - [2023-04-30T12:19:55.681+0000] {dagbag.py:532} INFO - Filling up the DagBag from /home/airflow/.local/lib/python3.7/site-packages/airflow/example_dags/example_params_ui_tutorial.py
[2023-04-30T12:19:55.726+0000] {processor.py:753} INFO - DAG(s) dict_keys(['example_params_ui_tutorial']) retrieved from /home/airflow/.local/lib/python3.7/site-packages/airflow/example_dags/example_params_ui_tutorial.py
[2023-04-30T12:19:55.779+0000] {logging_mixin.py:137} INFO - [2023-04-30T12:19:55.779+0000] {dag.py:2705} INFO - Sync 1 DAGs
[2023-04-30T12:19:55.799+0000] {logging_mixin.py:137} INFO - [2023-04-30T12:19:55.799+0000] {dag.py:3456} INFO - Setting next_dagrun for example_params_ui_tutorial to None, run_after=None
[2023-04-30T12:19:55.814+0000] {processor.py:175} INFO - Processing /home/airflow/.local/lib/python3.7/site-packages/airflow/example_dags/example_params_ui_tutorial.py took 0.137 seconds
[2023-04-30T12:20:25.952+0000] {processor.py:153} INFO - Started process (PID=924) to work on /home/airflow/.local/lib/python3.7/site-packages/airflow/example_dags/example_params_ui_tutorial.py
[2023-04-30T12:20:25.953+0000] {processor.py:743} INFO - Processing file /home/airflow/.local/lib/python3.7/site-packages/airflow/example_dags/example_params_ui_tutorial.py for tasks to queue
[2023-04-30T12:20:25.953+0000] {logging_mixin.py:137} INFO - [2023-04-30T12:20:25.953+0000] {dagbag.py:532} INFO - Filling up the DagBag from /home/airflow/.local/lib/python3.7/site-packages/airflow/example_dags/example_params_ui_tutorial.py
[2023-04-30T12:20:25.998+0000] {processor.py:753} INFO - DAG(s) dict_keys(['example_params_ui_tutorial']) retrieved from /home/airflow/.local/lib/python3.7/site-packages/airflow/example_dags/example_params_ui_tutorial.py
[2023-04-30T12:20:26.051+0000] {logging_mixin.py:137} INFO - [2023-04-30T12:20:26.051+0000] {dag.py:2705} INFO - Sync 1 DAGs
[2023-04-30T12:20:26.073+0000] {logging_mixin.py:137} INFO - [2023-04-30T12:20:26.073+0000] {dag.py:3456} INFO - Setting next_dagrun for example_params_ui_tutorial to None, run_after=None
[2023-04-30T12:20:26.088+0000] {processor.py:175} INFO - Processing /home/airflow/.local/lib/python3.7/site-packages/airflow/example_dags/example_params_ui_tutorial.py took 0.138 seconds
[2023-04-30T12:20:56.201+0000] {processor.py:153} INFO - Started process (PID=974) to work on /home/airflow/.local/lib/python3.7/site-packages/airflow/example_dags/example_params_ui_tutorial.py
[2023-04-30T12:20:56.201+0000] {processor.py:743} INFO - Processing file /home/airflow/.local/lib/python3.7/site-packages/airflow/example_dags/example_params_ui_tutorial.py for tasks to queue
[2023-04-30T12:20:56.202+0000] {logging_mixin.py:137} INFO - [2023-04-30T12:20:56.201+0000] {dagbag.py:532} INFO - Filling up the DagBag from /home/airflow/.local/lib/python3.7/site-packages/airflow/example_dags/example_params_ui_tutorial.py
[2023-04-30T12:20:56.245+0000] {processor.py:753} INFO - DAG(s) dict_keys(['example_params_ui_tutorial']) retrieved from /home/airflow/.local/lib/python3.7/site-packages/airflow/example_dags/example_params_ui_tutorial.py
[2023-04-30T12:20:56.299+0000] {logging_mixin.py:137} INFO - [2023-04-30T12:20:56.299+0000] {dag.py:2705} INFO - Sync 1 DAGs
[2023-04-30T12:20:56.320+0000] {logging_mixin.py:137} INFO - [2023-04-30T12:20:56.319+0000] {dag.py:3456} INFO - Setting next_dagrun for example_params_ui_tutorial to None, run_after=None
[2023-04-30T12:20:56.334+0000] {processor.py:175} INFO - Processing /home/airflow/.local/lib/python3.7/site-packages/airflow/example_dags/example_params_ui_tutorial.py took 0.135 seconds
[2023-04-30T12:21:26.463+0000] {processor.py:153} INFO - Started process (PID=1024) to work on /home/airflow/.local/lib/python3.7/site-packages/airflow/example_dags/example_params_ui_tutorial.py
[2023-04-30T12:21:26.464+0000] {processor.py:743} INFO - Processing file /home/airflow/.local/lib/python3.7/site-packages/airflow/example_dags/example_params_ui_tutorial.py for tasks to queue
[2023-04-30T12:21:26.464+0000] {logging_mixin.py:137} INFO - [2023-04-30T12:21:26.464+0000] {dagbag.py:532} INFO - Filling up the DagBag from /home/airflow/.local/lib/python3.7/site-packages/airflow/example_dags/example_params_ui_tutorial.py
[2023-04-30T12:21:26.508+0000] {processor.py:753} INFO - DAG(s) dict_keys(['example_params_ui_tutorial']) retrieved from /home/airflow/.local/lib/python3.7/site-packages/airflow/example_dags/example_params_ui_tutorial.py
[2023-04-30T12:21:26.561+0000] {logging_mixin.py:137} INFO - [2023-04-30T12:21:26.561+0000] {dag.py:2705} INFO - Sync 1 DAGs
[2023-04-30T12:21:26.582+0000] {logging_mixin.py:137} INFO - [2023-04-30T12:21:26.582+0000] {dag.py:3456} INFO - Setting next_dagrun for example_params_ui_tutorial to None, run_after=None
[2023-04-30T12:21:26.596+0000] {processor.py:175} INFO - Processing /home/airflow/.local/lib/python3.7/site-packages/airflow/example_dags/example_params_ui_tutorial.py took 0.135 seconds
[2023-04-30T12:21:56.903+0000] {processor.py:153} INFO - Started process (PID=1074) to work on /home/airflow/.local/lib/python3.7/site-packages/airflow/example_dags/example_params_ui_tutorial.py
[2023-04-30T12:21:56.903+0000] {processor.py:743} INFO - Processing file /home/airflow/.local/lib/python3.7/site-packages/airflow/example_dags/example_params_ui_tutorial.py for tasks to queue
[2023-04-30T12:21:56.904+0000] {logging_mixin.py:137} INFO - [2023-04-30T12:21:56.904+0000] {dagbag.py:532} INFO - Filling up the DagBag from /home/airflow/.local/lib/python3.7/site-packages/airflow/example_dags/example_params_ui_tutorial.py
[2023-04-30T12:21:56.950+0000] {processor.py:753} INFO - DAG(s) dict_keys(['example_params_ui_tutorial']) retrieved from /home/airflow/.local/lib/python3.7/site-packages/airflow/example_dags/example_params_ui_tutorial.py
[2023-04-30T12:21:57.003+0000] {logging_mixin.py:137} INFO - [2023-04-30T12:21:57.003+0000] {dag.py:2705} INFO - Sync 1 DAGs
[2023-04-30T12:21:57.024+0000] {logging_mixin.py:137} INFO - [2023-04-30T12:21:57.024+0000] {dag.py:3456} INFO - Setting next_dagrun for example_params_ui_tutorial to None, run_after=None
[2023-04-30T12:21:57.039+0000] {processor.py:175} INFO - Processing /home/airflow/.local/lib/python3.7/site-packages/airflow/example_dags/example_params_ui_tutorial.py took 0.139 seconds
[2023-04-30T12:22:27.290+0000] {processor.py:153} INFO - Started process (PID=1124) to work on /home/airflow/.local/lib/python3.7/site-packages/airflow/example_dags/example_params_ui_tutorial.py
[2023-04-30T12:22:27.291+0000] {processor.py:743} INFO - Processing file /home/airflow/.local/lib/python3.7/site-packages/airflow/example_dags/example_params_ui_tutorial.py for tasks to queue
[2023-04-30T12:22:27.291+0000] {logging_mixin.py:137} INFO - [2023-04-30T12:22:27.291+0000] {dagbag.py:532} INFO - Filling up the DagBag from /home/airflow/.local/lib/python3.7/site-packages/airflow/example_dags/example_params_ui_tutorial.py
[2023-04-30T12:22:27.338+0000] {processor.py:753} INFO - DAG(s) dict_keys(['example_params_ui_tutorial']) retrieved from /home/airflow/.local/lib/python3.7/site-packages/airflow/example_dags/example_params_ui_tutorial.py
[2023-04-30T12:22:27.396+0000] {logging_mixin.py:137} INFO - [2023-04-30T12:22:27.396+0000] {dag.py:2705} INFO - Sync 1 DAGs
[2023-04-30T12:22:27.421+0000] {logging_mixin.py:137} INFO - [2023-04-30T12:22:27.421+0000] {dag.py:3456} INFO - Setting next_dagrun for example_params_ui_tutorial to None, run_after=None
[2023-04-30T12:22:27.436+0000] {processor.py:175} INFO - Processing /home/airflow/.local/lib/python3.7/site-packages/airflow/example_dags/example_params_ui_tutorial.py took 0.149 seconds
