[2023-04-30T12:11:48.204+0000] {processor.py:153} INFO - Started process (PID=60) to work on /home/airflow/.local/lib/python3.7/site-packages/airflow/example_dags/example_datasets.py
[2023-04-30T12:11:48.205+0000] {processor.py:743} INFO - Processing file /home/airflow/.local/lib/python3.7/site-packages/airflow/example_dags/example_datasets.py for tasks to queue
[2023-04-30T12:11:48.206+0000] {logging_mixin.py:137} INFO - [2023-04-30T12:11:48.205+0000] {dagbag.py:532} INFO - Filling up the DagBag from /home/airflow/.local/lib/python3.7/site-packages/airflow/example_dags/example_datasets.py
[2023-04-30T12:11:48.225+0000] {processor.py:753} INFO - DAG(s) dict_keys(['dataset_produces_1', 'dataset_consumes_1_never_scheduled', 'dataset_produces_2', 'dataset_consumes_1', 'dataset_consumes_1_and_2', 'dataset_consumes_unknown_never_scheduled']) retrieved from /home/airflow/.local/lib/python3.7/site-packages/airflow/example_dags/example_datasets.py
[2023-04-30T12:11:48.243+0000] {logging_mixin.py:137} INFO - [2023-04-30T12:11:48.243+0000] {dag.py:2705} INFO - Sync 6 DAGs
[2023-04-30T12:11:48.273+0000] {logging_mixin.py:137} INFO - [2023-04-30T12:11:48.273+0000] {dag.py:3456} INFO - Setting next_dagrun for dataset_consumes_1 to None, run_after=None
[2023-04-30T12:11:48.279+0000] {logging_mixin.py:137} INFO - [2023-04-30T12:11:48.278+0000] {dag.py:3456} INFO - Setting next_dagrun for dataset_consumes_1_and_2 to None, run_after=None
[2023-04-30T12:11:48.280+0000] {logging_mixin.py:137} INFO - [2023-04-30T12:11:48.280+0000] {dag.py:3456} INFO - Setting next_dagrun for dataset_consumes_1_never_scheduled to None, run_after=None
[2023-04-30T12:11:48.281+0000] {logging_mixin.py:137} INFO - [2023-04-30T12:11:48.281+0000] {dag.py:3456} INFO - Setting next_dagrun for dataset_consumes_unknown_never_scheduled to None, run_after=None
[2023-04-30T12:11:48.284+0000] {logging_mixin.py:137} INFO - [2023-04-30T12:11:48.283+0000] {dag.py:3456} INFO - Setting next_dagrun for dataset_produces_1 to 2023-04-29T00:00:00+00:00, run_after=2023-04-30T00:00:00+00:00
[2023-04-30T12:11:48.285+0000] {logging_mixin.py:137} INFO - [2023-04-30T12:11:48.285+0000] {dag.py:3456} INFO - Setting next_dagrun for dataset_produces_2 to None, run_after=None
[2023-04-30T12:11:48.322+0000] {processor.py:175} INFO - Processing /home/airflow/.local/lib/python3.7/site-packages/airflow/example_dags/example_datasets.py took 0.121 seconds
[2023-04-30T12:12:18.384+0000] {processor.py:153} INFO - Started process (PID=110) to work on /home/airflow/.local/lib/python3.7/site-packages/airflow/example_dags/example_datasets.py
[2023-04-30T12:12:18.384+0000] {processor.py:743} INFO - Processing file /home/airflow/.local/lib/python3.7/site-packages/airflow/example_dags/example_datasets.py for tasks to queue
[2023-04-30T12:12:18.385+0000] {logging_mixin.py:137} INFO - [2023-04-30T12:12:18.385+0000] {dagbag.py:532} INFO - Filling up the DagBag from /home/airflow/.local/lib/python3.7/site-packages/airflow/example_dags/example_datasets.py
[2023-04-30T12:12:18.399+0000] {processor.py:753} INFO - DAG(s) dict_keys(['dataset_consumes_1_never_scheduled', 'dataset_consumes_1', 'dataset_produces_1', 'dataset_produces_2', 'dataset_consumes_unknown_never_scheduled', 'dataset_consumes_1_and_2']) retrieved from /home/airflow/.local/lib/python3.7/site-packages/airflow/example_dags/example_datasets.py
[2023-04-30T12:12:18.471+0000] {logging_mixin.py:137} INFO - [2023-04-30T12:12:18.471+0000] {dag.py:2705} INFO - Sync 6 DAGs
[2023-04-30T12:12:18.490+0000] {logging_mixin.py:137} INFO - [2023-04-30T12:12:18.490+0000] {dag.py:3456} INFO - Setting next_dagrun for dataset_consumes_1 to None, run_after=None
[2023-04-30T12:12:18.493+0000] {logging_mixin.py:137} INFO - [2023-04-30T12:12:18.493+0000] {dag.py:3456} INFO - Setting next_dagrun for dataset_consumes_1_and_2 to None, run_after=None
[2023-04-30T12:12:18.494+0000] {logging_mixin.py:137} INFO - [2023-04-30T12:12:18.494+0000] {dag.py:3456} INFO - Setting next_dagrun for dataset_consumes_1_never_scheduled to None, run_after=None
[2023-04-30T12:12:18.494+0000] {logging_mixin.py:137} INFO - [2023-04-30T12:12:18.494+0000] {dag.py:3456} INFO - Setting next_dagrun for dataset_consumes_unknown_never_scheduled to None, run_after=None
[2023-04-30T12:12:18.496+0000] {logging_mixin.py:137} INFO - [2023-04-30T12:12:18.496+0000] {dag.py:3456} INFO - Setting next_dagrun for dataset_produces_1 to 2023-04-29T00:00:00+00:00, run_after=2023-04-30T00:00:00+00:00
[2023-04-30T12:12:18.497+0000] {logging_mixin.py:137} INFO - [2023-04-30T12:12:18.497+0000] {dag.py:3456} INFO - Setting next_dagrun for dataset_produces_2 to None, run_after=None
[2023-04-30T12:12:18.533+0000] {processor.py:175} INFO - Processing /home/airflow/.local/lib/python3.7/site-packages/airflow/example_dags/example_datasets.py took 0.153 seconds
[2023-04-30T12:12:48.846+0000] {processor.py:153} INFO - Started process (PID=160) to work on /home/airflow/.local/lib/python3.7/site-packages/airflow/example_dags/example_datasets.py
[2023-04-30T12:12:48.847+0000] {processor.py:743} INFO - Processing file /home/airflow/.local/lib/python3.7/site-packages/airflow/example_dags/example_datasets.py for tasks to queue
[2023-04-30T12:12:48.848+0000] {logging_mixin.py:137} INFO - [2023-04-30T12:12:48.848+0000] {dagbag.py:532} INFO - Filling up the DagBag from /home/airflow/.local/lib/python3.7/site-packages/airflow/example_dags/example_datasets.py
[2023-04-30T12:12:48.861+0000] {processor.py:753} INFO - DAG(s) dict_keys(['dataset_consumes_unknown_never_scheduled', 'dataset_consumes_1', 'dataset_produces_1', 'dataset_produces_2', 'dataset_consumes_1_never_scheduled', 'dataset_consumes_1_and_2']) retrieved from /home/airflow/.local/lib/python3.7/site-packages/airflow/example_dags/example_datasets.py
[2023-04-30T12:12:48.895+0000] {logging_mixin.py:137} INFO - [2023-04-30T12:12:48.895+0000] {dag.py:2705} INFO - Sync 6 DAGs
[2023-04-30T12:12:48.917+0000] {logging_mixin.py:137} INFO - [2023-04-30T12:12:48.917+0000] {dag.py:3456} INFO - Setting next_dagrun for dataset_consumes_1 to None, run_after=None
[2023-04-30T12:12:48.920+0000] {logging_mixin.py:137} INFO - [2023-04-30T12:12:48.920+0000] {dag.py:3456} INFO - Setting next_dagrun for dataset_consumes_1_and_2 to None, run_after=None
[2023-04-30T12:12:48.921+0000] {logging_mixin.py:137} INFO - [2023-04-30T12:12:48.921+0000] {dag.py:3456} INFO - Setting next_dagrun for dataset_consumes_1_never_scheduled to None, run_after=None
[2023-04-30T12:12:48.921+0000] {logging_mixin.py:137} INFO - [2023-04-30T12:12:48.921+0000] {dag.py:3456} INFO - Setting next_dagrun for dataset_consumes_unknown_never_scheduled to None, run_after=None
[2023-04-30T12:12:48.924+0000] {logging_mixin.py:137} INFO - [2023-04-30T12:12:48.923+0000] {dag.py:3456} INFO - Setting next_dagrun for dataset_produces_1 to 2023-04-29T00:00:00+00:00, run_after=2023-04-30T00:00:00+00:00
[2023-04-30T12:12:48.924+0000] {logging_mixin.py:137} INFO - [2023-04-30T12:12:48.924+0000] {dag.py:3456} INFO - Setting next_dagrun for dataset_produces_2 to None, run_after=None
[2023-04-30T12:12:48.952+0000] {processor.py:175} INFO - Processing /home/airflow/.local/lib/python3.7/site-packages/airflow/example_dags/example_datasets.py took 0.108 seconds
[2023-04-30T12:13:19.051+0000] {processor.py:153} INFO - Started process (PID=211) to work on /home/airflow/.local/lib/python3.7/site-packages/airflow/example_dags/example_datasets.py
[2023-04-30T12:13:19.051+0000] {processor.py:743} INFO - Processing file /home/airflow/.local/lib/python3.7/site-packages/airflow/example_dags/example_datasets.py for tasks to queue
[2023-04-30T12:13:19.052+0000] {logging_mixin.py:137} INFO - [2023-04-30T12:13:19.052+0000] {dagbag.py:532} INFO - Filling up the DagBag from /home/airflow/.local/lib/python3.7/site-packages/airflow/example_dags/example_datasets.py
[2023-04-30T12:13:19.064+0000] {processor.py:753} INFO - DAG(s) dict_keys(['dataset_consumes_1', 'dataset_consumes_1_never_scheduled', 'dataset_produces_1', 'dataset_produces_2', 'dataset_consumes_unknown_never_scheduled', 'dataset_consumes_1_and_2']) retrieved from /home/airflow/.local/lib/python3.7/site-packages/airflow/example_dags/example_datasets.py
[2023-04-30T12:13:19.097+0000] {logging_mixin.py:137} INFO - [2023-04-30T12:13:19.097+0000] {dag.py:2705} INFO - Sync 6 DAGs
[2023-04-30T12:13:19.118+0000] {logging_mixin.py:137} INFO - [2023-04-30T12:13:19.118+0000] {dag.py:3456} INFO - Setting next_dagrun for dataset_consumes_1 to None, run_after=None
[2023-04-30T12:13:19.121+0000] {logging_mixin.py:137} INFO - [2023-04-30T12:13:19.121+0000] {dag.py:3456} INFO - Setting next_dagrun for dataset_consumes_1_and_2 to None, run_after=None
[2023-04-30T12:13:19.122+0000] {logging_mixin.py:137} INFO - [2023-04-30T12:13:19.122+0000] {dag.py:3456} INFO - Setting next_dagrun for dataset_consumes_1_never_scheduled to None, run_after=None
[2023-04-30T12:13:19.123+0000] {logging_mixin.py:137} INFO - [2023-04-30T12:13:19.123+0000] {dag.py:3456} INFO - Setting next_dagrun for dataset_consumes_unknown_never_scheduled to None, run_after=None
[2023-04-30T12:13:19.125+0000] {logging_mixin.py:137} INFO - [2023-04-30T12:13:19.125+0000] {dag.py:3456} INFO - Setting next_dagrun for dataset_produces_1 to 2023-04-29T00:00:00+00:00, run_after=2023-04-30T00:00:00+00:00
[2023-04-30T12:13:19.126+0000] {logging_mixin.py:137} INFO - [2023-04-30T12:13:19.126+0000] {dag.py:3456} INFO - Setting next_dagrun for dataset_produces_2 to None, run_after=None
[2023-04-30T12:13:19.152+0000] {processor.py:175} INFO - Processing /home/airflow/.local/lib/python3.7/site-packages/airflow/example_dags/example_datasets.py took 0.104 seconds
[2023-04-30T12:13:49.302+0000] {processor.py:153} INFO - Started process (PID=261) to work on /home/airflow/.local/lib/python3.7/site-packages/airflow/example_dags/example_datasets.py
[2023-04-30T12:13:49.302+0000] {processor.py:743} INFO - Processing file /home/airflow/.local/lib/python3.7/site-packages/airflow/example_dags/example_datasets.py for tasks to queue
[2023-04-30T12:13:49.303+0000] {logging_mixin.py:137} INFO - [2023-04-30T12:13:49.303+0000] {dagbag.py:532} INFO - Filling up the DagBag from /home/airflow/.local/lib/python3.7/site-packages/airflow/example_dags/example_datasets.py
[2023-04-30T12:13:49.316+0000] {processor.py:753} INFO - DAG(s) dict_keys(['dataset_consumes_1', 'dataset_produces_1', 'dataset_consumes_1_and_2', 'dataset_produces_2', 'dataset_consumes_1_never_scheduled', 'dataset_consumes_unknown_never_scheduled']) retrieved from /home/airflow/.local/lib/python3.7/site-packages/airflow/example_dags/example_datasets.py
[2023-04-30T12:13:49.350+0000] {logging_mixin.py:137} INFO - [2023-04-30T12:13:49.350+0000] {dag.py:2705} INFO - Sync 6 DAGs
[2023-04-30T12:13:49.373+0000] {logging_mixin.py:137} INFO - [2023-04-30T12:13:49.372+0000] {dag.py:3456} INFO - Setting next_dagrun for dataset_consumes_1 to None, run_after=None
[2023-04-30T12:13:49.378+0000] {logging_mixin.py:137} INFO - [2023-04-30T12:13:49.377+0000] {dag.py:3456} INFO - Setting next_dagrun for dataset_consumes_1_and_2 to None, run_after=None
[2023-04-30T12:13:49.379+0000] {logging_mixin.py:137} INFO - [2023-04-30T12:13:49.379+0000] {dag.py:3456} INFO - Setting next_dagrun for dataset_consumes_1_never_scheduled to None, run_after=None
[2023-04-30T12:13:49.381+0000] {logging_mixin.py:137} INFO - [2023-04-30T12:13:49.380+0000] {dag.py:3456} INFO - Setting next_dagrun for dataset_consumes_unknown_never_scheduled to None, run_after=None
[2023-04-30T12:13:49.383+0000] {logging_mixin.py:137} INFO - [2023-04-30T12:13:49.383+0000] {dag.py:3456} INFO - Setting next_dagrun for dataset_produces_1 to 2023-04-29T00:00:00+00:00, run_after=2023-04-30T00:00:00+00:00
[2023-04-30T12:13:49.384+0000] {logging_mixin.py:137} INFO - [2023-04-30T12:13:49.383+0000] {dag.py:3456} INFO - Setting next_dagrun for dataset_produces_2 to None, run_after=None
[2023-04-30T12:13:49.421+0000] {processor.py:175} INFO - Processing /home/airflow/.local/lib/python3.7/site-packages/airflow/example_dags/example_datasets.py took 0.122 seconds
[2023-04-30T12:14:19.478+0000] {processor.py:153} INFO - Started process (PID=311) to work on /home/airflow/.local/lib/python3.7/site-packages/airflow/example_dags/example_datasets.py
[2023-04-30T12:14:19.479+0000] {processor.py:743} INFO - Processing file /home/airflow/.local/lib/python3.7/site-packages/airflow/example_dags/example_datasets.py for tasks to queue
[2023-04-30T12:14:19.479+0000] {logging_mixin.py:137} INFO - [2023-04-30T12:14:19.479+0000] {dagbag.py:532} INFO - Filling up the DagBag from /home/airflow/.local/lib/python3.7/site-packages/airflow/example_dags/example_datasets.py
[2023-04-30T12:14:19.493+0000] {processor.py:753} INFO - DAG(s) dict_keys(['dataset_consumes_1', 'dataset_consumes_unknown_never_scheduled', 'dataset_produces_1', 'dataset_consumes_1_and_2', 'dataset_produces_2', 'dataset_consumes_1_never_scheduled']) retrieved from /home/airflow/.local/lib/python3.7/site-packages/airflow/example_dags/example_datasets.py
[2023-04-30T12:14:19.525+0000] {logging_mixin.py:137} INFO - [2023-04-30T12:14:19.525+0000] {dag.py:2705} INFO - Sync 6 DAGs
[2023-04-30T12:14:19.548+0000] {logging_mixin.py:137} INFO - [2023-04-30T12:14:19.548+0000] {dag.py:3456} INFO - Setting next_dagrun for dataset_consumes_1 to None, run_after=None
[2023-04-30T12:14:19.551+0000] {logging_mixin.py:137} INFO - [2023-04-30T12:14:19.551+0000] {dag.py:3456} INFO - Setting next_dagrun for dataset_consumes_1_and_2 to None, run_after=None
[2023-04-30T12:14:19.554+0000] {logging_mixin.py:137} INFO - [2023-04-30T12:14:19.554+0000] {dag.py:3456} INFO - Setting next_dagrun for dataset_consumes_1_never_scheduled to None, run_after=None
[2023-04-30T12:14:19.556+0000] {logging_mixin.py:137} INFO - [2023-04-30T12:14:19.556+0000] {dag.py:3456} INFO - Setting next_dagrun for dataset_consumes_unknown_never_scheduled to None, run_after=None
[2023-04-30T12:14:19.558+0000] {logging_mixin.py:137} INFO - [2023-04-30T12:14:19.558+0000] {dag.py:3456} INFO - Setting next_dagrun for dataset_produces_1 to 2023-04-29T00:00:00+00:00, run_after=2023-04-30T00:00:00+00:00
[2023-04-30T12:14:19.559+0000] {logging_mixin.py:137} INFO - [2023-04-30T12:14:19.559+0000] {dag.py:3456} INFO - Setting next_dagrun for dataset_produces_2 to None, run_after=None
[2023-04-30T12:14:19.587+0000] {processor.py:175} INFO - Processing /home/airflow/.local/lib/python3.7/site-packages/airflow/example_dags/example_datasets.py took 0.111 seconds
[2023-04-30T12:14:49.765+0000] {processor.py:153} INFO - Started process (PID=361) to work on /home/airflow/.local/lib/python3.7/site-packages/airflow/example_dags/example_datasets.py
[2023-04-30T12:14:49.766+0000] {processor.py:743} INFO - Processing file /home/airflow/.local/lib/python3.7/site-packages/airflow/example_dags/example_datasets.py for tasks to queue
[2023-04-30T12:14:49.766+0000] {logging_mixin.py:137} INFO - [2023-04-30T12:14:49.766+0000] {dagbag.py:532} INFO - Filling up the DagBag from /home/airflow/.local/lib/python3.7/site-packages/airflow/example_dags/example_datasets.py
[2023-04-30T12:14:49.778+0000] {processor.py:753} INFO - DAG(s) dict_keys(['dataset_consumes_1_and_2', 'dataset_consumes_1_never_scheduled', 'dataset_produces_2', 'dataset_produces_1', 'dataset_consumes_unknown_never_scheduled', 'dataset_consumes_1']) retrieved from /home/airflow/.local/lib/python3.7/site-packages/airflow/example_dags/example_datasets.py
[2023-04-30T12:14:49.813+0000] {logging_mixin.py:137} INFO - [2023-04-30T12:14:49.812+0000] {dag.py:2705} INFO - Sync 6 DAGs
[2023-04-30T12:14:49.838+0000] {logging_mixin.py:137} INFO - [2023-04-30T12:14:49.838+0000] {dag.py:3456} INFO - Setting next_dagrun for dataset_consumes_1 to None, run_after=None
[2023-04-30T12:14:49.841+0000] {logging_mixin.py:137} INFO - [2023-04-30T12:14:49.841+0000] {dag.py:3456} INFO - Setting next_dagrun for dataset_consumes_1_and_2 to None, run_after=None
[2023-04-30T12:14:49.842+0000] {logging_mixin.py:137} INFO - [2023-04-30T12:14:49.842+0000] {dag.py:3456} INFO - Setting next_dagrun for dataset_consumes_1_never_scheduled to None, run_after=None
[2023-04-30T12:14:49.843+0000] {logging_mixin.py:137} INFO - [2023-04-30T12:14:49.842+0000] {dag.py:3456} INFO - Setting next_dagrun for dataset_consumes_unknown_never_scheduled to None, run_after=None
[2023-04-30T12:14:49.845+0000] {logging_mixin.py:137} INFO - [2023-04-30T12:14:49.845+0000] {dag.py:3456} INFO - Setting next_dagrun for dataset_produces_1 to 2023-04-29T00:00:00+00:00, run_after=2023-04-30T00:00:00+00:00
[2023-04-30T12:14:49.846+0000] {logging_mixin.py:137} INFO - [2023-04-30T12:14:49.846+0000] {dag.py:3456} INFO - Setting next_dagrun for dataset_produces_2 to None, run_after=None
[2023-04-30T12:14:49.871+0000] {processor.py:175} INFO - Processing /home/airflow/.local/lib/python3.7/site-packages/airflow/example_dags/example_datasets.py took 0.109 seconds
[2023-04-30T12:15:20.243+0000] {processor.py:153} INFO - Started process (PID=411) to work on /home/airflow/.local/lib/python3.7/site-packages/airflow/example_dags/example_datasets.py
[2023-04-30T12:15:20.244+0000] {processor.py:743} INFO - Processing file /home/airflow/.local/lib/python3.7/site-packages/airflow/example_dags/example_datasets.py for tasks to queue
[2023-04-30T12:15:20.244+0000] {logging_mixin.py:137} INFO - [2023-04-30T12:15:20.244+0000] {dagbag.py:532} INFO - Filling up the DagBag from /home/airflow/.local/lib/python3.7/site-packages/airflow/example_dags/example_datasets.py
[2023-04-30T12:15:20.258+0000] {processor.py:753} INFO - DAG(s) dict_keys(['dataset_consumes_1_never_scheduled', 'dataset_consumes_1', 'dataset_consumes_1_and_2', 'dataset_produces_2', 'dataset_produces_1', 'dataset_consumes_unknown_never_scheduled']) retrieved from /home/airflow/.local/lib/python3.7/site-packages/airflow/example_dags/example_datasets.py
[2023-04-30T12:15:20.292+0000] {logging_mixin.py:137} INFO - [2023-04-30T12:15:20.291+0000] {dag.py:2705} INFO - Sync 6 DAGs
[2023-04-30T12:15:20.317+0000] {logging_mixin.py:137} INFO - [2023-04-30T12:15:20.317+0000] {dag.py:3456} INFO - Setting next_dagrun for dataset_consumes_1 to None, run_after=None
[2023-04-30T12:15:20.320+0000] {logging_mixin.py:137} INFO - [2023-04-30T12:15:20.320+0000] {dag.py:3456} INFO - Setting next_dagrun for dataset_consumes_1_and_2 to None, run_after=None
[2023-04-30T12:15:20.321+0000] {logging_mixin.py:137} INFO - [2023-04-30T12:15:20.321+0000] {dag.py:3456} INFO - Setting next_dagrun for dataset_consumes_1_never_scheduled to None, run_after=None
[2023-04-30T12:15:20.322+0000] {logging_mixin.py:137} INFO - [2023-04-30T12:15:20.322+0000] {dag.py:3456} INFO - Setting next_dagrun for dataset_consumes_unknown_never_scheduled to None, run_after=None
[2023-04-30T12:15:20.324+0000] {logging_mixin.py:137} INFO - [2023-04-30T12:15:20.324+0000] {dag.py:3456} INFO - Setting next_dagrun for dataset_produces_1 to 2023-04-29T00:00:00+00:00, run_after=2023-04-30T00:00:00+00:00
[2023-04-30T12:15:20.325+0000] {logging_mixin.py:137} INFO - [2023-04-30T12:15:20.325+0000] {dag.py:3456} INFO - Setting next_dagrun for dataset_produces_2 to None, run_after=None
[2023-04-30T12:15:20.354+0000] {processor.py:175} INFO - Processing /home/airflow/.local/lib/python3.7/site-packages/airflow/example_dags/example_datasets.py took 0.113 seconds
[2023-04-30T12:15:50.745+0000] {processor.py:153} INFO - Started process (PID=461) to work on /home/airflow/.local/lib/python3.7/site-packages/airflow/example_dags/example_datasets.py
[2023-04-30T12:15:50.746+0000] {processor.py:743} INFO - Processing file /home/airflow/.local/lib/python3.7/site-packages/airflow/example_dags/example_datasets.py for tasks to queue
[2023-04-30T12:15:50.746+0000] {logging_mixin.py:137} INFO - [2023-04-30T12:15:50.746+0000] {dagbag.py:532} INFO - Filling up the DagBag from /home/airflow/.local/lib/python3.7/site-packages/airflow/example_dags/example_datasets.py
[2023-04-30T12:15:50.759+0000] {processor.py:753} INFO - DAG(s) dict_keys(['dataset_produces_1', 'dataset_consumes_unknown_never_scheduled', 'dataset_consumes_1_and_2', 'dataset_consumes_1_never_scheduled', 'dataset_consumes_1', 'dataset_produces_2']) retrieved from /home/airflow/.local/lib/python3.7/site-packages/airflow/example_dags/example_datasets.py
[2023-04-30T12:15:50.793+0000] {logging_mixin.py:137} INFO - [2023-04-30T12:15:50.793+0000] {dag.py:2705} INFO - Sync 6 DAGs
[2023-04-30T12:15:50.820+0000] {logging_mixin.py:137} INFO - [2023-04-30T12:15:50.819+0000] {dag.py:3456} INFO - Setting next_dagrun for dataset_consumes_1 to None, run_after=None
[2023-04-30T12:15:50.822+0000] {logging_mixin.py:137} INFO - [2023-04-30T12:15:50.822+0000] {dag.py:3456} INFO - Setting next_dagrun for dataset_consumes_1_and_2 to None, run_after=None
[2023-04-30T12:15:50.823+0000] {logging_mixin.py:137} INFO - [2023-04-30T12:15:50.823+0000] {dag.py:3456} INFO - Setting next_dagrun for dataset_consumes_1_never_scheduled to None, run_after=None
[2023-04-30T12:15:50.824+0000] {logging_mixin.py:137} INFO - [2023-04-30T12:15:50.824+0000] {dag.py:3456} INFO - Setting next_dagrun for dataset_consumes_unknown_never_scheduled to None, run_after=None
[2023-04-30T12:15:50.826+0000] {logging_mixin.py:137} INFO - [2023-04-30T12:15:50.826+0000] {dag.py:3456} INFO - Setting next_dagrun for dataset_produces_1 to 2023-04-29T00:00:00+00:00, run_after=2023-04-30T00:00:00+00:00
[2023-04-30T12:15:50.827+0000] {logging_mixin.py:137} INFO - [2023-04-30T12:15:50.827+0000] {dag.py:3456} INFO - Setting next_dagrun for dataset_produces_2 to None, run_after=None
[2023-04-30T12:15:50.860+0000] {processor.py:175} INFO - Processing /home/airflow/.local/lib/python3.7/site-packages/airflow/example_dags/example_datasets.py took 0.117 seconds
[2023-04-30T12:16:21.393+0000] {processor.py:153} INFO - Started process (PID=511) to work on /home/airflow/.local/lib/python3.7/site-packages/airflow/example_dags/example_datasets.py
[2023-04-30T12:16:21.394+0000] {processor.py:743} INFO - Processing file /home/airflow/.local/lib/python3.7/site-packages/airflow/example_dags/example_datasets.py for tasks to queue
[2023-04-30T12:16:21.394+0000] {logging_mixin.py:137} INFO - [2023-04-30T12:16:21.394+0000] {dagbag.py:532} INFO - Filling up the DagBag from /home/airflow/.local/lib/python3.7/site-packages/airflow/example_dags/example_datasets.py
[2023-04-30T12:16:21.409+0000] {processor.py:753} INFO - DAG(s) dict_keys(['dataset_produces_2', 'dataset_consumes_1_never_scheduled', 'dataset_produces_1', 'dataset_consumes_1_and_2', 'dataset_consumes_unknown_never_scheduled', 'dataset_consumes_1']) retrieved from /home/airflow/.local/lib/python3.7/site-packages/airflow/example_dags/example_datasets.py
[2023-04-30T12:16:21.446+0000] {logging_mixin.py:137} INFO - [2023-04-30T12:16:21.446+0000] {dag.py:2705} INFO - Sync 6 DAGs
[2023-04-30T12:16:21.472+0000] {logging_mixin.py:137} INFO - [2023-04-30T12:16:21.472+0000] {dag.py:3456} INFO - Setting next_dagrun for dataset_consumes_1 to None, run_after=None
[2023-04-30T12:16:21.478+0000] {logging_mixin.py:137} INFO - [2023-04-30T12:16:21.478+0000] {dag.py:3456} INFO - Setting next_dagrun for dataset_consumes_1_and_2 to None, run_after=None
[2023-04-30T12:16:21.479+0000] {logging_mixin.py:137} INFO - [2023-04-30T12:16:21.479+0000] {dag.py:3456} INFO - Setting next_dagrun for dataset_consumes_1_never_scheduled to None, run_after=None
[2023-04-30T12:16:21.480+0000] {logging_mixin.py:137} INFO - [2023-04-30T12:16:21.480+0000] {dag.py:3456} INFO - Setting next_dagrun for dataset_consumes_unknown_never_scheduled to None, run_after=None
[2023-04-30T12:16:21.482+0000] {logging_mixin.py:137} INFO - [2023-04-30T12:16:21.482+0000] {dag.py:3456} INFO - Setting next_dagrun for dataset_produces_1 to 2023-04-29T00:00:00+00:00, run_after=2023-04-30T00:00:00+00:00
[2023-04-30T12:16:21.483+0000] {logging_mixin.py:137} INFO - [2023-04-30T12:16:21.483+0000] {dag.py:3456} INFO - Setting next_dagrun for dataset_produces_2 to None, run_after=None
[2023-04-30T12:16:21.514+0000] {processor.py:175} INFO - Processing /home/airflow/.local/lib/python3.7/site-packages/airflow/example_dags/example_datasets.py took 0.124 seconds
[2023-04-30T12:16:51.797+0000] {processor.py:153} INFO - Started process (PID=561) to work on /home/airflow/.local/lib/python3.7/site-packages/airflow/example_dags/example_datasets.py
[2023-04-30T12:16:51.799+0000] {processor.py:743} INFO - Processing file /home/airflow/.local/lib/python3.7/site-packages/airflow/example_dags/example_datasets.py for tasks to queue
[2023-04-30T12:16:51.799+0000] {logging_mixin.py:137} INFO - [2023-04-30T12:16:51.799+0000] {dagbag.py:532} INFO - Filling up the DagBag from /home/airflow/.local/lib/python3.7/site-packages/airflow/example_dags/example_datasets.py
[2023-04-30T12:16:51.812+0000] {processor.py:753} INFO - DAG(s) dict_keys(['dataset_produces_2', 'dataset_consumes_1_never_scheduled', 'dataset_produces_1', 'dataset_consumes_unknown_never_scheduled', 'dataset_consumes_1', 'dataset_consumes_1_and_2']) retrieved from /home/airflow/.local/lib/python3.7/site-packages/airflow/example_dags/example_datasets.py
[2023-04-30T12:16:51.845+0000] {logging_mixin.py:137} INFO - [2023-04-30T12:16:51.845+0000] {dag.py:2705} INFO - Sync 6 DAGs
[2023-04-30T12:16:51.868+0000] {logging_mixin.py:137} INFO - [2023-04-30T12:16:51.867+0000] {dag.py:3456} INFO - Setting next_dagrun for dataset_consumes_1 to None, run_after=None
[2023-04-30T12:16:51.870+0000] {logging_mixin.py:137} INFO - [2023-04-30T12:16:51.870+0000] {dag.py:3456} INFO - Setting next_dagrun for dataset_consumes_1_and_2 to None, run_after=None
[2023-04-30T12:16:51.871+0000] {logging_mixin.py:137} INFO - [2023-04-30T12:16:51.871+0000] {dag.py:3456} INFO - Setting next_dagrun for dataset_consumes_1_never_scheduled to None, run_after=None
[2023-04-30T12:16:51.872+0000] {logging_mixin.py:137} INFO - [2023-04-30T12:16:51.872+0000] {dag.py:3456} INFO - Setting next_dagrun for dataset_consumes_unknown_never_scheduled to None, run_after=None
[2023-04-30T12:16:51.874+0000] {logging_mixin.py:137} INFO - [2023-04-30T12:16:51.874+0000] {dag.py:3456} INFO - Setting next_dagrun for dataset_produces_1 to 2023-04-29T00:00:00+00:00, run_after=2023-04-30T00:00:00+00:00
[2023-04-30T12:16:51.875+0000] {logging_mixin.py:137} INFO - [2023-04-30T12:16:51.875+0000] {dag.py:3456} INFO - Setting next_dagrun for dataset_produces_2 to None, run_after=None
[2023-04-30T12:16:51.901+0000] {processor.py:175} INFO - Processing /home/airflow/.local/lib/python3.7/site-packages/airflow/example_dags/example_datasets.py took 0.106 seconds
[2023-04-30T12:17:22.196+0000] {processor.py:153} INFO - Started process (PID=611) to work on /home/airflow/.local/lib/python3.7/site-packages/airflow/example_dags/example_datasets.py
[2023-04-30T12:17:22.196+0000] {processor.py:743} INFO - Processing file /home/airflow/.local/lib/python3.7/site-packages/airflow/example_dags/example_datasets.py for tasks to queue
[2023-04-30T12:17:22.197+0000] {logging_mixin.py:137} INFO - [2023-04-30T12:17:22.197+0000] {dagbag.py:532} INFO - Filling up the DagBag from /home/airflow/.local/lib/python3.7/site-packages/airflow/example_dags/example_datasets.py
[2023-04-30T12:17:22.209+0000] {processor.py:753} INFO - DAG(s) dict_keys(['dataset_consumes_unknown_never_scheduled', 'dataset_consumes_1_and_2', 'dataset_consumes_1', 'dataset_consumes_1_never_scheduled', 'dataset_produces_1', 'dataset_produces_2']) retrieved from /home/airflow/.local/lib/python3.7/site-packages/airflow/example_dags/example_datasets.py
[2023-04-30T12:17:22.241+0000] {logging_mixin.py:137} INFO - [2023-04-30T12:17:22.241+0000] {dag.py:2705} INFO - Sync 6 DAGs
[2023-04-30T12:17:22.262+0000] {logging_mixin.py:137} INFO - [2023-04-30T12:17:22.262+0000] {dag.py:3456} INFO - Setting next_dagrun for dataset_consumes_1 to None, run_after=None
[2023-04-30T12:17:22.264+0000] {logging_mixin.py:137} INFO - [2023-04-30T12:17:22.264+0000] {dag.py:3456} INFO - Setting next_dagrun for dataset_consumes_1_and_2 to None, run_after=None
[2023-04-30T12:17:22.265+0000] {logging_mixin.py:137} INFO - [2023-04-30T12:17:22.265+0000] {dag.py:3456} INFO - Setting next_dagrun for dataset_consumes_1_never_scheduled to None, run_after=None
[2023-04-30T12:17:22.266+0000] {logging_mixin.py:137} INFO - [2023-04-30T12:17:22.266+0000] {dag.py:3456} INFO - Setting next_dagrun for dataset_consumes_unknown_never_scheduled to None, run_after=None
[2023-04-30T12:17:22.268+0000] {logging_mixin.py:137} INFO - [2023-04-30T12:17:22.268+0000] {dag.py:3456} INFO - Setting next_dagrun for dataset_produces_1 to 2023-04-29T00:00:00+00:00, run_after=2023-04-30T00:00:00+00:00
[2023-04-30T12:17:22.269+0000] {logging_mixin.py:137} INFO - [2023-04-30T12:17:22.269+0000] {dag.py:3456} INFO - Setting next_dagrun for dataset_produces_2 to None, run_after=None
[2023-04-30T12:17:22.294+0000] {processor.py:175} INFO - Processing /home/airflow/.local/lib/python3.7/site-packages/airflow/example_dags/example_datasets.py took 0.101 seconds
[2023-04-30T12:17:52.446+0000] {processor.py:153} INFO - Started process (PID=662) to work on /home/airflow/.local/lib/python3.7/site-packages/airflow/example_dags/example_datasets.py
[2023-04-30T12:17:52.446+0000] {processor.py:743} INFO - Processing file /home/airflow/.local/lib/python3.7/site-packages/airflow/example_dags/example_datasets.py for tasks to queue
[2023-04-30T12:17:52.447+0000] {logging_mixin.py:137} INFO - [2023-04-30T12:17:52.447+0000] {dagbag.py:532} INFO - Filling up the DagBag from /home/airflow/.local/lib/python3.7/site-packages/airflow/example_dags/example_datasets.py
[2023-04-30T12:17:52.464+0000] {processor.py:753} INFO - DAG(s) dict_keys(['dataset_consumes_1_never_scheduled', 'dataset_produces_2', 'dataset_produces_1', 'dataset_consumes_unknown_never_scheduled', 'dataset_consumes_1', 'dataset_consumes_1_and_2']) retrieved from /home/airflow/.local/lib/python3.7/site-packages/airflow/example_dags/example_datasets.py
[2023-04-30T12:17:52.503+0000] {logging_mixin.py:137} INFO - [2023-04-30T12:17:52.503+0000] {dag.py:2705} INFO - Sync 6 DAGs
[2023-04-30T12:17:52.529+0000] {logging_mixin.py:137} INFO - [2023-04-30T12:17:52.529+0000] {dag.py:3456} INFO - Setting next_dagrun for dataset_consumes_1 to None, run_after=None
[2023-04-30T12:17:52.532+0000] {logging_mixin.py:137} INFO - [2023-04-30T12:17:52.532+0000] {dag.py:3456} INFO - Setting next_dagrun for dataset_consumes_1_and_2 to None, run_after=None
[2023-04-30T12:17:52.533+0000] {logging_mixin.py:137} INFO - [2023-04-30T12:17:52.533+0000] {dag.py:3456} INFO - Setting next_dagrun for dataset_consumes_1_never_scheduled to None, run_after=None
[2023-04-30T12:17:52.534+0000] {logging_mixin.py:137} INFO - [2023-04-30T12:17:52.534+0000] {dag.py:3456} INFO - Setting next_dagrun for dataset_consumes_unknown_never_scheduled to None, run_after=None
[2023-04-30T12:17:52.538+0000] {logging_mixin.py:137} INFO - [2023-04-30T12:17:52.538+0000] {dag.py:3456} INFO - Setting next_dagrun for dataset_produces_1 to 2023-04-29T00:00:00+00:00, run_after=2023-04-30T00:00:00+00:00
[2023-04-30T12:17:52.539+0000] {logging_mixin.py:137} INFO - [2023-04-30T12:17:52.539+0000] {dag.py:3456} INFO - Setting next_dagrun for dataset_produces_2 to None, run_after=None
[2023-04-30T12:17:52.571+0000] {processor.py:175} INFO - Processing /home/airflow/.local/lib/python3.7/site-packages/airflow/example_dags/example_datasets.py took 0.128 seconds
[2023-04-30T12:18:22.765+0000] {processor.py:153} INFO - Started process (PID=711) to work on /home/airflow/.local/lib/python3.7/site-packages/airflow/example_dags/example_datasets.py
[2023-04-30T12:18:22.766+0000] {processor.py:743} INFO - Processing file /home/airflow/.local/lib/python3.7/site-packages/airflow/example_dags/example_datasets.py for tasks to queue
[2023-04-30T12:18:22.766+0000] {logging_mixin.py:137} INFO - [2023-04-30T12:18:22.766+0000] {dagbag.py:532} INFO - Filling up the DagBag from /home/airflow/.local/lib/python3.7/site-packages/airflow/example_dags/example_datasets.py
[2023-04-30T12:18:22.778+0000] {processor.py:753} INFO - DAG(s) dict_keys(['dataset_consumes_1_and_2', 'dataset_produces_1', 'dataset_produces_2', 'dataset_consumes_1', 'dataset_consumes_1_never_scheduled', 'dataset_consumes_unknown_never_scheduled']) retrieved from /home/airflow/.local/lib/python3.7/site-packages/airflow/example_dags/example_datasets.py
[2023-04-30T12:18:22.811+0000] {logging_mixin.py:137} INFO - [2023-04-30T12:18:22.811+0000] {dag.py:2705} INFO - Sync 6 DAGs
[2023-04-30T12:18:22.831+0000] {logging_mixin.py:137} INFO - [2023-04-30T12:18:22.831+0000] {dag.py:3456} INFO - Setting next_dagrun for dataset_consumes_1 to None, run_after=None
[2023-04-30T12:18:22.834+0000] {logging_mixin.py:137} INFO - [2023-04-30T12:18:22.834+0000] {dag.py:3456} INFO - Setting next_dagrun for dataset_consumes_1_and_2 to None, run_after=None
[2023-04-30T12:18:22.835+0000] {logging_mixin.py:137} INFO - [2023-04-30T12:18:22.835+0000] {dag.py:3456} INFO - Setting next_dagrun for dataset_consumes_1_never_scheduled to None, run_after=None
[2023-04-30T12:18:22.835+0000] {logging_mixin.py:137} INFO - [2023-04-30T12:18:22.835+0000] {dag.py:3456} INFO - Setting next_dagrun for dataset_consumes_unknown_never_scheduled to None, run_after=None
[2023-04-30T12:18:22.837+0000] {logging_mixin.py:137} INFO - [2023-04-30T12:18:22.837+0000] {dag.py:3456} INFO - Setting next_dagrun for dataset_produces_1 to 2023-04-29T00:00:00+00:00, run_after=2023-04-30T00:00:00+00:00
[2023-04-30T12:18:22.838+0000] {logging_mixin.py:137} INFO - [2023-04-30T12:18:22.838+0000] {dag.py:3456} INFO - Setting next_dagrun for dataset_produces_2 to None, run_after=None
[2023-04-30T12:18:22.867+0000] {processor.py:175} INFO - Processing /home/airflow/.local/lib/python3.7/site-packages/airflow/example_dags/example_datasets.py took 0.104 seconds
[2023-04-30T12:18:53.151+0000] {processor.py:153} INFO - Started process (PID=761) to work on /home/airflow/.local/lib/python3.7/site-packages/airflow/example_dags/example_datasets.py
[2023-04-30T12:18:53.151+0000] {processor.py:743} INFO - Processing file /home/airflow/.local/lib/python3.7/site-packages/airflow/example_dags/example_datasets.py for tasks to queue
[2023-04-30T12:18:53.152+0000] {logging_mixin.py:137} INFO - [2023-04-30T12:18:53.152+0000] {dagbag.py:532} INFO - Filling up the DagBag from /home/airflow/.local/lib/python3.7/site-packages/airflow/example_dags/example_datasets.py
[2023-04-30T12:18:53.165+0000] {processor.py:753} INFO - DAG(s) dict_keys(['dataset_consumes_unknown_never_scheduled', 'dataset_produces_1', 'dataset_consumes_1', 'dataset_consumes_1_and_2', 'dataset_consumes_1_never_scheduled', 'dataset_produces_2']) retrieved from /home/airflow/.local/lib/python3.7/site-packages/airflow/example_dags/example_datasets.py
[2023-04-30T12:18:53.207+0000] {logging_mixin.py:137} INFO - [2023-04-30T12:18:53.207+0000] {dag.py:2705} INFO - Sync 6 DAGs
[2023-04-30T12:18:53.233+0000] {logging_mixin.py:137} INFO - [2023-04-30T12:18:53.233+0000] {dag.py:3456} INFO - Setting next_dagrun for dataset_consumes_1 to None, run_after=None
[2023-04-30T12:18:53.236+0000] {logging_mixin.py:137} INFO - [2023-04-30T12:18:53.236+0000] {dag.py:3456} INFO - Setting next_dagrun for dataset_consumes_1_and_2 to None, run_after=None
[2023-04-30T12:18:53.238+0000] {logging_mixin.py:137} INFO - [2023-04-30T12:18:53.238+0000] {dag.py:3456} INFO - Setting next_dagrun for dataset_consumes_1_never_scheduled to None, run_after=None
[2023-04-30T12:18:53.240+0000] {logging_mixin.py:137} INFO - [2023-04-30T12:18:53.240+0000] {dag.py:3456} INFO - Setting next_dagrun for dataset_consumes_unknown_never_scheduled to None, run_after=None
[2023-04-30T12:18:53.242+0000] {logging_mixin.py:137} INFO - [2023-04-30T12:18:53.242+0000] {dag.py:3456} INFO - Setting next_dagrun for dataset_produces_1 to 2023-04-29T00:00:00+00:00, run_after=2023-04-30T00:00:00+00:00
[2023-04-30T12:18:53.244+0000] {logging_mixin.py:137} INFO - [2023-04-30T12:18:53.244+0000] {dag.py:3456} INFO - Setting next_dagrun for dataset_produces_2 to None, run_after=None
[2023-04-30T12:18:53.277+0000] {processor.py:175} INFO - Processing /home/airflow/.local/lib/python3.7/site-packages/airflow/example_dags/example_datasets.py took 0.130 seconds
[2023-04-30T12:19:23.613+0000] {processor.py:153} INFO - Started process (PID=811) to work on /home/airflow/.local/lib/python3.7/site-packages/airflow/example_dags/example_datasets.py
[2023-04-30T12:19:23.614+0000] {processor.py:743} INFO - Processing file /home/airflow/.local/lib/python3.7/site-packages/airflow/example_dags/example_datasets.py for tasks to queue
[2023-04-30T12:19:23.614+0000] {logging_mixin.py:137} INFO - [2023-04-30T12:19:23.614+0000] {dagbag.py:532} INFO - Filling up the DagBag from /home/airflow/.local/lib/python3.7/site-packages/airflow/example_dags/example_datasets.py
[2023-04-30T12:19:23.627+0000] {processor.py:753} INFO - DAG(s) dict_keys(['dataset_consumes_1', 'dataset_produces_1', 'dataset_consumes_unknown_never_scheduled', 'dataset_produces_2', 'dataset_consumes_1_and_2', 'dataset_consumes_1_never_scheduled']) retrieved from /home/airflow/.local/lib/python3.7/site-packages/airflow/example_dags/example_datasets.py
[2023-04-30T12:19:23.659+0000] {logging_mixin.py:137} INFO - [2023-04-30T12:19:23.659+0000] {dag.py:2705} INFO - Sync 6 DAGs
[2023-04-30T12:19:23.681+0000] {logging_mixin.py:137} INFO - [2023-04-30T12:19:23.681+0000] {dag.py:3456} INFO - Setting next_dagrun for dataset_consumes_1 to None, run_after=None
[2023-04-30T12:19:23.684+0000] {logging_mixin.py:137} INFO - [2023-04-30T12:19:23.684+0000] {dag.py:3456} INFO - Setting next_dagrun for dataset_consumes_1_and_2 to None, run_after=None
[2023-04-30T12:19:23.685+0000] {logging_mixin.py:137} INFO - [2023-04-30T12:19:23.685+0000] {dag.py:3456} INFO - Setting next_dagrun for dataset_consumes_1_never_scheduled to None, run_after=None
[2023-04-30T12:19:23.686+0000] {logging_mixin.py:137} INFO - [2023-04-30T12:19:23.686+0000] {dag.py:3456} INFO - Setting next_dagrun for dataset_consumes_unknown_never_scheduled to None, run_after=None
[2023-04-30T12:19:23.688+0000] {logging_mixin.py:137} INFO - [2023-04-30T12:19:23.688+0000] {dag.py:3456} INFO - Setting next_dagrun for dataset_produces_1 to 2023-04-29T00:00:00+00:00, run_after=2023-04-30T00:00:00+00:00
[2023-04-30T12:19:23.689+0000] {logging_mixin.py:137} INFO - [2023-04-30T12:19:23.689+0000] {dag.py:3456} INFO - Setting next_dagrun for dataset_produces_2 to None, run_after=None
[2023-04-30T12:19:23.714+0000] {processor.py:175} INFO - Processing /home/airflow/.local/lib/python3.7/site-packages/airflow/example_dags/example_datasets.py took 0.103 seconds
[2023-04-30T12:19:53.997+0000] {processor.py:153} INFO - Started process (PID=861) to work on /home/airflow/.local/lib/python3.7/site-packages/airflow/example_dags/example_datasets.py
[2023-04-30T12:19:53.998+0000] {processor.py:743} INFO - Processing file /home/airflow/.local/lib/python3.7/site-packages/airflow/example_dags/example_datasets.py for tasks to queue
[2023-04-30T12:19:53.998+0000] {logging_mixin.py:137} INFO - [2023-04-30T12:19:53.998+0000] {dagbag.py:532} INFO - Filling up the DagBag from /home/airflow/.local/lib/python3.7/site-packages/airflow/example_dags/example_datasets.py
[2023-04-30T12:19:54.011+0000] {processor.py:753} INFO - DAG(s) dict_keys(['dataset_produces_1', 'dataset_consumes_1_and_2', 'dataset_produces_2', 'dataset_consumes_unknown_never_scheduled', 'dataset_consumes_1_never_scheduled', 'dataset_consumes_1']) retrieved from /home/airflow/.local/lib/python3.7/site-packages/airflow/example_dags/example_datasets.py
[2023-04-30T12:19:54.044+0000] {logging_mixin.py:137} INFO - [2023-04-30T12:19:54.044+0000] {dag.py:2705} INFO - Sync 6 DAGs
[2023-04-30T12:19:54.066+0000] {logging_mixin.py:137} INFO - [2023-04-30T12:19:54.066+0000] {dag.py:3456} INFO - Setting next_dagrun for dataset_consumes_1 to None, run_after=None
[2023-04-30T12:19:54.068+0000] {logging_mixin.py:137} INFO - [2023-04-30T12:19:54.068+0000] {dag.py:3456} INFO - Setting next_dagrun for dataset_consumes_1_and_2 to None, run_after=None
[2023-04-30T12:19:54.070+0000] {logging_mixin.py:137} INFO - [2023-04-30T12:19:54.069+0000] {dag.py:3456} INFO - Setting next_dagrun for dataset_consumes_1_never_scheduled to None, run_after=None
[2023-04-30T12:19:54.070+0000] {logging_mixin.py:137} INFO - [2023-04-30T12:19:54.070+0000] {dag.py:3456} INFO - Setting next_dagrun for dataset_consumes_unknown_never_scheduled to None, run_after=None
[2023-04-30T12:19:54.072+0000] {logging_mixin.py:137} INFO - [2023-04-30T12:19:54.072+0000] {dag.py:3456} INFO - Setting next_dagrun for dataset_produces_1 to 2023-04-29T00:00:00+00:00, run_after=2023-04-30T00:00:00+00:00
[2023-04-30T12:19:54.073+0000] {logging_mixin.py:137} INFO - [2023-04-30T12:19:54.073+0000] {dag.py:3456} INFO - Setting next_dagrun for dataset_produces_2 to None, run_after=None
[2023-04-30T12:19:54.099+0000] {processor.py:175} INFO - Processing /home/airflow/.local/lib/python3.7/site-packages/airflow/example_dags/example_datasets.py took 0.105 seconds
[2023-04-30T12:20:24.278+0000] {processor.py:153} INFO - Started process (PID=912) to work on /home/airflow/.local/lib/python3.7/site-packages/airflow/example_dags/example_datasets.py
[2023-04-30T12:20:24.278+0000] {processor.py:743} INFO - Processing file /home/airflow/.local/lib/python3.7/site-packages/airflow/example_dags/example_datasets.py for tasks to queue
[2023-04-30T12:20:24.279+0000] {logging_mixin.py:137} INFO - [2023-04-30T12:20:24.278+0000] {dagbag.py:532} INFO - Filling up the DagBag from /home/airflow/.local/lib/python3.7/site-packages/airflow/example_dags/example_datasets.py
[2023-04-30T12:20:24.291+0000] {processor.py:753} INFO - DAG(s) dict_keys(['dataset_consumes_1_never_scheduled', 'dataset_consumes_unknown_never_scheduled', 'dataset_produces_1', 'dataset_consumes_1', 'dataset_consumes_1_and_2', 'dataset_produces_2']) retrieved from /home/airflow/.local/lib/python3.7/site-packages/airflow/example_dags/example_datasets.py
[2023-04-30T12:20:24.323+0000] {logging_mixin.py:137} INFO - [2023-04-30T12:20:24.323+0000] {dag.py:2705} INFO - Sync 6 DAGs
[2023-04-30T12:20:24.342+0000] {logging_mixin.py:137} INFO - [2023-04-30T12:20:24.342+0000] {dag.py:3456} INFO - Setting next_dagrun for dataset_consumes_1 to None, run_after=None
[2023-04-30T12:20:24.345+0000] {logging_mixin.py:137} INFO - [2023-04-30T12:20:24.345+0000] {dag.py:3456} INFO - Setting next_dagrun for dataset_consumes_1_and_2 to None, run_after=None
[2023-04-30T12:20:24.346+0000] {logging_mixin.py:137} INFO - [2023-04-30T12:20:24.346+0000] {dag.py:3456} INFO - Setting next_dagrun for dataset_consumes_1_never_scheduled to None, run_after=None
[2023-04-30T12:20:24.346+0000] {logging_mixin.py:137} INFO - [2023-04-30T12:20:24.346+0000] {dag.py:3456} INFO - Setting next_dagrun for dataset_consumes_unknown_never_scheduled to None, run_after=None
[2023-04-30T12:20:24.348+0000] {logging_mixin.py:137} INFO - [2023-04-30T12:20:24.348+0000] {dag.py:3456} INFO - Setting next_dagrun for dataset_produces_1 to 2023-04-29T00:00:00+00:00, run_after=2023-04-30T00:00:00+00:00
[2023-04-30T12:20:24.349+0000] {logging_mixin.py:137} INFO - [2023-04-30T12:20:24.349+0000] {dag.py:3456} INFO - Setting next_dagrun for dataset_produces_2 to None, run_after=None
[2023-04-30T12:20:24.373+0000] {processor.py:175} INFO - Processing /home/airflow/.local/lib/python3.7/site-packages/airflow/example_dags/example_datasets.py took 0.098 seconds
[2023-04-30T12:20:54.442+0000] {processor.py:153} INFO - Started process (PID=961) to work on /home/airflow/.local/lib/python3.7/site-packages/airflow/example_dags/example_datasets.py
[2023-04-30T12:20:54.443+0000] {processor.py:743} INFO - Processing file /home/airflow/.local/lib/python3.7/site-packages/airflow/example_dags/example_datasets.py for tasks to queue
[2023-04-30T12:20:54.443+0000] {logging_mixin.py:137} INFO - [2023-04-30T12:20:54.443+0000] {dagbag.py:532} INFO - Filling up the DagBag from /home/airflow/.local/lib/python3.7/site-packages/airflow/example_dags/example_datasets.py
[2023-04-30T12:20:54.456+0000] {processor.py:753} INFO - DAG(s) dict_keys(['dataset_produces_2', 'dataset_consumes_unknown_never_scheduled', 'dataset_produces_1', 'dataset_consumes_1_and_2', 'dataset_consumes_1', 'dataset_consumes_1_never_scheduled']) retrieved from /home/airflow/.local/lib/python3.7/site-packages/airflow/example_dags/example_datasets.py
[2023-04-30T12:20:54.490+0000] {logging_mixin.py:137} INFO - [2023-04-30T12:20:54.490+0000] {dag.py:2705} INFO - Sync 6 DAGs
[2023-04-30T12:20:54.516+0000] {logging_mixin.py:137} INFO - [2023-04-30T12:20:54.515+0000] {dag.py:3456} INFO - Setting next_dagrun for dataset_consumes_1 to None, run_after=None
[2023-04-30T12:20:54.521+0000] {logging_mixin.py:137} INFO - [2023-04-30T12:20:54.521+0000] {dag.py:3456} INFO - Setting next_dagrun for dataset_consumes_1_and_2 to None, run_after=None
[2023-04-30T12:20:54.523+0000] {logging_mixin.py:137} INFO - [2023-04-30T12:20:54.523+0000] {dag.py:3456} INFO - Setting next_dagrun for dataset_consumes_1_never_scheduled to None, run_after=None
[2023-04-30T12:20:54.524+0000] {logging_mixin.py:137} INFO - [2023-04-30T12:20:54.524+0000] {dag.py:3456} INFO - Setting next_dagrun for dataset_consumes_unknown_never_scheduled to None, run_after=None
[2023-04-30T12:20:54.527+0000] {logging_mixin.py:137} INFO - [2023-04-30T12:20:54.527+0000] {dag.py:3456} INFO - Setting next_dagrun for dataset_produces_1 to 2023-04-29T00:00:00+00:00, run_after=2023-04-30T00:00:00+00:00
[2023-04-30T12:20:54.528+0000] {logging_mixin.py:137} INFO - [2023-04-30T12:20:54.528+0000] {dag.py:3456} INFO - Setting next_dagrun for dataset_produces_2 to None, run_after=None
[2023-04-30T12:20:54.563+0000] {processor.py:175} INFO - Processing /home/airflow/.local/lib/python3.7/site-packages/airflow/example_dags/example_datasets.py took 0.123 seconds
[2023-04-30T12:21:24.730+0000] {processor.py:153} INFO - Started process (PID=1011) to work on /home/airflow/.local/lib/python3.7/site-packages/airflow/example_dags/example_datasets.py
[2023-04-30T12:21:24.731+0000] {processor.py:743} INFO - Processing file /home/airflow/.local/lib/python3.7/site-packages/airflow/example_dags/example_datasets.py for tasks to queue
[2023-04-30T12:21:24.731+0000] {logging_mixin.py:137} INFO - [2023-04-30T12:21:24.731+0000] {dagbag.py:532} INFO - Filling up the DagBag from /home/airflow/.local/lib/python3.7/site-packages/airflow/example_dags/example_datasets.py
[2023-04-30T12:21:24.743+0000] {processor.py:753} INFO - DAG(s) dict_keys(['dataset_consumes_1', 'dataset_produces_1', 'dataset_consumes_1_and_2', 'dataset_produces_2', 'dataset_consumes_1_never_scheduled', 'dataset_consumes_unknown_never_scheduled']) retrieved from /home/airflow/.local/lib/python3.7/site-packages/airflow/example_dags/example_datasets.py
[2023-04-30T12:21:24.775+0000] {logging_mixin.py:137} INFO - [2023-04-30T12:21:24.775+0000] {dag.py:2705} INFO - Sync 6 DAGs
[2023-04-30T12:21:24.799+0000] {logging_mixin.py:137} INFO - [2023-04-30T12:21:24.799+0000] {dag.py:3456} INFO - Setting next_dagrun for dataset_consumes_1 to None, run_after=None
[2023-04-30T12:21:24.802+0000] {logging_mixin.py:137} INFO - [2023-04-30T12:21:24.801+0000] {dag.py:3456} INFO - Setting next_dagrun for dataset_consumes_1_and_2 to None, run_after=None
[2023-04-30T12:21:24.803+0000] {logging_mixin.py:137} INFO - [2023-04-30T12:21:24.803+0000] {dag.py:3456} INFO - Setting next_dagrun for dataset_consumes_1_never_scheduled to None, run_after=None
[2023-04-30T12:21:24.804+0000] {logging_mixin.py:137} INFO - [2023-04-30T12:21:24.804+0000] {dag.py:3456} INFO - Setting next_dagrun for dataset_consumes_unknown_never_scheduled to None, run_after=None
[2023-04-30T12:21:24.806+0000] {logging_mixin.py:137} INFO - [2023-04-30T12:21:24.806+0000] {dag.py:3456} INFO - Setting next_dagrun for dataset_produces_1 to 2023-04-29T00:00:00+00:00, run_after=2023-04-30T00:00:00+00:00
[2023-04-30T12:21:24.807+0000] {logging_mixin.py:137} INFO - [2023-04-30T12:21:24.807+0000] {dag.py:3456} INFO - Setting next_dagrun for dataset_produces_2 to None, run_after=None
[2023-04-30T12:21:24.832+0000] {processor.py:175} INFO - Processing /home/airflow/.local/lib/python3.7/site-packages/airflow/example_dags/example_datasets.py took 0.105 seconds
[2023-04-30T12:21:55.151+0000] {processor.py:153} INFO - Started process (PID=1061) to work on /home/airflow/.local/lib/python3.7/site-packages/airflow/example_dags/example_datasets.py
[2023-04-30T12:21:55.151+0000] {processor.py:743} INFO - Processing file /home/airflow/.local/lib/python3.7/site-packages/airflow/example_dags/example_datasets.py for tasks to queue
[2023-04-30T12:21:55.152+0000] {logging_mixin.py:137} INFO - [2023-04-30T12:21:55.152+0000] {dagbag.py:532} INFO - Filling up the DagBag from /home/airflow/.local/lib/python3.7/site-packages/airflow/example_dags/example_datasets.py
[2023-04-30T12:21:55.166+0000] {processor.py:753} INFO - DAG(s) dict_keys(['dataset_consumes_unknown_never_scheduled', 'dataset_produces_1', 'dataset_consumes_1_and_2', 'dataset_consumes_1', 'dataset_produces_2', 'dataset_consumes_1_never_scheduled']) retrieved from /home/airflow/.local/lib/python3.7/site-packages/airflow/example_dags/example_datasets.py
[2023-04-30T12:21:55.200+0000] {logging_mixin.py:137} INFO - [2023-04-30T12:21:55.200+0000] {dag.py:2705} INFO - Sync 6 DAGs
[2023-04-30T12:21:55.222+0000] {logging_mixin.py:137} INFO - [2023-04-30T12:21:55.222+0000] {dag.py:3456} INFO - Setting next_dagrun for dataset_consumes_1 to None, run_after=None
[2023-04-30T12:21:55.226+0000] {logging_mixin.py:137} INFO - [2023-04-30T12:21:55.226+0000] {dag.py:3456} INFO - Setting next_dagrun for dataset_consumes_1_and_2 to None, run_after=None
[2023-04-30T12:21:55.227+0000] {logging_mixin.py:137} INFO - [2023-04-30T12:21:55.227+0000] {dag.py:3456} INFO - Setting next_dagrun for dataset_consumes_1_never_scheduled to None, run_after=None
[2023-04-30T12:21:55.229+0000] {logging_mixin.py:137} INFO - [2023-04-30T12:21:55.228+0000] {dag.py:3456} INFO - Setting next_dagrun for dataset_consumes_unknown_never_scheduled to None, run_after=None
[2023-04-30T12:21:55.231+0000] {logging_mixin.py:137} INFO - [2023-04-30T12:21:55.231+0000] {dag.py:3456} INFO - Setting next_dagrun for dataset_produces_1 to 2023-04-29T00:00:00+00:00, run_after=2023-04-30T00:00:00+00:00
[2023-04-30T12:21:55.232+0000] {logging_mixin.py:137} INFO - [2023-04-30T12:21:55.232+0000] {dag.py:3456} INFO - Setting next_dagrun for dataset_produces_2 to None, run_after=None
[2023-04-30T12:21:55.273+0000] {processor.py:175} INFO - Processing /home/airflow/.local/lib/python3.7/site-packages/airflow/example_dags/example_datasets.py took 0.125 seconds
[2023-04-30T12:22:25.421+0000] {processor.py:153} INFO - Started process (PID=1111) to work on /home/airflow/.local/lib/python3.7/site-packages/airflow/example_dags/example_datasets.py
[2023-04-30T12:22:25.422+0000] {processor.py:743} INFO - Processing file /home/airflow/.local/lib/python3.7/site-packages/airflow/example_dags/example_datasets.py for tasks to queue
[2023-04-30T12:22:25.422+0000] {logging_mixin.py:137} INFO - [2023-04-30T12:22:25.422+0000] {dagbag.py:532} INFO - Filling up the DagBag from /home/airflow/.local/lib/python3.7/site-packages/airflow/example_dags/example_datasets.py
[2023-04-30T12:22:25.438+0000] {processor.py:753} INFO - DAG(s) dict_keys(['dataset_consumes_1_and_2', 'dataset_produces_1', 'dataset_produces_2', 'dataset_consumes_unknown_never_scheduled', 'dataset_consumes_1_never_scheduled', 'dataset_consumes_1']) retrieved from /home/airflow/.local/lib/python3.7/site-packages/airflow/example_dags/example_datasets.py
[2023-04-30T12:22:25.475+0000] {logging_mixin.py:137} INFO - [2023-04-30T12:22:25.475+0000] {dag.py:2705} INFO - Sync 6 DAGs
[2023-04-30T12:22:25.499+0000] {logging_mixin.py:137} INFO - [2023-04-30T12:22:25.499+0000] {dag.py:3456} INFO - Setting next_dagrun for dataset_consumes_1 to None, run_after=None
[2023-04-30T12:22:25.501+0000] {logging_mixin.py:137} INFO - [2023-04-30T12:22:25.501+0000] {dag.py:3456} INFO - Setting next_dagrun for dataset_consumes_1_and_2 to None, run_after=None
[2023-04-30T12:22:25.502+0000] {logging_mixin.py:137} INFO - [2023-04-30T12:22:25.502+0000] {dag.py:3456} INFO - Setting next_dagrun for dataset_consumes_1_never_scheduled to None, run_after=None
[2023-04-30T12:22:25.503+0000] {logging_mixin.py:137} INFO - [2023-04-30T12:22:25.503+0000] {dag.py:3456} INFO - Setting next_dagrun for dataset_consumes_unknown_never_scheduled to None, run_after=None
[2023-04-30T12:22:25.505+0000] {logging_mixin.py:137} INFO - [2023-04-30T12:22:25.505+0000] {dag.py:3456} INFO - Setting next_dagrun for dataset_produces_1 to 2023-04-29T00:00:00+00:00, run_after=2023-04-30T00:00:00+00:00
[2023-04-30T12:22:25.506+0000] {logging_mixin.py:137} INFO - [2023-04-30T12:22:25.506+0000] {dag.py:3456} INFO - Setting next_dagrun for dataset_produces_2 to None, run_after=None
[2023-04-30T12:22:25.535+0000] {processor.py:175} INFO - Processing /home/airflow/.local/lib/python3.7/site-packages/airflow/example_dags/example_datasets.py took 0.116 seconds
