[2023-04-30T12:11:48.674+0000] {processor.py:153} INFO - Started process (PID=68) to work on /home/airflow/.local/lib/python3.7/site-packages/airflow/example_dags/example_sla_dag.py
[2023-04-30T12:11:48.675+0000] {processor.py:743} INFO - Processing file /home/airflow/.local/lib/python3.7/site-packages/airflow/example_dags/example_sla_dag.py for tasks to queue
[2023-04-30T12:11:48.675+0000] {logging_mixin.py:137} INFO - [2023-04-30T12:11:48.675+0000] {dagbag.py:532} INFO - Filling up the DagBag from /home/airflow/.local/lib/python3.7/site-packages/airflow/example_dags/example_sla_dag.py
[2023-04-30T12:11:48.699+0000] {processor.py:753} INFO - DAG(s) dict_keys(['example_sla_dag']) retrieved from /home/airflow/.local/lib/python3.7/site-packages/airflow/example_dags/example_sla_dag.py
[2023-04-30T12:11:48.712+0000] {logging_mixin.py:137} INFO - [2023-04-30T12:11:48.712+0000] {dag.py:2705} INFO - Sync 1 DAGs
[2023-04-30T12:11:48.745+0000] {logging_mixin.py:137} INFO - [2023-04-30T12:11:48.745+0000] {dag.py:3456} INFO - Setting next_dagrun for example_sla_dag to 2023-04-30T12:08:00+00:00, run_after=2023-04-30T12:10:00+00:00
[2023-04-30T12:11:48.765+0000] {processor.py:175} INFO - Processing /home/airflow/.local/lib/python3.7/site-packages/airflow/example_dags/example_sla_dag.py took 0.096 seconds
[2023-04-30T12:12:18.855+0000] {processor.py:153} INFO - Started process (PID=118) to work on /home/airflow/.local/lib/python3.7/site-packages/airflow/example_dags/example_sla_dag.py
[2023-04-30T12:12:18.855+0000] {processor.py:743} INFO - Processing file /home/airflow/.local/lib/python3.7/site-packages/airflow/example_dags/example_sla_dag.py for tasks to queue
[2023-04-30T12:12:18.856+0000] {logging_mixin.py:137} INFO - [2023-04-30T12:12:18.856+0000] {dagbag.py:532} INFO - Filling up the DagBag from /home/airflow/.local/lib/python3.7/site-packages/airflow/example_dags/example_sla_dag.py
[2023-04-30T12:12:18.876+0000] {processor.py:753} INFO - DAG(s) dict_keys(['example_sla_dag']) retrieved from /home/airflow/.local/lib/python3.7/site-packages/airflow/example_dags/example_sla_dag.py
[2023-04-30T12:12:18.896+0000] {logging_mixin.py:137} INFO - [2023-04-30T12:12:18.896+0000] {dag.py:2705} INFO - Sync 1 DAGs
[2023-04-30T12:12:18.920+0000] {logging_mixin.py:137} INFO - [2023-04-30T12:12:18.920+0000] {dag.py:3456} INFO - Setting next_dagrun for example_sla_dag to 2023-04-30T12:10:00+00:00, run_after=2023-04-30T12:12:00+00:00
[2023-04-30T12:12:18.934+0000] {processor.py:175} INFO - Processing /home/airflow/.local/lib/python3.7/site-packages/airflow/example_dags/example_sla_dag.py took 0.082 seconds
[2023-04-30T12:12:49.225+0000] {processor.py:153} INFO - Started process (PID=168) to work on /home/airflow/.local/lib/python3.7/site-packages/airflow/example_dags/example_sla_dag.py
[2023-04-30T12:12:49.226+0000] {processor.py:743} INFO - Processing file /home/airflow/.local/lib/python3.7/site-packages/airflow/example_dags/example_sla_dag.py for tasks to queue
[2023-04-30T12:12:49.226+0000] {logging_mixin.py:137} INFO - [2023-04-30T12:12:49.226+0000] {dagbag.py:532} INFO - Filling up the DagBag from /home/airflow/.local/lib/python3.7/site-packages/airflow/example_dags/example_sla_dag.py
[2023-04-30T12:12:49.245+0000] {processor.py:753} INFO - DAG(s) dict_keys(['example_sla_dag']) retrieved from /home/airflow/.local/lib/python3.7/site-packages/airflow/example_dags/example_sla_dag.py
[2023-04-30T12:12:49.265+0000] {logging_mixin.py:137} INFO - [2023-04-30T12:12:49.265+0000] {dag.py:2705} INFO - Sync 1 DAGs
[2023-04-30T12:12:49.288+0000] {logging_mixin.py:137} INFO - [2023-04-30T12:12:49.288+0000] {dag.py:3456} INFO - Setting next_dagrun for example_sla_dag to 2023-04-30T12:10:00+00:00, run_after=2023-04-30T12:12:00+00:00
[2023-04-30T12:12:49.301+0000] {processor.py:175} INFO - Processing /home/airflow/.local/lib/python3.7/site-packages/airflow/example_dags/example_sla_dag.py took 0.079 seconds
[2023-04-30T12:13:19.446+0000] {processor.py:153} INFO - Started process (PID=219) to work on /home/airflow/.local/lib/python3.7/site-packages/airflow/example_dags/example_sla_dag.py
[2023-04-30T12:13:19.447+0000] {processor.py:743} INFO - Processing file /home/airflow/.local/lib/python3.7/site-packages/airflow/example_dags/example_sla_dag.py for tasks to queue
[2023-04-30T12:13:19.448+0000] {logging_mixin.py:137} INFO - [2023-04-30T12:13:19.448+0000] {dagbag.py:532} INFO - Filling up the DagBag from /home/airflow/.local/lib/python3.7/site-packages/airflow/example_dags/example_sla_dag.py
[2023-04-30T12:13:19.466+0000] {processor.py:753} INFO - DAG(s) dict_keys(['example_sla_dag']) retrieved from /home/airflow/.local/lib/python3.7/site-packages/airflow/example_dags/example_sla_dag.py
[2023-04-30T12:13:19.487+0000] {logging_mixin.py:137} INFO - [2023-04-30T12:13:19.487+0000] {dag.py:2705} INFO - Sync 1 DAGs
[2023-04-30T12:13:19.509+0000] {logging_mixin.py:137} INFO - [2023-04-30T12:13:19.509+0000] {dag.py:3456} INFO - Setting next_dagrun for example_sla_dag to 2023-04-30T12:10:00+00:00, run_after=2023-04-30T12:12:00+00:00
[2023-04-30T12:13:19.524+0000] {processor.py:175} INFO - Processing /home/airflow/.local/lib/python3.7/site-packages/airflow/example_dags/example_sla_dag.py took 0.080 seconds
[2023-04-30T12:13:50.032+0000] {processor.py:153} INFO - Started process (PID=269) to work on /home/airflow/.local/lib/python3.7/site-packages/airflow/example_dags/example_sla_dag.py
[2023-04-30T12:13:50.033+0000] {processor.py:743} INFO - Processing file /home/airflow/.local/lib/python3.7/site-packages/airflow/example_dags/example_sla_dag.py for tasks to queue
[2023-04-30T12:13:50.034+0000] {logging_mixin.py:137} INFO - [2023-04-30T12:13:50.034+0000] {dagbag.py:532} INFO - Filling up the DagBag from /home/airflow/.local/lib/python3.7/site-packages/airflow/example_dags/example_sla_dag.py
[2023-04-30T12:13:50.057+0000] {processor.py:753} INFO - DAG(s) dict_keys(['example_sla_dag']) retrieved from /home/airflow/.local/lib/python3.7/site-packages/airflow/example_dags/example_sla_dag.py
[2023-04-30T12:13:50.080+0000] {logging_mixin.py:137} INFO - [2023-04-30T12:13:50.080+0000] {dag.py:2705} INFO - Sync 1 DAGs
[2023-04-30T12:13:50.108+0000] {logging_mixin.py:137} INFO - [2023-04-30T12:13:50.108+0000] {dag.py:3456} INFO - Setting next_dagrun for example_sla_dag to 2023-04-30T12:10:00+00:00, run_after=2023-04-30T12:12:00+00:00
[2023-04-30T12:13:50.127+0000] {processor.py:175} INFO - Processing /home/airflow/.local/lib/python3.7/site-packages/airflow/example_dags/example_sla_dag.py took 0.098 seconds
[2023-04-30T12:14:20.882+0000] {processor.py:153} INFO - Started process (PID=319) to work on /home/airflow/.local/lib/python3.7/site-packages/airflow/example_dags/example_sla_dag.py
[2023-04-30T12:14:20.883+0000] {processor.py:743} INFO - Processing file /home/airflow/.local/lib/python3.7/site-packages/airflow/example_dags/example_sla_dag.py for tasks to queue
[2023-04-30T12:14:20.883+0000] {logging_mixin.py:137} INFO - [2023-04-30T12:14:20.883+0000] {dagbag.py:532} INFO - Filling up the DagBag from /home/airflow/.local/lib/python3.7/site-packages/airflow/example_dags/example_sla_dag.py
[2023-04-30T12:14:20.901+0000] {processor.py:753} INFO - DAG(s) dict_keys(['example_sla_dag']) retrieved from /home/airflow/.local/lib/python3.7/site-packages/airflow/example_dags/example_sla_dag.py
[2023-04-30T12:14:20.920+0000] {logging_mixin.py:137} INFO - [2023-04-30T12:14:20.920+0000] {dag.py:2705} INFO - Sync 1 DAGs
[2023-04-30T12:14:20.944+0000] {logging_mixin.py:137} INFO - [2023-04-30T12:14:20.944+0000] {dag.py:3456} INFO - Setting next_dagrun for example_sla_dag to 2023-04-30T12:12:00+00:00, run_after=2023-04-30T12:14:00+00:00
[2023-04-30T12:14:20.958+0000] {processor.py:175} INFO - Processing /home/airflow/.local/lib/python3.7/site-packages/airflow/example_dags/example_sla_dag.py took 0.078 seconds
[2023-04-30T12:14:51.240+0000] {processor.py:153} INFO - Started process (PID=369) to work on /home/airflow/.local/lib/python3.7/site-packages/airflow/example_dags/example_sla_dag.py
[2023-04-30T12:14:51.240+0000] {processor.py:743} INFO - Processing file /home/airflow/.local/lib/python3.7/site-packages/airflow/example_dags/example_sla_dag.py for tasks to queue
[2023-04-30T12:14:51.241+0000] {logging_mixin.py:137} INFO - [2023-04-30T12:14:51.241+0000] {dagbag.py:532} INFO - Filling up the DagBag from /home/airflow/.local/lib/python3.7/site-packages/airflow/example_dags/example_sla_dag.py
[2023-04-30T12:14:51.260+0000] {processor.py:753} INFO - DAG(s) dict_keys(['example_sla_dag']) retrieved from /home/airflow/.local/lib/python3.7/site-packages/airflow/example_dags/example_sla_dag.py
[2023-04-30T12:14:51.279+0000] {logging_mixin.py:137} INFO - [2023-04-30T12:14:51.279+0000] {dag.py:2705} INFO - Sync 1 DAGs
[2023-04-30T12:14:51.301+0000] {logging_mixin.py:137} INFO - [2023-04-30T12:14:51.301+0000] {dag.py:3456} INFO - Setting next_dagrun for example_sla_dag to 2023-04-30T12:12:00+00:00, run_after=2023-04-30T12:14:00+00:00
[2023-04-30T12:14:51.315+0000] {processor.py:175} INFO - Processing /home/airflow/.local/lib/python3.7/site-packages/airflow/example_dags/example_sla_dag.py took 0.078 seconds
[2023-04-30T12:15:21.725+0000] {processor.py:153} INFO - Started process (PID=419) to work on /home/airflow/.local/lib/python3.7/site-packages/airflow/example_dags/example_sla_dag.py
[2023-04-30T12:15:21.726+0000] {processor.py:743} INFO - Processing file /home/airflow/.local/lib/python3.7/site-packages/airflow/example_dags/example_sla_dag.py for tasks to queue
[2023-04-30T12:15:21.726+0000] {logging_mixin.py:137} INFO - [2023-04-30T12:15:21.726+0000] {dagbag.py:532} INFO - Filling up the DagBag from /home/airflow/.local/lib/python3.7/site-packages/airflow/example_dags/example_sla_dag.py
[2023-04-30T12:15:21.744+0000] {processor.py:753} INFO - DAG(s) dict_keys(['example_sla_dag']) retrieved from /home/airflow/.local/lib/python3.7/site-packages/airflow/example_dags/example_sla_dag.py
[2023-04-30T12:15:21.763+0000] {logging_mixin.py:137} INFO - [2023-04-30T12:15:21.763+0000] {dag.py:2705} INFO - Sync 1 DAGs
[2023-04-30T12:15:21.785+0000] {logging_mixin.py:137} INFO - [2023-04-30T12:15:21.785+0000] {dag.py:3456} INFO - Setting next_dagrun for example_sla_dag to 2023-04-30T12:12:00+00:00, run_after=2023-04-30T12:14:00+00:00
[2023-04-30T12:15:21.802+0000] {processor.py:175} INFO - Processing /home/airflow/.local/lib/python3.7/site-packages/airflow/example_dags/example_sla_dag.py took 0.079 seconds
[2023-04-30T12:15:52.225+0000] {processor.py:153} INFO - Started process (PID=469) to work on /home/airflow/.local/lib/python3.7/site-packages/airflow/example_dags/example_sla_dag.py
[2023-04-30T12:15:52.226+0000] {processor.py:743} INFO - Processing file /home/airflow/.local/lib/python3.7/site-packages/airflow/example_dags/example_sla_dag.py for tasks to queue
[2023-04-30T12:15:52.227+0000] {logging_mixin.py:137} INFO - [2023-04-30T12:15:52.227+0000] {dagbag.py:532} INFO - Filling up the DagBag from /home/airflow/.local/lib/python3.7/site-packages/airflow/example_dags/example_sla_dag.py
[2023-04-30T12:15:52.247+0000] {processor.py:753} INFO - DAG(s) dict_keys(['example_sla_dag']) retrieved from /home/airflow/.local/lib/python3.7/site-packages/airflow/example_dags/example_sla_dag.py
[2023-04-30T12:15:52.271+0000] {logging_mixin.py:137} INFO - [2023-04-30T12:15:52.270+0000] {dag.py:2705} INFO - Sync 1 DAGs
[2023-04-30T12:15:52.303+0000] {logging_mixin.py:137} INFO - [2023-04-30T12:15:52.303+0000] {dag.py:3456} INFO - Setting next_dagrun for example_sla_dag to 2023-04-30T12:12:00+00:00, run_after=2023-04-30T12:14:00+00:00
[2023-04-30T12:15:52.320+0000] {processor.py:175} INFO - Processing /home/airflow/.local/lib/python3.7/site-packages/airflow/example_dags/example_sla_dag.py took 0.098 seconds
[2023-04-30T12:16:22.888+0000] {processor.py:153} INFO - Started process (PID=519) to work on /home/airflow/.local/lib/python3.7/site-packages/airflow/example_dags/example_sla_dag.py
[2023-04-30T12:16:22.888+0000] {processor.py:743} INFO - Processing file /home/airflow/.local/lib/python3.7/site-packages/airflow/example_dags/example_sla_dag.py for tasks to queue
[2023-04-30T12:16:22.889+0000] {logging_mixin.py:137} INFO - [2023-04-30T12:16:22.889+0000] {dagbag.py:532} INFO - Filling up the DagBag from /home/airflow/.local/lib/python3.7/site-packages/airflow/example_dags/example_sla_dag.py
[2023-04-30T12:16:22.908+0000] {processor.py:753} INFO - DAG(s) dict_keys(['example_sla_dag']) retrieved from /home/airflow/.local/lib/python3.7/site-packages/airflow/example_dags/example_sla_dag.py
[2023-04-30T12:16:22.931+0000] {logging_mixin.py:137} INFO - [2023-04-30T12:16:22.931+0000] {dag.py:2705} INFO - Sync 1 DAGs
[2023-04-30T12:16:22.955+0000] {logging_mixin.py:137} INFO - [2023-04-30T12:16:22.955+0000] {dag.py:3456} INFO - Setting next_dagrun for example_sla_dag to 2023-04-30T12:14:00+00:00, run_after=2023-04-30T12:16:00+00:00
[2023-04-30T12:16:22.969+0000] {processor.py:175} INFO - Processing /home/airflow/.local/lib/python3.7/site-packages/airflow/example_dags/example_sla_dag.py took 0.084 seconds
[2023-04-30T12:16:53.271+0000] {processor.py:153} INFO - Started process (PID=569) to work on /home/airflow/.local/lib/python3.7/site-packages/airflow/example_dags/example_sla_dag.py
[2023-04-30T12:16:53.272+0000] {processor.py:743} INFO - Processing file /home/airflow/.local/lib/python3.7/site-packages/airflow/example_dags/example_sla_dag.py for tasks to queue
[2023-04-30T12:16:53.273+0000] {logging_mixin.py:137} INFO - [2023-04-30T12:16:53.273+0000] {dagbag.py:532} INFO - Filling up the DagBag from /home/airflow/.local/lib/python3.7/site-packages/airflow/example_dags/example_sla_dag.py
[2023-04-30T12:16:53.290+0000] {processor.py:753} INFO - DAG(s) dict_keys(['example_sla_dag']) retrieved from /home/airflow/.local/lib/python3.7/site-packages/airflow/example_dags/example_sla_dag.py
[2023-04-30T12:16:53.310+0000] {logging_mixin.py:137} INFO - [2023-04-30T12:16:53.310+0000] {dag.py:2705} INFO - Sync 1 DAGs
[2023-04-30T12:16:53.340+0000] {logging_mixin.py:137} INFO - [2023-04-30T12:16:53.340+0000] {dag.py:3456} INFO - Setting next_dagrun for example_sla_dag to 2023-04-30T12:14:00+00:00, run_after=2023-04-30T12:16:00+00:00
[2023-04-30T12:16:53.354+0000] {processor.py:175} INFO - Processing /home/airflow/.local/lib/python3.7/site-packages/airflow/example_dags/example_sla_dag.py took 0.085 seconds
[2023-04-30T12:17:23.667+0000] {processor.py:153} INFO - Started process (PID=619) to work on /home/airflow/.local/lib/python3.7/site-packages/airflow/example_dags/example_sla_dag.py
[2023-04-30T12:17:23.668+0000] {processor.py:743} INFO - Processing file /home/airflow/.local/lib/python3.7/site-packages/airflow/example_dags/example_sla_dag.py for tasks to queue
[2023-04-30T12:17:23.669+0000] {logging_mixin.py:137} INFO - [2023-04-30T12:17:23.669+0000] {dagbag.py:532} INFO - Filling up the DagBag from /home/airflow/.local/lib/python3.7/site-packages/airflow/example_dags/example_sla_dag.py
[2023-04-30T12:17:23.689+0000] {processor.py:753} INFO - DAG(s) dict_keys(['example_sla_dag']) retrieved from /home/airflow/.local/lib/python3.7/site-packages/airflow/example_dags/example_sla_dag.py
[2023-04-30T12:17:23.708+0000] {logging_mixin.py:137} INFO - [2023-04-30T12:17:23.707+0000] {dag.py:2705} INFO - Sync 1 DAGs
[2023-04-30T12:17:23.729+0000] {logging_mixin.py:137} INFO - [2023-04-30T12:17:23.729+0000] {dag.py:3456} INFO - Setting next_dagrun for example_sla_dag to 2023-04-30T12:14:00+00:00, run_after=2023-04-30T12:16:00+00:00
[2023-04-30T12:17:23.742+0000] {processor.py:175} INFO - Processing /home/airflow/.local/lib/python3.7/site-packages/airflow/example_dags/example_sla_dag.py took 0.078 seconds
[2023-04-30T12:17:53.926+0000] {processor.py:153} INFO - Started process (PID=669) to work on /home/airflow/.local/lib/python3.7/site-packages/airflow/example_dags/example_sla_dag.py
[2023-04-30T12:17:53.926+0000] {processor.py:743} INFO - Processing file /home/airflow/.local/lib/python3.7/site-packages/airflow/example_dags/example_sla_dag.py for tasks to queue
[2023-04-30T12:17:53.927+0000] {logging_mixin.py:137} INFO - [2023-04-30T12:17:53.926+0000] {dagbag.py:532} INFO - Filling up the DagBag from /home/airflow/.local/lib/python3.7/site-packages/airflow/example_dags/example_sla_dag.py
[2023-04-30T12:17:53.945+0000] {processor.py:753} INFO - DAG(s) dict_keys(['example_sla_dag']) retrieved from /home/airflow/.local/lib/python3.7/site-packages/airflow/example_dags/example_sla_dag.py
[2023-04-30T12:17:53.965+0000] {logging_mixin.py:137} INFO - [2023-04-30T12:17:53.965+0000] {dag.py:2705} INFO - Sync 1 DAGs
[2023-04-30T12:17:53.987+0000] {logging_mixin.py:137} INFO - [2023-04-30T12:17:53.987+0000] {dag.py:3456} INFO - Setting next_dagrun for example_sla_dag to 2023-04-30T12:14:00+00:00, run_after=2023-04-30T12:16:00+00:00
[2023-04-30T12:17:54.000+0000] {processor.py:175} INFO - Processing /home/airflow/.local/lib/python3.7/site-packages/airflow/example_dags/example_sla_dag.py took 0.077 seconds
[2023-04-30T12:18:24.161+0000] {processor.py:153} INFO - Started process (PID=719) to work on /home/airflow/.local/lib/python3.7/site-packages/airflow/example_dags/example_sla_dag.py
[2023-04-30T12:18:24.161+0000] {processor.py:743} INFO - Processing file /home/airflow/.local/lib/python3.7/site-packages/airflow/example_dags/example_sla_dag.py for tasks to queue
[2023-04-30T12:18:24.162+0000] {logging_mixin.py:137} INFO - [2023-04-30T12:18:24.162+0000] {dagbag.py:532} INFO - Filling up the DagBag from /home/airflow/.local/lib/python3.7/site-packages/airflow/example_dags/example_sla_dag.py
[2023-04-30T12:18:24.179+0000] {processor.py:753} INFO - DAG(s) dict_keys(['example_sla_dag']) retrieved from /home/airflow/.local/lib/python3.7/site-packages/airflow/example_dags/example_sla_dag.py
[2023-04-30T12:18:24.198+0000] {logging_mixin.py:137} INFO - [2023-04-30T12:18:24.198+0000] {dag.py:2705} INFO - Sync 1 DAGs
[2023-04-30T12:18:24.220+0000] {logging_mixin.py:137} INFO - [2023-04-30T12:18:24.219+0000] {dag.py:3456} INFO - Setting next_dagrun for example_sla_dag to 2023-04-30T12:16:00+00:00, run_after=2023-04-30T12:18:00+00:00
[2023-04-30T12:18:24.234+0000] {processor.py:175} INFO - Processing /home/airflow/.local/lib/python3.7/site-packages/airflow/example_dags/example_sla_dag.py took 0.075 seconds
[2023-04-30T12:18:54.621+0000] {processor.py:153} INFO - Started process (PID=769) to work on /home/airflow/.local/lib/python3.7/site-packages/airflow/example_dags/example_sla_dag.py
[2023-04-30T12:18:54.622+0000] {processor.py:743} INFO - Processing file /home/airflow/.local/lib/python3.7/site-packages/airflow/example_dags/example_sla_dag.py for tasks to queue
[2023-04-30T12:18:54.622+0000] {logging_mixin.py:137} INFO - [2023-04-30T12:18:54.622+0000] {dagbag.py:532} INFO - Filling up the DagBag from /home/airflow/.local/lib/python3.7/site-packages/airflow/example_dags/example_sla_dag.py
[2023-04-30T12:18:54.641+0000] {processor.py:753} INFO - DAG(s) dict_keys(['example_sla_dag']) retrieved from /home/airflow/.local/lib/python3.7/site-packages/airflow/example_dags/example_sla_dag.py
[2023-04-30T12:18:54.661+0000] {logging_mixin.py:137} INFO - [2023-04-30T12:18:54.661+0000] {dag.py:2705} INFO - Sync 1 DAGs
[2023-04-30T12:18:54.684+0000] {logging_mixin.py:137} INFO - [2023-04-30T12:18:54.683+0000] {dag.py:3456} INFO - Setting next_dagrun for example_sla_dag to 2023-04-30T12:16:00+00:00, run_after=2023-04-30T12:18:00+00:00
[2023-04-30T12:18:54.698+0000] {processor.py:175} INFO - Processing /home/airflow/.local/lib/python3.7/site-packages/airflow/example_dags/example_sla_dag.py took 0.079 seconds
[2023-04-30T12:19:25.130+0000] {processor.py:153} INFO - Started process (PID=819) to work on /home/airflow/.local/lib/python3.7/site-packages/airflow/example_dags/example_sla_dag.py
[2023-04-30T12:19:25.131+0000] {processor.py:743} INFO - Processing file /home/airflow/.local/lib/python3.7/site-packages/airflow/example_dags/example_sla_dag.py for tasks to queue
[2023-04-30T12:19:25.131+0000] {logging_mixin.py:137} INFO - [2023-04-30T12:19:25.131+0000] {dagbag.py:532} INFO - Filling up the DagBag from /home/airflow/.local/lib/python3.7/site-packages/airflow/example_dags/example_sla_dag.py
[2023-04-30T12:19:25.153+0000] {processor.py:753} INFO - DAG(s) dict_keys(['example_sla_dag']) retrieved from /home/airflow/.local/lib/python3.7/site-packages/airflow/example_dags/example_sla_dag.py
[2023-04-30T12:19:25.177+0000] {logging_mixin.py:137} INFO - [2023-04-30T12:19:25.177+0000] {dag.py:2705} INFO - Sync 1 DAGs
[2023-04-30T12:19:25.213+0000] {logging_mixin.py:137} INFO - [2023-04-30T12:19:25.213+0000] {dag.py:3456} INFO - Setting next_dagrun for example_sla_dag to 2023-04-30T12:16:00+00:00, run_after=2023-04-30T12:18:00+00:00
[2023-04-30T12:19:25.233+0000] {processor.py:175} INFO - Processing /home/airflow/.local/lib/python3.7/site-packages/airflow/example_dags/example_sla_dag.py took 0.106 seconds
[2023-04-30T12:19:55.394+0000] {processor.py:153} INFO - Started process (PID=869) to work on /home/airflow/.local/lib/python3.7/site-packages/airflow/example_dags/example_sla_dag.py
[2023-04-30T12:19:55.395+0000] {processor.py:743} INFO - Processing file /home/airflow/.local/lib/python3.7/site-packages/airflow/example_dags/example_sla_dag.py for tasks to queue
[2023-04-30T12:19:55.395+0000] {logging_mixin.py:137} INFO - [2023-04-30T12:19:55.395+0000] {dagbag.py:532} INFO - Filling up the DagBag from /home/airflow/.local/lib/python3.7/site-packages/airflow/example_dags/example_sla_dag.py
[2023-04-30T12:19:55.413+0000] {processor.py:753} INFO - DAG(s) dict_keys(['example_sla_dag']) retrieved from /home/airflow/.local/lib/python3.7/site-packages/airflow/example_dags/example_sla_dag.py
[2023-04-30T12:19:55.433+0000] {logging_mixin.py:137} INFO - [2023-04-30T12:19:55.433+0000] {dag.py:2705} INFO - Sync 1 DAGs
[2023-04-30T12:19:55.454+0000] {logging_mixin.py:137} INFO - [2023-04-30T12:19:55.454+0000] {dag.py:3456} INFO - Setting next_dagrun for example_sla_dag to 2023-04-30T12:16:00+00:00, run_after=2023-04-30T12:18:00+00:00
[2023-04-30T12:19:55.467+0000] {processor.py:175} INFO - Processing /home/airflow/.local/lib/python3.7/site-packages/airflow/example_dags/example_sla_dag.py took 0.075 seconds
[2023-04-30T12:20:25.677+0000] {processor.py:153} INFO - Started process (PID=919) to work on /home/airflow/.local/lib/python3.7/site-packages/airflow/example_dags/example_sla_dag.py
[2023-04-30T12:20:25.677+0000] {processor.py:743} INFO - Processing file /home/airflow/.local/lib/python3.7/site-packages/airflow/example_dags/example_sla_dag.py for tasks to queue
[2023-04-30T12:20:25.678+0000] {logging_mixin.py:137} INFO - [2023-04-30T12:20:25.678+0000] {dagbag.py:532} INFO - Filling up the DagBag from /home/airflow/.local/lib/python3.7/site-packages/airflow/example_dags/example_sla_dag.py
[2023-04-30T12:20:25.695+0000] {processor.py:753} INFO - DAG(s) dict_keys(['example_sla_dag']) retrieved from /home/airflow/.local/lib/python3.7/site-packages/airflow/example_dags/example_sla_dag.py
[2023-04-30T12:20:25.715+0000] {logging_mixin.py:137} INFO - [2023-04-30T12:20:25.715+0000] {dag.py:2705} INFO - Sync 1 DAGs
[2023-04-30T12:20:25.737+0000] {logging_mixin.py:137} INFO - [2023-04-30T12:20:25.736+0000] {dag.py:3456} INFO - Setting next_dagrun for example_sla_dag to 2023-04-30T12:18:00+00:00, run_after=2023-04-30T12:20:00+00:00
[2023-04-30T12:20:25.751+0000] {processor.py:175} INFO - Processing /home/airflow/.local/lib/python3.7/site-packages/airflow/example_dags/example_sla_dag.py took 0.077 seconds
[2023-04-30T12:20:55.935+0000] {processor.py:153} INFO - Started process (PID=969) to work on /home/airflow/.local/lib/python3.7/site-packages/airflow/example_dags/example_sla_dag.py
[2023-04-30T12:20:55.935+0000] {processor.py:743} INFO - Processing file /home/airflow/.local/lib/python3.7/site-packages/airflow/example_dags/example_sla_dag.py for tasks to queue
[2023-04-30T12:20:55.936+0000] {logging_mixin.py:137} INFO - [2023-04-30T12:20:55.936+0000] {dagbag.py:532} INFO - Filling up the DagBag from /home/airflow/.local/lib/python3.7/site-packages/airflow/example_dags/example_sla_dag.py
[2023-04-30T12:20:55.953+0000] {processor.py:753} INFO - DAG(s) dict_keys(['example_sla_dag']) retrieved from /home/airflow/.local/lib/python3.7/site-packages/airflow/example_dags/example_sla_dag.py
[2023-04-30T12:20:55.971+0000] {logging_mixin.py:137} INFO - [2023-04-30T12:20:55.971+0000] {dag.py:2705} INFO - Sync 1 DAGs
[2023-04-30T12:20:55.994+0000] {logging_mixin.py:137} INFO - [2023-04-30T12:20:55.993+0000] {dag.py:3456} INFO - Setting next_dagrun for example_sla_dag to 2023-04-30T12:18:00+00:00, run_after=2023-04-30T12:20:00+00:00
[2023-04-30T12:20:56.007+0000] {processor.py:175} INFO - Processing /home/airflow/.local/lib/python3.7/site-packages/airflow/example_dags/example_sla_dag.py took 0.075 seconds
[2023-04-30T12:21:26.181+0000] {processor.py:153} INFO - Started process (PID=1019) to work on /home/airflow/.local/lib/python3.7/site-packages/airflow/example_dags/example_sla_dag.py
[2023-04-30T12:21:26.181+0000] {processor.py:743} INFO - Processing file /home/airflow/.local/lib/python3.7/site-packages/airflow/example_dags/example_sla_dag.py for tasks to queue
[2023-04-30T12:21:26.182+0000] {logging_mixin.py:137} INFO - [2023-04-30T12:21:26.182+0000] {dagbag.py:532} INFO - Filling up the DagBag from /home/airflow/.local/lib/python3.7/site-packages/airflow/example_dags/example_sla_dag.py
[2023-04-30T12:21:26.199+0000] {processor.py:753} INFO - DAG(s) dict_keys(['example_sla_dag']) retrieved from /home/airflow/.local/lib/python3.7/site-packages/airflow/example_dags/example_sla_dag.py
[2023-04-30T12:21:26.217+0000] {logging_mixin.py:137} INFO - [2023-04-30T12:21:26.217+0000] {dag.py:2705} INFO - Sync 1 DAGs
[2023-04-30T12:21:26.239+0000] {logging_mixin.py:137} INFO - [2023-04-30T12:21:26.239+0000] {dag.py:3456} INFO - Setting next_dagrun for example_sla_dag to 2023-04-30T12:18:00+00:00, run_after=2023-04-30T12:20:00+00:00
[2023-04-30T12:21:26.261+0000] {processor.py:175} INFO - Processing /home/airflow/.local/lib/python3.7/site-packages/airflow/example_dags/example_sla_dag.py took 0.083 seconds
[2023-04-30T12:21:56.624+0000] {processor.py:153} INFO - Started process (PID=1069) to work on /home/airflow/.local/lib/python3.7/site-packages/airflow/example_dags/example_sla_dag.py
[2023-04-30T12:21:56.624+0000] {processor.py:743} INFO - Processing file /home/airflow/.local/lib/python3.7/site-packages/airflow/example_dags/example_sla_dag.py for tasks to queue
[2023-04-30T12:21:56.625+0000] {logging_mixin.py:137} INFO - [2023-04-30T12:21:56.625+0000] {dagbag.py:532} INFO - Filling up the DagBag from /home/airflow/.local/lib/python3.7/site-packages/airflow/example_dags/example_sla_dag.py
[2023-04-30T12:21:56.642+0000] {processor.py:753} INFO - DAG(s) dict_keys(['example_sla_dag']) retrieved from /home/airflow/.local/lib/python3.7/site-packages/airflow/example_dags/example_sla_dag.py
[2023-04-30T12:21:56.662+0000] {logging_mixin.py:137} INFO - [2023-04-30T12:21:56.662+0000] {dag.py:2705} INFO - Sync 1 DAGs
[2023-04-30T12:21:56.684+0000] {logging_mixin.py:137} INFO - [2023-04-30T12:21:56.684+0000] {dag.py:3456} INFO - Setting next_dagrun for example_sla_dag to 2023-04-30T12:18:00+00:00, run_after=2023-04-30T12:20:00+00:00
[2023-04-30T12:21:56.697+0000] {processor.py:175} INFO - Processing /home/airflow/.local/lib/python3.7/site-packages/airflow/example_dags/example_sla_dag.py took 0.076 seconds
[2023-04-30T12:22:26.929+0000] {processor.py:153} INFO - Started process (PID=1119) to work on /home/airflow/.local/lib/python3.7/site-packages/airflow/example_dags/example_sla_dag.py
[2023-04-30T12:22:26.930+0000] {processor.py:743} INFO - Processing file /home/airflow/.local/lib/python3.7/site-packages/airflow/example_dags/example_sla_dag.py for tasks to queue
[2023-04-30T12:22:26.930+0000] {logging_mixin.py:137} INFO - [2023-04-30T12:22:26.930+0000] {dagbag.py:532} INFO - Filling up the DagBag from /home/airflow/.local/lib/python3.7/site-packages/airflow/example_dags/example_sla_dag.py
[2023-04-30T12:22:26.948+0000] {processor.py:753} INFO - DAG(s) dict_keys(['example_sla_dag']) retrieved from /home/airflow/.local/lib/python3.7/site-packages/airflow/example_dags/example_sla_dag.py
[2023-04-30T12:22:26.967+0000] {logging_mixin.py:137} INFO - [2023-04-30T12:22:26.967+0000] {dag.py:2705} INFO - Sync 1 DAGs
[2023-04-30T12:22:26.990+0000] {logging_mixin.py:137} INFO - [2023-04-30T12:22:26.989+0000] {dag.py:3456} INFO - Setting next_dagrun for example_sla_dag to 2023-04-30T12:20:00+00:00, run_after=2023-04-30T12:22:00+00:00
[2023-04-30T12:22:27.006+0000] {processor.py:175} INFO - Processing /home/airflow/.local/lib/python3.7/site-packages/airflow/example_dags/example_sla_dag.py took 0.079 seconds
