[2023-04-30T12:11:48.550+0000] {processor.py:153} INFO - Started process (PID=66) to work on /home/airflow/.local/lib/python3.7/site-packages/airflow/example_dags/example_xcom.py
[2023-04-30T12:11:48.551+0000] {processor.py:743} INFO - Processing file /home/airflow/.local/lib/python3.7/site-packages/airflow/example_dags/example_xcom.py for tasks to queue
[2023-04-30T12:11:48.551+0000] {logging_mixin.py:137} INFO - [2023-04-30T12:11:48.551+0000] {dagbag.py:532} INFO - Filling up the DagBag from /home/airflow/.local/lib/python3.7/site-packages/airflow/example_dags/example_xcom.py
[2023-04-30T12:11:48.575+0000] {processor.py:753} INFO - DAG(s) dict_keys(['example_xcom']) retrieved from /home/airflow/.local/lib/python3.7/site-packages/airflow/example_dags/example_xcom.py
[2023-04-30T12:11:48.589+0000] {logging_mixin.py:137} INFO - [2023-04-30T12:11:48.589+0000] {dag.py:2705} INFO - Sync 1 DAGs
[2023-04-30T12:11:48.632+0000] {logging_mixin.py:137} INFO - [2023-04-30T12:11:48.632+0000] {dag.py:3456} INFO - Setting next_dagrun for example_xcom to 2021-01-01T00:00:00+00:00, run_after=2021-01-01T00:00:00+00:00
[2023-04-30T12:11:48.650+0000] {processor.py:175} INFO - Processing /home/airflow/.local/lib/python3.7/site-packages/airflow/example_dags/example_xcom.py took 0.103 seconds
[2023-04-30T12:12:18.760+0000] {processor.py:153} INFO - Started process (PID=116) to work on /home/airflow/.local/lib/python3.7/site-packages/airflow/example_dags/example_xcom.py
[2023-04-30T12:12:18.761+0000] {processor.py:743} INFO - Processing file /home/airflow/.local/lib/python3.7/site-packages/airflow/example_dags/example_xcom.py for tasks to queue
[2023-04-30T12:12:18.761+0000] {logging_mixin.py:137} INFO - [2023-04-30T12:12:18.761+0000] {dagbag.py:532} INFO - Filling up the DagBag from /home/airflow/.local/lib/python3.7/site-packages/airflow/example_dags/example_xcom.py
[2023-04-30T12:12:18.780+0000] {processor.py:753} INFO - DAG(s) dict_keys(['example_xcom']) retrieved from /home/airflow/.local/lib/python3.7/site-packages/airflow/example_dags/example_xcom.py
[2023-04-30T12:12:18.801+0000] {logging_mixin.py:137} INFO - [2023-04-30T12:12:18.801+0000] {dag.py:2705} INFO - Sync 1 DAGs
[2023-04-30T12:12:18.821+0000] {logging_mixin.py:137} INFO - [2023-04-30T12:12:18.820+0000] {dag.py:3456} INFO - Setting next_dagrun for example_xcom to 2021-01-01T00:00:00+00:00, run_after=2021-01-01T00:00:00+00:00
[2023-04-30T12:12:18.835+0000] {processor.py:175} INFO - Processing /home/airflow/.local/lib/python3.7/site-packages/airflow/example_dags/example_xcom.py took 0.077 seconds
[2023-04-30T12:12:49.135+0000] {processor.py:153} INFO - Started process (PID=166) to work on /home/airflow/.local/lib/python3.7/site-packages/airflow/example_dags/example_xcom.py
[2023-04-30T12:12:49.135+0000] {processor.py:743} INFO - Processing file /home/airflow/.local/lib/python3.7/site-packages/airflow/example_dags/example_xcom.py for tasks to queue
[2023-04-30T12:12:49.136+0000] {logging_mixin.py:137} INFO - [2023-04-30T12:12:49.136+0000] {dagbag.py:532} INFO - Filling up the DagBag from /home/airflow/.local/lib/python3.7/site-packages/airflow/example_dags/example_xcom.py
[2023-04-30T12:12:49.154+0000] {processor.py:753} INFO - DAG(s) dict_keys(['example_xcom']) retrieved from /home/airflow/.local/lib/python3.7/site-packages/airflow/example_dags/example_xcom.py
[2023-04-30T12:12:49.175+0000] {logging_mixin.py:137} INFO - [2023-04-30T12:12:49.175+0000] {dag.py:2705} INFO - Sync 1 DAGs
[2023-04-30T12:12:49.195+0000] {logging_mixin.py:137} INFO - [2023-04-30T12:12:49.195+0000] {dag.py:3456} INFO - Setting next_dagrun for example_xcom to 2021-01-01T00:00:00+00:00, run_after=2021-01-01T00:00:00+00:00
[2023-04-30T12:12:49.209+0000] {processor.py:175} INFO - Processing /home/airflow/.local/lib/python3.7/site-packages/airflow/example_dags/example_xcom.py took 0.077 seconds
[2023-04-30T12:13:19.352+0000] {processor.py:153} INFO - Started process (PID=217) to work on /home/airflow/.local/lib/python3.7/site-packages/airflow/example_dags/example_xcom.py
[2023-04-30T12:13:19.353+0000] {processor.py:743} INFO - Processing file /home/airflow/.local/lib/python3.7/site-packages/airflow/example_dags/example_xcom.py for tasks to queue
[2023-04-30T12:13:19.353+0000] {logging_mixin.py:137} INFO - [2023-04-30T12:13:19.353+0000] {dagbag.py:532} INFO - Filling up the DagBag from /home/airflow/.local/lib/python3.7/site-packages/airflow/example_dags/example_xcom.py
[2023-04-30T12:13:19.372+0000] {processor.py:753} INFO - DAG(s) dict_keys(['example_xcom']) retrieved from /home/airflow/.local/lib/python3.7/site-packages/airflow/example_dags/example_xcom.py
[2023-04-30T12:13:19.393+0000] {logging_mixin.py:137} INFO - [2023-04-30T12:13:19.393+0000] {dag.py:2705} INFO - Sync 1 DAGs
[2023-04-30T12:13:19.414+0000] {logging_mixin.py:137} INFO - [2023-04-30T12:13:19.414+0000] {dag.py:3456} INFO - Setting next_dagrun for example_xcom to 2021-01-01T00:00:00+00:00, run_after=2021-01-01T00:00:00+00:00
[2023-04-30T12:13:19.429+0000] {processor.py:175} INFO - Processing /home/airflow/.local/lib/python3.7/site-packages/airflow/example_dags/example_xcom.py took 0.080 seconds
[2023-04-30T12:13:49.913+0000] {processor.py:153} INFO - Started process (PID=267) to work on /home/airflow/.local/lib/python3.7/site-packages/airflow/example_dags/example_xcom.py
[2023-04-30T12:13:49.914+0000] {processor.py:743} INFO - Processing file /home/airflow/.local/lib/python3.7/site-packages/airflow/example_dags/example_xcom.py for tasks to queue
[2023-04-30T12:13:49.914+0000] {logging_mixin.py:137} INFO - [2023-04-30T12:13:49.914+0000] {dagbag.py:532} INFO - Filling up the DagBag from /home/airflow/.local/lib/python3.7/site-packages/airflow/example_dags/example_xcom.py
[2023-04-30T12:13:49.937+0000] {processor.py:753} INFO - DAG(s) dict_keys(['example_xcom']) retrieved from /home/airflow/.local/lib/python3.7/site-packages/airflow/example_dags/example_xcom.py
[2023-04-30T12:13:49.964+0000] {logging_mixin.py:137} INFO - [2023-04-30T12:13:49.964+0000] {dag.py:2705} INFO - Sync 1 DAGs
[2023-04-30T12:13:49.991+0000] {logging_mixin.py:137} INFO - [2023-04-30T12:13:49.991+0000] {dag.py:3456} INFO - Setting next_dagrun for example_xcom to 2021-01-01T00:00:00+00:00, run_after=2021-01-01T00:00:00+00:00
[2023-04-30T12:13:50.011+0000] {processor.py:175} INFO - Processing /home/airflow/.local/lib/python3.7/site-packages/airflow/example_dags/example_xcom.py took 0.101 seconds
[2023-04-30T12:14:20.707+0000] {processor.py:153} INFO - Started process (PID=317) to work on /home/airflow/.local/lib/python3.7/site-packages/airflow/example_dags/example_xcom.py
[2023-04-30T12:14:20.707+0000] {processor.py:743} INFO - Processing file /home/airflow/.local/lib/python3.7/site-packages/airflow/example_dags/example_xcom.py for tasks to queue
[2023-04-30T12:14:20.708+0000] {logging_mixin.py:137} INFO - [2023-04-30T12:14:20.708+0000] {dagbag.py:532} INFO - Filling up the DagBag from /home/airflow/.local/lib/python3.7/site-packages/airflow/example_dags/example_xcom.py
[2023-04-30T12:14:20.725+0000] {processor.py:753} INFO - DAG(s) dict_keys(['example_xcom']) retrieved from /home/airflow/.local/lib/python3.7/site-packages/airflow/example_dags/example_xcom.py
[2023-04-30T12:14:20.748+0000] {logging_mixin.py:137} INFO - [2023-04-30T12:14:20.747+0000] {dag.py:2705} INFO - Sync 1 DAGs
[2023-04-30T12:14:20.767+0000] {logging_mixin.py:137} INFO - [2023-04-30T12:14:20.767+0000] {dag.py:3456} INFO - Setting next_dagrun for example_xcom to 2021-01-01T00:00:00+00:00, run_after=2021-01-01T00:00:00+00:00
[2023-04-30T12:14:20.781+0000] {processor.py:175} INFO - Processing /home/airflow/.local/lib/python3.7/site-packages/airflow/example_dags/example_xcom.py took 0.077 seconds
[2023-04-30T12:14:51.028+0000] {processor.py:153} INFO - Started process (PID=367) to work on /home/airflow/.local/lib/python3.7/site-packages/airflow/example_dags/example_xcom.py
[2023-04-30T12:14:51.029+0000] {processor.py:743} INFO - Processing file /home/airflow/.local/lib/python3.7/site-packages/airflow/example_dags/example_xcom.py for tasks to queue
[2023-04-30T12:14:51.029+0000] {logging_mixin.py:137} INFO - [2023-04-30T12:14:51.029+0000] {dagbag.py:532} INFO - Filling up the DagBag from /home/airflow/.local/lib/python3.7/site-packages/airflow/example_dags/example_xcom.py
[2023-04-30T12:14:51.054+0000] {processor.py:753} INFO - DAG(s) dict_keys(['example_xcom']) retrieved from /home/airflow/.local/lib/python3.7/site-packages/airflow/example_dags/example_xcom.py
[2023-04-30T12:14:51.078+0000] {logging_mixin.py:137} INFO - [2023-04-30T12:14:51.078+0000] {dag.py:2705} INFO - Sync 1 DAGs
[2023-04-30T12:14:51.100+0000] {logging_mixin.py:137} INFO - [2023-04-30T12:14:51.100+0000] {dag.py:3456} INFO - Setting next_dagrun for example_xcom to 2021-01-01T00:00:00+00:00, run_after=2021-01-01T00:00:00+00:00
[2023-04-30T12:14:51.118+0000] {processor.py:175} INFO - Processing /home/airflow/.local/lib/python3.7/site-packages/airflow/example_dags/example_xcom.py took 0.092 seconds
[2023-04-30T12:15:21.636+0000] {processor.py:153} INFO - Started process (PID=417) to work on /home/airflow/.local/lib/python3.7/site-packages/airflow/example_dags/example_xcom.py
[2023-04-30T12:15:21.636+0000] {processor.py:743} INFO - Processing file /home/airflow/.local/lib/python3.7/site-packages/airflow/example_dags/example_xcom.py for tasks to queue
[2023-04-30T12:15:21.637+0000] {logging_mixin.py:137} INFO - [2023-04-30T12:15:21.637+0000] {dagbag.py:532} INFO - Filling up the DagBag from /home/airflow/.local/lib/python3.7/site-packages/airflow/example_dags/example_xcom.py
[2023-04-30T12:15:21.655+0000] {processor.py:753} INFO - DAG(s) dict_keys(['example_xcom']) retrieved from /home/airflow/.local/lib/python3.7/site-packages/airflow/example_dags/example_xcom.py
[2023-04-30T12:15:21.676+0000] {logging_mixin.py:137} INFO - [2023-04-30T12:15:21.676+0000] {dag.py:2705} INFO - Sync 1 DAGs
[2023-04-30T12:15:21.695+0000] {logging_mixin.py:137} INFO - [2023-04-30T12:15:21.695+0000] {dag.py:3456} INFO - Setting next_dagrun for example_xcom to 2021-01-01T00:00:00+00:00, run_after=2021-01-01T00:00:00+00:00
[2023-04-30T12:15:21.709+0000] {processor.py:175} INFO - Processing /home/airflow/.local/lib/python3.7/site-packages/airflow/example_dags/example_xcom.py took 0.076 seconds
[2023-04-30T12:15:52.120+0000] {processor.py:153} INFO - Started process (PID=467) to work on /home/airflow/.local/lib/python3.7/site-packages/airflow/example_dags/example_xcom.py
[2023-04-30T12:15:52.120+0000] {processor.py:743} INFO - Processing file /home/airflow/.local/lib/python3.7/site-packages/airflow/example_dags/example_xcom.py for tasks to queue
[2023-04-30T12:15:52.121+0000] {logging_mixin.py:137} INFO - [2023-04-30T12:15:52.121+0000] {dagbag.py:532} INFO - Filling up the DagBag from /home/airflow/.local/lib/python3.7/site-packages/airflow/example_dags/example_xcom.py
[2023-04-30T12:15:52.144+0000] {processor.py:753} INFO - DAG(s) dict_keys(['example_xcom']) retrieved from /home/airflow/.local/lib/python3.7/site-packages/airflow/example_dags/example_xcom.py
[2023-04-30T12:15:52.166+0000] {logging_mixin.py:137} INFO - [2023-04-30T12:15:52.166+0000] {dag.py:2705} INFO - Sync 1 DAGs
[2023-04-30T12:15:52.189+0000] {logging_mixin.py:137} INFO - [2023-04-30T12:15:52.189+0000] {dag.py:3456} INFO - Setting next_dagrun for example_xcom to 2021-01-01T00:00:00+00:00, run_after=2021-01-01T00:00:00+00:00
[2023-04-30T12:15:52.205+0000] {processor.py:175} INFO - Processing /home/airflow/.local/lib/python3.7/site-packages/airflow/example_dags/example_xcom.py took 0.089 seconds
[2023-04-30T12:16:22.790+0000] {processor.py:153} INFO - Started process (PID=517) to work on /home/airflow/.local/lib/python3.7/site-packages/airflow/example_dags/example_xcom.py
[2023-04-30T12:16:22.791+0000] {processor.py:743} INFO - Processing file /home/airflow/.local/lib/python3.7/site-packages/airflow/example_dags/example_xcom.py for tasks to queue
[2023-04-30T12:16:22.792+0000] {logging_mixin.py:137} INFO - [2023-04-30T12:16:22.792+0000] {dagbag.py:532} INFO - Filling up the DagBag from /home/airflow/.local/lib/python3.7/site-packages/airflow/example_dags/example_xcom.py
[2023-04-30T12:16:22.811+0000] {processor.py:753} INFO - DAG(s) dict_keys(['example_xcom']) retrieved from /home/airflow/.local/lib/python3.7/site-packages/airflow/example_dags/example_xcom.py
[2023-04-30T12:16:22.834+0000] {logging_mixin.py:137} INFO - [2023-04-30T12:16:22.834+0000] {dag.py:2705} INFO - Sync 1 DAGs
[2023-04-30T12:16:22.856+0000] {logging_mixin.py:137} INFO - [2023-04-30T12:16:22.856+0000] {dag.py:3456} INFO - Setting next_dagrun for example_xcom to 2021-01-01T00:00:00+00:00, run_after=2021-01-01T00:00:00+00:00
[2023-04-30T12:16:22.871+0000] {processor.py:175} INFO - Processing /home/airflow/.local/lib/python3.7/site-packages/airflow/example_dags/example_xcom.py took 0.084 seconds
[2023-04-30T12:16:53.182+0000] {processor.py:153} INFO - Started process (PID=567) to work on /home/airflow/.local/lib/python3.7/site-packages/airflow/example_dags/example_xcom.py
[2023-04-30T12:16:53.182+0000] {processor.py:743} INFO - Processing file /home/airflow/.local/lib/python3.7/site-packages/airflow/example_dags/example_xcom.py for tasks to queue
[2023-04-30T12:16:53.183+0000] {logging_mixin.py:137} INFO - [2023-04-30T12:16:53.183+0000] {dagbag.py:532} INFO - Filling up the DagBag from /home/airflow/.local/lib/python3.7/site-packages/airflow/example_dags/example_xcom.py
[2023-04-30T12:16:53.201+0000] {processor.py:753} INFO - DAG(s) dict_keys(['example_xcom']) retrieved from /home/airflow/.local/lib/python3.7/site-packages/airflow/example_dags/example_xcom.py
[2023-04-30T12:16:53.222+0000] {logging_mixin.py:137} INFO - [2023-04-30T12:16:53.222+0000] {dag.py:2705} INFO - Sync 1 DAGs
[2023-04-30T12:16:53.242+0000] {logging_mixin.py:137} INFO - [2023-04-30T12:16:53.241+0000] {dag.py:3456} INFO - Setting next_dagrun for example_xcom to 2021-01-01T00:00:00+00:00, run_after=2021-01-01T00:00:00+00:00
[2023-04-30T12:16:53.256+0000] {processor.py:175} INFO - Processing /home/airflow/.local/lib/python3.7/site-packages/airflow/example_dags/example_xcom.py took 0.077 seconds
[2023-04-30T12:17:23.561+0000] {processor.py:153} INFO - Started process (PID=617) to work on /home/airflow/.local/lib/python3.7/site-packages/airflow/example_dags/example_xcom.py
[2023-04-30T12:17:23.562+0000] {processor.py:743} INFO - Processing file /home/airflow/.local/lib/python3.7/site-packages/airflow/example_dags/example_xcom.py for tasks to queue
[2023-04-30T12:17:23.562+0000] {logging_mixin.py:137} INFO - [2023-04-30T12:17:23.562+0000] {dagbag.py:532} INFO - Filling up the DagBag from /home/airflow/.local/lib/python3.7/site-packages/airflow/example_dags/example_xcom.py
[2023-04-30T12:17:23.580+0000] {processor.py:753} INFO - DAG(s) dict_keys(['example_xcom']) retrieved from /home/airflow/.local/lib/python3.7/site-packages/airflow/example_dags/example_xcom.py
[2023-04-30T12:17:23.601+0000] {logging_mixin.py:137} INFO - [2023-04-30T12:17:23.601+0000] {dag.py:2705} INFO - Sync 1 DAGs
[2023-04-30T12:17:23.621+0000] {logging_mixin.py:137} INFO - [2023-04-30T12:17:23.621+0000] {dag.py:3456} INFO - Setting next_dagrun for example_xcom to 2021-01-01T00:00:00+00:00, run_after=2021-01-01T00:00:00+00:00
[2023-04-30T12:17:23.645+0000] {processor.py:175} INFO - Processing /home/airflow/.local/lib/python3.7/site-packages/airflow/example_dags/example_xcom.py took 0.087 seconds
[2023-04-30T12:17:53.722+0000] {processor.py:153} INFO - Started process (PID=667) to work on /home/airflow/.local/lib/python3.7/site-packages/airflow/example_dags/example_xcom.py
[2023-04-30T12:17:53.723+0000] {processor.py:743} INFO - Processing file /home/airflow/.local/lib/python3.7/site-packages/airflow/example_dags/example_xcom.py for tasks to queue
[2023-04-30T12:17:53.724+0000] {logging_mixin.py:137} INFO - [2023-04-30T12:17:53.724+0000] {dagbag.py:532} INFO - Filling up the DagBag from /home/airflow/.local/lib/python3.7/site-packages/airflow/example_dags/example_xcom.py
[2023-04-30T12:17:53.744+0000] {processor.py:753} INFO - DAG(s) dict_keys(['example_xcom']) retrieved from /home/airflow/.local/lib/python3.7/site-packages/airflow/example_dags/example_xcom.py
[2023-04-30T12:17:53.771+0000] {logging_mixin.py:137} INFO - [2023-04-30T12:17:53.771+0000] {dag.py:2705} INFO - Sync 1 DAGs
[2023-04-30T12:17:53.794+0000] {logging_mixin.py:137} INFO - [2023-04-30T12:17:53.794+0000] {dag.py:3456} INFO - Setting next_dagrun for example_xcom to 2021-01-01T00:00:00+00:00, run_after=2021-01-01T00:00:00+00:00
[2023-04-30T12:17:53.812+0000] {processor.py:175} INFO - Processing /home/airflow/.local/lib/python3.7/site-packages/airflow/example_dags/example_xcom.py took 0.094 seconds
[2023-04-30T12:18:24.072+0000] {processor.py:153} INFO - Started process (PID=717) to work on /home/airflow/.local/lib/python3.7/site-packages/airflow/example_dags/example_xcom.py
[2023-04-30T12:18:24.073+0000] {processor.py:743} INFO - Processing file /home/airflow/.local/lib/python3.7/site-packages/airflow/example_dags/example_xcom.py for tasks to queue
[2023-04-30T12:18:24.073+0000] {logging_mixin.py:137} INFO - [2023-04-30T12:18:24.073+0000] {dagbag.py:532} INFO - Filling up the DagBag from /home/airflow/.local/lib/python3.7/site-packages/airflow/example_dags/example_xcom.py
[2023-04-30T12:18:24.091+0000] {processor.py:753} INFO - DAG(s) dict_keys(['example_xcom']) retrieved from /home/airflow/.local/lib/python3.7/site-packages/airflow/example_dags/example_xcom.py
[2023-04-30T12:18:24.111+0000] {logging_mixin.py:137} INFO - [2023-04-30T12:18:24.111+0000] {dag.py:2705} INFO - Sync 1 DAGs
[2023-04-30T12:18:24.129+0000] {logging_mixin.py:137} INFO - [2023-04-30T12:18:24.129+0000] {dag.py:3456} INFO - Setting next_dagrun for example_xcom to 2021-01-01T00:00:00+00:00, run_after=2021-01-01T00:00:00+00:00
[2023-04-30T12:18:24.142+0000] {processor.py:175} INFO - Processing /home/airflow/.local/lib/python3.7/site-packages/airflow/example_dags/example_xcom.py took 0.072 seconds
[2023-04-30T12:18:54.514+0000] {processor.py:153} INFO - Started process (PID=767) to work on /home/airflow/.local/lib/python3.7/site-packages/airflow/example_dags/example_xcom.py
[2023-04-30T12:18:54.515+0000] {processor.py:743} INFO - Processing file /home/airflow/.local/lib/python3.7/site-packages/airflow/example_dags/example_xcom.py for tasks to queue
[2023-04-30T12:18:54.516+0000] {logging_mixin.py:137} INFO - [2023-04-30T12:18:54.516+0000] {dagbag.py:532} INFO - Filling up the DagBag from /home/airflow/.local/lib/python3.7/site-packages/airflow/example_dags/example_xcom.py
[2023-04-30T12:18:54.544+0000] {processor.py:753} INFO - DAG(s) dict_keys(['example_xcom']) retrieved from /home/airflow/.local/lib/python3.7/site-packages/airflow/example_dags/example_xcom.py
[2023-04-30T12:18:54.570+0000] {logging_mixin.py:137} INFO - [2023-04-30T12:18:54.570+0000] {dag.py:2705} INFO - Sync 1 DAGs
[2023-04-30T12:18:54.591+0000] {logging_mixin.py:137} INFO - [2023-04-30T12:18:54.591+0000] {dag.py:3456} INFO - Setting next_dagrun for example_xcom to 2021-01-01T00:00:00+00:00, run_after=2021-01-01T00:00:00+00:00
[2023-04-30T12:18:54.605+0000] {processor.py:175} INFO - Processing /home/airflow/.local/lib/python3.7/site-packages/airflow/example_dags/example_xcom.py took 0.094 seconds
[2023-04-30T12:19:25.018+0000] {processor.py:153} INFO - Started process (PID=817) to work on /home/airflow/.local/lib/python3.7/site-packages/airflow/example_dags/example_xcom.py
[2023-04-30T12:19:25.019+0000] {processor.py:743} INFO - Processing file /home/airflow/.local/lib/python3.7/site-packages/airflow/example_dags/example_xcom.py for tasks to queue
[2023-04-30T12:19:25.020+0000] {logging_mixin.py:137} INFO - [2023-04-30T12:19:25.020+0000] {dagbag.py:532} INFO - Filling up the DagBag from /home/airflow/.local/lib/python3.7/site-packages/airflow/example_dags/example_xcom.py
[2023-04-30T12:19:25.043+0000] {processor.py:753} INFO - DAG(s) dict_keys(['example_xcom']) retrieved from /home/airflow/.local/lib/python3.7/site-packages/airflow/example_dags/example_xcom.py
[2023-04-30T12:19:25.066+0000] {logging_mixin.py:137} INFO - [2023-04-30T12:19:25.066+0000] {dag.py:2705} INFO - Sync 1 DAGs
[2023-04-30T12:19:25.093+0000] {logging_mixin.py:137} INFO - [2023-04-30T12:19:25.093+0000] {dag.py:3456} INFO - Setting next_dagrun for example_xcom to 2021-01-01T00:00:00+00:00, run_after=2021-01-01T00:00:00+00:00
[2023-04-30T12:19:25.110+0000] {processor.py:175} INFO - Processing /home/airflow/.local/lib/python3.7/site-packages/airflow/example_dags/example_xcom.py took 0.094 seconds
[2023-04-30T12:19:55.306+0000] {processor.py:153} INFO - Started process (PID=867) to work on /home/airflow/.local/lib/python3.7/site-packages/airflow/example_dags/example_xcom.py
[2023-04-30T12:19:55.306+0000] {processor.py:743} INFO - Processing file /home/airflow/.local/lib/python3.7/site-packages/airflow/example_dags/example_xcom.py for tasks to queue
[2023-04-30T12:19:55.307+0000] {logging_mixin.py:137} INFO - [2023-04-30T12:19:55.307+0000] {dagbag.py:532} INFO - Filling up the DagBag from /home/airflow/.local/lib/python3.7/site-packages/airflow/example_dags/example_xcom.py
[2023-04-30T12:19:55.325+0000] {processor.py:753} INFO - DAG(s) dict_keys(['example_xcom']) retrieved from /home/airflow/.local/lib/python3.7/site-packages/airflow/example_dags/example_xcom.py
[2023-04-30T12:19:55.346+0000] {logging_mixin.py:137} INFO - [2023-04-30T12:19:55.346+0000] {dag.py:2705} INFO - Sync 1 DAGs
[2023-04-30T12:19:55.365+0000] {logging_mixin.py:137} INFO - [2023-04-30T12:19:55.365+0000] {dag.py:3456} INFO - Setting next_dagrun for example_xcom to 2021-01-01T00:00:00+00:00, run_after=2021-01-01T00:00:00+00:00
[2023-04-30T12:19:55.380+0000] {processor.py:175} INFO - Processing /home/airflow/.local/lib/python3.7/site-packages/airflow/example_dags/example_xcom.py took 0.076 seconds
[2023-04-30T12:20:25.584+0000] {processor.py:153} INFO - Started process (PID=917) to work on /home/airflow/.local/lib/python3.7/site-packages/airflow/example_dags/example_xcom.py
[2023-04-30T12:20:25.585+0000] {processor.py:743} INFO - Processing file /home/airflow/.local/lib/python3.7/site-packages/airflow/example_dags/example_xcom.py for tasks to queue
[2023-04-30T12:20:25.586+0000] {logging_mixin.py:137} INFO - [2023-04-30T12:20:25.585+0000] {dagbag.py:532} INFO - Filling up the DagBag from /home/airflow/.local/lib/python3.7/site-packages/airflow/example_dags/example_xcom.py
[2023-04-30T12:20:25.605+0000] {processor.py:753} INFO - DAG(s) dict_keys(['example_xcom']) retrieved from /home/airflow/.local/lib/python3.7/site-packages/airflow/example_dags/example_xcom.py
[2023-04-30T12:20:25.627+0000] {logging_mixin.py:137} INFO - [2023-04-30T12:20:25.627+0000] {dag.py:2705} INFO - Sync 1 DAGs
[2023-04-30T12:20:25.646+0000] {logging_mixin.py:137} INFO - [2023-04-30T12:20:25.646+0000] {dag.py:3456} INFO - Setting next_dagrun for example_xcom to 2021-01-01T00:00:00+00:00, run_after=2021-01-01T00:00:00+00:00
[2023-04-30T12:20:25.661+0000] {processor.py:175} INFO - Processing /home/airflow/.local/lib/python3.7/site-packages/airflow/example_dags/example_xcom.py took 0.079 seconds
[2023-04-30T12:20:55.846+0000] {processor.py:153} INFO - Started process (PID=967) to work on /home/airflow/.local/lib/python3.7/site-packages/airflow/example_dags/example_xcom.py
[2023-04-30T12:20:55.847+0000] {processor.py:743} INFO - Processing file /home/airflow/.local/lib/python3.7/site-packages/airflow/example_dags/example_xcom.py for tasks to queue
[2023-04-30T12:20:55.847+0000] {logging_mixin.py:137} INFO - [2023-04-30T12:20:55.847+0000] {dagbag.py:532} INFO - Filling up the DagBag from /home/airflow/.local/lib/python3.7/site-packages/airflow/example_dags/example_xcom.py
[2023-04-30T12:20:55.865+0000] {processor.py:753} INFO - DAG(s) dict_keys(['example_xcom']) retrieved from /home/airflow/.local/lib/python3.7/site-packages/airflow/example_dags/example_xcom.py
[2023-04-30T12:20:55.886+0000] {logging_mixin.py:137} INFO - [2023-04-30T12:20:55.885+0000] {dag.py:2705} INFO - Sync 1 DAGs
[2023-04-30T12:20:55.905+0000] {logging_mixin.py:137} INFO - [2023-04-30T12:20:55.905+0000] {dag.py:3456} INFO - Setting next_dagrun for example_xcom to 2021-01-01T00:00:00+00:00, run_after=2021-01-01T00:00:00+00:00
[2023-04-30T12:20:55.920+0000] {processor.py:175} INFO - Processing /home/airflow/.local/lib/python3.7/site-packages/airflow/example_dags/example_xcom.py took 0.077 seconds
[2023-04-30T12:21:26.094+0000] {processor.py:153} INFO - Started process (PID=1017) to work on /home/airflow/.local/lib/python3.7/site-packages/airflow/example_dags/example_xcom.py
[2023-04-30T12:21:26.094+0000] {processor.py:743} INFO - Processing file /home/airflow/.local/lib/python3.7/site-packages/airflow/example_dags/example_xcom.py for tasks to queue
[2023-04-30T12:21:26.095+0000] {logging_mixin.py:137} INFO - [2023-04-30T12:21:26.095+0000] {dagbag.py:532} INFO - Filling up the DagBag from /home/airflow/.local/lib/python3.7/site-packages/airflow/example_dags/example_xcom.py
[2023-04-30T12:21:26.113+0000] {processor.py:753} INFO - DAG(s) dict_keys(['example_xcom']) retrieved from /home/airflow/.local/lib/python3.7/site-packages/airflow/example_dags/example_xcom.py
[2023-04-30T12:21:26.134+0000] {logging_mixin.py:137} INFO - [2023-04-30T12:21:26.134+0000] {dag.py:2705} INFO - Sync 1 DAGs
[2023-04-30T12:21:26.153+0000] {logging_mixin.py:137} INFO - [2023-04-30T12:21:26.153+0000] {dag.py:3456} INFO - Setting next_dagrun for example_xcom to 2021-01-01T00:00:00+00:00, run_after=2021-01-01T00:00:00+00:00
[2023-04-30T12:21:26.169+0000] {processor.py:175} INFO - Processing /home/airflow/.local/lib/python3.7/site-packages/airflow/example_dags/example_xcom.py took 0.078 seconds
[2023-04-30T12:21:56.445+0000] {processor.py:153} INFO - Started process (PID=1067) to work on /home/airflow/.local/lib/python3.7/site-packages/airflow/example_dags/example_xcom.py
[2023-04-30T12:21:56.446+0000] {processor.py:743} INFO - Processing file /home/airflow/.local/lib/python3.7/site-packages/airflow/example_dags/example_xcom.py for tasks to queue
[2023-04-30T12:21:56.446+0000] {logging_mixin.py:137} INFO - [2023-04-30T12:21:56.446+0000] {dagbag.py:532} INFO - Filling up the DagBag from /home/airflow/.local/lib/python3.7/site-packages/airflow/example_dags/example_xcom.py
[2023-04-30T12:21:56.465+0000] {processor.py:753} INFO - DAG(s) dict_keys(['example_xcom']) retrieved from /home/airflow/.local/lib/python3.7/site-packages/airflow/example_dags/example_xcom.py
[2023-04-30T12:21:56.486+0000] {logging_mixin.py:137} INFO - [2023-04-30T12:21:56.486+0000] {dag.py:2705} INFO - Sync 1 DAGs
[2023-04-30T12:21:56.506+0000] {logging_mixin.py:137} INFO - [2023-04-30T12:21:56.506+0000] {dag.py:3456} INFO - Setting next_dagrun for example_xcom to 2021-01-01T00:00:00+00:00, run_after=2021-01-01T00:00:00+00:00
[2023-04-30T12:21:56.521+0000] {processor.py:175} INFO - Processing /home/airflow/.local/lib/python3.7/site-packages/airflow/example_dags/example_xcom.py took 0.079 seconds
[2023-04-30T12:22:26.832+0000] {processor.py:153} INFO - Started process (PID=1117) to work on /home/airflow/.local/lib/python3.7/site-packages/airflow/example_dags/example_xcom.py
[2023-04-30T12:22:26.832+0000] {processor.py:743} INFO - Processing file /home/airflow/.local/lib/python3.7/site-packages/airflow/example_dags/example_xcom.py for tasks to queue
[2023-04-30T12:22:26.833+0000] {logging_mixin.py:137} INFO - [2023-04-30T12:22:26.833+0000] {dagbag.py:532} INFO - Filling up the DagBag from /home/airflow/.local/lib/python3.7/site-packages/airflow/example_dags/example_xcom.py
[2023-04-30T12:22:26.850+0000] {processor.py:753} INFO - DAG(s) dict_keys(['example_xcom']) retrieved from /home/airflow/.local/lib/python3.7/site-packages/airflow/example_dags/example_xcom.py
[2023-04-30T12:22:26.870+0000] {logging_mixin.py:137} INFO - [2023-04-30T12:22:26.870+0000] {dag.py:2705} INFO - Sync 1 DAGs
[2023-04-30T12:22:26.889+0000] {logging_mixin.py:137} INFO - [2023-04-30T12:22:26.889+0000] {dag.py:3456} INFO - Setting next_dagrun for example_xcom to 2021-01-01T00:00:00+00:00, run_after=2021-01-01T00:00:00+00:00
[2023-04-30T12:22:26.907+0000] {processor.py:175} INFO - Processing /home/airflow/.local/lib/python3.7/site-packages/airflow/example_dags/example_xcom.py took 0.078 seconds
