[2023-04-30T12:11:49.320+0000] {processor.py:153} INFO - Started process (PID=80) to work on /home/airflow/.local/lib/python3.7/site-packages/airflow/example_dags/example_python_operator.py
[2023-04-30T12:11:49.320+0000] {processor.py:743} INFO - Processing file /home/airflow/.local/lib/python3.7/site-packages/airflow/example_dags/example_python_operator.py for tasks to queue
[2023-04-30T12:11:49.321+0000] {logging_mixin.py:137} INFO - [2023-04-30T12:11:49.321+0000] {dagbag.py:532} INFO - Filling up the DagBag from /home/airflow/.local/lib/python3.7/site-packages/airflow/example_dags/example_python_operator.py
[2023-04-30T12:11:49.340+0000] {logging_mixin.py:137} INFO - [2023-04-30T12:11:49.340+0000] {taskmixin.py:211} WARNING - Dependency <Task(_PythonDecoratedOperator): print_the_context>, log_sql_query already registered for DAG: example_python_operator
[2023-04-30T12:11:49.341+0000] {logging_mixin.py:137} INFO - [2023-04-30T12:11:49.341+0000] {taskmixin.py:211} WARNING - Dependency <Task(_PythonDecoratedOperator): log_sql_query>, print_the_context already registered for DAG: example_python_operator
[2023-04-30T12:11:49.341+0000] {logging_mixin.py:137} INFO - [2023-04-30T12:11:49.341+0000] {taskmixin.py:211} WARNING - Dependency <Task(_PythonDecoratedOperator): print_the_context>, log_sql_query already registered for DAG: example_python_operator
[2023-04-30T12:11:49.341+0000] {logging_mixin.py:137} INFO - [2023-04-30T12:11:49.341+0000] {taskmixin.py:211} WARNING - Dependency <Task(_PythonDecoratedOperator): log_sql_query>, print_the_context already registered for DAG: example_python_operator
[2023-04-30T12:11:49.342+0000] {logging_mixin.py:137} INFO - [2023-04-30T12:11:49.342+0000] {taskmixin.py:211} WARNING - Dependency <Task(_PythonDecoratedOperator): print_the_context>, log_sql_query already registered for DAG: example_python_operator
[2023-04-30T12:11:49.342+0000] {logging_mixin.py:137} INFO - [2023-04-30T12:11:49.342+0000] {taskmixin.py:211} WARNING - Dependency <Task(_PythonDecoratedOperator): log_sql_query>, print_the_context already registered for DAG: example_python_operator
[2023-04-30T12:11:49.343+0000] {logging_mixin.py:137} INFO - [2023-04-30T12:11:49.342+0000] {taskmixin.py:211} WARNING - Dependency <Task(_PythonDecoratedOperator): print_the_context>, log_sql_query already registered for DAG: example_python_operator
[2023-04-30T12:11:49.343+0000] {logging_mixin.py:137} INFO - [2023-04-30T12:11:49.343+0000] {taskmixin.py:211} WARNING - Dependency <Task(_PythonDecoratedOperator): log_sql_query>, print_the_context already registered for DAG: example_python_operator
[2023-04-30T12:11:49.349+0000] {processor.py:753} INFO - DAG(s) dict_keys(['example_python_operator']) retrieved from /home/airflow/.local/lib/python3.7/site-packages/airflow/example_dags/example_python_operator.py
[2023-04-30T12:11:49.360+0000] {logging_mixin.py:137} INFO - [2023-04-30T12:11:49.360+0000] {dag.py:2705} INFO - Sync 1 DAGs
[2023-04-30T12:11:49.387+0000] {logging_mixin.py:137} INFO - [2023-04-30T12:11:49.387+0000] {dag.py:3456} INFO - Setting next_dagrun for example_python_operator to None, run_after=None
[2023-04-30T12:11:49.410+0000] {processor.py:175} INFO - Processing /home/airflow/.local/lib/python3.7/site-packages/airflow/example_dags/example_python_operator.py took 0.093 seconds
[2023-04-30T12:12:19.521+0000] {processor.py:153} INFO - Started process (PID=130) to work on /home/airflow/.local/lib/python3.7/site-packages/airflow/example_dags/example_python_operator.py
[2023-04-30T12:12:19.522+0000] {processor.py:743} INFO - Processing file /home/airflow/.local/lib/python3.7/site-packages/airflow/example_dags/example_python_operator.py for tasks to queue
[2023-04-30T12:12:19.523+0000] {logging_mixin.py:137} INFO - [2023-04-30T12:12:19.523+0000] {dagbag.py:532} INFO - Filling up the DagBag from /home/airflow/.local/lib/python3.7/site-packages/airflow/example_dags/example_python_operator.py
[2023-04-30T12:12:19.538+0000] {logging_mixin.py:137} INFO - [2023-04-30T12:12:19.537+0000] {taskmixin.py:211} WARNING - Dependency <Task(_PythonDecoratedOperator): print_the_context>, log_sql_query already registered for DAG: example_python_operator
[2023-04-30T12:12:19.538+0000] {logging_mixin.py:137} INFO - [2023-04-30T12:12:19.538+0000] {taskmixin.py:211} WARNING - Dependency <Task(_PythonDecoratedOperator): log_sql_query>, print_the_context already registered for DAG: example_python_operator
[2023-04-30T12:12:19.538+0000] {logging_mixin.py:137} INFO - [2023-04-30T12:12:19.538+0000] {taskmixin.py:211} WARNING - Dependency <Task(_PythonDecoratedOperator): print_the_context>, log_sql_query already registered for DAG: example_python_operator
[2023-04-30T12:12:19.539+0000] {logging_mixin.py:137} INFO - [2023-04-30T12:12:19.538+0000] {taskmixin.py:211} WARNING - Dependency <Task(_PythonDecoratedOperator): log_sql_query>, print_the_context already registered for DAG: example_python_operator
[2023-04-30T12:12:19.539+0000] {logging_mixin.py:137} INFO - [2023-04-30T12:12:19.539+0000] {taskmixin.py:211} WARNING - Dependency <Task(_PythonDecoratedOperator): print_the_context>, log_sql_query already registered for DAG: example_python_operator
[2023-04-30T12:12:19.539+0000] {logging_mixin.py:137} INFO - [2023-04-30T12:12:19.539+0000] {taskmixin.py:211} WARNING - Dependency <Task(_PythonDecoratedOperator): log_sql_query>, print_the_context already registered for DAG: example_python_operator
[2023-04-30T12:12:19.540+0000] {logging_mixin.py:137} INFO - [2023-04-30T12:12:19.540+0000] {taskmixin.py:211} WARNING - Dependency <Task(_PythonDecoratedOperator): print_the_context>, log_sql_query already registered for DAG: example_python_operator
[2023-04-30T12:12:19.540+0000] {logging_mixin.py:137} INFO - [2023-04-30T12:12:19.540+0000] {taskmixin.py:211} WARNING - Dependency <Task(_PythonDecoratedOperator): log_sql_query>, print_the_context already registered for DAG: example_python_operator
[2023-04-30T12:12:19.546+0000] {processor.py:753} INFO - DAG(s) dict_keys(['example_python_operator']) retrieved from /home/airflow/.local/lib/python3.7/site-packages/airflow/example_dags/example_python_operator.py
[2023-04-30T12:12:19.610+0000] {logging_mixin.py:137} INFO - [2023-04-30T12:12:19.610+0000] {dag.py:2705} INFO - Sync 1 DAGs
[2023-04-30T12:12:19.638+0000] {logging_mixin.py:137} INFO - [2023-04-30T12:12:19.638+0000] {dag.py:3456} INFO - Setting next_dagrun for example_python_operator to None, run_after=None
[2023-04-30T12:12:19.659+0000] {processor.py:175} INFO - Processing /home/airflow/.local/lib/python3.7/site-packages/airflow/example_dags/example_python_operator.py took 0.141 seconds
[2023-04-30T12:12:49.815+0000] {processor.py:153} INFO - Started process (PID=180) to work on /home/airflow/.local/lib/python3.7/site-packages/airflow/example_dags/example_python_operator.py
[2023-04-30T12:12:49.816+0000] {processor.py:743} INFO - Processing file /home/airflow/.local/lib/python3.7/site-packages/airflow/example_dags/example_python_operator.py for tasks to queue
[2023-04-30T12:12:49.816+0000] {logging_mixin.py:137} INFO - [2023-04-30T12:12:49.816+0000] {dagbag.py:532} INFO - Filling up the DagBag from /home/airflow/.local/lib/python3.7/site-packages/airflow/example_dags/example_python_operator.py
[2023-04-30T12:12:49.834+0000] {logging_mixin.py:137} INFO - [2023-04-30T12:12:49.833+0000] {taskmixin.py:211} WARNING - Dependency <Task(_PythonDecoratedOperator): print_the_context>, log_sql_query already registered for DAG: example_python_operator
[2023-04-30T12:12:49.834+0000] {logging_mixin.py:137} INFO - [2023-04-30T12:12:49.834+0000] {taskmixin.py:211} WARNING - Dependency <Task(_PythonDecoratedOperator): log_sql_query>, print_the_context already registered for DAG: example_python_operator
[2023-04-30T12:12:49.834+0000] {logging_mixin.py:137} INFO - [2023-04-30T12:12:49.834+0000] {taskmixin.py:211} WARNING - Dependency <Task(_PythonDecoratedOperator): print_the_context>, log_sql_query already registered for DAG: example_python_operator
[2023-04-30T12:12:49.835+0000] {logging_mixin.py:137} INFO - [2023-04-30T12:12:49.834+0000] {taskmixin.py:211} WARNING - Dependency <Task(_PythonDecoratedOperator): log_sql_query>, print_the_context already registered for DAG: example_python_operator
[2023-04-30T12:12:49.835+0000] {logging_mixin.py:137} INFO - [2023-04-30T12:12:49.835+0000] {taskmixin.py:211} WARNING - Dependency <Task(_PythonDecoratedOperator): print_the_context>, log_sql_query already registered for DAG: example_python_operator
[2023-04-30T12:12:49.835+0000] {logging_mixin.py:137} INFO - [2023-04-30T12:12:49.835+0000] {taskmixin.py:211} WARNING - Dependency <Task(_PythonDecoratedOperator): log_sql_query>, print_the_context already registered for DAG: example_python_operator
[2023-04-30T12:12:49.836+0000] {logging_mixin.py:137} INFO - [2023-04-30T12:12:49.836+0000] {taskmixin.py:211} WARNING - Dependency <Task(_PythonDecoratedOperator): print_the_context>, log_sql_query already registered for DAG: example_python_operator
[2023-04-30T12:12:49.836+0000] {logging_mixin.py:137} INFO - [2023-04-30T12:12:49.836+0000] {taskmixin.py:211} WARNING - Dependency <Task(_PythonDecoratedOperator): log_sql_query>, print_the_context already registered for DAG: example_python_operator
[2023-04-30T12:12:49.843+0000] {processor.py:753} INFO - DAG(s) dict_keys(['example_python_operator']) retrieved from /home/airflow/.local/lib/python3.7/site-packages/airflow/example_dags/example_python_operator.py
[2023-04-30T12:12:49.870+0000] {logging_mixin.py:137} INFO - [2023-04-30T12:12:49.870+0000] {dag.py:2705} INFO - Sync 1 DAGs
[2023-04-30T12:12:49.896+0000] {logging_mixin.py:137} INFO - [2023-04-30T12:12:49.895+0000] {dag.py:3456} INFO - Setting next_dagrun for example_python_operator to None, run_after=None
[2023-04-30T12:12:49.914+0000] {processor.py:175} INFO - Processing /home/airflow/.local/lib/python3.7/site-packages/airflow/example_dags/example_python_operator.py took 0.101 seconds
[2023-04-30T12:13:20.021+0000] {processor.py:153} INFO - Started process (PID=231) to work on /home/airflow/.local/lib/python3.7/site-packages/airflow/example_dags/example_python_operator.py
[2023-04-30T12:13:20.022+0000] {processor.py:743} INFO - Processing file /home/airflow/.local/lib/python3.7/site-packages/airflow/example_dags/example_python_operator.py for tasks to queue
[2023-04-30T12:13:20.022+0000] {logging_mixin.py:137} INFO - [2023-04-30T12:13:20.022+0000] {dagbag.py:532} INFO - Filling up the DagBag from /home/airflow/.local/lib/python3.7/site-packages/airflow/example_dags/example_python_operator.py
[2023-04-30T12:13:20.037+0000] {logging_mixin.py:137} INFO - [2023-04-30T12:13:20.036+0000] {taskmixin.py:211} WARNING - Dependency <Task(_PythonDecoratedOperator): print_the_context>, log_sql_query already registered for DAG: example_python_operator
[2023-04-30T12:13:20.037+0000] {logging_mixin.py:137} INFO - [2023-04-30T12:13:20.037+0000] {taskmixin.py:211} WARNING - Dependency <Task(_PythonDecoratedOperator): log_sql_query>, print_the_context already registered for DAG: example_python_operator
[2023-04-30T12:13:20.037+0000] {logging_mixin.py:137} INFO - [2023-04-30T12:13:20.037+0000] {taskmixin.py:211} WARNING - Dependency <Task(_PythonDecoratedOperator): print_the_context>, log_sql_query already registered for DAG: example_python_operator
[2023-04-30T12:13:20.037+0000] {logging_mixin.py:137} INFO - [2023-04-30T12:13:20.037+0000] {taskmixin.py:211} WARNING - Dependency <Task(_PythonDecoratedOperator): log_sql_query>, print_the_context already registered for DAG: example_python_operator
[2023-04-30T12:13:20.038+0000] {logging_mixin.py:137} INFO - [2023-04-30T12:13:20.038+0000] {taskmixin.py:211} WARNING - Dependency <Task(_PythonDecoratedOperator): print_the_context>, log_sql_query already registered for DAG: example_python_operator
[2023-04-30T12:13:20.038+0000] {logging_mixin.py:137} INFO - [2023-04-30T12:13:20.038+0000] {taskmixin.py:211} WARNING - Dependency <Task(_PythonDecoratedOperator): log_sql_query>, print_the_context already registered for DAG: example_python_operator
[2023-04-30T12:13:20.039+0000] {logging_mixin.py:137} INFO - [2023-04-30T12:13:20.038+0000] {taskmixin.py:211} WARNING - Dependency <Task(_PythonDecoratedOperator): print_the_context>, log_sql_query already registered for DAG: example_python_operator
[2023-04-30T12:13:20.039+0000] {logging_mixin.py:137} INFO - [2023-04-30T12:13:20.039+0000] {taskmixin.py:211} WARNING - Dependency <Task(_PythonDecoratedOperator): log_sql_query>, print_the_context already registered for DAG: example_python_operator
[2023-04-30T12:13:20.044+0000] {processor.py:753} INFO - DAG(s) dict_keys(['example_python_operator']) retrieved from /home/airflow/.local/lib/python3.7/site-packages/airflow/example_dags/example_python_operator.py
[2023-04-30T12:13:20.072+0000] {logging_mixin.py:137} INFO - [2023-04-30T12:13:20.072+0000] {dag.py:2705} INFO - Sync 1 DAGs
[2023-04-30T12:13:20.092+0000] {logging_mixin.py:137} INFO - [2023-04-30T12:13:20.092+0000] {dag.py:3456} INFO - Setting next_dagrun for example_python_operator to None, run_after=None
[2023-04-30T12:13:20.108+0000] {processor.py:175} INFO - Processing /home/airflow/.local/lib/python3.7/site-packages/airflow/example_dags/example_python_operator.py took 0.089 seconds
[2023-04-30T12:13:50.823+0000] {processor.py:153} INFO - Started process (PID=281) to work on /home/airflow/.local/lib/python3.7/site-packages/airflow/example_dags/example_python_operator.py
[2023-04-30T12:13:50.825+0000] {processor.py:743} INFO - Processing file /home/airflow/.local/lib/python3.7/site-packages/airflow/example_dags/example_python_operator.py for tasks to queue
[2023-04-30T12:13:50.826+0000] {logging_mixin.py:137} INFO - [2023-04-30T12:13:50.826+0000] {dagbag.py:532} INFO - Filling up the DagBag from /home/airflow/.local/lib/python3.7/site-packages/airflow/example_dags/example_python_operator.py
[2023-04-30T12:13:50.856+0000] {logging_mixin.py:137} INFO - [2023-04-30T12:13:50.856+0000] {taskmixin.py:211} WARNING - Dependency <Task(_PythonDecoratedOperator): print_the_context>, log_sql_query already registered for DAG: example_python_operator
[2023-04-30T12:13:50.857+0000] {logging_mixin.py:137} INFO - [2023-04-30T12:13:50.857+0000] {taskmixin.py:211} WARNING - Dependency <Task(_PythonDecoratedOperator): log_sql_query>, print_the_context already registered for DAG: example_python_operator
[2023-04-30T12:13:50.858+0000] {logging_mixin.py:137} INFO - [2023-04-30T12:13:50.858+0000] {taskmixin.py:211} WARNING - Dependency <Task(_PythonDecoratedOperator): print_the_context>, log_sql_query already registered for DAG: example_python_operator
[2023-04-30T12:13:50.858+0000] {logging_mixin.py:137} INFO - [2023-04-30T12:13:50.858+0000] {taskmixin.py:211} WARNING - Dependency <Task(_PythonDecoratedOperator): log_sql_query>, print_the_context already registered for DAG: example_python_operator
[2023-04-30T12:13:50.861+0000] {logging_mixin.py:137} INFO - [2023-04-30T12:13:50.861+0000] {taskmixin.py:211} WARNING - Dependency <Task(_PythonDecoratedOperator): print_the_context>, log_sql_query already registered for DAG: example_python_operator
[2023-04-30T12:13:50.862+0000] {logging_mixin.py:137} INFO - [2023-04-30T12:13:50.862+0000] {taskmixin.py:211} WARNING - Dependency <Task(_PythonDecoratedOperator): log_sql_query>, print_the_context already registered for DAG: example_python_operator
[2023-04-30T12:13:50.863+0000] {logging_mixin.py:137} INFO - [2023-04-30T12:13:50.863+0000] {taskmixin.py:211} WARNING - Dependency <Task(_PythonDecoratedOperator): print_the_context>, log_sql_query already registered for DAG: example_python_operator
[2023-04-30T12:13:50.863+0000] {logging_mixin.py:137} INFO - [2023-04-30T12:13:50.863+0000] {taskmixin.py:211} WARNING - Dependency <Task(_PythonDecoratedOperator): log_sql_query>, print_the_context already registered for DAG: example_python_operator
[2023-04-30T12:13:50.874+0000] {processor.py:753} INFO - DAG(s) dict_keys(['example_python_operator']) retrieved from /home/airflow/.local/lib/python3.7/site-packages/airflow/example_dags/example_python_operator.py
[2023-04-30T12:13:50.920+0000] {logging_mixin.py:137} INFO - [2023-04-30T12:13:50.920+0000] {dag.py:2705} INFO - Sync 1 DAGs
[2023-04-30T12:13:50.973+0000] {logging_mixin.py:137} INFO - [2023-04-30T12:13:50.972+0000] {dag.py:3456} INFO - Setting next_dagrun for example_python_operator to None, run_after=None
[2023-04-30T12:13:51.000+0000] {processor.py:175} INFO - Processing /home/airflow/.local/lib/python3.7/site-packages/airflow/example_dags/example_python_operator.py took 0.184 seconds
[2023-04-30T12:14:21.483+0000] {processor.py:153} INFO - Started process (PID=331) to work on /home/airflow/.local/lib/python3.7/site-packages/airflow/example_dags/example_python_operator.py
[2023-04-30T12:14:21.484+0000] {processor.py:743} INFO - Processing file /home/airflow/.local/lib/python3.7/site-packages/airflow/example_dags/example_python_operator.py for tasks to queue
[2023-04-30T12:14:21.484+0000] {logging_mixin.py:137} INFO - [2023-04-30T12:14:21.484+0000] {dagbag.py:532} INFO - Filling up the DagBag from /home/airflow/.local/lib/python3.7/site-packages/airflow/example_dags/example_python_operator.py
[2023-04-30T12:14:21.498+0000] {logging_mixin.py:137} INFO - [2023-04-30T12:14:21.497+0000] {taskmixin.py:211} WARNING - Dependency <Task(_PythonDecoratedOperator): print_the_context>, log_sql_query already registered for DAG: example_python_operator
[2023-04-30T12:14:21.498+0000] {logging_mixin.py:137} INFO - [2023-04-30T12:14:21.498+0000] {taskmixin.py:211} WARNING - Dependency <Task(_PythonDecoratedOperator): log_sql_query>, print_the_context already registered for DAG: example_python_operator
[2023-04-30T12:14:21.498+0000] {logging_mixin.py:137} INFO - [2023-04-30T12:14:21.498+0000] {taskmixin.py:211} WARNING - Dependency <Task(_PythonDecoratedOperator): print_the_context>, log_sql_query already registered for DAG: example_python_operator
[2023-04-30T12:14:21.498+0000] {logging_mixin.py:137} INFO - [2023-04-30T12:14:21.498+0000] {taskmixin.py:211} WARNING - Dependency <Task(_PythonDecoratedOperator): log_sql_query>, print_the_context already registered for DAG: example_python_operator
[2023-04-30T12:14:21.499+0000] {logging_mixin.py:137} INFO - [2023-04-30T12:14:21.499+0000] {taskmixin.py:211} WARNING - Dependency <Task(_PythonDecoratedOperator): print_the_context>, log_sql_query already registered for DAG: example_python_operator
[2023-04-30T12:14:21.499+0000] {logging_mixin.py:137} INFO - [2023-04-30T12:14:21.499+0000] {taskmixin.py:211} WARNING - Dependency <Task(_PythonDecoratedOperator): log_sql_query>, print_the_context already registered for DAG: example_python_operator
[2023-04-30T12:14:21.499+0000] {logging_mixin.py:137} INFO - [2023-04-30T12:14:21.499+0000] {taskmixin.py:211} WARNING - Dependency <Task(_PythonDecoratedOperator): print_the_context>, log_sql_query already registered for DAG: example_python_operator
[2023-04-30T12:14:21.499+0000] {logging_mixin.py:137} INFO - [2023-04-30T12:14:21.499+0000] {taskmixin.py:211} WARNING - Dependency <Task(_PythonDecoratedOperator): log_sql_query>, print_the_context already registered for DAG: example_python_operator
[2023-04-30T12:14:21.505+0000] {processor.py:753} INFO - DAG(s) dict_keys(['example_python_operator']) retrieved from /home/airflow/.local/lib/python3.7/site-packages/airflow/example_dags/example_python_operator.py
[2023-04-30T12:14:21.527+0000] {logging_mixin.py:137} INFO - [2023-04-30T12:14:21.527+0000] {dag.py:2705} INFO - Sync 1 DAGs
[2023-04-30T12:14:21.547+0000] {logging_mixin.py:137} INFO - [2023-04-30T12:14:21.547+0000] {dag.py:3456} INFO - Setting next_dagrun for example_python_operator to None, run_after=None
[2023-04-30T12:14:21.561+0000] {processor.py:175} INFO - Processing /home/airflow/.local/lib/python3.7/site-packages/airflow/example_dags/example_python_operator.py took 0.081 seconds
[2023-04-30T12:14:51.965+0000] {processor.py:153} INFO - Started process (PID=381) to work on /home/airflow/.local/lib/python3.7/site-packages/airflow/example_dags/example_python_operator.py
[2023-04-30T12:14:51.966+0000] {processor.py:743} INFO - Processing file /home/airflow/.local/lib/python3.7/site-packages/airflow/example_dags/example_python_operator.py for tasks to queue
[2023-04-30T12:14:51.966+0000] {logging_mixin.py:137} INFO - [2023-04-30T12:14:51.966+0000] {dagbag.py:532} INFO - Filling up the DagBag from /home/airflow/.local/lib/python3.7/site-packages/airflow/example_dags/example_python_operator.py
[2023-04-30T12:14:51.980+0000] {logging_mixin.py:137} INFO - [2023-04-30T12:14:51.980+0000] {taskmixin.py:211} WARNING - Dependency <Task(_PythonDecoratedOperator): print_the_context>, log_sql_query already registered for DAG: example_python_operator
[2023-04-30T12:14:51.980+0000] {logging_mixin.py:137} INFO - [2023-04-30T12:14:51.980+0000] {taskmixin.py:211} WARNING - Dependency <Task(_PythonDecoratedOperator): log_sql_query>, print_the_context already registered for DAG: example_python_operator
[2023-04-30T12:14:51.981+0000] {logging_mixin.py:137} INFO - [2023-04-30T12:14:51.981+0000] {taskmixin.py:211} WARNING - Dependency <Task(_PythonDecoratedOperator): print_the_context>, log_sql_query already registered for DAG: example_python_operator
[2023-04-30T12:14:51.981+0000] {logging_mixin.py:137} INFO - [2023-04-30T12:14:51.981+0000] {taskmixin.py:211} WARNING - Dependency <Task(_PythonDecoratedOperator): log_sql_query>, print_the_context already registered for DAG: example_python_operator
[2023-04-30T12:14:51.981+0000] {logging_mixin.py:137} INFO - [2023-04-30T12:14:51.981+0000] {taskmixin.py:211} WARNING - Dependency <Task(_PythonDecoratedOperator): print_the_context>, log_sql_query already registered for DAG: example_python_operator
[2023-04-30T12:14:51.982+0000] {logging_mixin.py:137} INFO - [2023-04-30T12:14:51.982+0000] {taskmixin.py:211} WARNING - Dependency <Task(_PythonDecoratedOperator): log_sql_query>, print_the_context already registered for DAG: example_python_operator
[2023-04-30T12:14:51.982+0000] {logging_mixin.py:137} INFO - [2023-04-30T12:14:51.982+0000] {taskmixin.py:211} WARNING - Dependency <Task(_PythonDecoratedOperator): print_the_context>, log_sql_query already registered for DAG: example_python_operator
[2023-04-30T12:14:51.982+0000] {logging_mixin.py:137} INFO - [2023-04-30T12:14:51.982+0000] {taskmixin.py:211} WARNING - Dependency <Task(_PythonDecoratedOperator): log_sql_query>, print_the_context already registered for DAG: example_python_operator
[2023-04-30T12:14:51.988+0000] {processor.py:753} INFO - DAG(s) dict_keys(['example_python_operator']) retrieved from /home/airflow/.local/lib/python3.7/site-packages/airflow/example_dags/example_python_operator.py
[2023-04-30T12:14:52.010+0000] {logging_mixin.py:137} INFO - [2023-04-30T12:14:52.010+0000] {dag.py:2705} INFO - Sync 1 DAGs
[2023-04-30T12:14:52.030+0000] {logging_mixin.py:137} INFO - [2023-04-30T12:14:52.030+0000] {dag.py:3456} INFO - Setting next_dagrun for example_python_operator to None, run_after=None
[2023-04-30T12:14:52.045+0000] {processor.py:175} INFO - Processing /home/airflow/.local/lib/python3.7/site-packages/airflow/example_dags/example_python_operator.py took 0.082 seconds
[2023-04-30T12:15:22.418+0000] {processor.py:153} INFO - Started process (PID=431) to work on /home/airflow/.local/lib/python3.7/site-packages/airflow/example_dags/example_python_operator.py
[2023-04-30T12:15:22.419+0000] {processor.py:743} INFO - Processing file /home/airflow/.local/lib/python3.7/site-packages/airflow/example_dags/example_python_operator.py for tasks to queue
[2023-04-30T12:15:22.420+0000] {logging_mixin.py:137} INFO - [2023-04-30T12:15:22.419+0000] {dagbag.py:532} INFO - Filling up the DagBag from /home/airflow/.local/lib/python3.7/site-packages/airflow/example_dags/example_python_operator.py
[2023-04-30T12:15:22.433+0000] {logging_mixin.py:137} INFO - [2023-04-30T12:15:22.433+0000] {taskmixin.py:211} WARNING - Dependency <Task(_PythonDecoratedOperator): print_the_context>, log_sql_query already registered for DAG: example_python_operator
[2023-04-30T12:15:22.433+0000] {logging_mixin.py:137} INFO - [2023-04-30T12:15:22.433+0000] {taskmixin.py:211} WARNING - Dependency <Task(_PythonDecoratedOperator): log_sql_query>, print_the_context already registered for DAG: example_python_operator
[2023-04-30T12:15:22.434+0000] {logging_mixin.py:137} INFO - [2023-04-30T12:15:22.434+0000] {taskmixin.py:211} WARNING - Dependency <Task(_PythonDecoratedOperator): print_the_context>, log_sql_query already registered for DAG: example_python_operator
[2023-04-30T12:15:22.434+0000] {logging_mixin.py:137} INFO - [2023-04-30T12:15:22.434+0000] {taskmixin.py:211} WARNING - Dependency <Task(_PythonDecoratedOperator): log_sql_query>, print_the_context already registered for DAG: example_python_operator
[2023-04-30T12:15:22.434+0000] {logging_mixin.py:137} INFO - [2023-04-30T12:15:22.434+0000] {taskmixin.py:211} WARNING - Dependency <Task(_PythonDecoratedOperator): print_the_context>, log_sql_query already registered for DAG: example_python_operator
[2023-04-30T12:15:22.435+0000] {logging_mixin.py:137} INFO - [2023-04-30T12:15:22.435+0000] {taskmixin.py:211} WARNING - Dependency <Task(_PythonDecoratedOperator): log_sql_query>, print_the_context already registered for DAG: example_python_operator
[2023-04-30T12:15:22.435+0000] {logging_mixin.py:137} INFO - [2023-04-30T12:15:22.435+0000] {taskmixin.py:211} WARNING - Dependency <Task(_PythonDecoratedOperator): print_the_context>, log_sql_query already registered for DAG: example_python_operator
[2023-04-30T12:15:22.435+0000] {logging_mixin.py:137} INFO - [2023-04-30T12:15:22.435+0000] {taskmixin.py:211} WARNING - Dependency <Task(_PythonDecoratedOperator): log_sql_query>, print_the_context already registered for DAG: example_python_operator
[2023-04-30T12:15:22.441+0000] {processor.py:753} INFO - DAG(s) dict_keys(['example_python_operator']) retrieved from /home/airflow/.local/lib/python3.7/site-packages/airflow/example_dags/example_python_operator.py
[2023-04-30T12:15:22.465+0000] {logging_mixin.py:137} INFO - [2023-04-30T12:15:22.465+0000] {dag.py:2705} INFO - Sync 1 DAGs
[2023-04-30T12:15:22.490+0000] {logging_mixin.py:137} INFO - [2023-04-30T12:15:22.490+0000] {dag.py:3456} INFO - Setting next_dagrun for example_python_operator to None, run_after=None
[2023-04-30T12:15:22.510+0000] {processor.py:175} INFO - Processing /home/airflow/.local/lib/python3.7/site-packages/airflow/example_dags/example_python_operator.py took 0.095 seconds
[2023-04-30T12:15:53.054+0000] {processor.py:153} INFO - Started process (PID=481) to work on /home/airflow/.local/lib/python3.7/site-packages/airflow/example_dags/example_python_operator.py
[2023-04-30T12:15:53.056+0000] {processor.py:743} INFO - Processing file /home/airflow/.local/lib/python3.7/site-packages/airflow/example_dags/example_python_operator.py for tasks to queue
[2023-04-30T12:15:53.058+0000] {logging_mixin.py:137} INFO - [2023-04-30T12:15:53.057+0000] {dagbag.py:532} INFO - Filling up the DagBag from /home/airflow/.local/lib/python3.7/site-packages/airflow/example_dags/example_python_operator.py
[2023-04-30T12:15:53.097+0000] {logging_mixin.py:137} INFO - [2023-04-30T12:15:53.097+0000] {taskmixin.py:211} WARNING - Dependency <Task(_PythonDecoratedOperator): print_the_context>, log_sql_query already registered for DAG: example_python_operator
[2023-04-30T12:15:53.097+0000] {logging_mixin.py:137} INFO - [2023-04-30T12:15:53.097+0000] {taskmixin.py:211} WARNING - Dependency <Task(_PythonDecoratedOperator): log_sql_query>, print_the_context already registered for DAG: example_python_operator
[2023-04-30T12:15:53.099+0000] {logging_mixin.py:137} INFO - [2023-04-30T12:15:53.099+0000] {taskmixin.py:211} WARNING - Dependency <Task(_PythonDecoratedOperator): print_the_context>, log_sql_query already registered for DAG: example_python_operator
[2023-04-30T12:15:53.099+0000] {logging_mixin.py:137} INFO - [2023-04-30T12:15:53.099+0000] {taskmixin.py:211} WARNING - Dependency <Task(_PythonDecoratedOperator): log_sql_query>, print_the_context already registered for DAG: example_python_operator
[2023-04-30T12:15:53.101+0000] {logging_mixin.py:137} INFO - [2023-04-30T12:15:53.101+0000] {taskmixin.py:211} WARNING - Dependency <Task(_PythonDecoratedOperator): print_the_context>, log_sql_query already registered for DAG: example_python_operator
[2023-04-30T12:15:53.101+0000] {logging_mixin.py:137} INFO - [2023-04-30T12:15:53.101+0000] {taskmixin.py:211} WARNING - Dependency <Task(_PythonDecoratedOperator): log_sql_query>, print_the_context already registered for DAG: example_python_operator
[2023-04-30T12:15:53.103+0000] {logging_mixin.py:137} INFO - [2023-04-30T12:15:53.103+0000] {taskmixin.py:211} WARNING - Dependency <Task(_PythonDecoratedOperator): print_the_context>, log_sql_query already registered for DAG: example_python_operator
[2023-04-30T12:15:53.103+0000] {logging_mixin.py:137} INFO - [2023-04-30T12:15:53.103+0000] {taskmixin.py:211} WARNING - Dependency <Task(_PythonDecoratedOperator): log_sql_query>, print_the_context already registered for DAG: example_python_operator
[2023-04-30T12:15:53.119+0000] {processor.py:753} INFO - DAG(s) dict_keys(['example_python_operator']) retrieved from /home/airflow/.local/lib/python3.7/site-packages/airflow/example_dags/example_python_operator.py
[2023-04-30T12:15:53.159+0000] {logging_mixin.py:137} INFO - [2023-04-30T12:15:53.158+0000] {dag.py:2705} INFO - Sync 1 DAGs
[2023-04-30T12:15:53.194+0000] {logging_mixin.py:137} INFO - [2023-04-30T12:15:53.194+0000] {dag.py:3456} INFO - Setting next_dagrun for example_python_operator to None, run_after=None
[2023-04-30T12:15:53.217+0000] {processor.py:175} INFO - Processing /home/airflow/.local/lib/python3.7/site-packages/airflow/example_dags/example_python_operator.py took 0.169 seconds
[2023-04-30T12:16:23.530+0000] {processor.py:153} INFO - Started process (PID=531) to work on /home/airflow/.local/lib/python3.7/site-packages/airflow/example_dags/example_python_operator.py
[2023-04-30T12:16:23.531+0000] {processor.py:743} INFO - Processing file /home/airflow/.local/lib/python3.7/site-packages/airflow/example_dags/example_python_operator.py for tasks to queue
[2023-04-30T12:16:23.531+0000] {logging_mixin.py:137} INFO - [2023-04-30T12:16:23.531+0000] {dagbag.py:532} INFO - Filling up the DagBag from /home/airflow/.local/lib/python3.7/site-packages/airflow/example_dags/example_python_operator.py
[2023-04-30T12:16:23.546+0000] {logging_mixin.py:137} INFO - [2023-04-30T12:16:23.546+0000] {taskmixin.py:211} WARNING - Dependency <Task(_PythonDecoratedOperator): print_the_context>, log_sql_query already registered for DAG: example_python_operator
[2023-04-30T12:16:23.546+0000] {logging_mixin.py:137} INFO - [2023-04-30T12:16:23.546+0000] {taskmixin.py:211} WARNING - Dependency <Task(_PythonDecoratedOperator): log_sql_query>, print_the_context already registered for DAG: example_python_operator
[2023-04-30T12:16:23.547+0000] {logging_mixin.py:137} INFO - [2023-04-30T12:16:23.547+0000] {taskmixin.py:211} WARNING - Dependency <Task(_PythonDecoratedOperator): print_the_context>, log_sql_query already registered for DAG: example_python_operator
[2023-04-30T12:16:23.547+0000] {logging_mixin.py:137} INFO - [2023-04-30T12:16:23.547+0000] {taskmixin.py:211} WARNING - Dependency <Task(_PythonDecoratedOperator): log_sql_query>, print_the_context already registered for DAG: example_python_operator
[2023-04-30T12:16:23.548+0000] {logging_mixin.py:137} INFO - [2023-04-30T12:16:23.547+0000] {taskmixin.py:211} WARNING - Dependency <Task(_PythonDecoratedOperator): print_the_context>, log_sql_query already registered for DAG: example_python_operator
[2023-04-30T12:16:23.548+0000] {logging_mixin.py:137} INFO - [2023-04-30T12:16:23.548+0000] {taskmixin.py:211} WARNING - Dependency <Task(_PythonDecoratedOperator): log_sql_query>, print_the_context already registered for DAG: example_python_operator
[2023-04-30T12:16:23.548+0000] {logging_mixin.py:137} INFO - [2023-04-30T12:16:23.548+0000] {taskmixin.py:211} WARNING - Dependency <Task(_PythonDecoratedOperator): print_the_context>, log_sql_query already registered for DAG: example_python_operator
[2023-04-30T12:16:23.548+0000] {logging_mixin.py:137} INFO - [2023-04-30T12:16:23.548+0000] {taskmixin.py:211} WARNING - Dependency <Task(_PythonDecoratedOperator): log_sql_query>, print_the_context already registered for DAG: example_python_operator
[2023-04-30T12:16:23.554+0000] {processor.py:753} INFO - DAG(s) dict_keys(['example_python_operator']) retrieved from /home/airflow/.local/lib/python3.7/site-packages/airflow/example_dags/example_python_operator.py
[2023-04-30T12:16:23.587+0000] {logging_mixin.py:137} INFO - [2023-04-30T12:16:23.586+0000] {dag.py:2705} INFO - Sync 1 DAGs
[2023-04-30T12:16:23.638+0000] {logging_mixin.py:137} INFO - [2023-04-30T12:16:23.637+0000] {dag.py:3456} INFO - Setting next_dagrun for example_python_operator to None, run_after=None
[2023-04-30T12:16:23.670+0000] {processor.py:175} INFO - Processing /home/airflow/.local/lib/python3.7/site-packages/airflow/example_dags/example_python_operator.py took 0.144 seconds
[2023-04-30T12:16:53.924+0000] {processor.py:153} INFO - Started process (PID=581) to work on /home/airflow/.local/lib/python3.7/site-packages/airflow/example_dags/example_python_operator.py
[2023-04-30T12:16:53.925+0000] {processor.py:743} INFO - Processing file /home/airflow/.local/lib/python3.7/site-packages/airflow/example_dags/example_python_operator.py for tasks to queue
[2023-04-30T12:16:53.925+0000] {logging_mixin.py:137} INFO - [2023-04-30T12:16:53.925+0000] {dagbag.py:532} INFO - Filling up the DagBag from /home/airflow/.local/lib/python3.7/site-packages/airflow/example_dags/example_python_operator.py
[2023-04-30T12:16:53.940+0000] {logging_mixin.py:137} INFO - [2023-04-30T12:16:53.940+0000] {taskmixin.py:211} WARNING - Dependency <Task(_PythonDecoratedOperator): print_the_context>, log_sql_query already registered for DAG: example_python_operator
[2023-04-30T12:16:53.940+0000] {logging_mixin.py:137} INFO - [2023-04-30T12:16:53.940+0000] {taskmixin.py:211} WARNING - Dependency <Task(_PythonDecoratedOperator): log_sql_query>, print_the_context already registered for DAG: example_python_operator
[2023-04-30T12:16:53.941+0000] {logging_mixin.py:137} INFO - [2023-04-30T12:16:53.941+0000] {taskmixin.py:211} WARNING - Dependency <Task(_PythonDecoratedOperator): print_the_context>, log_sql_query already registered for DAG: example_python_operator
[2023-04-30T12:16:53.941+0000] {logging_mixin.py:137} INFO - [2023-04-30T12:16:53.941+0000] {taskmixin.py:211} WARNING - Dependency <Task(_PythonDecoratedOperator): log_sql_query>, print_the_context already registered for DAG: example_python_operator
[2023-04-30T12:16:53.941+0000] {logging_mixin.py:137} INFO - [2023-04-30T12:16:53.941+0000] {taskmixin.py:211} WARNING - Dependency <Task(_PythonDecoratedOperator): print_the_context>, log_sql_query already registered for DAG: example_python_operator
[2023-04-30T12:16:53.941+0000] {logging_mixin.py:137} INFO - [2023-04-30T12:16:53.941+0000] {taskmixin.py:211} WARNING - Dependency <Task(_PythonDecoratedOperator): log_sql_query>, print_the_context already registered for DAG: example_python_operator
[2023-04-30T12:16:53.942+0000] {logging_mixin.py:137} INFO - [2023-04-30T12:16:53.942+0000] {taskmixin.py:211} WARNING - Dependency <Task(_PythonDecoratedOperator): print_the_context>, log_sql_query already registered for DAG: example_python_operator
[2023-04-30T12:16:53.942+0000] {logging_mixin.py:137} INFO - [2023-04-30T12:16:53.942+0000] {taskmixin.py:211} WARNING - Dependency <Task(_PythonDecoratedOperator): log_sql_query>, print_the_context already registered for DAG: example_python_operator
[2023-04-30T12:16:53.948+0000] {processor.py:753} INFO - DAG(s) dict_keys(['example_python_operator']) retrieved from /home/airflow/.local/lib/python3.7/site-packages/airflow/example_dags/example_python_operator.py
[2023-04-30T12:16:53.971+0000] {logging_mixin.py:137} INFO - [2023-04-30T12:16:53.971+0000] {dag.py:2705} INFO - Sync 1 DAGs
[2023-04-30T12:16:53.992+0000] {logging_mixin.py:137} INFO - [2023-04-30T12:16:53.992+0000] {dag.py:3456} INFO - Setting next_dagrun for example_python_operator to None, run_after=None
[2023-04-30T12:16:54.014+0000] {processor.py:175} INFO - Processing /home/airflow/.local/lib/python3.7/site-packages/airflow/example_dags/example_python_operator.py took 0.094 seconds
[2023-04-30T12:17:24.273+0000] {processor.py:153} INFO - Started process (PID=631) to work on /home/airflow/.local/lib/python3.7/site-packages/airflow/example_dags/example_python_operator.py
[2023-04-30T12:17:24.274+0000] {processor.py:743} INFO - Processing file /home/airflow/.local/lib/python3.7/site-packages/airflow/example_dags/example_python_operator.py for tasks to queue
[2023-04-30T12:17:24.274+0000] {logging_mixin.py:137} INFO - [2023-04-30T12:17:24.274+0000] {dagbag.py:532} INFO - Filling up the DagBag from /home/airflow/.local/lib/python3.7/site-packages/airflow/example_dags/example_python_operator.py
[2023-04-30T12:17:24.288+0000] {logging_mixin.py:137} INFO - [2023-04-30T12:17:24.288+0000] {taskmixin.py:211} WARNING - Dependency <Task(_PythonDecoratedOperator): print_the_context>, log_sql_query already registered for DAG: example_python_operator
[2023-04-30T12:17:24.288+0000] {logging_mixin.py:137} INFO - [2023-04-30T12:17:24.288+0000] {taskmixin.py:211} WARNING - Dependency <Task(_PythonDecoratedOperator): log_sql_query>, print_the_context already registered for DAG: example_python_operator
[2023-04-30T12:17:24.289+0000] {logging_mixin.py:137} INFO - [2023-04-30T12:17:24.289+0000] {taskmixin.py:211} WARNING - Dependency <Task(_PythonDecoratedOperator): print_the_context>, log_sql_query already registered for DAG: example_python_operator
[2023-04-30T12:17:24.289+0000] {logging_mixin.py:137} INFO - [2023-04-30T12:17:24.289+0000] {taskmixin.py:211} WARNING - Dependency <Task(_PythonDecoratedOperator): log_sql_query>, print_the_context already registered for DAG: example_python_operator
[2023-04-30T12:17:24.290+0000] {logging_mixin.py:137} INFO - [2023-04-30T12:17:24.289+0000] {taskmixin.py:211} WARNING - Dependency <Task(_PythonDecoratedOperator): print_the_context>, log_sql_query already registered for DAG: example_python_operator
[2023-04-30T12:17:24.290+0000] {logging_mixin.py:137} INFO - [2023-04-30T12:17:24.290+0000] {taskmixin.py:211} WARNING - Dependency <Task(_PythonDecoratedOperator): log_sql_query>, print_the_context already registered for DAG: example_python_operator
[2023-04-30T12:17:24.290+0000] {logging_mixin.py:137} INFO - [2023-04-30T12:17:24.290+0000] {taskmixin.py:211} WARNING - Dependency <Task(_PythonDecoratedOperator): print_the_context>, log_sql_query already registered for DAG: example_python_operator
[2023-04-30T12:17:24.290+0000] {logging_mixin.py:137} INFO - [2023-04-30T12:17:24.290+0000] {taskmixin.py:211} WARNING - Dependency <Task(_PythonDecoratedOperator): log_sql_query>, print_the_context already registered for DAG: example_python_operator
[2023-04-30T12:17:24.296+0000] {processor.py:753} INFO - DAG(s) dict_keys(['example_python_operator']) retrieved from /home/airflow/.local/lib/python3.7/site-packages/airflow/example_dags/example_python_operator.py
[2023-04-30T12:17:24.318+0000] {logging_mixin.py:137} INFO - [2023-04-30T12:17:24.318+0000] {dag.py:2705} INFO - Sync 1 DAGs
[2023-04-30T12:17:24.339+0000] {logging_mixin.py:137} INFO - [2023-04-30T12:17:24.339+0000] {dag.py:3456} INFO - Setting next_dagrun for example_python_operator to None, run_after=None
[2023-04-30T12:17:24.353+0000] {processor.py:175} INFO - Processing /home/airflow/.local/lib/python3.7/site-packages/airflow/example_dags/example_python_operator.py took 0.082 seconds
[2023-04-30T12:17:54.566+0000] {processor.py:153} INFO - Started process (PID=681) to work on /home/airflow/.local/lib/python3.7/site-packages/airflow/example_dags/example_python_operator.py
[2023-04-30T12:17:54.567+0000] {processor.py:743} INFO - Processing file /home/airflow/.local/lib/python3.7/site-packages/airflow/example_dags/example_python_operator.py for tasks to queue
[2023-04-30T12:17:54.567+0000] {logging_mixin.py:137} INFO - [2023-04-30T12:17:54.567+0000] {dagbag.py:532} INFO - Filling up the DagBag from /home/airflow/.local/lib/python3.7/site-packages/airflow/example_dags/example_python_operator.py
[2023-04-30T12:17:54.584+0000] {logging_mixin.py:137} INFO - [2023-04-30T12:17:54.583+0000] {taskmixin.py:211} WARNING - Dependency <Task(_PythonDecoratedOperator): print_the_context>, log_sql_query already registered for DAG: example_python_operator
[2023-04-30T12:17:54.584+0000] {logging_mixin.py:137} INFO - [2023-04-30T12:17:54.584+0000] {taskmixin.py:211} WARNING - Dependency <Task(_PythonDecoratedOperator): log_sql_query>, print_the_context already registered for DAG: example_python_operator
[2023-04-30T12:17:54.584+0000] {logging_mixin.py:137} INFO - [2023-04-30T12:17:54.584+0000] {taskmixin.py:211} WARNING - Dependency <Task(_PythonDecoratedOperator): print_the_context>, log_sql_query already registered for DAG: example_python_operator
[2023-04-30T12:17:54.584+0000] {logging_mixin.py:137} INFO - [2023-04-30T12:17:54.584+0000] {taskmixin.py:211} WARNING - Dependency <Task(_PythonDecoratedOperator): log_sql_query>, print_the_context already registered for DAG: example_python_operator
[2023-04-30T12:17:54.585+0000] {logging_mixin.py:137} INFO - [2023-04-30T12:17:54.585+0000] {taskmixin.py:211} WARNING - Dependency <Task(_PythonDecoratedOperator): print_the_context>, log_sql_query already registered for DAG: example_python_operator
[2023-04-30T12:17:54.585+0000] {logging_mixin.py:137} INFO - [2023-04-30T12:17:54.585+0000] {taskmixin.py:211} WARNING - Dependency <Task(_PythonDecoratedOperator): log_sql_query>, print_the_context already registered for DAG: example_python_operator
[2023-04-30T12:17:54.586+0000] {logging_mixin.py:137} INFO - [2023-04-30T12:17:54.585+0000] {taskmixin.py:211} WARNING - Dependency <Task(_PythonDecoratedOperator): print_the_context>, log_sql_query already registered for DAG: example_python_operator
[2023-04-30T12:17:54.586+0000] {logging_mixin.py:137} INFO - [2023-04-30T12:17:54.586+0000] {taskmixin.py:211} WARNING - Dependency <Task(_PythonDecoratedOperator): log_sql_query>, print_the_context already registered for DAG: example_python_operator
[2023-04-30T12:17:54.592+0000] {processor.py:753} INFO - DAG(s) dict_keys(['example_python_operator']) retrieved from /home/airflow/.local/lib/python3.7/site-packages/airflow/example_dags/example_python_operator.py
[2023-04-30T12:17:54.619+0000] {logging_mixin.py:137} INFO - [2023-04-30T12:17:54.619+0000] {dag.py:2705} INFO - Sync 1 DAGs
[2023-04-30T12:17:54.644+0000] {logging_mixin.py:137} INFO - [2023-04-30T12:17:54.644+0000] {dag.py:3456} INFO - Setting next_dagrun for example_python_operator to None, run_after=None
[2023-04-30T12:17:54.660+0000] {processor.py:175} INFO - Processing /home/airflow/.local/lib/python3.7/site-packages/airflow/example_dags/example_python_operator.py took 0.097 seconds
[2023-04-30T12:18:24.910+0000] {processor.py:153} INFO - Started process (PID=731) to work on /home/airflow/.local/lib/python3.7/site-packages/airflow/example_dags/example_python_operator.py
[2023-04-30T12:18:24.910+0000] {processor.py:743} INFO - Processing file /home/airflow/.local/lib/python3.7/site-packages/airflow/example_dags/example_python_operator.py for tasks to queue
[2023-04-30T12:18:24.911+0000] {logging_mixin.py:137} INFO - [2023-04-30T12:18:24.911+0000] {dagbag.py:532} INFO - Filling up the DagBag from /home/airflow/.local/lib/python3.7/site-packages/airflow/example_dags/example_python_operator.py
[2023-04-30T12:18:24.925+0000] {logging_mixin.py:137} INFO - [2023-04-30T12:18:24.924+0000] {taskmixin.py:211} WARNING - Dependency <Task(_PythonDecoratedOperator): print_the_context>, log_sql_query already registered for DAG: example_python_operator
[2023-04-30T12:18:24.925+0000] {logging_mixin.py:137} INFO - [2023-04-30T12:18:24.925+0000] {taskmixin.py:211} WARNING - Dependency <Task(_PythonDecoratedOperator): log_sql_query>, print_the_context already registered for DAG: example_python_operator
[2023-04-30T12:18:24.925+0000] {logging_mixin.py:137} INFO - [2023-04-30T12:18:24.925+0000] {taskmixin.py:211} WARNING - Dependency <Task(_PythonDecoratedOperator): print_the_context>, log_sql_query already registered for DAG: example_python_operator
[2023-04-30T12:18:24.925+0000] {logging_mixin.py:137} INFO - [2023-04-30T12:18:24.925+0000] {taskmixin.py:211} WARNING - Dependency <Task(_PythonDecoratedOperator): log_sql_query>, print_the_context already registered for DAG: example_python_operator
[2023-04-30T12:18:24.926+0000] {logging_mixin.py:137} INFO - [2023-04-30T12:18:24.926+0000] {taskmixin.py:211} WARNING - Dependency <Task(_PythonDecoratedOperator): print_the_context>, log_sql_query already registered for DAG: example_python_operator
[2023-04-30T12:18:24.926+0000] {logging_mixin.py:137} INFO - [2023-04-30T12:18:24.926+0000] {taskmixin.py:211} WARNING - Dependency <Task(_PythonDecoratedOperator): log_sql_query>, print_the_context already registered for DAG: example_python_operator
[2023-04-30T12:18:24.927+0000] {logging_mixin.py:137} INFO - [2023-04-30T12:18:24.926+0000] {taskmixin.py:211} WARNING - Dependency <Task(_PythonDecoratedOperator): print_the_context>, log_sql_query already registered for DAG: example_python_operator
[2023-04-30T12:18:24.927+0000] {logging_mixin.py:137} INFO - [2023-04-30T12:18:24.927+0000] {taskmixin.py:211} WARNING - Dependency <Task(_PythonDecoratedOperator): log_sql_query>, print_the_context already registered for DAG: example_python_operator
[2023-04-30T12:18:24.932+0000] {processor.py:753} INFO - DAG(s) dict_keys(['example_python_operator']) retrieved from /home/airflow/.local/lib/python3.7/site-packages/airflow/example_dags/example_python_operator.py
[2023-04-30T12:18:24.955+0000] {logging_mixin.py:137} INFO - [2023-04-30T12:18:24.955+0000] {dag.py:2705} INFO - Sync 1 DAGs
[2023-04-30T12:18:24.975+0000] {logging_mixin.py:137} INFO - [2023-04-30T12:18:24.975+0000] {dag.py:3456} INFO - Setting next_dagrun for example_python_operator to None, run_after=None
[2023-04-30T12:18:24.990+0000] {processor.py:175} INFO - Processing /home/airflow/.local/lib/python3.7/site-packages/airflow/example_dags/example_python_operator.py took 0.082 seconds
[2023-04-30T12:18:55.339+0000] {processor.py:153} INFO - Started process (PID=781) to work on /home/airflow/.local/lib/python3.7/site-packages/airflow/example_dags/example_python_operator.py
[2023-04-30T12:18:55.340+0000] {processor.py:743} INFO - Processing file /home/airflow/.local/lib/python3.7/site-packages/airflow/example_dags/example_python_operator.py for tasks to queue
[2023-04-30T12:18:55.340+0000] {logging_mixin.py:137} INFO - [2023-04-30T12:18:55.340+0000] {dagbag.py:532} INFO - Filling up the DagBag from /home/airflow/.local/lib/python3.7/site-packages/airflow/example_dags/example_python_operator.py
[2023-04-30T12:18:55.357+0000] {logging_mixin.py:137} INFO - [2023-04-30T12:18:55.357+0000] {taskmixin.py:211} WARNING - Dependency <Task(_PythonDecoratedOperator): print_the_context>, log_sql_query already registered for DAG: example_python_operator
[2023-04-30T12:18:55.357+0000] {logging_mixin.py:137} INFO - [2023-04-30T12:18:55.357+0000] {taskmixin.py:211} WARNING - Dependency <Task(_PythonDecoratedOperator): log_sql_query>, print_the_context already registered for DAG: example_python_operator
[2023-04-30T12:18:55.358+0000] {logging_mixin.py:137} INFO - [2023-04-30T12:18:55.358+0000] {taskmixin.py:211} WARNING - Dependency <Task(_PythonDecoratedOperator): print_the_context>, log_sql_query already registered for DAG: example_python_operator
[2023-04-30T12:18:55.358+0000] {logging_mixin.py:137} INFO - [2023-04-30T12:18:55.358+0000] {taskmixin.py:211} WARNING - Dependency <Task(_PythonDecoratedOperator): log_sql_query>, print_the_context already registered for DAG: example_python_operator
[2023-04-30T12:18:55.358+0000] {logging_mixin.py:137} INFO - [2023-04-30T12:18:55.358+0000] {taskmixin.py:211} WARNING - Dependency <Task(_PythonDecoratedOperator): print_the_context>, log_sql_query already registered for DAG: example_python_operator
[2023-04-30T12:18:55.358+0000] {logging_mixin.py:137} INFO - [2023-04-30T12:18:55.358+0000] {taskmixin.py:211} WARNING - Dependency <Task(_PythonDecoratedOperator): log_sql_query>, print_the_context already registered for DAG: example_python_operator
[2023-04-30T12:18:55.359+0000] {logging_mixin.py:137} INFO - [2023-04-30T12:18:55.359+0000] {taskmixin.py:211} WARNING - Dependency <Task(_PythonDecoratedOperator): print_the_context>, log_sql_query already registered for DAG: example_python_operator
[2023-04-30T12:18:55.359+0000] {logging_mixin.py:137} INFO - [2023-04-30T12:18:55.359+0000] {taskmixin.py:211} WARNING - Dependency <Task(_PythonDecoratedOperator): log_sql_query>, print_the_context already registered for DAG: example_python_operator
[2023-04-30T12:18:55.365+0000] {processor.py:753} INFO - DAG(s) dict_keys(['example_python_operator']) retrieved from /home/airflow/.local/lib/python3.7/site-packages/airflow/example_dags/example_python_operator.py
[2023-04-30T12:18:55.393+0000] {logging_mixin.py:137} INFO - [2023-04-30T12:18:55.393+0000] {dag.py:2705} INFO - Sync 1 DAGs
[2023-04-30T12:18:55.416+0000] {logging_mixin.py:137} INFO - [2023-04-30T12:18:55.415+0000] {dag.py:3456} INFO - Setting next_dagrun for example_python_operator to None, run_after=None
[2023-04-30T12:18:55.433+0000] {processor.py:175} INFO - Processing /home/airflow/.local/lib/python3.7/site-packages/airflow/example_dags/example_python_operator.py took 0.098 seconds
[2023-04-30T12:19:25.806+0000] {processor.py:153} INFO - Started process (PID=831) to work on /home/airflow/.local/lib/python3.7/site-packages/airflow/example_dags/example_python_operator.py
[2023-04-30T12:19:25.807+0000] {processor.py:743} INFO - Processing file /home/airflow/.local/lib/python3.7/site-packages/airflow/example_dags/example_python_operator.py for tasks to queue
[2023-04-30T12:19:25.807+0000] {logging_mixin.py:137} INFO - [2023-04-30T12:19:25.807+0000] {dagbag.py:532} INFO - Filling up the DagBag from /home/airflow/.local/lib/python3.7/site-packages/airflow/example_dags/example_python_operator.py
[2023-04-30T12:19:25.821+0000] {logging_mixin.py:137} INFO - [2023-04-30T12:19:25.821+0000] {taskmixin.py:211} WARNING - Dependency <Task(_PythonDecoratedOperator): print_the_context>, log_sql_query already registered for DAG: example_python_operator
[2023-04-30T12:19:25.822+0000] {logging_mixin.py:137} INFO - [2023-04-30T12:19:25.822+0000] {taskmixin.py:211} WARNING - Dependency <Task(_PythonDecoratedOperator): log_sql_query>, print_the_context already registered for DAG: example_python_operator
[2023-04-30T12:19:25.822+0000] {logging_mixin.py:137} INFO - [2023-04-30T12:19:25.822+0000] {taskmixin.py:211} WARNING - Dependency <Task(_PythonDecoratedOperator): print_the_context>, log_sql_query already registered for DAG: example_python_operator
[2023-04-30T12:19:25.822+0000] {logging_mixin.py:137} INFO - [2023-04-30T12:19:25.822+0000] {taskmixin.py:211} WARNING - Dependency <Task(_PythonDecoratedOperator): log_sql_query>, print_the_context already registered for DAG: example_python_operator
[2023-04-30T12:19:25.823+0000] {logging_mixin.py:137} INFO - [2023-04-30T12:19:25.823+0000] {taskmixin.py:211} WARNING - Dependency <Task(_PythonDecoratedOperator): print_the_context>, log_sql_query already registered for DAG: example_python_operator
[2023-04-30T12:19:25.823+0000] {logging_mixin.py:137} INFO - [2023-04-30T12:19:25.823+0000] {taskmixin.py:211} WARNING - Dependency <Task(_PythonDecoratedOperator): log_sql_query>, print_the_context already registered for DAG: example_python_operator
[2023-04-30T12:19:25.823+0000] {logging_mixin.py:137} INFO - [2023-04-30T12:19:25.823+0000] {taskmixin.py:211} WARNING - Dependency <Task(_PythonDecoratedOperator): print_the_context>, log_sql_query already registered for DAG: example_python_operator
[2023-04-30T12:19:25.824+0000] {logging_mixin.py:137} INFO - [2023-04-30T12:19:25.824+0000] {taskmixin.py:211} WARNING - Dependency <Task(_PythonDecoratedOperator): log_sql_query>, print_the_context already registered for DAG: example_python_operator
[2023-04-30T12:19:25.829+0000] {processor.py:753} INFO - DAG(s) dict_keys(['example_python_operator']) retrieved from /home/airflow/.local/lib/python3.7/site-packages/airflow/example_dags/example_python_operator.py
[2023-04-30T12:19:25.852+0000] {logging_mixin.py:137} INFO - [2023-04-30T12:19:25.852+0000] {dag.py:2705} INFO - Sync 1 DAGs
[2023-04-30T12:19:25.875+0000] {logging_mixin.py:137} INFO - [2023-04-30T12:19:25.875+0000] {dag.py:3456} INFO - Setting next_dagrun for example_python_operator to None, run_after=None
[2023-04-30T12:19:25.890+0000] {processor.py:175} INFO - Processing /home/airflow/.local/lib/python3.7/site-packages/airflow/example_dags/example_python_operator.py took 0.086 seconds
[2023-04-30T12:19:56.000+0000] {processor.py:153} INFO - Started process (PID=881) to work on /home/airflow/.local/lib/python3.7/site-packages/airflow/example_dags/example_python_operator.py
[2023-04-30T12:19:56.000+0000] {processor.py:743} INFO - Processing file /home/airflow/.local/lib/python3.7/site-packages/airflow/example_dags/example_python_operator.py for tasks to queue
[2023-04-30T12:19:56.001+0000] {logging_mixin.py:137} INFO - [2023-04-30T12:19:56.001+0000] {dagbag.py:532} INFO - Filling up the DagBag from /home/airflow/.local/lib/python3.7/site-packages/airflow/example_dags/example_python_operator.py
[2023-04-30T12:19:56.015+0000] {logging_mixin.py:137} INFO - [2023-04-30T12:19:56.014+0000] {taskmixin.py:211} WARNING - Dependency <Task(_PythonDecoratedOperator): print_the_context>, log_sql_query already registered for DAG: example_python_operator
[2023-04-30T12:19:56.015+0000] {logging_mixin.py:137} INFO - [2023-04-30T12:19:56.015+0000] {taskmixin.py:211} WARNING - Dependency <Task(_PythonDecoratedOperator): log_sql_query>, print_the_context already registered for DAG: example_python_operator
[2023-04-30T12:19:56.015+0000] {logging_mixin.py:137} INFO - [2023-04-30T12:19:56.015+0000] {taskmixin.py:211} WARNING - Dependency <Task(_PythonDecoratedOperator): print_the_context>, log_sql_query already registered for DAG: example_python_operator
[2023-04-30T12:19:56.015+0000] {logging_mixin.py:137} INFO - [2023-04-30T12:19:56.015+0000] {taskmixin.py:211} WARNING - Dependency <Task(_PythonDecoratedOperator): log_sql_query>, print_the_context already registered for DAG: example_python_operator
[2023-04-30T12:19:56.016+0000] {logging_mixin.py:137} INFO - [2023-04-30T12:19:56.016+0000] {taskmixin.py:211} WARNING - Dependency <Task(_PythonDecoratedOperator): print_the_context>, log_sql_query already registered for DAG: example_python_operator
[2023-04-30T12:19:56.016+0000] {logging_mixin.py:137} INFO - [2023-04-30T12:19:56.016+0000] {taskmixin.py:211} WARNING - Dependency <Task(_PythonDecoratedOperator): log_sql_query>, print_the_context already registered for DAG: example_python_operator
[2023-04-30T12:19:56.016+0000] {logging_mixin.py:137} INFO - [2023-04-30T12:19:56.016+0000] {taskmixin.py:211} WARNING - Dependency <Task(_PythonDecoratedOperator): print_the_context>, log_sql_query already registered for DAG: example_python_operator
[2023-04-30T12:19:56.017+0000] {logging_mixin.py:137} INFO - [2023-04-30T12:19:56.017+0000] {taskmixin.py:211} WARNING - Dependency <Task(_PythonDecoratedOperator): log_sql_query>, print_the_context already registered for DAG: example_python_operator
[2023-04-30T12:19:56.022+0000] {processor.py:753} INFO - DAG(s) dict_keys(['example_python_operator']) retrieved from /home/airflow/.local/lib/python3.7/site-packages/airflow/example_dags/example_python_operator.py
[2023-04-30T12:19:56.045+0000] {logging_mixin.py:137} INFO - [2023-04-30T12:19:56.045+0000] {dag.py:2705} INFO - Sync 1 DAGs
[2023-04-30T12:19:56.065+0000] {logging_mixin.py:137} INFO - [2023-04-30T12:19:56.065+0000] {dag.py:3456} INFO - Setting next_dagrun for example_python_operator to None, run_after=None
[2023-04-30T12:19:56.080+0000] {processor.py:175} INFO - Processing /home/airflow/.local/lib/python3.7/site-packages/airflow/example_dags/example_python_operator.py took 0.083 seconds
[2023-04-30T12:20:26.280+0000] {processor.py:153} INFO - Started process (PID=931) to work on /home/airflow/.local/lib/python3.7/site-packages/airflow/example_dags/example_python_operator.py
[2023-04-30T12:20:26.281+0000] {processor.py:743} INFO - Processing file /home/airflow/.local/lib/python3.7/site-packages/airflow/example_dags/example_python_operator.py for tasks to queue
[2023-04-30T12:20:26.281+0000] {logging_mixin.py:137} INFO - [2023-04-30T12:20:26.281+0000] {dagbag.py:532} INFO - Filling up the DagBag from /home/airflow/.local/lib/python3.7/site-packages/airflow/example_dags/example_python_operator.py
[2023-04-30T12:20:26.295+0000] {logging_mixin.py:137} INFO - [2023-04-30T12:20:26.295+0000] {taskmixin.py:211} WARNING - Dependency <Task(_PythonDecoratedOperator): print_the_context>, log_sql_query already registered for DAG: example_python_operator
[2023-04-30T12:20:26.295+0000] {logging_mixin.py:137} INFO - [2023-04-30T12:20:26.295+0000] {taskmixin.py:211} WARNING - Dependency <Task(_PythonDecoratedOperator): log_sql_query>, print_the_context already registered for DAG: example_python_operator
[2023-04-30T12:20:26.296+0000] {logging_mixin.py:137} INFO - [2023-04-30T12:20:26.296+0000] {taskmixin.py:211} WARNING - Dependency <Task(_PythonDecoratedOperator): print_the_context>, log_sql_query already registered for DAG: example_python_operator
[2023-04-30T12:20:26.296+0000] {logging_mixin.py:137} INFO - [2023-04-30T12:20:26.296+0000] {taskmixin.py:211} WARNING - Dependency <Task(_PythonDecoratedOperator): log_sql_query>, print_the_context already registered for DAG: example_python_operator
[2023-04-30T12:20:26.296+0000] {logging_mixin.py:137} INFO - [2023-04-30T12:20:26.296+0000] {taskmixin.py:211} WARNING - Dependency <Task(_PythonDecoratedOperator): print_the_context>, log_sql_query already registered for DAG: example_python_operator
[2023-04-30T12:20:26.296+0000] {logging_mixin.py:137} INFO - [2023-04-30T12:20:26.296+0000] {taskmixin.py:211} WARNING - Dependency <Task(_PythonDecoratedOperator): log_sql_query>, print_the_context already registered for DAG: example_python_operator
[2023-04-30T12:20:26.297+0000] {logging_mixin.py:137} INFO - [2023-04-30T12:20:26.297+0000] {taskmixin.py:211} WARNING - Dependency <Task(_PythonDecoratedOperator): print_the_context>, log_sql_query already registered for DAG: example_python_operator
[2023-04-30T12:20:26.297+0000] {logging_mixin.py:137} INFO - [2023-04-30T12:20:26.297+0000] {taskmixin.py:211} WARNING - Dependency <Task(_PythonDecoratedOperator): log_sql_query>, print_the_context already registered for DAG: example_python_operator
[2023-04-30T12:20:26.302+0000] {processor.py:753} INFO - DAG(s) dict_keys(['example_python_operator']) retrieved from /home/airflow/.local/lib/python3.7/site-packages/airflow/example_dags/example_python_operator.py
[2023-04-30T12:20:26.325+0000] {logging_mixin.py:137} INFO - [2023-04-30T12:20:26.325+0000] {dag.py:2705} INFO - Sync 1 DAGs
[2023-04-30T12:20:26.346+0000] {logging_mixin.py:137} INFO - [2023-04-30T12:20:26.345+0000] {dag.py:3456} INFO - Setting next_dagrun for example_python_operator to None, run_after=None
[2023-04-30T12:20:26.360+0000] {processor.py:175} INFO - Processing /home/airflow/.local/lib/python3.7/site-packages/airflow/example_dags/example_python_operator.py took 0.083 seconds
[2023-04-30T12:20:56.523+0000] {processor.py:153} INFO - Started process (PID=981) to work on /home/airflow/.local/lib/python3.7/site-packages/airflow/example_dags/example_python_operator.py
[2023-04-30T12:20:56.523+0000] {processor.py:743} INFO - Processing file /home/airflow/.local/lib/python3.7/site-packages/airflow/example_dags/example_python_operator.py for tasks to queue
[2023-04-30T12:20:56.524+0000] {logging_mixin.py:137} INFO - [2023-04-30T12:20:56.524+0000] {dagbag.py:532} INFO - Filling up the DagBag from /home/airflow/.local/lib/python3.7/site-packages/airflow/example_dags/example_python_operator.py
[2023-04-30T12:20:56.538+0000] {logging_mixin.py:137} INFO - [2023-04-30T12:20:56.538+0000] {taskmixin.py:211} WARNING - Dependency <Task(_PythonDecoratedOperator): print_the_context>, log_sql_query already registered for DAG: example_python_operator
[2023-04-30T12:20:56.538+0000] {logging_mixin.py:137} INFO - [2023-04-30T12:20:56.538+0000] {taskmixin.py:211} WARNING - Dependency <Task(_PythonDecoratedOperator): log_sql_query>, print_the_context already registered for DAG: example_python_operator
[2023-04-30T12:20:56.539+0000] {logging_mixin.py:137} INFO - [2023-04-30T12:20:56.539+0000] {taskmixin.py:211} WARNING - Dependency <Task(_PythonDecoratedOperator): print_the_context>, log_sql_query already registered for DAG: example_python_operator
[2023-04-30T12:20:56.539+0000] {logging_mixin.py:137} INFO - [2023-04-30T12:20:56.539+0000] {taskmixin.py:211} WARNING - Dependency <Task(_PythonDecoratedOperator): log_sql_query>, print_the_context already registered for DAG: example_python_operator
[2023-04-30T12:20:56.539+0000] {logging_mixin.py:137} INFO - [2023-04-30T12:20:56.539+0000] {taskmixin.py:211} WARNING - Dependency <Task(_PythonDecoratedOperator): print_the_context>, log_sql_query already registered for DAG: example_python_operator
[2023-04-30T12:20:56.539+0000] {logging_mixin.py:137} INFO - [2023-04-30T12:20:56.539+0000] {taskmixin.py:211} WARNING - Dependency <Task(_PythonDecoratedOperator): log_sql_query>, print_the_context already registered for DAG: example_python_operator
[2023-04-30T12:20:56.540+0000] {logging_mixin.py:137} INFO - [2023-04-30T12:20:56.540+0000] {taskmixin.py:211} WARNING - Dependency <Task(_PythonDecoratedOperator): print_the_context>, log_sql_query already registered for DAG: example_python_operator
[2023-04-30T12:20:56.540+0000] {logging_mixin.py:137} INFO - [2023-04-30T12:20:56.540+0000] {taskmixin.py:211} WARNING - Dependency <Task(_PythonDecoratedOperator): log_sql_query>, print_the_context already registered for DAG: example_python_operator
[2023-04-30T12:20:56.546+0000] {processor.py:753} INFO - DAG(s) dict_keys(['example_python_operator']) retrieved from /home/airflow/.local/lib/python3.7/site-packages/airflow/example_dags/example_python_operator.py
[2023-04-30T12:20:56.569+0000] {logging_mixin.py:137} INFO - [2023-04-30T12:20:56.568+0000] {dag.py:2705} INFO - Sync 1 DAGs
[2023-04-30T12:20:56.590+0000] {logging_mixin.py:137} INFO - [2023-04-30T12:20:56.590+0000] {dag.py:3456} INFO - Setting next_dagrun for example_python_operator to None, run_after=None
[2023-04-30T12:20:56.604+0000] {processor.py:175} INFO - Processing /home/airflow/.local/lib/python3.7/site-packages/airflow/example_dags/example_python_operator.py took 0.084 seconds
[2023-04-30T12:21:26.785+0000] {processor.py:153} INFO - Started process (PID=1031) to work on /home/airflow/.local/lib/python3.7/site-packages/airflow/example_dags/example_python_operator.py
[2023-04-30T12:21:26.785+0000] {processor.py:743} INFO - Processing file /home/airflow/.local/lib/python3.7/site-packages/airflow/example_dags/example_python_operator.py for tasks to queue
[2023-04-30T12:21:26.786+0000] {logging_mixin.py:137} INFO - [2023-04-30T12:21:26.786+0000] {dagbag.py:532} INFO - Filling up the DagBag from /home/airflow/.local/lib/python3.7/site-packages/airflow/example_dags/example_python_operator.py
[2023-04-30T12:21:26.800+0000] {logging_mixin.py:137} INFO - [2023-04-30T12:21:26.799+0000] {taskmixin.py:211} WARNING - Dependency <Task(_PythonDecoratedOperator): print_the_context>, log_sql_query already registered for DAG: example_python_operator
[2023-04-30T12:21:26.800+0000] {logging_mixin.py:137} INFO - [2023-04-30T12:21:26.800+0000] {taskmixin.py:211} WARNING - Dependency <Task(_PythonDecoratedOperator): log_sql_query>, print_the_context already registered for DAG: example_python_operator
[2023-04-30T12:21:26.800+0000] {logging_mixin.py:137} INFO - [2023-04-30T12:21:26.800+0000] {taskmixin.py:211} WARNING - Dependency <Task(_PythonDecoratedOperator): print_the_context>, log_sql_query already registered for DAG: example_python_operator
[2023-04-30T12:21:26.800+0000] {logging_mixin.py:137} INFO - [2023-04-30T12:21:26.800+0000] {taskmixin.py:211} WARNING - Dependency <Task(_PythonDecoratedOperator): log_sql_query>, print_the_context already registered for DAG: example_python_operator
[2023-04-30T12:21:26.801+0000] {logging_mixin.py:137} INFO - [2023-04-30T12:21:26.801+0000] {taskmixin.py:211} WARNING - Dependency <Task(_PythonDecoratedOperator): print_the_context>, log_sql_query already registered for DAG: example_python_operator
[2023-04-30T12:21:26.801+0000] {logging_mixin.py:137} INFO - [2023-04-30T12:21:26.801+0000] {taskmixin.py:211} WARNING - Dependency <Task(_PythonDecoratedOperator): log_sql_query>, print_the_context already registered for DAG: example_python_operator
[2023-04-30T12:21:26.801+0000] {logging_mixin.py:137} INFO - [2023-04-30T12:21:26.801+0000] {taskmixin.py:211} WARNING - Dependency <Task(_PythonDecoratedOperator): print_the_context>, log_sql_query already registered for DAG: example_python_operator
[2023-04-30T12:21:26.802+0000] {logging_mixin.py:137} INFO - [2023-04-30T12:21:26.801+0000] {taskmixin.py:211} WARNING - Dependency <Task(_PythonDecoratedOperator): log_sql_query>, print_the_context already registered for DAG: example_python_operator
[2023-04-30T12:21:26.807+0000] {processor.py:753} INFO - DAG(s) dict_keys(['example_python_operator']) retrieved from /home/airflow/.local/lib/python3.7/site-packages/airflow/example_dags/example_python_operator.py
[2023-04-30T12:21:26.829+0000] {logging_mixin.py:137} INFO - [2023-04-30T12:21:26.829+0000] {dag.py:2705} INFO - Sync 1 DAGs
[2023-04-30T12:21:26.859+0000] {logging_mixin.py:137} INFO - [2023-04-30T12:21:26.859+0000] {dag.py:3456} INFO - Setting next_dagrun for example_python_operator to None, run_after=None
[2023-04-30T12:21:26.873+0000] {processor.py:175} INFO - Processing /home/airflow/.local/lib/python3.7/site-packages/airflow/example_dags/example_python_operator.py took 0.091 seconds
[2023-04-30T12:21:57.246+0000] {processor.py:153} INFO - Started process (PID=1081) to work on /home/airflow/.local/lib/python3.7/site-packages/airflow/example_dags/example_python_operator.py
[2023-04-30T12:21:57.247+0000] {processor.py:743} INFO - Processing file /home/airflow/.local/lib/python3.7/site-packages/airflow/example_dags/example_python_operator.py for tasks to queue
[2023-04-30T12:21:57.247+0000] {logging_mixin.py:137} INFO - [2023-04-30T12:21:57.247+0000] {dagbag.py:532} INFO - Filling up the DagBag from /home/airflow/.local/lib/python3.7/site-packages/airflow/example_dags/example_python_operator.py
[2023-04-30T12:21:57.261+0000] {logging_mixin.py:137} INFO - [2023-04-30T12:21:57.261+0000] {taskmixin.py:211} WARNING - Dependency <Task(_PythonDecoratedOperator): print_the_context>, log_sql_query already registered for DAG: example_python_operator
[2023-04-30T12:21:57.262+0000] {logging_mixin.py:137} INFO - [2023-04-30T12:21:57.262+0000] {taskmixin.py:211} WARNING - Dependency <Task(_PythonDecoratedOperator): log_sql_query>, print_the_context already registered for DAG: example_python_operator
[2023-04-30T12:21:57.262+0000] {logging_mixin.py:137} INFO - [2023-04-30T12:21:57.262+0000] {taskmixin.py:211} WARNING - Dependency <Task(_PythonDecoratedOperator): print_the_context>, log_sql_query already registered for DAG: example_python_operator
[2023-04-30T12:21:57.262+0000] {logging_mixin.py:137} INFO - [2023-04-30T12:21:57.262+0000] {taskmixin.py:211} WARNING - Dependency <Task(_PythonDecoratedOperator): log_sql_query>, print_the_context already registered for DAG: example_python_operator
[2023-04-30T12:21:57.263+0000] {logging_mixin.py:137} INFO - [2023-04-30T12:21:57.263+0000] {taskmixin.py:211} WARNING - Dependency <Task(_PythonDecoratedOperator): print_the_context>, log_sql_query already registered for DAG: example_python_operator
[2023-04-30T12:21:57.263+0000] {logging_mixin.py:137} INFO - [2023-04-30T12:21:57.263+0000] {taskmixin.py:211} WARNING - Dependency <Task(_PythonDecoratedOperator): log_sql_query>, print_the_context already registered for DAG: example_python_operator
[2023-04-30T12:21:57.263+0000] {logging_mixin.py:137} INFO - [2023-04-30T12:21:57.263+0000] {taskmixin.py:211} WARNING - Dependency <Task(_PythonDecoratedOperator): print_the_context>, log_sql_query already registered for DAG: example_python_operator
[2023-04-30T12:21:57.263+0000] {logging_mixin.py:137} INFO - [2023-04-30T12:21:57.263+0000] {taskmixin.py:211} WARNING - Dependency <Task(_PythonDecoratedOperator): log_sql_query>, print_the_context already registered for DAG: example_python_operator
[2023-04-30T12:21:57.270+0000] {processor.py:753} INFO - DAG(s) dict_keys(['example_python_operator']) retrieved from /home/airflow/.local/lib/python3.7/site-packages/airflow/example_dags/example_python_operator.py
[2023-04-30T12:21:57.293+0000] {logging_mixin.py:137} INFO - [2023-04-30T12:21:57.292+0000] {dag.py:2705} INFO - Sync 1 DAGs
[2023-04-30T12:21:57.316+0000] {logging_mixin.py:137} INFO - [2023-04-30T12:21:57.315+0000] {dag.py:3456} INFO - Setting next_dagrun for example_python_operator to None, run_after=None
[2023-04-30T12:21:57.333+0000] {processor.py:175} INFO - Processing /home/airflow/.local/lib/python3.7/site-packages/airflow/example_dags/example_python_operator.py took 0.090 seconds
[2023-04-30T12:22:27.639+0000] {processor.py:153} INFO - Started process (PID=1131) to work on /home/airflow/.local/lib/python3.7/site-packages/airflow/example_dags/example_python_operator.py
[2023-04-30T12:22:27.640+0000] {processor.py:743} INFO - Processing file /home/airflow/.local/lib/python3.7/site-packages/airflow/example_dags/example_python_operator.py for tasks to queue
[2023-04-30T12:22:27.640+0000] {logging_mixin.py:137} INFO - [2023-04-30T12:22:27.640+0000] {dagbag.py:532} INFO - Filling up the DagBag from /home/airflow/.local/lib/python3.7/site-packages/airflow/example_dags/example_python_operator.py
[2023-04-30T12:22:27.655+0000] {logging_mixin.py:137} INFO - [2023-04-30T12:22:27.655+0000] {taskmixin.py:211} WARNING - Dependency <Task(_PythonDecoratedOperator): print_the_context>, log_sql_query already registered for DAG: example_python_operator
[2023-04-30T12:22:27.655+0000] {logging_mixin.py:137} INFO - [2023-04-30T12:22:27.655+0000] {taskmixin.py:211} WARNING - Dependency <Task(_PythonDecoratedOperator): log_sql_query>, print_the_context already registered for DAG: example_python_operator
[2023-04-30T12:22:27.656+0000] {logging_mixin.py:137} INFO - [2023-04-30T12:22:27.656+0000] {taskmixin.py:211} WARNING - Dependency <Task(_PythonDecoratedOperator): print_the_context>, log_sql_query already registered for DAG: example_python_operator
[2023-04-30T12:22:27.656+0000] {logging_mixin.py:137} INFO - [2023-04-30T12:22:27.656+0000] {taskmixin.py:211} WARNING - Dependency <Task(_PythonDecoratedOperator): log_sql_query>, print_the_context already registered for DAG: example_python_operator
[2023-04-30T12:22:27.656+0000] {logging_mixin.py:137} INFO - [2023-04-30T12:22:27.656+0000] {taskmixin.py:211} WARNING - Dependency <Task(_PythonDecoratedOperator): print_the_context>, log_sql_query already registered for DAG: example_python_operator
[2023-04-30T12:22:27.656+0000] {logging_mixin.py:137} INFO - [2023-04-30T12:22:27.656+0000] {taskmixin.py:211} WARNING - Dependency <Task(_PythonDecoratedOperator): log_sql_query>, print_the_context already registered for DAG: example_python_operator
[2023-04-30T12:22:27.657+0000] {logging_mixin.py:137} INFO - [2023-04-30T12:22:27.657+0000] {taskmixin.py:211} WARNING - Dependency <Task(_PythonDecoratedOperator): print_the_context>, log_sql_query already registered for DAG: example_python_operator
[2023-04-30T12:22:27.657+0000] {logging_mixin.py:137} INFO - [2023-04-30T12:22:27.657+0000] {taskmixin.py:211} WARNING - Dependency <Task(_PythonDecoratedOperator): log_sql_query>, print_the_context already registered for DAG: example_python_operator
[2023-04-30T12:22:27.663+0000] {processor.py:753} INFO - DAG(s) dict_keys(['example_python_operator']) retrieved from /home/airflow/.local/lib/python3.7/site-packages/airflow/example_dags/example_python_operator.py
[2023-04-30T12:22:27.686+0000] {logging_mixin.py:137} INFO - [2023-04-30T12:22:27.686+0000] {dag.py:2705} INFO - Sync 1 DAGs
[2023-04-30T12:22:27.709+0000] {logging_mixin.py:137} INFO - [2023-04-30T12:22:27.709+0000] {dag.py:3456} INFO - Setting next_dagrun for example_python_operator to None, run_after=None
[2023-04-30T12:22:27.730+0000] {processor.py:175} INFO - Processing /home/airflow/.local/lib/python3.7/site-packages/airflow/example_dags/example_python_operator.py took 0.094 seconds
