[2023-04-30T12:11:48.046+0000] {processor.py:153} INFO - Started process (PID=57) to work on /home/airflow/.local/lib/python3.7/site-packages/airflow/example_dags/example_dag_decorator.py
[2023-04-30T12:11:48.047+0000] {processor.py:743} INFO - Processing file /home/airflow/.local/lib/python3.7/site-packages/airflow/example_dags/example_dag_decorator.py for tasks to queue
[2023-04-30T12:11:48.047+0000] {logging_mixin.py:137} INFO - [2023-04-30T12:11:48.047+0000] {dagbag.py:532} INFO - Filling up the DagBag from /home/airflow/.local/lib/python3.7/site-packages/airflow/example_dags/example_dag_decorator.py
[2023-04-30T12:11:48.070+0000] {logging_mixin.py:137} INFO - [2023-04-30T12:11:48.069+0000] {taskmixin.py:211} WARNING - Dependency <Task(_PythonDecoratedOperator): prepare_email>, send_email already registered for DAG: example_dag_decorator
[2023-04-30T12:11:48.070+0000] {logging_mixin.py:137} INFO - [2023-04-30T12:11:48.070+0000] {taskmixin.py:211} WARNING - Dependency <Task(EmailOperator): send_email>, prepare_email already registered for DAG: example_dag_decorator
[2023-04-30T12:11:48.092+0000] {processor.py:753} INFO - DAG(s) dict_keys(['example_dag_decorator']) retrieved from /home/airflow/.local/lib/python3.7/site-packages/airflow/example_dags/example_dag_decorator.py
[2023-04-30T12:11:48.103+0000] {logging_mixin.py:137} INFO - [2023-04-30T12:11:48.103+0000] {dag.py:2705} INFO - Sync 1 DAGs
[2023-04-30T12:11:48.128+0000] {logging_mixin.py:137} INFO - [2023-04-30T12:11:48.128+0000] {dag.py:3456} INFO - Setting next_dagrun for example_dag_decorator to None, run_after=None
[2023-04-30T12:11:48.146+0000] {processor.py:175} INFO - Processing /home/airflow/.local/lib/python3.7/site-packages/airflow/example_dags/example_dag_decorator.py took 0.104 seconds
[2023-04-30T12:12:18.196+0000] {processor.py:153} INFO - Started process (PID=107) to work on /home/airflow/.local/lib/python3.7/site-packages/airflow/example_dags/example_dag_decorator.py
[2023-04-30T12:12:18.197+0000] {processor.py:743} INFO - Processing file /home/airflow/.local/lib/python3.7/site-packages/airflow/example_dags/example_dag_decorator.py for tasks to queue
[2023-04-30T12:12:18.197+0000] {logging_mixin.py:137} INFO - [2023-04-30T12:12:18.197+0000] {dagbag.py:532} INFO - Filling up the DagBag from /home/airflow/.local/lib/python3.7/site-packages/airflow/example_dags/example_dag_decorator.py
[2023-04-30T12:12:18.211+0000] {logging_mixin.py:137} INFO - [2023-04-30T12:12:18.210+0000] {taskmixin.py:211} WARNING - Dependency <Task(_PythonDecoratedOperator): prepare_email>, send_email already registered for DAG: example_dag_decorator
[2023-04-30T12:12:18.211+0000] {logging_mixin.py:137} INFO - [2023-04-30T12:12:18.211+0000] {taskmixin.py:211} WARNING - Dependency <Task(EmailOperator): send_email>, prepare_email already registered for DAG: example_dag_decorator
[2023-04-30T12:12:18.220+0000] {processor.py:753} INFO - DAG(s) dict_keys(['example_dag_decorator']) retrieved from /home/airflow/.local/lib/python3.7/site-packages/airflow/example_dags/example_dag_decorator.py
[2023-04-30T12:12:18.275+0000] {logging_mixin.py:137} INFO - [2023-04-30T12:12:18.275+0000] {dag.py:2705} INFO - Sync 1 DAGs
[2023-04-30T12:12:18.293+0000] {logging_mixin.py:137} INFO - [2023-04-30T12:12:18.293+0000] {dag.py:3456} INFO - Setting next_dagrun for example_dag_decorator to None, run_after=None
[2023-04-30T12:12:18.309+0000] {processor.py:175} INFO - Processing /home/airflow/.local/lib/python3.7/site-packages/airflow/example_dags/example_dag_decorator.py took 0.115 seconds
[2023-04-30T12:12:48.603+0000] {processor.py:153} INFO - Started process (PID=157) to work on /home/airflow/.local/lib/python3.7/site-packages/airflow/example_dags/example_dag_decorator.py
[2023-04-30T12:12:48.604+0000] {processor.py:743} INFO - Processing file /home/airflow/.local/lib/python3.7/site-packages/airflow/example_dags/example_dag_decorator.py for tasks to queue
[2023-04-30T12:12:48.605+0000] {logging_mixin.py:137} INFO - [2023-04-30T12:12:48.605+0000] {dagbag.py:532} INFO - Filling up the DagBag from /home/airflow/.local/lib/python3.7/site-packages/airflow/example_dags/example_dag_decorator.py
[2023-04-30T12:12:48.623+0000] {logging_mixin.py:137} INFO - [2023-04-30T12:12:48.623+0000] {taskmixin.py:211} WARNING - Dependency <Task(_PythonDecoratedOperator): prepare_email>, send_email already registered for DAG: example_dag_decorator
[2023-04-30T12:12:48.623+0000] {logging_mixin.py:137} INFO - [2023-04-30T12:12:48.623+0000] {taskmixin.py:211} WARNING - Dependency <Task(EmailOperator): send_email>, prepare_email already registered for DAG: example_dag_decorator
[2023-04-30T12:12:48.634+0000] {processor.py:753} INFO - DAG(s) dict_keys(['example_dag_decorator']) retrieved from /home/airflow/.local/lib/python3.7/site-packages/airflow/example_dags/example_dag_decorator.py
[2023-04-30T12:12:48.698+0000] {logging_mixin.py:137} INFO - [2023-04-30T12:12:48.698+0000] {dag.py:2705} INFO - Sync 1 DAGs
[2023-04-30T12:12:48.720+0000] {logging_mixin.py:137} INFO - [2023-04-30T12:12:48.720+0000] {dag.py:3456} INFO - Setting next_dagrun for example_dag_decorator to None, run_after=None
[2023-04-30T12:12:48.738+0000] {processor.py:175} INFO - Processing /home/airflow/.local/lib/python3.7/site-packages/airflow/example_dags/example_dag_decorator.py took 0.138 seconds
[2023-04-30T12:13:18.911+0000] {processor.py:153} INFO - Started process (PID=208) to work on /home/airflow/.local/lib/python3.7/site-packages/airflow/example_dags/example_dag_decorator.py
[2023-04-30T12:13:18.912+0000] {processor.py:743} INFO - Processing file /home/airflow/.local/lib/python3.7/site-packages/airflow/example_dags/example_dag_decorator.py for tasks to queue
[2023-04-30T12:13:18.912+0000] {logging_mixin.py:137} INFO - [2023-04-30T12:13:18.912+0000] {dagbag.py:532} INFO - Filling up the DagBag from /home/airflow/.local/lib/python3.7/site-packages/airflow/example_dags/example_dag_decorator.py
[2023-04-30T12:13:18.926+0000] {logging_mixin.py:137} INFO - [2023-04-30T12:13:18.926+0000] {taskmixin.py:211} WARNING - Dependency <Task(_PythonDecoratedOperator): prepare_email>, send_email already registered for DAG: example_dag_decorator
[2023-04-30T12:13:18.926+0000] {logging_mixin.py:137} INFO - [2023-04-30T12:13:18.926+0000] {taskmixin.py:211} WARNING - Dependency <Task(EmailOperator): send_email>, prepare_email already registered for DAG: example_dag_decorator
[2023-04-30T12:13:18.936+0000] {processor.py:753} INFO - DAG(s) dict_keys(['example_dag_decorator']) retrieved from /home/airflow/.local/lib/python3.7/site-packages/airflow/example_dags/example_dag_decorator.py
[2023-04-30T12:13:18.997+0000] {logging_mixin.py:137} INFO - [2023-04-30T12:13:18.997+0000] {dag.py:2705} INFO - Sync 1 DAGs
[2023-04-30T12:13:19.017+0000] {logging_mixin.py:137} INFO - [2023-04-30T12:13:19.017+0000] {dag.py:3456} INFO - Setting next_dagrun for example_dag_decorator to None, run_after=None
[2023-04-30T12:13:19.032+0000] {processor.py:175} INFO - Processing /home/airflow/.local/lib/python3.7/site-packages/airflow/example_dags/example_dag_decorator.py took 0.124 seconds
[2023-04-30T12:13:49.081+0000] {processor.py:153} INFO - Started process (PID=258) to work on /home/airflow/.local/lib/python3.7/site-packages/airflow/example_dags/example_dag_decorator.py
[2023-04-30T12:13:49.082+0000] {processor.py:743} INFO - Processing file /home/airflow/.local/lib/python3.7/site-packages/airflow/example_dags/example_dag_decorator.py for tasks to queue
[2023-04-30T12:13:49.082+0000] {logging_mixin.py:137} INFO - [2023-04-30T12:13:49.082+0000] {dagbag.py:532} INFO - Filling up the DagBag from /home/airflow/.local/lib/python3.7/site-packages/airflow/example_dags/example_dag_decorator.py
[2023-04-30T12:13:49.096+0000] {logging_mixin.py:137} INFO - [2023-04-30T12:13:49.096+0000] {taskmixin.py:211} WARNING - Dependency <Task(_PythonDecoratedOperator): prepare_email>, send_email already registered for DAG: example_dag_decorator
[2023-04-30T12:13:49.096+0000] {logging_mixin.py:137} INFO - [2023-04-30T12:13:49.096+0000] {taskmixin.py:211} WARNING - Dependency <Task(EmailOperator): send_email>, prepare_email already registered for DAG: example_dag_decorator
[2023-04-30T12:13:49.106+0000] {processor.py:753} INFO - DAG(s) dict_keys(['example_dag_decorator']) retrieved from /home/airflow/.local/lib/python3.7/site-packages/airflow/example_dags/example_dag_decorator.py
[2023-04-30T12:13:49.166+0000] {logging_mixin.py:137} INFO - [2023-04-30T12:13:49.166+0000] {dag.py:2705} INFO - Sync 1 DAGs
[2023-04-30T12:13:49.186+0000] {logging_mixin.py:137} INFO - [2023-04-30T12:13:49.186+0000] {dag.py:3456} INFO - Setting next_dagrun for example_dag_decorator to None, run_after=None
[2023-04-30T12:13:49.203+0000] {processor.py:175} INFO - Processing /home/airflow/.local/lib/python3.7/site-packages/airflow/example_dags/example_dag_decorator.py took 0.124 seconds
[2023-04-30T12:14:19.339+0000] {processor.py:153} INFO - Started process (PID=308) to work on /home/airflow/.local/lib/python3.7/site-packages/airflow/example_dags/example_dag_decorator.py
[2023-04-30T12:14:19.339+0000] {processor.py:743} INFO - Processing file /home/airflow/.local/lib/python3.7/site-packages/airflow/example_dags/example_dag_decorator.py for tasks to queue
[2023-04-30T12:14:19.340+0000] {logging_mixin.py:137} INFO - [2023-04-30T12:14:19.340+0000] {dagbag.py:532} INFO - Filling up the DagBag from /home/airflow/.local/lib/python3.7/site-packages/airflow/example_dags/example_dag_decorator.py
[2023-04-30T12:14:19.353+0000] {logging_mixin.py:137} INFO - [2023-04-30T12:14:19.353+0000] {taskmixin.py:211} WARNING - Dependency <Task(_PythonDecoratedOperator): prepare_email>, send_email already registered for DAG: example_dag_decorator
[2023-04-30T12:14:19.353+0000] {logging_mixin.py:137} INFO - [2023-04-30T12:14:19.353+0000] {taskmixin.py:211} WARNING - Dependency <Task(EmailOperator): send_email>, prepare_email already registered for DAG: example_dag_decorator
[2023-04-30T12:14:19.363+0000] {processor.py:753} INFO - DAG(s) dict_keys(['example_dag_decorator']) retrieved from /home/airflow/.local/lib/python3.7/site-packages/airflow/example_dags/example_dag_decorator.py
[2023-04-30T12:14:19.419+0000] {logging_mixin.py:137} INFO - [2023-04-30T12:14:19.419+0000] {dag.py:2705} INFO - Sync 1 DAGs
[2023-04-30T12:14:19.442+0000] {logging_mixin.py:137} INFO - [2023-04-30T12:14:19.442+0000] {dag.py:3456} INFO - Setting next_dagrun for example_dag_decorator to None, run_after=None
[2023-04-30T12:14:19.461+0000] {processor.py:175} INFO - Processing /home/airflow/.local/lib/python3.7/site-packages/airflow/example_dags/example_dag_decorator.py took 0.125 seconds
[2023-04-30T12:14:49.636+0000] {processor.py:153} INFO - Started process (PID=358) to work on /home/airflow/.local/lib/python3.7/site-packages/airflow/example_dags/example_dag_decorator.py
[2023-04-30T12:14:49.637+0000] {processor.py:743} INFO - Processing file /home/airflow/.local/lib/python3.7/site-packages/airflow/example_dags/example_dag_decorator.py for tasks to queue
[2023-04-30T12:14:49.637+0000] {logging_mixin.py:137} INFO - [2023-04-30T12:14:49.637+0000] {dagbag.py:532} INFO - Filling up the DagBag from /home/airflow/.local/lib/python3.7/site-packages/airflow/example_dags/example_dag_decorator.py
[2023-04-30T12:14:49.650+0000] {logging_mixin.py:137} INFO - [2023-04-30T12:14:49.650+0000] {taskmixin.py:211} WARNING - Dependency <Task(_PythonDecoratedOperator): prepare_email>, send_email already registered for DAG: example_dag_decorator
[2023-04-30T12:14:49.650+0000] {logging_mixin.py:137} INFO - [2023-04-30T12:14:49.650+0000] {taskmixin.py:211} WARNING - Dependency <Task(EmailOperator): send_email>, prepare_email already registered for DAG: example_dag_decorator
[2023-04-30T12:14:49.659+0000] {processor.py:753} INFO - DAG(s) dict_keys(['example_dag_decorator']) retrieved from /home/airflow/.local/lib/python3.7/site-packages/airflow/example_dags/example_dag_decorator.py
[2023-04-30T12:14:49.713+0000] {logging_mixin.py:137} INFO - [2023-04-30T12:14:49.713+0000] {dag.py:2705} INFO - Sync 1 DAGs
[2023-04-30T12:14:49.734+0000] {logging_mixin.py:137} INFO - [2023-04-30T12:14:49.733+0000] {dag.py:3456} INFO - Setting next_dagrun for example_dag_decorator to None, run_after=None
[2023-04-30T12:14:49.749+0000] {processor.py:175} INFO - Processing /home/airflow/.local/lib/python3.7/site-packages/airflow/example_dags/example_dag_decorator.py took 0.115 seconds
[2023-04-30T12:15:20.095+0000] {processor.py:153} INFO - Started process (PID=408) to work on /home/airflow/.local/lib/python3.7/site-packages/airflow/example_dags/example_dag_decorator.py
[2023-04-30T12:15:20.096+0000] {processor.py:743} INFO - Processing file /home/airflow/.local/lib/python3.7/site-packages/airflow/example_dags/example_dag_decorator.py for tasks to queue
[2023-04-30T12:15:20.096+0000] {logging_mixin.py:137} INFO - [2023-04-30T12:15:20.096+0000] {dagbag.py:532} INFO - Filling up the DagBag from /home/airflow/.local/lib/python3.7/site-packages/airflow/example_dags/example_dag_decorator.py
[2023-04-30T12:15:20.111+0000] {logging_mixin.py:137} INFO - [2023-04-30T12:15:20.110+0000] {taskmixin.py:211} WARNING - Dependency <Task(_PythonDecoratedOperator): prepare_email>, send_email already registered for DAG: example_dag_decorator
[2023-04-30T12:15:20.111+0000] {logging_mixin.py:137} INFO - [2023-04-30T12:15:20.111+0000] {taskmixin.py:211} WARNING - Dependency <Task(EmailOperator): send_email>, prepare_email already registered for DAG: example_dag_decorator
[2023-04-30T12:15:20.121+0000] {processor.py:753} INFO - DAG(s) dict_keys(['example_dag_decorator']) retrieved from /home/airflow/.local/lib/python3.7/site-packages/airflow/example_dags/example_dag_decorator.py
[2023-04-30T12:15:20.180+0000] {logging_mixin.py:137} INFO - [2023-04-30T12:15:20.180+0000] {dag.py:2705} INFO - Sync 1 DAGs
[2023-04-30T12:15:20.200+0000] {logging_mixin.py:137} INFO - [2023-04-30T12:15:20.199+0000] {dag.py:3456} INFO - Setting next_dagrun for example_dag_decorator to None, run_after=None
[2023-04-30T12:15:20.215+0000] {processor.py:175} INFO - Processing /home/airflow/.local/lib/python3.7/site-packages/airflow/example_dags/example_dag_decorator.py took 0.123 seconds
[2023-04-30T12:15:50.520+0000] {processor.py:153} INFO - Started process (PID=458) to work on /home/airflow/.local/lib/python3.7/site-packages/airflow/example_dags/example_dag_decorator.py
[2023-04-30T12:15:50.521+0000] {processor.py:743} INFO - Processing file /home/airflow/.local/lib/python3.7/site-packages/airflow/example_dags/example_dag_decorator.py for tasks to queue
[2023-04-30T12:15:50.521+0000] {logging_mixin.py:137} INFO - [2023-04-30T12:15:50.521+0000] {dagbag.py:532} INFO - Filling up the DagBag from /home/airflow/.local/lib/python3.7/site-packages/airflow/example_dags/example_dag_decorator.py
[2023-04-30T12:15:50.535+0000] {logging_mixin.py:137} INFO - [2023-04-30T12:15:50.535+0000] {taskmixin.py:211} WARNING - Dependency <Task(_PythonDecoratedOperator): prepare_email>, send_email already registered for DAG: example_dag_decorator
[2023-04-30T12:15:50.535+0000] {logging_mixin.py:137} INFO - [2023-04-30T12:15:50.535+0000] {taskmixin.py:211} WARNING - Dependency <Task(EmailOperator): send_email>, prepare_email already registered for DAG: example_dag_decorator
[2023-04-30T12:15:50.545+0000] {processor.py:753} INFO - DAG(s) dict_keys(['example_dag_decorator']) retrieved from /home/airflow/.local/lib/python3.7/site-packages/airflow/example_dags/example_dag_decorator.py
[2023-04-30T12:15:50.605+0000] {logging_mixin.py:137} INFO - [2023-04-30T12:15:50.605+0000] {dag.py:2705} INFO - Sync 1 DAGs
[2023-04-30T12:15:50.625+0000] {logging_mixin.py:137} INFO - [2023-04-30T12:15:50.625+0000] {dag.py:3456} INFO - Setting next_dagrun for example_dag_decorator to None, run_after=None
[2023-04-30T12:15:50.641+0000] {processor.py:175} INFO - Processing /home/airflow/.local/lib/python3.7/site-packages/airflow/example_dags/example_dag_decorator.py took 0.124 seconds
[2023-04-30T12:16:21.226+0000] {processor.py:153} INFO - Started process (PID=508) to work on /home/airflow/.local/lib/python3.7/site-packages/airflow/example_dags/example_dag_decorator.py
[2023-04-30T12:16:21.227+0000] {processor.py:743} INFO - Processing file /home/airflow/.local/lib/python3.7/site-packages/airflow/example_dags/example_dag_decorator.py for tasks to queue
[2023-04-30T12:16:21.227+0000] {logging_mixin.py:137} INFO - [2023-04-30T12:16:21.227+0000] {dagbag.py:532} INFO - Filling up the DagBag from /home/airflow/.local/lib/python3.7/site-packages/airflow/example_dags/example_dag_decorator.py
[2023-04-30T12:16:21.242+0000] {logging_mixin.py:137} INFO - [2023-04-30T12:16:21.242+0000] {taskmixin.py:211} WARNING - Dependency <Task(_PythonDecoratedOperator): prepare_email>, send_email already registered for DAG: example_dag_decorator
[2023-04-30T12:16:21.242+0000] {logging_mixin.py:137} INFO - [2023-04-30T12:16:21.242+0000] {taskmixin.py:211} WARNING - Dependency <Task(EmailOperator): send_email>, prepare_email already registered for DAG: example_dag_decorator
[2023-04-30T12:16:21.253+0000] {processor.py:753} INFO - DAG(s) dict_keys(['example_dag_decorator']) retrieved from /home/airflow/.local/lib/python3.7/site-packages/airflow/example_dags/example_dag_decorator.py
[2023-04-30T12:16:21.316+0000] {logging_mixin.py:137} INFO - [2023-04-30T12:16:21.316+0000] {dag.py:2705} INFO - Sync 1 DAGs
[2023-04-30T12:16:21.338+0000] {logging_mixin.py:137} INFO - [2023-04-30T12:16:21.338+0000] {dag.py:3456} INFO - Setting next_dagrun for example_dag_decorator to None, run_after=None
[2023-04-30T12:16:21.359+0000] {processor.py:175} INFO - Processing /home/airflow/.local/lib/python3.7/site-packages/airflow/example_dags/example_dag_decorator.py took 0.136 seconds
[2023-04-30T12:16:51.665+0000] {processor.py:153} INFO - Started process (PID=558) to work on /home/airflow/.local/lib/python3.7/site-packages/airflow/example_dags/example_dag_decorator.py
[2023-04-30T12:16:51.666+0000] {processor.py:743} INFO - Processing file /home/airflow/.local/lib/python3.7/site-packages/airflow/example_dags/example_dag_decorator.py for tasks to queue
[2023-04-30T12:16:51.666+0000] {logging_mixin.py:137} INFO - [2023-04-30T12:16:51.666+0000] {dagbag.py:532} INFO - Filling up the DagBag from /home/airflow/.local/lib/python3.7/site-packages/airflow/example_dags/example_dag_decorator.py
[2023-04-30T12:16:51.680+0000] {logging_mixin.py:137} INFO - [2023-04-30T12:16:51.680+0000] {taskmixin.py:211} WARNING - Dependency <Task(_PythonDecoratedOperator): prepare_email>, send_email already registered for DAG: example_dag_decorator
[2023-04-30T12:16:51.680+0000] {logging_mixin.py:137} INFO - [2023-04-30T12:16:51.680+0000] {taskmixin.py:211} WARNING - Dependency <Task(EmailOperator): send_email>, prepare_email already registered for DAG: example_dag_decorator
[2023-04-30T12:16:51.689+0000] {processor.py:753} INFO - DAG(s) dict_keys(['example_dag_decorator']) retrieved from /home/airflow/.local/lib/python3.7/site-packages/airflow/example_dags/example_dag_decorator.py
[2023-04-30T12:16:51.742+0000] {logging_mixin.py:137} INFO - [2023-04-30T12:16:51.742+0000] {dag.py:2705} INFO - Sync 1 DAGs
[2023-04-30T12:16:51.764+0000] {logging_mixin.py:137} INFO - [2023-04-30T12:16:51.763+0000] {dag.py:3456} INFO - Setting next_dagrun for example_dag_decorator to None, run_after=None
[2023-04-30T12:16:51.780+0000] {processor.py:175} INFO - Processing /home/airflow/.local/lib/python3.7/site-packages/airflow/example_dags/example_dag_decorator.py took 0.117 seconds
[2023-04-30T12:17:21.985+0000] {processor.py:153} INFO - Started process (PID=608) to work on /home/airflow/.local/lib/python3.7/site-packages/airflow/example_dags/example_dag_decorator.py
[2023-04-30T12:17:21.985+0000] {processor.py:743} INFO - Processing file /home/airflow/.local/lib/python3.7/site-packages/airflow/example_dags/example_dag_decorator.py for tasks to queue
[2023-04-30T12:17:21.986+0000] {logging_mixin.py:137} INFO - [2023-04-30T12:17:21.986+0000] {dagbag.py:532} INFO - Filling up the DagBag from /home/airflow/.local/lib/python3.7/site-packages/airflow/example_dags/example_dag_decorator.py
[2023-04-30T12:17:22.000+0000] {logging_mixin.py:137} INFO - [2023-04-30T12:17:21.999+0000] {taskmixin.py:211} WARNING - Dependency <Task(_PythonDecoratedOperator): prepare_email>, send_email already registered for DAG: example_dag_decorator
[2023-04-30T12:17:22.000+0000] {logging_mixin.py:137} INFO - [2023-04-30T12:17:22.000+0000] {taskmixin.py:211} WARNING - Dependency <Task(EmailOperator): send_email>, prepare_email already registered for DAG: example_dag_decorator
[2023-04-30T12:17:22.009+0000] {processor.py:753} INFO - DAG(s) dict_keys(['example_dag_decorator']) retrieved from /home/airflow/.local/lib/python3.7/site-packages/airflow/example_dags/example_dag_decorator.py
[2023-04-30T12:17:22.066+0000] {logging_mixin.py:137} INFO - [2023-04-30T12:17:22.066+0000] {dag.py:2705} INFO - Sync 1 DAGs
[2023-04-30T12:17:22.085+0000] {logging_mixin.py:137} INFO - [2023-04-30T12:17:22.084+0000] {dag.py:3456} INFO - Setting next_dagrun for example_dag_decorator to None, run_after=None
[2023-04-30T12:17:22.100+0000] {processor.py:175} INFO - Processing /home/airflow/.local/lib/python3.7/site-packages/airflow/example_dags/example_dag_decorator.py took 0.118 seconds
[2023-04-30T12:17:52.301+0000] {processor.py:153} INFO - Started process (PID=659) to work on /home/airflow/.local/lib/python3.7/site-packages/airflow/example_dags/example_dag_decorator.py
[2023-04-30T12:17:52.301+0000] {processor.py:743} INFO - Processing file /home/airflow/.local/lib/python3.7/site-packages/airflow/example_dags/example_dag_decorator.py for tasks to queue
[2023-04-30T12:17:52.302+0000] {logging_mixin.py:137} INFO - [2023-04-30T12:17:52.301+0000] {dagbag.py:532} INFO - Filling up the DagBag from /home/airflow/.local/lib/python3.7/site-packages/airflow/example_dags/example_dag_decorator.py
[2023-04-30T12:17:52.315+0000] {logging_mixin.py:137} INFO - [2023-04-30T12:17:52.315+0000] {taskmixin.py:211} WARNING - Dependency <Task(_PythonDecoratedOperator): prepare_email>, send_email already registered for DAG: example_dag_decorator
[2023-04-30T12:17:52.315+0000] {logging_mixin.py:137} INFO - [2023-04-30T12:17:52.315+0000] {taskmixin.py:211} WARNING - Dependency <Task(EmailOperator): send_email>, prepare_email already registered for DAG: example_dag_decorator
[2023-04-30T12:17:52.324+0000] {processor.py:753} INFO - DAG(s) dict_keys(['example_dag_decorator']) retrieved from /home/airflow/.local/lib/python3.7/site-packages/airflow/example_dags/example_dag_decorator.py
[2023-04-30T12:17:52.379+0000] {logging_mixin.py:137} INFO - [2023-04-30T12:17:52.379+0000] {dag.py:2705} INFO - Sync 1 DAGs
[2023-04-30T12:17:52.398+0000] {logging_mixin.py:137} INFO - [2023-04-30T12:17:52.397+0000] {dag.py:3456} INFO - Setting next_dagrun for example_dag_decorator to None, run_after=None
[2023-04-30T12:17:52.412+0000] {processor.py:175} INFO - Processing /home/airflow/.local/lib/python3.7/site-packages/airflow/example_dags/example_dag_decorator.py took 0.114 seconds
[2023-04-30T12:18:22.558+0000] {processor.py:153} INFO - Started process (PID=708) to work on /home/airflow/.local/lib/python3.7/site-packages/airflow/example_dags/example_dag_decorator.py
[2023-04-30T12:18:22.559+0000] {processor.py:743} INFO - Processing file /home/airflow/.local/lib/python3.7/site-packages/airflow/example_dags/example_dag_decorator.py for tasks to queue
[2023-04-30T12:18:22.560+0000] {logging_mixin.py:137} INFO - [2023-04-30T12:18:22.560+0000] {dagbag.py:532} INFO - Filling up the DagBag from /home/airflow/.local/lib/python3.7/site-packages/airflow/example_dags/example_dag_decorator.py
[2023-04-30T12:18:22.573+0000] {logging_mixin.py:137} INFO - [2023-04-30T12:18:22.573+0000] {taskmixin.py:211} WARNING - Dependency <Task(_PythonDecoratedOperator): prepare_email>, send_email already registered for DAG: example_dag_decorator
[2023-04-30T12:18:22.573+0000] {logging_mixin.py:137} INFO - [2023-04-30T12:18:22.573+0000] {taskmixin.py:211} WARNING - Dependency <Task(EmailOperator): send_email>, prepare_email already registered for DAG: example_dag_decorator
[2023-04-30T12:18:22.583+0000] {processor.py:753} INFO - DAG(s) dict_keys(['example_dag_decorator']) retrieved from /home/airflow/.local/lib/python3.7/site-packages/airflow/example_dags/example_dag_decorator.py
[2023-04-30T12:18:22.637+0000] {logging_mixin.py:137} INFO - [2023-04-30T12:18:22.637+0000] {dag.py:2705} INFO - Sync 1 DAGs
[2023-04-30T12:18:22.656+0000] {logging_mixin.py:137} INFO - [2023-04-30T12:18:22.655+0000] {dag.py:3456} INFO - Setting next_dagrun for example_dag_decorator to None, run_after=None
[2023-04-30T12:18:22.670+0000] {processor.py:175} INFO - Processing /home/airflow/.local/lib/python3.7/site-packages/airflow/example_dags/example_dag_decorator.py took 0.114 seconds
[2023-04-30T12:18:52.943+0000] {processor.py:153} INFO - Started process (PID=758) to work on /home/airflow/.local/lib/python3.7/site-packages/airflow/example_dags/example_dag_decorator.py
[2023-04-30T12:18:52.944+0000] {processor.py:743} INFO - Processing file /home/airflow/.local/lib/python3.7/site-packages/airflow/example_dags/example_dag_decorator.py for tasks to queue
[2023-04-30T12:18:52.944+0000] {logging_mixin.py:137} INFO - [2023-04-30T12:18:52.944+0000] {dagbag.py:532} INFO - Filling up the DagBag from /home/airflow/.local/lib/python3.7/site-packages/airflow/example_dags/example_dag_decorator.py
[2023-04-30T12:18:52.957+0000] {logging_mixin.py:137} INFO - [2023-04-30T12:18:52.957+0000] {taskmixin.py:211} WARNING - Dependency <Task(_PythonDecoratedOperator): prepare_email>, send_email already registered for DAG: example_dag_decorator
[2023-04-30T12:18:52.958+0000] {logging_mixin.py:137} INFO - [2023-04-30T12:18:52.958+0000] {taskmixin.py:211} WARNING - Dependency <Task(EmailOperator): send_email>, prepare_email already registered for DAG: example_dag_decorator
[2023-04-30T12:18:52.967+0000] {processor.py:753} INFO - DAG(s) dict_keys(['example_dag_decorator']) retrieved from /home/airflow/.local/lib/python3.7/site-packages/airflow/example_dags/example_dag_decorator.py
[2023-04-30T12:18:53.023+0000] {logging_mixin.py:137} INFO - [2023-04-30T12:18:53.023+0000] {dag.py:2705} INFO - Sync 1 DAGs
[2023-04-30T12:18:53.041+0000] {logging_mixin.py:137} INFO - [2023-04-30T12:18:53.041+0000] {dag.py:3456} INFO - Setting next_dagrun for example_dag_decorator to None, run_after=None
[2023-04-30T12:18:53.056+0000] {processor.py:175} INFO - Processing /home/airflow/.local/lib/python3.7/site-packages/airflow/example_dags/example_dag_decorator.py took 0.115 seconds
[2023-04-30T12:19:23.467+0000] {processor.py:153} INFO - Started process (PID=808) to work on /home/airflow/.local/lib/python3.7/site-packages/airflow/example_dags/example_dag_decorator.py
[2023-04-30T12:19:23.467+0000] {processor.py:743} INFO - Processing file /home/airflow/.local/lib/python3.7/site-packages/airflow/example_dags/example_dag_decorator.py for tasks to queue
[2023-04-30T12:19:23.468+0000] {logging_mixin.py:137} INFO - [2023-04-30T12:19:23.468+0000] {dagbag.py:532} INFO - Filling up the DagBag from /home/airflow/.local/lib/python3.7/site-packages/airflow/example_dags/example_dag_decorator.py
[2023-04-30T12:19:23.483+0000] {logging_mixin.py:137} INFO - [2023-04-30T12:19:23.483+0000] {taskmixin.py:211} WARNING - Dependency <Task(_PythonDecoratedOperator): prepare_email>, send_email already registered for DAG: example_dag_decorator
[2023-04-30T12:19:23.483+0000] {logging_mixin.py:137} INFO - [2023-04-30T12:19:23.483+0000] {taskmixin.py:211} WARNING - Dependency <Task(EmailOperator): send_email>, prepare_email already registered for DAG: example_dag_decorator
[2023-04-30T12:19:23.493+0000] {processor.py:753} INFO - DAG(s) dict_keys(['example_dag_decorator']) retrieved from /home/airflow/.local/lib/python3.7/site-packages/airflow/example_dags/example_dag_decorator.py
[2023-04-30T12:19:23.561+0000] {logging_mixin.py:137} INFO - [2023-04-30T12:19:23.560+0000] {dag.py:2705} INFO - Sync 1 DAGs
[2023-04-30T12:19:23.579+0000] {logging_mixin.py:137} INFO - [2023-04-30T12:19:23.579+0000] {dag.py:3456} INFO - Setting next_dagrun for example_dag_decorator to None, run_after=None
[2023-04-30T12:19:23.595+0000] {processor.py:175} INFO - Processing /home/airflow/.local/lib/python3.7/site-packages/airflow/example_dags/example_dag_decorator.py took 0.131 seconds
[2023-04-30T12:19:53.792+0000] {processor.py:153} INFO - Started process (PID=858) to work on /home/airflow/.local/lib/python3.7/site-packages/airflow/example_dags/example_dag_decorator.py
[2023-04-30T12:19:53.793+0000] {processor.py:743} INFO - Processing file /home/airflow/.local/lib/python3.7/site-packages/airflow/example_dags/example_dag_decorator.py for tasks to queue
[2023-04-30T12:19:53.793+0000] {logging_mixin.py:137} INFO - [2023-04-30T12:19:53.793+0000] {dagbag.py:532} INFO - Filling up the DagBag from /home/airflow/.local/lib/python3.7/site-packages/airflow/example_dags/example_dag_decorator.py
[2023-04-30T12:19:53.806+0000] {logging_mixin.py:137} INFO - [2023-04-30T12:19:53.806+0000] {taskmixin.py:211} WARNING - Dependency <Task(_PythonDecoratedOperator): prepare_email>, send_email already registered for DAG: example_dag_decorator
[2023-04-30T12:19:53.807+0000] {logging_mixin.py:137} INFO - [2023-04-30T12:19:53.806+0000] {taskmixin.py:211} WARNING - Dependency <Task(EmailOperator): send_email>, prepare_email already registered for DAG: example_dag_decorator
[2023-04-30T12:19:53.816+0000] {processor.py:753} INFO - DAG(s) dict_keys(['example_dag_decorator']) retrieved from /home/airflow/.local/lib/python3.7/site-packages/airflow/example_dags/example_dag_decorator.py
[2023-04-30T12:19:53.872+0000] {logging_mixin.py:137} INFO - [2023-04-30T12:19:53.872+0000] {dag.py:2705} INFO - Sync 1 DAGs
[2023-04-30T12:19:53.890+0000] {logging_mixin.py:137} INFO - [2023-04-30T12:19:53.890+0000] {dag.py:3456} INFO - Setting next_dagrun for example_dag_decorator to None, run_after=None
[2023-04-30T12:19:53.906+0000] {processor.py:175} INFO - Processing /home/airflow/.local/lib/python3.7/site-packages/airflow/example_dags/example_dag_decorator.py took 0.117 seconds
[2023-04-30T12:20:23.979+0000] {processor.py:153} INFO - Started process (PID=908) to work on /home/airflow/.local/lib/python3.7/site-packages/airflow/example_dags/example_dag_decorator.py
[2023-04-30T12:20:23.979+0000] {processor.py:743} INFO - Processing file /home/airflow/.local/lib/python3.7/site-packages/airflow/example_dags/example_dag_decorator.py for tasks to queue
[2023-04-30T12:20:23.980+0000] {logging_mixin.py:137} INFO - [2023-04-30T12:20:23.980+0000] {dagbag.py:532} INFO - Filling up the DagBag from /home/airflow/.local/lib/python3.7/site-packages/airflow/example_dags/example_dag_decorator.py
[2023-04-30T12:20:23.993+0000] {logging_mixin.py:137} INFO - [2023-04-30T12:20:23.993+0000] {taskmixin.py:211} WARNING - Dependency <Task(_PythonDecoratedOperator): prepare_email>, send_email already registered for DAG: example_dag_decorator
[2023-04-30T12:20:23.994+0000] {logging_mixin.py:137} INFO - [2023-04-30T12:20:23.994+0000] {taskmixin.py:211} WARNING - Dependency <Task(EmailOperator): send_email>, prepare_email already registered for DAG: example_dag_decorator
[2023-04-30T12:20:24.003+0000] {processor.py:753} INFO - DAG(s) dict_keys(['example_dag_decorator']) retrieved from /home/airflow/.local/lib/python3.7/site-packages/airflow/example_dags/example_dag_decorator.py
[2023-04-30T12:20:24.058+0000] {logging_mixin.py:137} INFO - [2023-04-30T12:20:24.058+0000] {dag.py:2705} INFO - Sync 1 DAGs
[2023-04-30T12:20:24.077+0000] {logging_mixin.py:137} INFO - [2023-04-30T12:20:24.077+0000] {dag.py:3456} INFO - Setting next_dagrun for example_dag_decorator to None, run_after=None
[2023-04-30T12:20:24.092+0000] {processor.py:175} INFO - Processing /home/airflow/.local/lib/python3.7/site-packages/airflow/example_dags/example_dag_decorator.py took 0.115 seconds
[2023-04-30T12:20:54.311+0000] {processor.py:153} INFO - Started process (PID=958) to work on /home/airflow/.local/lib/python3.7/site-packages/airflow/example_dags/example_dag_decorator.py
[2023-04-30T12:20:54.311+0000] {processor.py:743} INFO - Processing file /home/airflow/.local/lib/python3.7/site-packages/airflow/example_dags/example_dag_decorator.py for tasks to queue
[2023-04-30T12:20:54.312+0000] {logging_mixin.py:137} INFO - [2023-04-30T12:20:54.312+0000] {dagbag.py:532} INFO - Filling up the DagBag from /home/airflow/.local/lib/python3.7/site-packages/airflow/example_dags/example_dag_decorator.py
[2023-04-30T12:20:54.325+0000] {logging_mixin.py:137} INFO - [2023-04-30T12:20:54.325+0000] {taskmixin.py:211} WARNING - Dependency <Task(_PythonDecoratedOperator): prepare_email>, send_email already registered for DAG: example_dag_decorator
[2023-04-30T12:20:54.326+0000] {logging_mixin.py:137} INFO - [2023-04-30T12:20:54.325+0000] {taskmixin.py:211} WARNING - Dependency <Task(EmailOperator): send_email>, prepare_email already registered for DAG: example_dag_decorator
[2023-04-30T12:20:54.335+0000] {processor.py:753} INFO - DAG(s) dict_keys(['example_dag_decorator']) retrieved from /home/airflow/.local/lib/python3.7/site-packages/airflow/example_dags/example_dag_decorator.py
[2023-04-30T12:20:54.391+0000] {logging_mixin.py:137} INFO - [2023-04-30T12:20:54.390+0000] {dag.py:2705} INFO - Sync 1 DAGs
[2023-04-30T12:20:54.409+0000] {logging_mixin.py:137} INFO - [2023-04-30T12:20:54.408+0000] {dag.py:3456} INFO - Setting next_dagrun for example_dag_decorator to None, run_after=None
[2023-04-30T12:20:54.424+0000] {processor.py:175} INFO - Processing /home/airflow/.local/lib/python3.7/site-packages/airflow/example_dags/example_dag_decorator.py took 0.116 seconds
[2023-04-30T12:21:24.597+0000] {processor.py:153} INFO - Started process (PID=1008) to work on /home/airflow/.local/lib/python3.7/site-packages/airflow/example_dags/example_dag_decorator.py
[2023-04-30T12:21:24.597+0000] {processor.py:743} INFO - Processing file /home/airflow/.local/lib/python3.7/site-packages/airflow/example_dags/example_dag_decorator.py for tasks to queue
[2023-04-30T12:21:24.598+0000] {logging_mixin.py:137} INFO - [2023-04-30T12:21:24.598+0000] {dagbag.py:532} INFO - Filling up the DagBag from /home/airflow/.local/lib/python3.7/site-packages/airflow/example_dags/example_dag_decorator.py
[2023-04-30T12:21:24.611+0000] {logging_mixin.py:137} INFO - [2023-04-30T12:21:24.611+0000] {taskmixin.py:211} WARNING - Dependency <Task(_PythonDecoratedOperator): prepare_email>, send_email already registered for DAG: example_dag_decorator
[2023-04-30T12:21:24.612+0000] {logging_mixin.py:137} INFO - [2023-04-30T12:21:24.612+0000] {taskmixin.py:211} WARNING - Dependency <Task(EmailOperator): send_email>, prepare_email already registered for DAG: example_dag_decorator
[2023-04-30T12:21:24.621+0000] {processor.py:753} INFO - DAG(s) dict_keys(['example_dag_decorator']) retrieved from /home/airflow/.local/lib/python3.7/site-packages/airflow/example_dags/example_dag_decorator.py
[2023-04-30T12:21:24.678+0000] {logging_mixin.py:137} INFO - [2023-04-30T12:21:24.678+0000] {dag.py:2705} INFO - Sync 1 DAGs
[2023-04-30T12:21:24.697+0000] {logging_mixin.py:137} INFO - [2023-04-30T12:21:24.697+0000] {dag.py:3456} INFO - Setting next_dagrun for example_dag_decorator to None, run_after=None
[2023-04-30T12:21:24.713+0000] {processor.py:175} INFO - Processing /home/airflow/.local/lib/python3.7/site-packages/airflow/example_dags/example_dag_decorator.py took 0.118 seconds
[2023-04-30T12:21:54.978+0000] {processor.py:153} INFO - Started process (PID=1058) to work on /home/airflow/.local/lib/python3.7/site-packages/airflow/example_dags/example_dag_decorator.py
[2023-04-30T12:21:54.979+0000] {processor.py:743} INFO - Processing file /home/airflow/.local/lib/python3.7/site-packages/airflow/example_dags/example_dag_decorator.py for tasks to queue
[2023-04-30T12:21:54.980+0000] {logging_mixin.py:137} INFO - [2023-04-30T12:21:54.980+0000] {dagbag.py:532} INFO - Filling up the DagBag from /home/airflow/.local/lib/python3.7/site-packages/airflow/example_dags/example_dag_decorator.py
[2023-04-30T12:21:55.006+0000] {logging_mixin.py:137} INFO - [2023-04-30T12:21:55.006+0000] {taskmixin.py:211} WARNING - Dependency <Task(_PythonDecoratedOperator): prepare_email>, send_email already registered for DAG: example_dag_decorator
[2023-04-30T12:21:55.006+0000] {logging_mixin.py:137} INFO - [2023-04-30T12:21:55.006+0000] {taskmixin.py:211} WARNING - Dependency <Task(EmailOperator): send_email>, prepare_email already registered for DAG: example_dag_decorator
[2023-04-30T12:21:55.021+0000] {processor.py:753} INFO - DAG(s) dict_keys(['example_dag_decorator']) retrieved from /home/airflow/.local/lib/python3.7/site-packages/airflow/example_dags/example_dag_decorator.py
[2023-04-30T12:21:55.091+0000] {logging_mixin.py:137} INFO - [2023-04-30T12:21:55.091+0000] {dag.py:2705} INFO - Sync 1 DAGs
[2023-04-30T12:21:55.114+0000] {logging_mixin.py:137} INFO - [2023-04-30T12:21:55.114+0000] {dag.py:3456} INFO - Setting next_dagrun for example_dag_decorator to None, run_after=None
[2023-04-30T12:21:55.131+0000] {processor.py:175} INFO - Processing /home/airflow/.local/lib/python3.7/site-packages/airflow/example_dags/example_dag_decorator.py took 0.164 seconds
[2023-04-30T12:22:25.272+0000] {processor.py:153} INFO - Started process (PID=1108) to work on /home/airflow/.local/lib/python3.7/site-packages/airflow/example_dags/example_dag_decorator.py
[2023-04-30T12:22:25.273+0000] {processor.py:743} INFO - Processing file /home/airflow/.local/lib/python3.7/site-packages/airflow/example_dags/example_dag_decorator.py for tasks to queue
[2023-04-30T12:22:25.273+0000] {logging_mixin.py:137} INFO - [2023-04-30T12:22:25.273+0000] {dagbag.py:532} INFO - Filling up the DagBag from /home/airflow/.local/lib/python3.7/site-packages/airflow/example_dags/example_dag_decorator.py
[2023-04-30T12:22:25.290+0000] {logging_mixin.py:137} INFO - [2023-04-30T12:22:25.290+0000] {taskmixin.py:211} WARNING - Dependency <Task(_PythonDecoratedOperator): prepare_email>, send_email already registered for DAG: example_dag_decorator
[2023-04-30T12:22:25.291+0000] {logging_mixin.py:137} INFO - [2023-04-30T12:22:25.291+0000] {taskmixin.py:211} WARNING - Dependency <Task(EmailOperator): send_email>, prepare_email already registered for DAG: example_dag_decorator
[2023-04-30T12:22:25.300+0000] {processor.py:753} INFO - DAG(s) dict_keys(['example_dag_decorator']) retrieved from /home/airflow/.local/lib/python3.7/site-packages/airflow/example_dags/example_dag_decorator.py
[2023-04-30T12:22:25.364+0000] {logging_mixin.py:137} INFO - [2023-04-30T12:22:25.364+0000] {dag.py:2705} INFO - Sync 1 DAGs
[2023-04-30T12:22:25.385+0000] {logging_mixin.py:137} INFO - [2023-04-30T12:22:25.385+0000] {dag.py:3456} INFO - Setting next_dagrun for example_dag_decorator to None, run_after=None
[2023-04-30T12:22:25.403+0000] {processor.py:175} INFO - Processing /home/airflow/.local/lib/python3.7/site-packages/airflow/example_dags/example_dag_decorator.py took 0.133 seconds
