[2023-04-30T12:11:47.937+0000] {processor.py:153} INFO - Started process (PID=55) to work on /home/airflow/.local/lib/python3.7/site-packages/airflow/example_dags/example_latest_only_with_trigger.py
[2023-04-30T12:11:47.937+0000] {processor.py:743} INFO - Processing file /home/airflow/.local/lib/python3.7/site-packages/airflow/example_dags/example_latest_only_with_trigger.py for tasks to queue
[2023-04-30T12:11:47.938+0000] {logging_mixin.py:137} INFO - [2023-04-30T12:11:47.938+0000] {dagbag.py:532} INFO - Filling up the DagBag from /home/airflow/.local/lib/python3.7/site-packages/airflow/example_dags/example_latest_only_with_trigger.py
[2023-04-30T12:11:47.955+0000] {processor.py:753} INFO - DAG(s) dict_keys(['latest_only_with_trigger']) retrieved from /home/airflow/.local/lib/python3.7/site-packages/airflow/example_dags/example_latest_only_with_trigger.py
[2023-04-30T12:11:47.968+0000] {logging_mixin.py:137} INFO - [2023-04-30T12:11:47.968+0000] {dag.py:2705} INFO - Sync 1 DAGs
[2023-04-30T12:11:48.005+0000] {logging_mixin.py:137} INFO - [2023-04-30T12:11:48.005+0000] {dag.py:3456} INFO - Setting next_dagrun for latest_only_with_trigger to 2023-04-30T08:11:48.005348+00:00, run_after=2023-04-30T12:11:48.005348+00:00
[2023-04-30T12:11:48.025+0000] {processor.py:175} INFO - Processing /home/airflow/.local/lib/python3.7/site-packages/airflow/example_dags/example_latest_only_with_trigger.py took 0.091 seconds
[2023-04-30T12:12:18.112+0000] {processor.py:153} INFO - Started process (PID=105) to work on /home/airflow/.local/lib/python3.7/site-packages/airflow/example_dags/example_latest_only_with_trigger.py
[2023-04-30T12:12:18.113+0000] {processor.py:743} INFO - Processing file /home/airflow/.local/lib/python3.7/site-packages/airflow/example_dags/example_latest_only_with_trigger.py for tasks to queue
[2023-04-30T12:12:18.113+0000] {logging_mixin.py:137} INFO - [2023-04-30T12:12:18.113+0000] {dagbag.py:532} INFO - Filling up the DagBag from /home/airflow/.local/lib/python3.7/site-packages/airflow/example_dags/example_latest_only_with_trigger.py
[2023-04-30T12:12:18.125+0000] {processor.py:753} INFO - DAG(s) dict_keys(['latest_only_with_trigger']) retrieved from /home/airflow/.local/lib/python3.7/site-packages/airflow/example_dags/example_latest_only_with_trigger.py
[2023-04-30T12:12:18.144+0000] {logging_mixin.py:137} INFO - [2023-04-30T12:12:18.144+0000] {dag.py:2705} INFO - Sync 1 DAGs
[2023-04-30T12:12:18.166+0000] {logging_mixin.py:137} INFO - [2023-04-30T12:12:18.166+0000] {dag.py:3456} INFO - Setting next_dagrun for latest_only_with_trigger to 2023-04-30T08:12:18.165872+00:00, run_after=2023-04-30T12:12:18.165872+00:00
[2023-04-30T12:12:18.180+0000] {processor.py:175} INFO - Processing /home/airflow/.local/lib/python3.7/site-packages/airflow/example_dags/example_latest_only_with_trigger.py took 0.070 seconds
[2023-04-30T12:12:48.502+0000] {processor.py:153} INFO - Started process (PID=155) to work on /home/airflow/.local/lib/python3.7/site-packages/airflow/example_dags/example_latest_only_with_trigger.py
[2023-04-30T12:12:48.503+0000] {processor.py:743} INFO - Processing file /home/airflow/.local/lib/python3.7/site-packages/airflow/example_dags/example_latest_only_with_trigger.py for tasks to queue
[2023-04-30T12:12:48.503+0000] {logging_mixin.py:137} INFO - [2023-04-30T12:12:48.503+0000] {dagbag.py:532} INFO - Filling up the DagBag from /home/airflow/.local/lib/python3.7/site-packages/airflow/example_dags/example_latest_only_with_trigger.py
[2023-04-30T12:12:48.515+0000] {processor.py:753} INFO - DAG(s) dict_keys(['latest_only_with_trigger']) retrieved from /home/airflow/.local/lib/python3.7/site-packages/airflow/example_dags/example_latest_only_with_trigger.py
[2023-04-30T12:12:48.541+0000] {logging_mixin.py:137} INFO - [2023-04-30T12:12:48.541+0000] {dag.py:2705} INFO - Sync 1 DAGs
[2023-04-30T12:12:48.566+0000] {logging_mixin.py:137} INFO - [2023-04-30T12:12:48.565+0000] {dag.py:3456} INFO - Setting next_dagrun for latest_only_with_trigger to 2023-04-30T08:12:48.565715+00:00, run_after=2023-04-30T12:12:48.565715+00:00
[2023-04-30T12:12:48.583+0000] {processor.py:175} INFO - Processing /home/airflow/.local/lib/python3.7/site-packages/airflow/example_dags/example_latest_only_with_trigger.py took 0.084 seconds
[2023-04-30T12:13:18.826+0000] {processor.py:153} INFO - Started process (PID=206) to work on /home/airflow/.local/lib/python3.7/site-packages/airflow/example_dags/example_latest_only_with_trigger.py
[2023-04-30T12:13:18.827+0000] {processor.py:743} INFO - Processing file /home/airflow/.local/lib/python3.7/site-packages/airflow/example_dags/example_latest_only_with_trigger.py for tasks to queue
[2023-04-30T12:13:18.828+0000] {logging_mixin.py:137} INFO - [2023-04-30T12:13:18.827+0000] {dagbag.py:532} INFO - Filling up the DagBag from /home/airflow/.local/lib/python3.7/site-packages/airflow/example_dags/example_latest_only_with_trigger.py
[2023-04-30T12:13:18.839+0000] {processor.py:753} INFO - DAG(s) dict_keys(['latest_only_with_trigger']) retrieved from /home/airflow/.local/lib/python3.7/site-packages/airflow/example_dags/example_latest_only_with_trigger.py
[2023-04-30T12:13:18.860+0000] {logging_mixin.py:137} INFO - [2023-04-30T12:13:18.859+0000] {dag.py:2705} INFO - Sync 1 DAGs
[2023-04-30T12:13:18.880+0000] {logging_mixin.py:137} INFO - [2023-04-30T12:13:18.880+0000] {dag.py:3456} INFO - Setting next_dagrun for latest_only_with_trigger to 2023-04-30T08:13:18.880344+00:00, run_after=2023-04-30T12:13:18.880344+00:00
[2023-04-30T12:13:18.895+0000] {processor.py:175} INFO - Processing /home/airflow/.local/lib/python3.7/site-packages/airflow/example_dags/example_latest_only_with_trigger.py took 0.071 seconds
[2023-04-30T12:13:48.993+0000] {processor.py:153} INFO - Started process (PID=256) to work on /home/airflow/.local/lib/python3.7/site-packages/airflow/example_dags/example_latest_only_with_trigger.py
[2023-04-30T12:13:48.993+0000] {processor.py:743} INFO - Processing file /home/airflow/.local/lib/python3.7/site-packages/airflow/example_dags/example_latest_only_with_trigger.py for tasks to queue
[2023-04-30T12:13:48.994+0000] {logging_mixin.py:137} INFO - [2023-04-30T12:13:48.994+0000] {dagbag.py:532} INFO - Filling up the DagBag from /home/airflow/.local/lib/python3.7/site-packages/airflow/example_dags/example_latest_only_with_trigger.py
[2023-04-30T12:13:49.005+0000] {processor.py:753} INFO - DAG(s) dict_keys(['latest_only_with_trigger']) retrieved from /home/airflow/.local/lib/python3.7/site-packages/airflow/example_dags/example_latest_only_with_trigger.py
[2023-04-30T12:13:49.025+0000] {logging_mixin.py:137} INFO - [2023-04-30T12:13:49.025+0000] {dag.py:2705} INFO - Sync 1 DAGs
[2023-04-30T12:13:49.046+0000] {logging_mixin.py:137} INFO - [2023-04-30T12:13:49.045+0000] {dag.py:3456} INFO - Setting next_dagrun for latest_only_with_trigger to 2023-04-30T08:13:49.045764+00:00, run_after=2023-04-30T12:13:49.045764+00:00
[2023-04-30T12:13:49.064+0000] {processor.py:175} INFO - Processing /home/airflow/.local/lib/python3.7/site-packages/airflow/example_dags/example_latest_only_with_trigger.py took 0.074 seconds
[2023-04-30T12:14:19.254+0000] {processor.py:153} INFO - Started process (PID=306) to work on /home/airflow/.local/lib/python3.7/site-packages/airflow/example_dags/example_latest_only_with_trigger.py
[2023-04-30T12:14:19.254+0000] {processor.py:743} INFO - Processing file /home/airflow/.local/lib/python3.7/site-packages/airflow/example_dags/example_latest_only_with_trigger.py for tasks to queue
[2023-04-30T12:14:19.255+0000] {logging_mixin.py:137} INFO - [2023-04-30T12:14:19.255+0000] {dagbag.py:532} INFO - Filling up the DagBag from /home/airflow/.local/lib/python3.7/site-packages/airflow/example_dags/example_latest_only_with_trigger.py
[2023-04-30T12:14:19.265+0000] {processor.py:753} INFO - DAG(s) dict_keys(['latest_only_with_trigger']) retrieved from /home/airflow/.local/lib/python3.7/site-packages/airflow/example_dags/example_latest_only_with_trigger.py
[2023-04-30T12:14:19.287+0000] {logging_mixin.py:137} INFO - [2023-04-30T12:14:19.287+0000] {dag.py:2705} INFO - Sync 1 DAGs
[2023-04-30T12:14:19.308+0000] {logging_mixin.py:137} INFO - [2023-04-30T12:14:19.308+0000] {dag.py:3456} INFO - Setting next_dagrun for latest_only_with_trigger to 2023-04-30T08:14:19.307894+00:00, run_after=2023-04-30T12:14:19.307894+00:00
[2023-04-30T12:14:19.322+0000] {processor.py:175} INFO - Processing /home/airflow/.local/lib/python3.7/site-packages/airflow/example_dags/example_latest_only_with_trigger.py took 0.071 seconds
[2023-04-30T12:14:49.471+0000] {processor.py:153} INFO - Started process (PID=356) to work on /home/airflow/.local/lib/python3.7/site-packages/airflow/example_dags/example_latest_only_with_trigger.py
[2023-04-30T12:14:49.472+0000] {processor.py:743} INFO - Processing file /home/airflow/.local/lib/python3.7/site-packages/airflow/example_dags/example_latest_only_with_trigger.py for tasks to queue
[2023-04-30T12:14:49.472+0000] {logging_mixin.py:137} INFO - [2023-04-30T12:14:49.472+0000] {dagbag.py:532} INFO - Filling up the DagBag from /home/airflow/.local/lib/python3.7/site-packages/airflow/example_dags/example_latest_only_with_trigger.py
[2023-04-30T12:14:49.482+0000] {processor.py:753} INFO - DAG(s) dict_keys(['latest_only_with_trigger']) retrieved from /home/airflow/.local/lib/python3.7/site-packages/airflow/example_dags/example_latest_only_with_trigger.py
[2023-04-30T12:14:49.502+0000] {logging_mixin.py:137} INFO - [2023-04-30T12:14:49.502+0000] {dag.py:2705} INFO - Sync 1 DAGs
[2023-04-30T12:14:49.523+0000] {logging_mixin.py:137} INFO - [2023-04-30T12:14:49.523+0000] {dag.py:3456} INFO - Setting next_dagrun for latest_only_with_trigger to 2023-04-30T08:14:49.522848+00:00, run_after=2023-04-30T12:14:49.522848+00:00
[2023-04-30T12:14:49.537+0000] {processor.py:175} INFO - Processing /home/airflow/.local/lib/python3.7/site-packages/airflow/example_dags/example_latest_only_with_trigger.py took 0.068 seconds
[2023-04-30T12:15:20.003+0000] {processor.py:153} INFO - Started process (PID=406) to work on /home/airflow/.local/lib/python3.7/site-packages/airflow/example_dags/example_latest_only_with_trigger.py
[2023-04-30T12:15:20.003+0000] {processor.py:743} INFO - Processing file /home/airflow/.local/lib/python3.7/site-packages/airflow/example_dags/example_latest_only_with_trigger.py for tasks to queue
[2023-04-30T12:15:20.004+0000] {logging_mixin.py:137} INFO - [2023-04-30T12:15:20.004+0000] {dagbag.py:532} INFO - Filling up the DagBag from /home/airflow/.local/lib/python3.7/site-packages/airflow/example_dags/example_latest_only_with_trigger.py
[2023-04-30T12:15:20.016+0000] {processor.py:753} INFO - DAG(s) dict_keys(['latest_only_with_trigger']) retrieved from /home/airflow/.local/lib/python3.7/site-packages/airflow/example_dags/example_latest_only_with_trigger.py
[2023-04-30T12:15:20.040+0000] {logging_mixin.py:137} INFO - [2023-04-30T12:15:20.039+0000] {dag.py:2705} INFO - Sync 1 DAGs
[2023-04-30T12:15:20.063+0000] {logging_mixin.py:137} INFO - [2023-04-30T12:15:20.062+0000] {dag.py:3456} INFO - Setting next_dagrun for latest_only_with_trigger to 2023-04-30T08:15:20.062796+00:00, run_after=2023-04-30T12:15:20.062796+00:00
[2023-04-30T12:15:20.078+0000] {processor.py:175} INFO - Processing /home/airflow/.local/lib/python3.7/site-packages/airflow/example_dags/example_latest_only_with_trigger.py took 0.078 seconds
[2023-04-30T12:15:50.432+0000] {processor.py:153} INFO - Started process (PID=456) to work on /home/airflow/.local/lib/python3.7/site-packages/airflow/example_dags/example_latest_only_with_trigger.py
[2023-04-30T12:15:50.433+0000] {processor.py:743} INFO - Processing file /home/airflow/.local/lib/python3.7/site-packages/airflow/example_dags/example_latest_only_with_trigger.py for tasks to queue
[2023-04-30T12:15:50.433+0000] {logging_mixin.py:137} INFO - [2023-04-30T12:15:50.433+0000] {dagbag.py:532} INFO - Filling up the DagBag from /home/airflow/.local/lib/python3.7/site-packages/airflow/example_dags/example_latest_only_with_trigger.py
[2023-04-30T12:15:50.445+0000] {processor.py:753} INFO - DAG(s) dict_keys(['latest_only_with_trigger']) retrieved from /home/airflow/.local/lib/python3.7/site-packages/airflow/example_dags/example_latest_only_with_trigger.py
[2023-04-30T12:15:50.466+0000] {logging_mixin.py:137} INFO - [2023-04-30T12:15:50.466+0000] {dag.py:2705} INFO - Sync 1 DAGs
[2023-04-30T12:15:50.488+0000] {logging_mixin.py:137} INFO - [2023-04-30T12:15:50.488+0000] {dag.py:3456} INFO - Setting next_dagrun for latest_only_with_trigger to 2023-04-30T08:15:50.487845+00:00, run_after=2023-04-30T12:15:50.487845+00:00
[2023-04-30T12:15:50.504+0000] {processor.py:175} INFO - Processing /home/airflow/.local/lib/python3.7/site-packages/airflow/example_dags/example_latest_only_with_trigger.py took 0.075 seconds
[2023-04-30T12:16:21.120+0000] {processor.py:153} INFO - Started process (PID=506) to work on /home/airflow/.local/lib/python3.7/site-packages/airflow/example_dags/example_latest_only_with_trigger.py
[2023-04-30T12:16:21.121+0000] {processor.py:743} INFO - Processing file /home/airflow/.local/lib/python3.7/site-packages/airflow/example_dags/example_latest_only_with_trigger.py for tasks to queue
[2023-04-30T12:16:21.121+0000] {logging_mixin.py:137} INFO - [2023-04-30T12:16:21.121+0000] {dagbag.py:532} INFO - Filling up the DagBag from /home/airflow/.local/lib/python3.7/site-packages/airflow/example_dags/example_latest_only_with_trigger.py
[2023-04-30T12:16:21.134+0000] {processor.py:753} INFO - DAG(s) dict_keys(['latest_only_with_trigger']) retrieved from /home/airflow/.local/lib/python3.7/site-packages/airflow/example_dags/example_latest_only_with_trigger.py
[2023-04-30T12:16:21.161+0000] {logging_mixin.py:137} INFO - [2023-04-30T12:16:21.160+0000] {dag.py:2705} INFO - Sync 1 DAGs
[2023-04-30T12:16:21.186+0000] {logging_mixin.py:137} INFO - [2023-04-30T12:16:21.186+0000] {dag.py:3456} INFO - Setting next_dagrun for latest_only_with_trigger to 2023-04-30T08:16:21.186469+00:00, run_after=2023-04-30T12:16:21.186469+00:00
[2023-04-30T12:16:21.206+0000] {processor.py:175} INFO - Processing /home/airflow/.local/lib/python3.7/site-packages/airflow/example_dags/example_latest_only_with_trigger.py took 0.090 seconds
[2023-04-30T12:16:51.499+0000] {processor.py:153} INFO - Started process (PID=556) to work on /home/airflow/.local/lib/python3.7/site-packages/airflow/example_dags/example_latest_only_with_trigger.py
[2023-04-30T12:16:51.500+0000] {processor.py:743} INFO - Processing file /home/airflow/.local/lib/python3.7/site-packages/airflow/example_dags/example_latest_only_with_trigger.py for tasks to queue
[2023-04-30T12:16:51.500+0000] {logging_mixin.py:137} INFO - [2023-04-30T12:16:51.500+0000] {dagbag.py:532} INFO - Filling up the DagBag from /home/airflow/.local/lib/python3.7/site-packages/airflow/example_dags/example_latest_only_with_trigger.py
[2023-04-30T12:16:51.511+0000] {processor.py:753} INFO - DAG(s) dict_keys(['latest_only_with_trigger']) retrieved from /home/airflow/.local/lib/python3.7/site-packages/airflow/example_dags/example_latest_only_with_trigger.py
[2023-04-30T12:16:51.531+0000] {logging_mixin.py:137} INFO - [2023-04-30T12:16:51.531+0000] {dag.py:2705} INFO - Sync 1 DAGs
[2023-04-30T12:16:51.551+0000] {logging_mixin.py:137} INFO - [2023-04-30T12:16:51.551+0000] {dag.py:3456} INFO - Setting next_dagrun for latest_only_with_trigger to 2023-04-30T08:16:51.551025+00:00, run_after=2023-04-30T12:16:51.551025+00:00
[2023-04-30T12:16:51.569+0000] {processor.py:175} INFO - Processing /home/airflow/.local/lib/python3.7/site-packages/airflow/example_dags/example_latest_only_with_trigger.py took 0.073 seconds
[2023-04-30T12:17:21.896+0000] {processor.py:153} INFO - Started process (PID=606) to work on /home/airflow/.local/lib/python3.7/site-packages/airflow/example_dags/example_latest_only_with_trigger.py
[2023-04-30T12:17:21.897+0000] {processor.py:743} INFO - Processing file /home/airflow/.local/lib/python3.7/site-packages/airflow/example_dags/example_latest_only_with_trigger.py for tasks to queue
[2023-04-30T12:17:21.897+0000] {logging_mixin.py:137} INFO - [2023-04-30T12:17:21.897+0000] {dagbag.py:532} INFO - Filling up the DagBag from /home/airflow/.local/lib/python3.7/site-packages/airflow/example_dags/example_latest_only_with_trigger.py
[2023-04-30T12:17:21.908+0000] {processor.py:753} INFO - DAG(s) dict_keys(['latest_only_with_trigger']) retrieved from /home/airflow/.local/lib/python3.7/site-packages/airflow/example_dags/example_latest_only_with_trigger.py
[2023-04-30T12:17:21.930+0000] {logging_mixin.py:137} INFO - [2023-04-30T12:17:21.930+0000] {dag.py:2705} INFO - Sync 1 DAGs
[2023-04-30T12:17:21.952+0000] {logging_mixin.py:137} INFO - [2023-04-30T12:17:21.952+0000] {dag.py:3456} INFO - Setting next_dagrun for latest_only_with_trigger to 2023-04-30T08:17:21.951837+00:00, run_after=2023-04-30T12:17:21.951837+00:00
[2023-04-30T12:17:21.967+0000] {processor.py:175} INFO - Processing /home/airflow/.local/lib/python3.7/site-packages/airflow/example_dags/example_latest_only_with_trigger.py took 0.074 seconds
[2023-04-30T12:17:52.185+0000] {processor.py:153} INFO - Started process (PID=656) to work on /home/airflow/.local/lib/python3.7/site-packages/airflow/example_dags/example_latest_only_with_trigger.py
[2023-04-30T12:17:52.185+0000] {processor.py:743} INFO - Processing file /home/airflow/.local/lib/python3.7/site-packages/airflow/example_dags/example_latest_only_with_trigger.py for tasks to queue
[2023-04-30T12:17:52.186+0000] {logging_mixin.py:137} INFO - [2023-04-30T12:17:52.186+0000] {dagbag.py:532} INFO - Filling up the DagBag from /home/airflow/.local/lib/python3.7/site-packages/airflow/example_dags/example_latest_only_with_trigger.py
[2023-04-30T12:17:52.197+0000] {processor.py:753} INFO - DAG(s) dict_keys(['latest_only_with_trigger']) retrieved from /home/airflow/.local/lib/python3.7/site-packages/airflow/example_dags/example_latest_only_with_trigger.py
[2023-04-30T12:17:52.217+0000] {logging_mixin.py:137} INFO - [2023-04-30T12:17:52.217+0000] {dag.py:2705} INFO - Sync 1 DAGs
[2023-04-30T12:17:52.238+0000] {logging_mixin.py:137} INFO - [2023-04-30T12:17:52.237+0000] {dag.py:3456} INFO - Setting next_dagrun for latest_only_with_trigger to 2023-04-30T08:17:52.237801+00:00, run_after=2023-04-30T12:17:52.237801+00:00
[2023-04-30T12:17:52.252+0000] {processor.py:175} INFO - Processing /home/airflow/.local/lib/python3.7/site-packages/airflow/example_dags/example_latest_only_with_trigger.py took 0.070 seconds
[2023-04-30T12:18:22.475+0000] {processor.py:153} INFO - Started process (PID=706) to work on /home/airflow/.local/lib/python3.7/site-packages/airflow/example_dags/example_latest_only_with_trigger.py
[2023-04-30T12:18:22.476+0000] {processor.py:743} INFO - Processing file /home/airflow/.local/lib/python3.7/site-packages/airflow/example_dags/example_latest_only_with_trigger.py for tasks to queue
[2023-04-30T12:18:22.476+0000] {logging_mixin.py:137} INFO - [2023-04-30T12:18:22.476+0000] {dagbag.py:532} INFO - Filling up the DagBag from /home/airflow/.local/lib/python3.7/site-packages/airflow/example_dags/example_latest_only_with_trigger.py
[2023-04-30T12:18:22.487+0000] {processor.py:753} INFO - DAG(s) dict_keys(['latest_only_with_trigger']) retrieved from /home/airflow/.local/lib/python3.7/site-packages/airflow/example_dags/example_latest_only_with_trigger.py
[2023-04-30T12:18:22.508+0000] {logging_mixin.py:137} INFO - [2023-04-30T12:18:22.508+0000] {dag.py:2705} INFO - Sync 1 DAGs
[2023-04-30T12:18:22.528+0000] {logging_mixin.py:137} INFO - [2023-04-30T12:18:22.528+0000] {dag.py:3456} INFO - Setting next_dagrun for latest_only_with_trigger to 2023-04-30T08:18:22.528492+00:00, run_after=2023-04-30T12:18:22.528492+00:00
[2023-04-30T12:18:22.542+0000] {processor.py:175} INFO - Processing /home/airflow/.local/lib/python3.7/site-packages/airflow/example_dags/example_latest_only_with_trigger.py took 0.069 seconds
[2023-04-30T12:18:52.859+0000] {processor.py:153} INFO - Started process (PID=756) to work on /home/airflow/.local/lib/python3.7/site-packages/airflow/example_dags/example_latest_only_with_trigger.py
[2023-04-30T12:18:52.860+0000] {processor.py:743} INFO - Processing file /home/airflow/.local/lib/python3.7/site-packages/airflow/example_dags/example_latest_only_with_trigger.py for tasks to queue
[2023-04-30T12:18:52.860+0000] {logging_mixin.py:137} INFO - [2023-04-30T12:18:52.860+0000] {dagbag.py:532} INFO - Filling up the DagBag from /home/airflow/.local/lib/python3.7/site-packages/airflow/example_dags/example_latest_only_with_trigger.py
[2023-04-30T12:18:52.871+0000] {processor.py:753} INFO - DAG(s) dict_keys(['latest_only_with_trigger']) retrieved from /home/airflow/.local/lib/python3.7/site-packages/airflow/example_dags/example_latest_only_with_trigger.py
[2023-04-30T12:18:52.892+0000] {logging_mixin.py:137} INFO - [2023-04-30T12:18:52.892+0000] {dag.py:2705} INFO - Sync 1 DAGs
[2023-04-30T12:18:52.913+0000] {logging_mixin.py:137} INFO - [2023-04-30T12:18:52.912+0000] {dag.py:3456} INFO - Setting next_dagrun for latest_only_with_trigger to 2023-04-30T08:18:52.912772+00:00, run_after=2023-04-30T12:18:52.912772+00:00
[2023-04-30T12:18:52.927+0000] {processor.py:175} INFO - Processing /home/airflow/.local/lib/python3.7/site-packages/airflow/example_dags/example_latest_only_with_trigger.py took 0.070 seconds
[2023-04-30T12:19:23.375+0000] {processor.py:153} INFO - Started process (PID=806) to work on /home/airflow/.local/lib/python3.7/site-packages/airflow/example_dags/example_latest_only_with_trigger.py
[2023-04-30T12:19:23.375+0000] {processor.py:743} INFO - Processing file /home/airflow/.local/lib/python3.7/site-packages/airflow/example_dags/example_latest_only_with_trigger.py for tasks to queue
[2023-04-30T12:19:23.376+0000] {logging_mixin.py:137} INFO - [2023-04-30T12:19:23.376+0000] {dagbag.py:532} INFO - Filling up the DagBag from /home/airflow/.local/lib/python3.7/site-packages/airflow/example_dags/example_latest_only_with_trigger.py
[2023-04-30T12:19:23.387+0000] {processor.py:753} INFO - DAG(s) dict_keys(['latest_only_with_trigger']) retrieved from /home/airflow/.local/lib/python3.7/site-packages/airflow/example_dags/example_latest_only_with_trigger.py
[2023-04-30T12:19:23.410+0000] {logging_mixin.py:137} INFO - [2023-04-30T12:19:23.410+0000] {dag.py:2705} INFO - Sync 1 DAGs
[2023-04-30T12:19:23.432+0000] {logging_mixin.py:137} INFO - [2023-04-30T12:19:23.432+0000] {dag.py:3456} INFO - Setting next_dagrun for latest_only_with_trigger to 2023-04-30T08:19:23.432320+00:00, run_after=2023-04-30T12:19:23.432320+00:00
[2023-04-30T12:19:23.448+0000] {processor.py:175} INFO - Processing /home/airflow/.local/lib/python3.7/site-packages/airflow/example_dags/example_latest_only_with_trigger.py took 0.076 seconds
[2023-04-30T12:19:53.709+0000] {processor.py:153} INFO - Started process (PID=856) to work on /home/airflow/.local/lib/python3.7/site-packages/airflow/example_dags/example_latest_only_with_trigger.py
[2023-04-30T12:19:53.710+0000] {processor.py:743} INFO - Processing file /home/airflow/.local/lib/python3.7/site-packages/airflow/example_dags/example_latest_only_with_trigger.py for tasks to queue
[2023-04-30T12:19:53.710+0000] {logging_mixin.py:137} INFO - [2023-04-30T12:19:53.710+0000] {dagbag.py:532} INFO - Filling up the DagBag from /home/airflow/.local/lib/python3.7/site-packages/airflow/example_dags/example_latest_only_with_trigger.py
[2023-04-30T12:19:53.721+0000] {processor.py:753} INFO - DAG(s) dict_keys(['latest_only_with_trigger']) retrieved from /home/airflow/.local/lib/python3.7/site-packages/airflow/example_dags/example_latest_only_with_trigger.py
[2023-04-30T12:19:53.741+0000] {logging_mixin.py:137} INFO - [2023-04-30T12:19:53.741+0000] {dag.py:2705} INFO - Sync 1 DAGs
[2023-04-30T12:19:53.762+0000] {logging_mixin.py:137} INFO - [2023-04-30T12:19:53.762+0000] {dag.py:3456} INFO - Setting next_dagrun for latest_only_with_trigger to 2023-04-30T08:19:53.762275+00:00, run_after=2023-04-30T12:19:53.762275+00:00
[2023-04-30T12:19:53.777+0000] {processor.py:175} INFO - Processing /home/airflow/.local/lib/python3.7/site-packages/airflow/example_dags/example_latest_only_with_trigger.py took 0.070 seconds
[2023-04-30T12:20:23.896+0000] {processor.py:153} INFO - Started process (PID=906) to work on /home/airflow/.local/lib/python3.7/site-packages/airflow/example_dags/example_latest_only_with_trigger.py
[2023-04-30T12:20:23.897+0000] {processor.py:743} INFO - Processing file /home/airflow/.local/lib/python3.7/site-packages/airflow/example_dags/example_latest_only_with_trigger.py for tasks to queue
[2023-04-30T12:20:23.897+0000] {logging_mixin.py:137} INFO - [2023-04-30T12:20:23.897+0000] {dagbag.py:532} INFO - Filling up the DagBag from /home/airflow/.local/lib/python3.7/site-packages/airflow/example_dags/example_latest_only_with_trigger.py
[2023-04-30T12:20:23.908+0000] {processor.py:753} INFO - DAG(s) dict_keys(['latest_only_with_trigger']) retrieved from /home/airflow/.local/lib/python3.7/site-packages/airflow/example_dags/example_latest_only_with_trigger.py
[2023-04-30T12:20:23.928+0000] {logging_mixin.py:137} INFO - [2023-04-30T12:20:23.928+0000] {dag.py:2705} INFO - Sync 1 DAGs
[2023-04-30T12:20:23.948+0000] {logging_mixin.py:137} INFO - [2023-04-30T12:20:23.948+0000] {dag.py:3456} INFO - Setting next_dagrun for latest_only_with_trigger to 2023-04-30T08:20:23.948633+00:00, run_after=2023-04-30T12:20:23.948633+00:00
[2023-04-30T12:20:23.963+0000] {processor.py:175} INFO - Processing /home/airflow/.local/lib/python3.7/site-packages/airflow/example_dags/example_latest_only_with_trigger.py took 0.069 seconds
[2023-04-30T12:20:54.227+0000] {processor.py:153} INFO - Started process (PID=956) to work on /home/airflow/.local/lib/python3.7/site-packages/airflow/example_dags/example_latest_only_with_trigger.py
[2023-04-30T12:20:54.228+0000] {processor.py:743} INFO - Processing file /home/airflow/.local/lib/python3.7/site-packages/airflow/example_dags/example_latest_only_with_trigger.py for tasks to queue
[2023-04-30T12:20:54.228+0000] {logging_mixin.py:137} INFO - [2023-04-30T12:20:54.228+0000] {dagbag.py:532} INFO - Filling up the DagBag from /home/airflow/.local/lib/python3.7/site-packages/airflow/example_dags/example_latest_only_with_trigger.py
[2023-04-30T12:20:54.240+0000] {processor.py:753} INFO - DAG(s) dict_keys(['latest_only_with_trigger']) retrieved from /home/airflow/.local/lib/python3.7/site-packages/airflow/example_dags/example_latest_only_with_trigger.py
[2023-04-30T12:20:54.260+0000] {logging_mixin.py:137} INFO - [2023-04-30T12:20:54.260+0000] {dag.py:2705} INFO - Sync 1 DAGs
[2023-04-30T12:20:54.280+0000] {logging_mixin.py:137} INFO - [2023-04-30T12:20:54.280+0000] {dag.py:3456} INFO - Setting next_dagrun for latest_only_with_trigger to 2023-04-30T08:20:54.280591+00:00, run_after=2023-04-30T12:20:54.280591+00:00
[2023-04-30T12:20:54.295+0000] {processor.py:175} INFO - Processing /home/airflow/.local/lib/python3.7/site-packages/airflow/example_dags/example_latest_only_with_trigger.py took 0.070 seconds
[2023-04-30T12:21:24.512+0000] {processor.py:153} INFO - Started process (PID=1006) to work on /home/airflow/.local/lib/python3.7/site-packages/airflow/example_dags/example_latest_only_with_trigger.py
[2023-04-30T12:21:24.513+0000] {processor.py:743} INFO - Processing file /home/airflow/.local/lib/python3.7/site-packages/airflow/example_dags/example_latest_only_with_trigger.py for tasks to queue
[2023-04-30T12:21:24.513+0000] {logging_mixin.py:137} INFO - [2023-04-30T12:21:24.513+0000] {dagbag.py:532} INFO - Filling up the DagBag from /home/airflow/.local/lib/python3.7/site-packages/airflow/example_dags/example_latest_only_with_trigger.py
[2023-04-30T12:21:24.524+0000] {processor.py:753} INFO - DAG(s) dict_keys(['latest_only_with_trigger']) retrieved from /home/airflow/.local/lib/python3.7/site-packages/airflow/example_dags/example_latest_only_with_trigger.py
[2023-04-30T12:21:24.544+0000] {logging_mixin.py:137} INFO - [2023-04-30T12:21:24.544+0000] {dag.py:2705} INFO - Sync 1 DAGs
[2023-04-30T12:21:24.565+0000] {logging_mixin.py:137} INFO - [2023-04-30T12:21:24.565+0000] {dag.py:3456} INFO - Setting next_dagrun for latest_only_with_trigger to 2023-04-30T08:21:24.565563+00:00, run_after=2023-04-30T12:21:24.565563+00:00
[2023-04-30T12:21:24.580+0000] {processor.py:175} INFO - Processing /home/airflow/.local/lib/python3.7/site-packages/airflow/example_dags/example_latest_only_with_trigger.py took 0.070 seconds
[2023-04-30T12:21:54.713+0000] {processor.py:153} INFO - Started process (PID=1056) to work on /home/airflow/.local/lib/python3.7/site-packages/airflow/example_dags/example_latest_only_with_trigger.py
[2023-04-30T12:21:54.714+0000] {processor.py:743} INFO - Processing file /home/airflow/.local/lib/python3.7/site-packages/airflow/example_dags/example_latest_only_with_trigger.py for tasks to queue
[2023-04-30T12:21:54.715+0000] {logging_mixin.py:137} INFO - [2023-04-30T12:21:54.715+0000] {dagbag.py:532} INFO - Filling up the DagBag from /home/airflow/.local/lib/python3.7/site-packages/airflow/example_dags/example_latest_only_with_trigger.py
[2023-04-30T12:21:54.728+0000] {processor.py:753} INFO - DAG(s) dict_keys(['latest_only_with_trigger']) retrieved from /home/airflow/.local/lib/python3.7/site-packages/airflow/example_dags/example_latest_only_with_trigger.py
[2023-04-30T12:21:54.761+0000] {logging_mixin.py:137} INFO - [2023-04-30T12:21:54.761+0000] {dag.py:2705} INFO - Sync 1 DAGs
[2023-04-30T12:21:54.787+0000] {logging_mixin.py:137} INFO - [2023-04-30T12:21:54.787+0000] {dag.py:3456} INFO - Setting next_dagrun for latest_only_with_trigger to 2023-04-30T08:21:54.787336+00:00, run_after=2023-04-30T12:21:54.787336+00:00
[2023-04-30T12:21:54.806+0000] {processor.py:175} INFO - Processing /home/airflow/.local/lib/python3.7/site-packages/airflow/example_dags/example_latest_only_with_trigger.py took 0.096 seconds
[2023-04-30T12:22:25.173+0000] {processor.py:153} INFO - Started process (PID=1106) to work on /home/airflow/.local/lib/python3.7/site-packages/airflow/example_dags/example_latest_only_with_trigger.py
[2023-04-30T12:22:25.174+0000] {processor.py:743} INFO - Processing file /home/airflow/.local/lib/python3.7/site-packages/airflow/example_dags/example_latest_only_with_trigger.py for tasks to queue
[2023-04-30T12:22:25.175+0000] {logging_mixin.py:137} INFO - [2023-04-30T12:22:25.175+0000] {dagbag.py:532} INFO - Filling up the DagBag from /home/airflow/.local/lib/python3.7/site-packages/airflow/example_dags/example_latest_only_with_trigger.py
[2023-04-30T12:22:25.192+0000] {processor.py:753} INFO - DAG(s) dict_keys(['latest_only_with_trigger']) retrieved from /home/airflow/.local/lib/python3.7/site-packages/airflow/example_dags/example_latest_only_with_trigger.py
[2023-04-30T12:22:25.216+0000] {logging_mixin.py:137} INFO - [2023-04-30T12:22:25.216+0000] {dag.py:2705} INFO - Sync 1 DAGs
[2023-04-30T12:22:25.240+0000] {logging_mixin.py:137} INFO - [2023-04-30T12:22:25.240+0000] {dag.py:3456} INFO - Setting next_dagrun for latest_only_with_trigger to 2023-04-30T08:22:25.240042+00:00, run_after=2023-04-30T12:22:25.240042+00:00
[2023-04-30T12:22:25.255+0000] {processor.py:175} INFO - Processing /home/airflow/.local/lib/python3.7/site-packages/airflow/example_dags/example_latest_only_with_trigger.py took 0.086 seconds
