[2023-04-30T12:11:49.058+0000] {processor.py:153} INFO - Started process (PID=75) to work on /home/airflow/.local/lib/python3.7/site-packages/airflow/example_dags/tutorial_dag.py
[2023-04-30T12:11:49.058+0000] {processor.py:743} INFO - Processing file /home/airflow/.local/lib/python3.7/site-packages/airflow/example_dags/tutorial_dag.py for tasks to queue
[2023-04-30T12:11:49.059+0000] {logging_mixin.py:137} INFO - [2023-04-30T12:11:49.059+0000] {dagbag.py:532} INFO - Filling up the DagBag from /home/airflow/.local/lib/python3.7/site-packages/airflow/example_dags/tutorial_dag.py
[2023-04-30T12:11:49.074+0000] {processor.py:753} INFO - DAG(s) dict_keys(['tutorial_dag']) retrieved from /home/airflow/.local/lib/python3.7/site-packages/airflow/example_dags/tutorial_dag.py
[2023-04-30T12:11:49.086+0000] {logging_mixin.py:137} INFO - [2023-04-30T12:11:49.086+0000] {dag.py:2705} INFO - Sync 1 DAGs
[2023-04-30T12:11:49.113+0000] {logging_mixin.py:137} INFO - [2023-04-30T12:11:49.113+0000] {dag.py:3456} INFO - Setting next_dagrun for tutorial_dag to None, run_after=None
[2023-04-30T12:11:49.133+0000] {processor.py:175} INFO - Processing /home/airflow/.local/lib/python3.7/site-packages/airflow/example_dags/tutorial_dag.py took 0.078 seconds
[2023-04-30T12:12:19.281+0000] {processor.py:153} INFO - Started process (PID=125) to work on /home/airflow/.local/lib/python3.7/site-packages/airflow/example_dags/tutorial_dag.py
[2023-04-30T12:12:19.281+0000] {processor.py:743} INFO - Processing file /home/airflow/.local/lib/python3.7/site-packages/airflow/example_dags/tutorial_dag.py for tasks to queue
[2023-04-30T12:12:19.282+0000] {logging_mixin.py:137} INFO - [2023-04-30T12:12:19.282+0000] {dagbag.py:532} INFO - Filling up the DagBag from /home/airflow/.local/lib/python3.7/site-packages/airflow/example_dags/tutorial_dag.py
[2023-04-30T12:12:19.293+0000] {processor.py:753} INFO - DAG(s) dict_keys(['tutorial_dag']) retrieved from /home/airflow/.local/lib/python3.7/site-packages/airflow/example_dags/tutorial_dag.py
[2023-04-30T12:12:19.317+0000] {logging_mixin.py:137} INFO - [2023-04-30T12:12:19.317+0000] {dag.py:2705} INFO - Sync 1 DAGs
[2023-04-30T12:12:19.342+0000] {logging_mixin.py:137} INFO - [2023-04-30T12:12:19.341+0000] {dag.py:3456} INFO - Setting next_dagrun for tutorial_dag to None, run_after=None
[2023-04-30T12:12:19.358+0000] {processor.py:175} INFO - Processing /home/airflow/.local/lib/python3.7/site-packages/airflow/example_dags/tutorial_dag.py took 0.080 seconds
[2023-04-30T12:12:49.593+0000] {processor.py:153} INFO - Started process (PID=175) to work on /home/airflow/.local/lib/python3.7/site-packages/airflow/example_dags/tutorial_dag.py
[2023-04-30T12:12:49.593+0000] {processor.py:743} INFO - Processing file /home/airflow/.local/lib/python3.7/site-packages/airflow/example_dags/tutorial_dag.py for tasks to queue
[2023-04-30T12:12:49.594+0000] {logging_mixin.py:137} INFO - [2023-04-30T12:12:49.593+0000] {dagbag.py:532} INFO - Filling up the DagBag from /home/airflow/.local/lib/python3.7/site-packages/airflow/example_dags/tutorial_dag.py
[2023-04-30T12:12:49.603+0000] {processor.py:753} INFO - DAG(s) dict_keys(['tutorial_dag']) retrieved from /home/airflow/.local/lib/python3.7/site-packages/airflow/example_dags/tutorial_dag.py
[2023-04-30T12:12:49.624+0000] {logging_mixin.py:137} INFO - [2023-04-30T12:12:49.624+0000] {dag.py:2705} INFO - Sync 1 DAGs
[2023-04-30T12:12:49.649+0000] {logging_mixin.py:137} INFO - [2023-04-30T12:12:49.649+0000] {dag.py:3456} INFO - Setting next_dagrun for tutorial_dag to None, run_after=None
[2023-04-30T12:12:49.667+0000] {processor.py:175} INFO - Processing /home/airflow/.local/lib/python3.7/site-packages/airflow/example_dags/tutorial_dag.py took 0.077 seconds
[2023-04-30T12:13:19.831+0000] {processor.py:153} INFO - Started process (PID=226) to work on /home/airflow/.local/lib/python3.7/site-packages/airflow/example_dags/tutorial_dag.py
[2023-04-30T12:13:19.832+0000] {processor.py:743} INFO - Processing file /home/airflow/.local/lib/python3.7/site-packages/airflow/example_dags/tutorial_dag.py for tasks to queue
[2023-04-30T12:13:19.833+0000] {logging_mixin.py:137} INFO - [2023-04-30T12:13:19.832+0000] {dagbag.py:532} INFO - Filling up the DagBag from /home/airflow/.local/lib/python3.7/site-packages/airflow/example_dags/tutorial_dag.py
[2023-04-30T12:13:19.843+0000] {processor.py:753} INFO - DAG(s) dict_keys(['tutorial_dag']) retrieved from /home/airflow/.local/lib/python3.7/site-packages/airflow/example_dags/tutorial_dag.py
[2023-04-30T12:13:19.863+0000] {logging_mixin.py:137} INFO - [2023-04-30T12:13:19.863+0000] {dag.py:2705} INFO - Sync 1 DAGs
[2023-04-30T12:13:19.884+0000] {logging_mixin.py:137} INFO - [2023-04-30T12:13:19.883+0000] {dag.py:3456} INFO - Setting next_dagrun for tutorial_dag to None, run_after=None
[2023-04-30T12:13:19.898+0000] {processor.py:175} INFO - Processing /home/airflow/.local/lib/python3.7/site-packages/airflow/example_dags/tutorial_dag.py took 0.069 seconds
[2023-04-30T12:13:50.455+0000] {processor.py:153} INFO - Started process (PID=276) to work on /home/airflow/.local/lib/python3.7/site-packages/airflow/example_dags/tutorial_dag.py
[2023-04-30T12:13:50.456+0000] {processor.py:743} INFO - Processing file /home/airflow/.local/lib/python3.7/site-packages/airflow/example_dags/tutorial_dag.py for tasks to queue
[2023-04-30T12:13:50.456+0000] {logging_mixin.py:137} INFO - [2023-04-30T12:13:50.456+0000] {dagbag.py:532} INFO - Filling up the DagBag from /home/airflow/.local/lib/python3.7/site-packages/airflow/example_dags/tutorial_dag.py
[2023-04-30T12:13:50.469+0000] {processor.py:753} INFO - DAG(s) dict_keys(['tutorial_dag']) retrieved from /home/airflow/.local/lib/python3.7/site-packages/airflow/example_dags/tutorial_dag.py
[2023-04-30T12:13:50.504+0000] {logging_mixin.py:137} INFO - [2023-04-30T12:13:50.503+0000] {dag.py:2705} INFO - Sync 1 DAGs
[2023-04-30T12:13:50.538+0000] {logging_mixin.py:137} INFO - [2023-04-30T12:13:50.537+0000] {dag.py:3456} INFO - Setting next_dagrun for tutorial_dag to None, run_after=None
[2023-04-30T12:13:50.570+0000] {processor.py:175} INFO - Processing /home/airflow/.local/lib/python3.7/site-packages/airflow/example_dags/tutorial_dag.py took 0.118 seconds
[2023-04-30T12:14:21.264+0000] {processor.py:153} INFO - Started process (PID=326) to work on /home/airflow/.local/lib/python3.7/site-packages/airflow/example_dags/tutorial_dag.py
[2023-04-30T12:14:21.265+0000] {processor.py:743} INFO - Processing file /home/airflow/.local/lib/python3.7/site-packages/airflow/example_dags/tutorial_dag.py for tasks to queue
[2023-04-30T12:14:21.265+0000] {logging_mixin.py:137} INFO - [2023-04-30T12:14:21.265+0000] {dagbag.py:532} INFO - Filling up the DagBag from /home/airflow/.local/lib/python3.7/site-packages/airflow/example_dags/tutorial_dag.py
[2023-04-30T12:14:21.276+0000] {processor.py:753} INFO - DAG(s) dict_keys(['tutorial_dag']) retrieved from /home/airflow/.local/lib/python3.7/site-packages/airflow/example_dags/tutorial_dag.py
[2023-04-30T12:14:21.296+0000] {logging_mixin.py:137} INFO - [2023-04-30T12:14:21.296+0000] {dag.py:2705} INFO - Sync 1 DAGs
[2023-04-30T12:14:21.317+0000] {logging_mixin.py:137} INFO - [2023-04-30T12:14:21.316+0000] {dag.py:3456} INFO - Setting next_dagrun for tutorial_dag to None, run_after=None
[2023-04-30T12:14:21.331+0000] {processor.py:175} INFO - Processing /home/airflow/.local/lib/python3.7/site-packages/airflow/example_dags/tutorial_dag.py took 0.069 seconds
[2023-04-30T12:14:51.692+0000] {processor.py:153} INFO - Started process (PID=376) to work on /home/airflow/.local/lib/python3.7/site-packages/airflow/example_dags/tutorial_dag.py
[2023-04-30T12:14:51.692+0000] {processor.py:743} INFO - Processing file /home/airflow/.local/lib/python3.7/site-packages/airflow/example_dags/tutorial_dag.py for tasks to queue
[2023-04-30T12:14:51.693+0000] {logging_mixin.py:137} INFO - [2023-04-30T12:14:51.693+0000] {dagbag.py:532} INFO - Filling up the DagBag from /home/airflow/.local/lib/python3.7/site-packages/airflow/example_dags/tutorial_dag.py
[2023-04-30T12:14:51.706+0000] {processor.py:753} INFO - DAG(s) dict_keys(['tutorial_dag']) retrieved from /home/airflow/.local/lib/python3.7/site-packages/airflow/example_dags/tutorial_dag.py
[2023-04-30T12:14:51.733+0000] {logging_mixin.py:137} INFO - [2023-04-30T12:14:51.733+0000] {dag.py:2705} INFO - Sync 1 DAGs
[2023-04-30T12:14:51.756+0000] {logging_mixin.py:137} INFO - [2023-04-30T12:14:51.755+0000] {dag.py:3456} INFO - Setting next_dagrun for tutorial_dag to None, run_after=None
[2023-04-30T12:14:51.772+0000] {processor.py:175} INFO - Processing /home/airflow/.local/lib/python3.7/site-packages/airflow/example_dags/tutorial_dag.py took 0.084 seconds
[2023-04-30T12:15:22.165+0000] {processor.py:153} INFO - Started process (PID=426) to work on /home/airflow/.local/lib/python3.7/site-packages/airflow/example_dags/tutorial_dag.py
[2023-04-30T12:15:22.166+0000] {processor.py:743} INFO - Processing file /home/airflow/.local/lib/python3.7/site-packages/airflow/example_dags/tutorial_dag.py for tasks to queue
[2023-04-30T12:15:22.166+0000] {logging_mixin.py:137} INFO - [2023-04-30T12:15:22.166+0000] {dagbag.py:532} INFO - Filling up the DagBag from /home/airflow/.local/lib/python3.7/site-packages/airflow/example_dags/tutorial_dag.py
[2023-04-30T12:15:22.176+0000] {processor.py:753} INFO - DAG(s) dict_keys(['tutorial_dag']) retrieved from /home/airflow/.local/lib/python3.7/site-packages/airflow/example_dags/tutorial_dag.py
[2023-04-30T12:15:22.197+0000] {logging_mixin.py:137} INFO - [2023-04-30T12:15:22.197+0000] {dag.py:2705} INFO - Sync 1 DAGs
[2023-04-30T12:15:22.216+0000] {logging_mixin.py:137} INFO - [2023-04-30T12:15:22.216+0000] {dag.py:3456} INFO - Setting next_dagrun for tutorial_dag to None, run_after=None
[2023-04-30T12:15:22.231+0000] {processor.py:175} INFO - Processing /home/airflow/.local/lib/python3.7/site-packages/airflow/example_dags/tutorial_dag.py took 0.068 seconds
[2023-04-30T12:15:52.725+0000] {processor.py:153} INFO - Started process (PID=476) to work on /home/airflow/.local/lib/python3.7/site-packages/airflow/example_dags/tutorial_dag.py
[2023-04-30T12:15:52.726+0000] {processor.py:743} INFO - Processing file /home/airflow/.local/lib/python3.7/site-packages/airflow/example_dags/tutorial_dag.py for tasks to queue
[2023-04-30T12:15:52.727+0000] {logging_mixin.py:137} INFO - [2023-04-30T12:15:52.727+0000] {dagbag.py:532} INFO - Filling up the DagBag from /home/airflow/.local/lib/python3.7/site-packages/airflow/example_dags/tutorial_dag.py
[2023-04-30T12:15:52.741+0000] {processor.py:753} INFO - DAG(s) dict_keys(['tutorial_dag']) retrieved from /home/airflow/.local/lib/python3.7/site-packages/airflow/example_dags/tutorial_dag.py
[2023-04-30T12:15:52.769+0000] {logging_mixin.py:137} INFO - [2023-04-30T12:15:52.769+0000] {dag.py:2705} INFO - Sync 1 DAGs
[2023-04-30T12:15:52.797+0000] {logging_mixin.py:137} INFO - [2023-04-30T12:15:52.797+0000] {dag.py:3456} INFO - Setting next_dagrun for tutorial_dag to None, run_after=None
[2023-04-30T12:15:52.819+0000] {processor.py:175} INFO - Processing /home/airflow/.local/lib/python3.7/site-packages/airflow/example_dags/tutorial_dag.py took 0.097 seconds
[2023-04-30T12:16:23.298+0000] {processor.py:153} INFO - Started process (PID=526) to work on /home/airflow/.local/lib/python3.7/site-packages/airflow/example_dags/tutorial_dag.py
[2023-04-30T12:16:23.299+0000] {processor.py:743} INFO - Processing file /home/airflow/.local/lib/python3.7/site-packages/airflow/example_dags/tutorial_dag.py for tasks to queue
[2023-04-30T12:16:23.299+0000] {logging_mixin.py:137} INFO - [2023-04-30T12:16:23.299+0000] {dagbag.py:532} INFO - Filling up the DagBag from /home/airflow/.local/lib/python3.7/site-packages/airflow/example_dags/tutorial_dag.py
[2023-04-30T12:16:23.310+0000] {processor.py:753} INFO - DAG(s) dict_keys(['tutorial_dag']) retrieved from /home/airflow/.local/lib/python3.7/site-packages/airflow/example_dags/tutorial_dag.py
[2023-04-30T12:16:23.332+0000] {logging_mixin.py:137} INFO - [2023-04-30T12:16:23.332+0000] {dag.py:2705} INFO - Sync 1 DAGs
[2023-04-30T12:16:23.355+0000] {logging_mixin.py:137} INFO - [2023-04-30T12:16:23.355+0000] {dag.py:3456} INFO - Setting next_dagrun for tutorial_dag to None, run_after=None
[2023-04-30T12:16:23.371+0000] {processor.py:175} INFO - Processing /home/airflow/.local/lib/python3.7/site-packages/airflow/example_dags/tutorial_dag.py took 0.075 seconds
[2023-04-30T12:16:53.660+0000] {processor.py:153} INFO - Started process (PID=576) to work on /home/airflow/.local/lib/python3.7/site-packages/airflow/example_dags/tutorial_dag.py
[2023-04-30T12:16:53.661+0000] {processor.py:743} INFO - Processing file /home/airflow/.local/lib/python3.7/site-packages/airflow/example_dags/tutorial_dag.py for tasks to queue
[2023-04-30T12:16:53.661+0000] {logging_mixin.py:137} INFO - [2023-04-30T12:16:53.661+0000] {dagbag.py:532} INFO - Filling up the DagBag from /home/airflow/.local/lib/python3.7/site-packages/airflow/example_dags/tutorial_dag.py
[2023-04-30T12:16:53.674+0000] {processor.py:753} INFO - DAG(s) dict_keys(['tutorial_dag']) retrieved from /home/airflow/.local/lib/python3.7/site-packages/airflow/example_dags/tutorial_dag.py
[2023-04-30T12:16:53.698+0000] {logging_mixin.py:137} INFO - [2023-04-30T12:16:53.698+0000] {dag.py:2705} INFO - Sync 1 DAGs
[2023-04-30T12:16:53.723+0000] {logging_mixin.py:137} INFO - [2023-04-30T12:16:53.723+0000] {dag.py:3456} INFO - Setting next_dagrun for tutorial_dag to None, run_after=None
[2023-04-30T12:16:53.742+0000] {processor.py:175} INFO - Processing /home/airflow/.local/lib/python3.7/site-packages/airflow/example_dags/tutorial_dag.py took 0.084 seconds
[2023-04-30T12:17:24.035+0000] {processor.py:153} INFO - Started process (PID=626) to work on /home/airflow/.local/lib/python3.7/site-packages/airflow/example_dags/tutorial_dag.py
[2023-04-30T12:17:24.036+0000] {processor.py:743} INFO - Processing file /home/airflow/.local/lib/python3.7/site-packages/airflow/example_dags/tutorial_dag.py for tasks to queue
[2023-04-30T12:17:24.036+0000] {logging_mixin.py:137} INFO - [2023-04-30T12:17:24.036+0000] {dagbag.py:532} INFO - Filling up the DagBag from /home/airflow/.local/lib/python3.7/site-packages/airflow/example_dags/tutorial_dag.py
[2023-04-30T12:17:24.045+0000] {processor.py:753} INFO - DAG(s) dict_keys(['tutorial_dag']) retrieved from /home/airflow/.local/lib/python3.7/site-packages/airflow/example_dags/tutorial_dag.py
[2023-04-30T12:17:24.066+0000] {logging_mixin.py:137} INFO - [2023-04-30T12:17:24.065+0000] {dag.py:2705} INFO - Sync 1 DAGs
[2023-04-30T12:17:24.085+0000] {logging_mixin.py:137} INFO - [2023-04-30T12:17:24.085+0000] {dag.py:3456} INFO - Setting next_dagrun for tutorial_dag to None, run_after=None
[2023-04-30T12:17:24.100+0000] {processor.py:175} INFO - Processing /home/airflow/.local/lib/python3.7/site-packages/airflow/example_dags/tutorial_dag.py took 0.068 seconds
[2023-04-30T12:17:54.309+0000] {processor.py:153} INFO - Started process (PID=676) to work on /home/airflow/.local/lib/python3.7/site-packages/airflow/example_dags/tutorial_dag.py
[2023-04-30T12:17:54.309+0000] {processor.py:743} INFO - Processing file /home/airflow/.local/lib/python3.7/site-packages/airflow/example_dags/tutorial_dag.py for tasks to queue
[2023-04-30T12:17:54.310+0000] {logging_mixin.py:137} INFO - [2023-04-30T12:17:54.310+0000] {dagbag.py:532} INFO - Filling up the DagBag from /home/airflow/.local/lib/python3.7/site-packages/airflow/example_dags/tutorial_dag.py
[2023-04-30T12:17:54.320+0000] {processor.py:753} INFO - DAG(s) dict_keys(['tutorial_dag']) retrieved from /home/airflow/.local/lib/python3.7/site-packages/airflow/example_dags/tutorial_dag.py
[2023-04-30T12:17:54.342+0000] {logging_mixin.py:137} INFO - [2023-04-30T12:17:54.342+0000] {dag.py:2705} INFO - Sync 1 DAGs
[2023-04-30T12:17:54.366+0000] {logging_mixin.py:137} INFO - [2023-04-30T12:17:54.366+0000] {dag.py:3456} INFO - Setting next_dagrun for tutorial_dag to None, run_after=None
[2023-04-30T12:17:54.384+0000] {processor.py:175} INFO - Processing /home/airflow/.local/lib/python3.7/site-packages/airflow/example_dags/tutorial_dag.py took 0.078 seconds
[2023-04-30T12:18:24.661+0000] {processor.py:153} INFO - Started process (PID=726) to work on /home/airflow/.local/lib/python3.7/site-packages/airflow/example_dags/tutorial_dag.py
[2023-04-30T12:18:24.662+0000] {processor.py:743} INFO - Processing file /home/airflow/.local/lib/python3.7/site-packages/airflow/example_dags/tutorial_dag.py for tasks to queue
[2023-04-30T12:18:24.662+0000] {logging_mixin.py:137} INFO - [2023-04-30T12:18:24.662+0000] {dagbag.py:532} INFO - Filling up the DagBag from /home/airflow/.local/lib/python3.7/site-packages/airflow/example_dags/tutorial_dag.py
[2023-04-30T12:18:24.672+0000] {processor.py:753} INFO - DAG(s) dict_keys(['tutorial_dag']) retrieved from /home/airflow/.local/lib/python3.7/site-packages/airflow/example_dags/tutorial_dag.py
[2023-04-30T12:18:24.692+0000] {logging_mixin.py:137} INFO - [2023-04-30T12:18:24.692+0000] {dag.py:2705} INFO - Sync 1 DAGs
[2023-04-30T12:18:24.711+0000] {logging_mixin.py:137} INFO - [2023-04-30T12:18:24.711+0000] {dag.py:3456} INFO - Setting next_dagrun for tutorial_dag to None, run_after=None
[2023-04-30T12:18:24.726+0000] {processor.py:175} INFO - Processing /home/airflow/.local/lib/python3.7/site-packages/airflow/example_dags/tutorial_dag.py took 0.067 seconds
[2023-04-30T12:18:55.054+0000] {processor.py:153} INFO - Started process (PID=776) to work on /home/airflow/.local/lib/python3.7/site-packages/airflow/example_dags/tutorial_dag.py
[2023-04-30T12:18:55.054+0000] {processor.py:743} INFO - Processing file /home/airflow/.local/lib/python3.7/site-packages/airflow/example_dags/tutorial_dag.py for tasks to queue
[2023-04-30T12:18:55.055+0000] {logging_mixin.py:137} INFO - [2023-04-30T12:18:55.054+0000] {dagbag.py:532} INFO - Filling up the DagBag from /home/airflow/.local/lib/python3.7/site-packages/airflow/example_dags/tutorial_dag.py
[2023-04-30T12:18:55.064+0000] {processor.py:753} INFO - DAG(s) dict_keys(['tutorial_dag']) retrieved from /home/airflow/.local/lib/python3.7/site-packages/airflow/example_dags/tutorial_dag.py
[2023-04-30T12:18:55.085+0000] {logging_mixin.py:137} INFO - [2023-04-30T12:18:55.085+0000] {dag.py:2705} INFO - Sync 1 DAGs
[2023-04-30T12:18:55.104+0000] {logging_mixin.py:137} INFO - [2023-04-30T12:18:55.104+0000] {dag.py:3456} INFO - Setting next_dagrun for tutorial_dag to None, run_after=None
[2023-04-30T12:18:55.118+0000] {processor.py:175} INFO - Processing /home/airflow/.local/lib/python3.7/site-packages/airflow/example_dags/tutorial_dag.py took 0.067 seconds
[2023-04-30T12:19:25.574+0000] {processor.py:153} INFO - Started process (PID=826) to work on /home/airflow/.local/lib/python3.7/site-packages/airflow/example_dags/tutorial_dag.py
[2023-04-30T12:19:25.575+0000] {processor.py:743} INFO - Processing file /home/airflow/.local/lib/python3.7/site-packages/airflow/example_dags/tutorial_dag.py for tasks to queue
[2023-04-30T12:19:25.575+0000] {logging_mixin.py:137} INFO - [2023-04-30T12:19:25.575+0000] {dagbag.py:532} INFO - Filling up the DagBag from /home/airflow/.local/lib/python3.7/site-packages/airflow/example_dags/tutorial_dag.py
[2023-04-30T12:19:25.586+0000] {processor.py:753} INFO - DAG(s) dict_keys(['tutorial_dag']) retrieved from /home/airflow/.local/lib/python3.7/site-packages/airflow/example_dags/tutorial_dag.py
[2023-04-30T12:19:25.607+0000] {logging_mixin.py:137} INFO - [2023-04-30T12:19:25.606+0000] {dag.py:2705} INFO - Sync 1 DAGs
[2023-04-30T12:19:25.629+0000] {logging_mixin.py:137} INFO - [2023-04-30T12:19:25.629+0000] {dag.py:3456} INFO - Setting next_dagrun for tutorial_dag to None, run_after=None
[2023-04-30T12:19:25.644+0000] {processor.py:175} INFO - Processing /home/airflow/.local/lib/python3.7/site-packages/airflow/example_dags/tutorial_dag.py took 0.073 seconds
[2023-04-30T12:19:55.763+0000] {processor.py:153} INFO - Started process (PID=876) to work on /home/airflow/.local/lib/python3.7/site-packages/airflow/example_dags/tutorial_dag.py
[2023-04-30T12:19:55.763+0000] {processor.py:743} INFO - Processing file /home/airflow/.local/lib/python3.7/site-packages/airflow/example_dags/tutorial_dag.py for tasks to queue
[2023-04-30T12:19:55.764+0000] {logging_mixin.py:137} INFO - [2023-04-30T12:19:55.764+0000] {dagbag.py:532} INFO - Filling up the DagBag from /home/airflow/.local/lib/python3.7/site-packages/airflow/example_dags/tutorial_dag.py
[2023-04-30T12:19:55.774+0000] {processor.py:753} INFO - DAG(s) dict_keys(['tutorial_dag']) retrieved from /home/airflow/.local/lib/python3.7/site-packages/airflow/example_dags/tutorial_dag.py
[2023-04-30T12:19:55.794+0000] {logging_mixin.py:137} INFO - [2023-04-30T12:19:55.794+0000] {dag.py:2705} INFO - Sync 1 DAGs
[2023-04-30T12:19:55.815+0000] {logging_mixin.py:137} INFO - [2023-04-30T12:19:55.814+0000] {dag.py:3456} INFO - Setting next_dagrun for tutorial_dag to None, run_after=None
[2023-04-30T12:19:55.829+0000] {processor.py:175} INFO - Processing /home/airflow/.local/lib/python3.7/site-packages/airflow/example_dags/tutorial_dag.py took 0.069 seconds
[2023-04-30T12:20:26.058+0000] {processor.py:153} INFO - Started process (PID=926) to work on /home/airflow/.local/lib/python3.7/site-packages/airflow/example_dags/tutorial_dag.py
[2023-04-30T12:20:26.059+0000] {processor.py:743} INFO - Processing file /home/airflow/.local/lib/python3.7/site-packages/airflow/example_dags/tutorial_dag.py for tasks to queue
[2023-04-30T12:20:26.059+0000] {logging_mixin.py:137} INFO - [2023-04-30T12:20:26.059+0000] {dagbag.py:532} INFO - Filling up the DagBag from /home/airflow/.local/lib/python3.7/site-packages/airflow/example_dags/tutorial_dag.py
[2023-04-30T12:20:26.069+0000] {processor.py:753} INFO - DAG(s) dict_keys(['tutorial_dag']) retrieved from /home/airflow/.local/lib/python3.7/site-packages/airflow/example_dags/tutorial_dag.py
[2023-04-30T12:20:26.090+0000] {logging_mixin.py:137} INFO - [2023-04-30T12:20:26.090+0000] {dag.py:2705} INFO - Sync 1 DAGs
[2023-04-30T12:20:26.111+0000] {logging_mixin.py:137} INFO - [2023-04-30T12:20:26.111+0000] {dag.py:3456} INFO - Setting next_dagrun for tutorial_dag to None, run_after=None
[2023-04-30T12:20:26.126+0000] {processor.py:175} INFO - Processing /home/airflow/.local/lib/python3.7/site-packages/airflow/example_dags/tutorial_dag.py took 0.071 seconds
[2023-04-30T12:20:56.318+0000] {processor.py:153} INFO - Started process (PID=976) to work on /home/airflow/.local/lib/python3.7/site-packages/airflow/example_dags/tutorial_dag.py
[2023-04-30T12:20:56.319+0000] {processor.py:743} INFO - Processing file /home/airflow/.local/lib/python3.7/site-packages/airflow/example_dags/tutorial_dag.py for tasks to queue
[2023-04-30T12:20:56.319+0000] {logging_mixin.py:137} INFO - [2023-04-30T12:20:56.319+0000] {dagbag.py:532} INFO - Filling up the DagBag from /home/airflow/.local/lib/python3.7/site-packages/airflow/example_dags/tutorial_dag.py
[2023-04-30T12:20:56.329+0000] {processor.py:753} INFO - DAG(s) dict_keys(['tutorial_dag']) retrieved from /home/airflow/.local/lib/python3.7/site-packages/airflow/example_dags/tutorial_dag.py
[2023-04-30T12:20:56.349+0000] {logging_mixin.py:137} INFO - [2023-04-30T12:20:56.349+0000] {dag.py:2705} INFO - Sync 1 DAGs
[2023-04-30T12:20:56.370+0000] {logging_mixin.py:137} INFO - [2023-04-30T12:20:56.369+0000] {dag.py:3456} INFO - Setting next_dagrun for tutorial_dag to None, run_after=None
[2023-04-30T12:20:56.385+0000] {processor.py:175} INFO - Processing /home/airflow/.local/lib/python3.7/site-packages/airflow/example_dags/tutorial_dag.py took 0.069 seconds
[2023-04-30T12:21:26.577+0000] {processor.py:153} INFO - Started process (PID=1026) to work on /home/airflow/.local/lib/python3.7/site-packages/airflow/example_dags/tutorial_dag.py
[2023-04-30T12:21:26.577+0000] {processor.py:743} INFO - Processing file /home/airflow/.local/lib/python3.7/site-packages/airflow/example_dags/tutorial_dag.py for tasks to queue
[2023-04-30T12:21:26.578+0000] {logging_mixin.py:137} INFO - [2023-04-30T12:21:26.578+0000] {dagbag.py:532} INFO - Filling up the DagBag from /home/airflow/.local/lib/python3.7/site-packages/airflow/example_dags/tutorial_dag.py
[2023-04-30T12:21:26.588+0000] {processor.py:753} INFO - DAG(s) dict_keys(['tutorial_dag']) retrieved from /home/airflow/.local/lib/python3.7/site-packages/airflow/example_dags/tutorial_dag.py
[2023-04-30T12:21:26.608+0000] {logging_mixin.py:137} INFO - [2023-04-30T12:21:26.608+0000] {dag.py:2705} INFO - Sync 1 DAGs
[2023-04-30T12:21:26.629+0000] {logging_mixin.py:137} INFO - [2023-04-30T12:21:26.629+0000] {dag.py:3456} INFO - Setting next_dagrun for tutorial_dag to None, run_after=None
[2023-04-30T12:21:26.643+0000] {processor.py:175} INFO - Processing /home/airflow/.local/lib/python3.7/site-packages/airflow/example_dags/tutorial_dag.py took 0.069 seconds
[2023-04-30T12:21:57.015+0000] {processor.py:153} INFO - Started process (PID=1076) to work on /home/airflow/.local/lib/python3.7/site-packages/airflow/example_dags/tutorial_dag.py
[2023-04-30T12:21:57.015+0000] {processor.py:743} INFO - Processing file /home/airflow/.local/lib/python3.7/site-packages/airflow/example_dags/tutorial_dag.py for tasks to queue
[2023-04-30T12:21:57.016+0000] {logging_mixin.py:137} INFO - [2023-04-30T12:21:57.016+0000] {dagbag.py:532} INFO - Filling up the DagBag from /home/airflow/.local/lib/python3.7/site-packages/airflow/example_dags/tutorial_dag.py
[2023-04-30T12:21:57.026+0000] {processor.py:753} INFO - DAG(s) dict_keys(['tutorial_dag']) retrieved from /home/airflow/.local/lib/python3.7/site-packages/airflow/example_dags/tutorial_dag.py
[2023-04-30T12:21:57.047+0000] {logging_mixin.py:137} INFO - [2023-04-30T12:21:57.047+0000] {dag.py:2705} INFO - Sync 1 DAGs
[2023-04-30T12:21:57.067+0000] {logging_mixin.py:137} INFO - [2023-04-30T12:21:57.067+0000] {dag.py:3456} INFO - Setting next_dagrun for tutorial_dag to None, run_after=None
[2023-04-30T12:21:57.082+0000] {processor.py:175} INFO - Processing /home/airflow/.local/lib/python3.7/site-packages/airflow/example_dags/tutorial_dag.py took 0.070 seconds
[2023-04-30T12:22:27.396+0000] {processor.py:153} INFO - Started process (PID=1126) to work on /home/airflow/.local/lib/python3.7/site-packages/airflow/example_dags/tutorial_dag.py
[2023-04-30T12:22:27.397+0000] {processor.py:743} INFO - Processing file /home/airflow/.local/lib/python3.7/site-packages/airflow/example_dags/tutorial_dag.py for tasks to queue
[2023-04-30T12:22:27.397+0000] {logging_mixin.py:137} INFO - [2023-04-30T12:22:27.397+0000] {dagbag.py:532} INFO - Filling up the DagBag from /home/airflow/.local/lib/python3.7/site-packages/airflow/example_dags/tutorial_dag.py
[2023-04-30T12:22:27.408+0000] {processor.py:753} INFO - DAG(s) dict_keys(['tutorial_dag']) retrieved from /home/airflow/.local/lib/python3.7/site-packages/airflow/example_dags/tutorial_dag.py
[2023-04-30T12:22:27.432+0000] {logging_mixin.py:137} INFO - [2023-04-30T12:22:27.431+0000] {dag.py:2705} INFO - Sync 1 DAGs
[2023-04-30T12:22:27.453+0000] {logging_mixin.py:137} INFO - [2023-04-30T12:22:27.453+0000] {dag.py:3456} INFO - Setting next_dagrun for tutorial_dag to None, run_after=None
[2023-04-30T12:22:27.468+0000] {processor.py:175} INFO - Processing /home/airflow/.local/lib/python3.7/site-packages/airflow/example_dags/tutorial_dag.py took 0.075 seconds
