[2023-04-30T15:30:01.977+0000] {taskinstance.py:1090} INFO - Dependencies all met for dep_context=non-requeueable deps ti=<TaskInstance: environment_dag.file_creation_production manual__2023-04-30T15:29:59.410949+00:00 [queued]>
[2023-04-30T15:30:01.987+0000] {taskinstance.py:1090} INFO - Dependencies all met for dep_context=requeueable deps ti=<TaskInstance: environment_dag.file_creation_production manual__2023-04-30T15:29:59.410949+00:00 [queued]>
[2023-04-30T15:30:01.987+0000] {taskinstance.py:1288} INFO - 
--------------------------------------------------------------------------------
[2023-04-30T15:30:01.987+0000] {taskinstance.py:1289} INFO - Starting attempt 1 of 1
[2023-04-30T15:30:01.987+0000] {taskinstance.py:1290} INFO - 
--------------------------------------------------------------------------------
[2023-04-30T15:30:01.999+0000] {taskinstance.py:1309} INFO - Executing <Task(PythonOperator): file_creation_production> on 2023-04-30 15:29:59.410949+00:00
[2023-04-30T15:30:02.003+0000] {standard_task_runner.py:55} INFO - Started process 68 to run task
[2023-04-30T15:30:02.006+0000] {standard_task_runner.py:82} INFO - Running: ['***', 'tasks', 'run', 'environment_dag', 'file_creation_production', 'manual__2023-04-30T15:29:59.410949+00:00', '--job-id', '222', '--raw', '--subdir', 'DAGS_FOLDER/environmentDAG/environmentDag.py', '--cfg-path', '/tmp/tmppr9nuj0c']
[2023-04-30T15:30:02.006+0000] {standard_task_runner.py:83} INFO - Job 222: Subtask file_creation_production
[2023-04-30T15:30:02.063+0000] {task_command.py:389} INFO - Running <TaskInstance: environment_dag.file_creation_production manual__2023-04-30T15:29:59.410949+00:00 [running]> on host 3778ccb33614
[2023-04-30T15:30:02.125+0000] {taskinstance.py:1518} INFO - Exporting the following env vars:
AIRFLOW_CTX_DAG_OWNER=***
AIRFLOW_CTX_DAG_ID=environment_dag
AIRFLOW_CTX_TASK_ID=file_creation_production
AIRFLOW_CTX_EXECUTION_DATE=2023-04-30T15:29:59.410949+00:00
AIRFLOW_CTX_TRY_NUMBER=1
AIRFLOW_CTX_DAG_RUN_ID=manual__2023-04-30T15:29:59.410949+00:00
[2023-04-30T15:30:02.137+0000] {python.py:177} INFO - Done. Returned value was: file_creation_development
[2023-04-30T15:30:02.155+0000] {taskinstance.py:1332} INFO - Marking task as SUCCESS. dag_id=environment_dag, task_id=file_creation_production, execution_date=20230430T152959, start_date=20230430T153001, end_date=20230430T153002
[2023-04-30T15:30:02.178+0000] {local_task_job.py:212} INFO - Task exited with return code 0
[2023-04-30T15:30:02.245+0000] {taskinstance.py:2596} INFO - 1 downstream tasks scheduled from follow-on schedule check
